2021-05-25 06:08:05,173 - root - INFO - Namespace(K=20, K1=10, aggregation_type='bi-interaction', cf_batch_size=16, cf_l2loss_lambda=1e-05, cf_print_every=100, conv_dim_list='[64, 32, 16]', data_dir='datasets/', data_name='last-fm', entity_dim=64, evaluate_every=1, fine_tuning_batch_size=16, kg_batch_size=1024, kg_l2loss_lambda=1e-05, kg_print_every=100, local_lr=0.0001, local_rank=0, lr=0.0001, mess_dropout='[0.1, 0.1, 0.1]', n_epoch=1000, pretrain_embedding_dir='datasets/pretrain/', pretrain_model_path='trained_model/model.pth', relation_dim=64, save_dir='trained_model/KGAT/last-fm/entitydim64_relationdim64_bi-interaction_64-32-16_lr0.0001_pretrain1/', seed=123, stopping_steps=30, test_batch_size=5000, use_pretrain=1)
2021-05-25 06:08:06,351 - numexpr.utils - INFO - Note: NumExpr detected 20 cores but "NUMEXPR_MAX_THREADS" not set, so enforcing safe limit of 8.
2021-05-25 06:08:06,351 - numexpr.utils - INFO - NumExpr defaulting to 8 threads.
2021-05-25 06:09:44,191 - root - INFO - n_users:            23566
2021-05-25 06:09:44,191 - root - INFO - n_items:            48123
2021-05-25 06:09:44,191 - root - INFO - n_entities:         106389
2021-05-25 06:09:44,191 - root - INFO - n_users_entities:   129955
2021-05-25 06:09:44,191 - root - INFO - n_relations:        20
2021-05-25 06:09:44,191 - root - INFO - n_cf_train:         299915
2021-05-25 06:09:44,191 - root - INFO - n_cf_test:          104580
2021-05-25 06:09:44,191 - root - INFO - n_kg_train:         1528964
2021-05-25 06:09:44,191 - root - INFO - n_kg_test:          1138294
2021-05-25 06:11:07,080 - root - INFO - n_users:            23566
2021-05-25 06:11:07,080 - root - INFO - n_items:            48123
2021-05-25 06:11:07,080 - root - INFO - n_entities:         106389
2021-05-25 06:11:07,080 - root - INFO - n_users_entities:   129955
2021-05-25 06:11:07,080 - root - INFO - n_relations:        20
2021-05-25 06:11:07,080 - root - INFO - n_cf_train:         71764
2021-05-25 06:11:07,080 - root - INFO - n_cf_test:          27890
2021-05-25 06:11:07,080 - root - INFO - n_kg_train:         1072662
2021-05-25 06:11:07,080 - root - INFO - n_kg_test:          984914
2021-05-25 06:11:13,049 - root - INFO - KGAT(
  (relation_embed): Embedding(20, 64)
  (entity_user_embed): Embedding(129955, 64)
  (aggregator_layers): ModuleList(
    (0): Aggregator(
      (message_dropout): Dropout(p=0.1, inplace=False)
      (W1): Linear(in_features=64, out_features=64, bias=True)
      (W2): Linear(in_features=64, out_features=64, bias=True)
      (activation): LeakyReLU(negative_slope=0.01)
    )
    (1): Aggregator(
      (message_dropout): Dropout(p=0.1, inplace=False)
      (W1): Linear(in_features=64, out_features=32, bias=True)
      (W2): Linear(in_features=64, out_features=32, bias=True)
      (activation): LeakyReLU(negative_slope=0.01)
    )
    (2): Aggregator(
      (message_dropout): Dropout(p=0.1, inplace=False)
      (W1): Linear(in_features=32, out_features=16, bias=True)
      (W2): Linear(in_features=32, out_features=16, bias=True)
      (activation): LeakyReLU(negative_slope=0.01)
    )
  )
)
2021-05-25 06:11:14,515 - root - INFO - Meta Training: Epoch 0001 Iter 0000 / 0654 | Time 1.4s | Iter Loss 0.8386
2021-05-25 06:12:55,439 - root - INFO - Meta Training: Epoch 0001 Iter 0100 / 0654 | Time 1.0s | Iter Loss 0.4324
2021-05-25 06:14:36,872 - root - INFO - Meta Training: Epoch 0001 Iter 0200 / 0654 | Time 1.0s | Iter Loss 0.6373
2021-05-25 06:16:17,857 - root - INFO - Meta Training: Epoch 0001 Iter 0300 / 0654 | Time 1.0s | Iter Loss 0.6239
2021-05-25 06:17:58,891 - root - INFO - Meta Training: Epoch 0001 Iter 0400 / 0654 | Time 1.0s | Iter Loss 0.5416
2021-05-25 06:19:39,876 - root - INFO - Meta Training: Epoch 0001 Iter 0500 / 0654 | Time 1.0s | Iter Loss 0.5599
2021-05-25 06:21:20,856 - root - INFO - Meta Training: Epoch 0001 Iter 0600 / 0654 | Time 1.0s | Iter Loss 0.5810
2021-05-25 06:22:14,055 - root - INFO - Meta Training: Epoch 0001 Total Iter 0654 | Total Time 660.9s | Iter Mean Loss 0.6201
2021-05-25 06:22:22,998 - root - INFO - Fine-tuning Evaluation: Epoch 0000 | Total Time 8.9s | Precision10 0.1783 Recall10 0.1783 NDCG10 0.1983 Precision20 0.1316 Recall20 0.2632 NDCG20 0.2455
2021-05-25 06:22:23,026 - root - INFO - Save model on epoch 0000!
2021-05-25 06:22:31,913 - root - INFO - Fine-tuning Evaluation: Epoch 0001 | Total Time 8.9s | Precision10 0.1824 Recall10 0.1824 NDCG10 0.2037 Precision20 0.1333 Recall20 0.2665 NDCG20 0.2504
2021-05-25 06:22:31,944 - root - INFO - Save model on epoch 0001!
2021-05-25 06:22:40,829 - root - INFO - Fine-tuning Evaluation: Epoch 0002 | Total Time 8.9s | Precision10 0.1843 Recall10 0.1843 NDCG10 0.2064 Precision20 0.1337 Recall20 0.2673 NDCG20 0.2524
2021-05-25 06:22:40,860 - root - INFO - Save model on epoch 0002!
2021-05-25 06:22:49,745 - root - INFO - Fine-tuning Evaluation: Epoch 0003 | Total Time 8.9s | Precision10 0.1853 Recall10 0.1853 NDCG10 0.2082 Precision20 0.1341 Recall20 0.2682 NDCG20 0.2542
2021-05-25 06:22:49,776 - root - INFO - Save model on epoch 0003!
2021-05-25 06:22:58,659 - root - INFO - Fine-tuning Evaluation: Epoch 0004 | Total Time 8.9s | Precision10 0.1861 Recall10 0.1861 NDCG10 0.2101 Precision20 0.1345 Recall20 0.2689 NDCG20 0.2562
2021-05-25 06:22:58,691 - root - INFO - Save model on epoch 0004!
2021-05-25 06:23:07,573 - root - INFO - Fine-tuning Evaluation: Epoch 0005 | Total Time 8.9s | Precision10 0.1875 Recall10 0.1875 NDCG10 0.2120 Precision20 0.1350 Recall20 0.2701 NDCG20 0.2578
2021-05-25 06:23:07,604 - root - INFO - Save model on epoch 0005!
2021-05-25 06:23:16,486 - root - INFO - Fine-tuning Evaluation: Epoch 0006 | Total Time 8.9s | Precision10 0.1887 Recall10 0.1887 NDCG10 0.2136 Precision20 0.1357 Recall20 0.2713 NDCG20 0.2595
2021-05-25 06:23:16,518 - root - INFO - Save model on epoch 0006!
2021-05-25 06:23:25,402 - root - INFO - Fine-tuning Evaluation: Epoch 0007 | Total Time 8.9s | Precision10 0.1892 Recall10 0.1892 NDCG10 0.2146 Precision20 0.1356 Recall20 0.2713 NDCG20 0.2602
2021-05-25 06:23:34,276 - root - INFO - Fine-tuning Evaluation: Epoch 0008 | Total Time 8.9s | Precision10 0.1898 Recall10 0.1898 NDCG10 0.2155 Precision20 0.1367 Recall20 0.2734 NDCG20 0.2618
2021-05-25 06:23:34,307 - root - INFO - Save model on epoch 0008!
2021-05-25 06:23:43,188 - root - INFO - Fine-tuning Evaluation: Epoch 0009 | Total Time 8.9s | Precision10 0.1918 Recall10 0.1918 NDCG10 0.2180 Precision20 0.1372 Recall20 0.2744 NDCG20 0.2638
2021-05-25 06:23:43,219 - root - INFO - Save model on epoch 0009!
2021-05-25 06:23:52,103 - root - INFO - Fine-tuning Evaluation: Epoch 0010 | Total Time 8.9s | Precision10 0.1929 Recall10 0.1929 NDCG10 0.2193 Precision20 0.1376 Recall20 0.2752 NDCG20 0.2649
2021-05-25 06:23:52,134 - root - INFO - Save model on epoch 0010!
2021-05-25 06:24:01,023 - root - INFO - Fine-tuning Evaluation: Epoch 0011 | Total Time 8.9s | Precision10 0.1938 Recall10 0.1938 NDCG10 0.2206 Precision20 0.1383 Recall20 0.2766 NDCG20 0.2666
2021-05-25 06:24:01,054 - root - INFO - Save model on epoch 0011!
2021-05-25 06:24:09,943 - root - INFO - Fine-tuning Evaluation: Epoch 0012 | Total Time 8.9s | Precision10 0.1951 Recall10 0.1951 NDCG10 0.2220 Precision20 0.1385 Recall20 0.2771 NDCG20 0.2675
2021-05-25 06:24:09,974 - root - INFO - Save model on epoch 0012!
2021-05-25 06:24:18,862 - root - INFO - Fine-tuning Evaluation: Epoch 0013 | Total Time 8.9s | Precision10 0.1972 Recall10 0.1972 NDCG10 0.2243 Precision20 0.1394 Recall20 0.2788 NDCG20 0.2696
2021-05-25 06:24:18,893 - root - INFO - Save model on epoch 0013!
2021-05-25 06:24:27,776 - root - INFO - Fine-tuning Evaluation: Epoch 0014 | Total Time 8.9s | Precision10 0.1983 Recall10 0.1983 NDCG10 0.2259 Precision20 0.1405 Recall20 0.2810 NDCG20 0.2718
2021-05-25 06:24:27,807 - root - INFO - Save model on epoch 0014!
2021-05-25 06:24:36,700 - root - INFO - Fine-tuning Evaluation: Epoch 0015 | Total Time 8.9s | Precision10 0.2000 Recall10 0.2000 NDCG10 0.2279 Precision20 0.1416 Recall20 0.2832 NDCG20 0.2741
2021-05-25 06:24:36,732 - root - INFO - Save model on epoch 0015!
2021-05-25 06:24:45,616 - root - INFO - Fine-tuning Evaluation: Epoch 0016 | Total Time 8.9s | Precision10 0.2007 Recall10 0.2007 NDCG10 0.2292 Precision20 0.1420 Recall20 0.2841 NDCG20 0.2755
2021-05-25 06:24:45,647 - root - INFO - Save model on epoch 0016!
2021-05-25 06:24:54,531 - root - INFO - Fine-tuning Evaluation: Epoch 0017 | Total Time 8.9s | Precision10 0.2018 Recall10 0.2018 NDCG10 0.2301 Precision20 0.1424 Recall20 0.2849 NDCG20 0.2762
2021-05-25 06:24:54,563 - root - INFO - Save model on epoch 0017!
2021-05-25 06:25:03,450 - root - INFO - Fine-tuning Evaluation: Epoch 0018 | Total Time 8.9s | Precision10 0.2020 Recall10 0.2020 NDCG10 0.2307 Precision20 0.1425 Recall20 0.2849 NDCG20 0.2766
2021-05-25 06:25:03,481 - root - INFO - Save model on epoch 0018!
2021-05-25 06:25:12,366 - root - INFO - Fine-tuning Evaluation: Epoch 0019 | Total Time 8.9s | Precision10 0.2032 Recall10 0.2032 NDCG10 0.2322 Precision20 0.1435 Recall20 0.2870 NDCG20 0.2788
2021-05-25 06:25:12,397 - root - INFO - Save model on epoch 0019!
2021-05-25 06:25:21,281 - root - INFO - Fine-tuning Evaluation: Epoch 0020 | Total Time 8.9s | Precision10 0.2029 Recall10 0.2029 NDCG10 0.2323 Precision20 0.1438 Recall20 0.2875 NDCG20 0.2793
2021-05-25 06:25:21,312 - root - INFO - Save model on epoch 0020!
2021-05-25 06:25:30,197 - root - INFO - Fine-tuning Evaluation: Epoch 0021 | Total Time 8.9s | Precision10 0.2043 Recall10 0.2043 NDCG10 0.2338 Precision20 0.1450 Recall20 0.2899 NDCG20 0.2813
2021-05-25 06:25:30,228 - root - INFO - Save model on epoch 0021!
2021-05-25 06:25:39,115 - root - INFO - Fine-tuning Evaluation: Epoch 0022 | Total Time 8.9s | Precision10 0.2066 Recall10 0.2066 NDCG10 0.2364 Precision20 0.1464 Recall20 0.2927 NDCG20 0.2841
2021-05-25 06:25:39,146 - root - INFO - Save model on epoch 0022!
2021-05-25 06:25:48,038 - root - INFO - Fine-tuning Evaluation: Epoch 0023 | Total Time 8.9s | Precision10 0.2063 Recall10 0.2063 NDCG10 0.2363 Precision20 0.1458 Recall20 0.2917 NDCG20 0.2836
2021-05-25 06:25:56,919 - root - INFO - Fine-tuning Evaluation: Epoch 0024 | Total Time 8.9s | Precision10 0.2064 Recall10 0.2064 NDCG10 0.2365 Precision20 0.1462 Recall20 0.2924 NDCG20 0.2842
2021-05-25 06:26:05,790 - root - INFO - Fine-tuning Evaluation: Epoch 0025 | Total Time 8.9s | Precision10 0.2070 Recall10 0.2070 NDCG10 0.2368 Precision20 0.1462 Recall20 0.2924 NDCG20 0.2843
2021-05-25 06:26:14,664 - root - INFO - Fine-tuning Evaluation: Epoch 0026 | Total Time 8.9s | Precision10 0.2074 Recall10 0.2074 NDCG10 0.2377 Precision20 0.1469 Recall20 0.2938 NDCG20 0.2856
2021-05-25 06:26:14,695 - root - INFO - Save model on epoch 0026!
2021-05-25 06:26:23,578 - root - INFO - Fine-tuning Evaluation: Epoch 0027 | Total Time 8.9s | Precision10 0.2083 Recall10 0.2083 NDCG10 0.2384 Precision20 0.1472 Recall20 0.2944 NDCG20 0.2861
2021-05-25 06:26:23,609 - root - INFO - Save model on epoch 0027!
2021-05-25 06:26:32,491 - root - INFO - Fine-tuning Evaluation: Epoch 0028 | Total Time 8.9s | Precision10 0.2083 Recall10 0.2083 NDCG10 0.2384 Precision20 0.1477 Recall20 0.2953 NDCG20 0.2868
2021-05-25 06:26:32,523 - root - INFO - Save model on epoch 0028!
2021-05-25 06:26:41,416 - root - INFO - Fine-tuning Evaluation: Epoch 0029 | Total Time 8.9s | Precision10 0.2093 Recall10 0.2093 NDCG10 0.2394 Precision20 0.1483 Recall20 0.2966 NDCG20 0.2879
2021-05-25 06:26:41,447 - root - INFO - Save model on epoch 0029!
2021-05-25 06:26:50,336 - root - INFO - Fine-tuning Evaluation: Epoch 0030 | Total Time 8.9s | Precision10 0.2105 Recall10 0.2105 NDCG10 0.2405 Precision20 0.1485 Recall20 0.2971 NDCG20 0.2885
2021-05-25 06:26:50,367 - root - INFO - Save model on epoch 0030!
2021-05-25 06:26:59,254 - root - INFO - Fine-tuning Evaluation: Epoch 0031 | Total Time 8.9s | Precision10 0.2122 Recall10 0.2122 NDCG10 0.2421 Precision20 0.1492 Recall20 0.2984 NDCG20 0.2899
2021-05-25 06:26:59,285 - root - INFO - Save model on epoch 0031!
2021-05-25 06:27:08,172 - root - INFO - Fine-tuning Evaluation: Epoch 0032 | Total Time 8.9s | Precision10 0.2144 Recall10 0.2144 NDCG10 0.2439 Precision20 0.1511 Recall20 0.3023 NDCG20 0.2926
2021-05-25 06:27:08,203 - root - INFO - Save model on epoch 0032!
2021-05-25 06:27:17,090 - root - INFO - Fine-tuning Evaluation: Epoch 0033 | Total Time 8.9s | Precision10 0.2147 Recall10 0.2147 NDCG10 0.2445 Precision20 0.1512 Recall20 0.3024 NDCG20 0.2931
2021-05-25 06:27:17,121 - root - INFO - Save model on epoch 0033!
2021-05-25 06:27:26,003 - root - INFO - Fine-tuning Evaluation: Epoch 0034 | Total Time 8.9s | Precision10 0.2137 Recall10 0.2137 NDCG10 0.2438 Precision20 0.1509 Recall20 0.3017 NDCG20 0.2927
2021-05-25 06:27:34,878 - root - INFO - Fine-tuning Evaluation: Epoch 0035 | Total Time 8.9s | Precision10 0.2144 Recall10 0.2144 NDCG10 0.2445 Precision20 0.1512 Recall20 0.3023 NDCG20 0.2932
2021-05-25 06:27:43,753 - root - INFO - Fine-tuning Evaluation: Epoch 0036 | Total Time 8.9s | Precision10 0.2139 Recall10 0.2139 NDCG10 0.2440 Precision20 0.1510 Recall20 0.3019 NDCG20 0.2928
2021-05-25 06:27:52,632 - root - INFO - Fine-tuning Evaluation: Epoch 0037 | Total Time 8.9s | Precision10 0.2125 Recall10 0.2125 NDCG10 0.2428 Precision20 0.1510 Recall20 0.3019 NDCG20 0.2924
2021-05-25 06:28:01,509 - root - INFO - Fine-tuning Evaluation: Epoch 0038 | Total Time 8.9s | Precision10 0.2145 Recall10 0.2145 NDCG10 0.2448 Precision20 0.1518 Recall20 0.3036 NDCG20 0.2943
2021-05-25 06:28:01,540 - root - INFO - Save model on epoch 0038!
2021-05-25 06:28:10,426 - root - INFO - Fine-tuning Evaluation: Epoch 0039 | Total Time 8.9s | Precision10 0.2130 Recall10 0.2130 NDCG10 0.2429 Precision20 0.1507 Recall20 0.3014 NDCG20 0.2920
2021-05-25 06:28:19,301 - root - INFO - Fine-tuning Evaluation: Epoch 0040 | Total Time 8.9s | Precision10 0.2137 Recall10 0.2137 NDCG10 0.2438 Precision20 0.1510 Recall20 0.3020 NDCG20 0.2928
2021-05-25 06:28:28,173 - root - INFO - Fine-tuning Evaluation: Epoch 0041 | Total Time 8.9s | Precision10 0.2150 Recall10 0.2150 NDCG10 0.2447 Precision20 0.1512 Recall20 0.3024 NDCG20 0.2932
2021-05-25 06:28:37,044 - root - INFO - Fine-tuning Evaluation: Epoch 0042 | Total Time 8.9s | Precision10 0.2089 Recall10 0.2089 NDCG10 0.2402 Precision20 0.1490 Recall20 0.2979 NDCG20 0.2897
2021-05-25 06:28:45,921 - root - INFO - Fine-tuning Evaluation: Epoch 0043 | Total Time 8.9s | Precision10 0.2124 Recall10 0.2124 NDCG10 0.2430 Precision20 0.1509 Recall20 0.3018 NDCG20 0.2927
2021-05-25 06:28:54,802 - root - INFO - Fine-tuning Evaluation: Epoch 0044 | Total Time 8.9s | Precision10 0.2123 Recall10 0.2123 NDCG10 0.2427 Precision20 0.1506 Recall20 0.3011 NDCG20 0.2920
2021-05-25 06:29:03,685 - root - INFO - Fine-tuning Evaluation: Epoch 0045 | Total Time 8.9s | Precision10 0.2134 Recall10 0.2134 NDCG10 0.2440 Precision20 0.1512 Recall20 0.3024 NDCG20 0.2934
2021-05-25 06:29:12,572 - root - INFO - Fine-tuning Evaluation: Epoch 0046 | Total Time 8.9s | Precision10 0.2127 Recall10 0.2127 NDCG10 0.2435 Precision20 0.1512 Recall20 0.3023 NDCG20 0.2933
2021-05-25 06:29:21,450 - root - INFO - Fine-tuning Evaluation: Epoch 0047 | Total Time 8.9s | Precision10 0.2128 Recall10 0.2128 NDCG10 0.2431 Precision20 0.1505 Recall20 0.3009 NDCG20 0.2920
2021-05-25 06:29:30,323 - root - INFO - Fine-tuning Evaluation: Epoch 0048 | Total Time 8.9s | Precision10 0.2136 Recall10 0.2136 NDCG10 0.2440 Precision20 0.1505 Recall20 0.3010 NDCG20 0.2925
2021-05-25 06:29:39,198 - root - INFO - Fine-tuning Evaluation: Epoch 0049 | Total Time 8.9s | Precision10 0.2122 Recall10 0.2122 NDCG10 0.2428 Precision20 0.1503 Recall20 0.3007 NDCG20 0.2919
2021-05-25 06:29:48,070 - root - INFO - Fine-tuning Evaluation: Epoch 0050 | Total Time 8.9s | Precision10 0.2150 Recall10 0.2150 NDCG10 0.2448 Precision20 0.1516 Recall20 0.3033 NDCG20 0.2938
2021-05-25 06:29:56,940 - root - INFO - Fine-tuning Evaluation: Epoch 0051 | Total Time 8.9s | Precision10 0.2150 Recall10 0.2150 NDCG10 0.2449 Precision20 0.1517 Recall20 0.3034 NDCG20 0.2940
2021-05-25 06:30:05,810 - root - INFO - Fine-tuning Evaluation: Epoch 0052 | Total Time 8.9s | Precision10 0.2144 Recall10 0.2144 NDCG10 0.2443 Precision20 0.1515 Recall20 0.3029 NDCG20 0.2934
2021-05-25 06:30:14,682 - root - INFO - Fine-tuning Evaluation: Epoch 0053 | Total Time 8.9s | Precision10 0.2147 Recall10 0.2147 NDCG10 0.2448 Precision20 0.1510 Recall20 0.3020 NDCG20 0.2933
2021-05-25 06:30:23,552 - root - INFO - Fine-tuning Evaluation: Epoch 0054 | Total Time 8.9s | Precision10 0.2138 Recall10 0.2138 NDCG10 0.2440 Precision20 0.1505 Recall20 0.3009 NDCG20 0.2924
2021-05-25 06:30:32,427 - root - INFO - Fine-tuning Evaluation: Epoch 0055 | Total Time 8.9s | Precision10 0.2136 Recall10 0.2136 NDCG10 0.2439 Precision20 0.1501 Recall20 0.3003 NDCG20 0.2920
2021-05-25 06:30:41,301 - root - INFO - Fine-tuning Evaluation: Epoch 0056 | Total Time 8.9s | Precision10 0.2166 Recall10 0.2166 NDCG10 0.2465 Precision20 0.1515 Recall20 0.3030 NDCG20 0.2944
2021-05-25 06:30:50,179 - root - INFO - Fine-tuning Evaluation: Epoch 0057 | Total Time 8.9s | Precision10 0.2151 Recall10 0.2151 NDCG10 0.2455 Precision20 0.1508 Recall20 0.3015 NDCG20 0.2935
2021-05-25 06:30:59,056 - root - INFO - Fine-tuning Evaluation: Epoch 0058 | Total Time 8.9s | Precision10 0.2143 Recall10 0.2143 NDCG10 0.2449 Precision20 0.1506 Recall20 0.3012 NDCG20 0.2930
2021-05-25 06:31:07,928 - root - INFO - Fine-tuning Evaluation: Epoch 0059 | Total Time 8.9s | Precision10 0.2152 Recall10 0.2152 NDCG10 0.2456 Precision20 0.1511 Recall20 0.3022 NDCG20 0.2938
2021-05-25 06:31:16,797 - root - INFO - Fine-tuning Evaluation: Epoch 0060 | Total Time 8.9s | Precision10 0.2165 Recall10 0.2165 NDCG10 0.2469 Precision20 0.1520 Recall20 0.3039 NDCG20 0.2954
2021-05-25 06:31:16,828 - root - INFO - Save model on epoch 0060!
2021-05-25 06:31:25,709 - root - INFO - Fine-tuning Evaluation: Epoch 0061 | Total Time 8.9s | Precision10 0.2162 Recall10 0.2162 NDCG10 0.2464 Precision20 0.1521 Recall20 0.3041 NDCG20 0.2951
2021-05-25 06:31:25,740 - root - INFO - Save model on epoch 0061!
2021-05-25 06:31:34,623 - root - INFO - Fine-tuning Evaluation: Epoch 0062 | Total Time 8.9s | Precision10 0.2145 Recall10 0.2145 NDCG10 0.2450 Precision20 0.1504 Recall20 0.3008 NDCG20 0.2927
2021-05-25 06:31:43,495 - root - INFO - Fine-tuning Evaluation: Epoch 0063 | Total Time 8.9s | Precision10 0.2136 Recall10 0.2136 NDCG10 0.2440 Precision20 0.1490 Recall20 0.2981 NDCG20 0.2909
2021-05-25 06:31:52,367 - root - INFO - Fine-tuning Evaluation: Epoch 0064 | Total Time 8.9s | Precision10 0.2136 Recall10 0.2136 NDCG10 0.2441 Precision20 0.1496 Recall20 0.2992 NDCG20 0.2915
2021-05-25 06:32:01,240 - root - INFO - Fine-tuning Evaluation: Epoch 0065 | Total Time 8.9s | Precision10 0.2107 Recall10 0.2107 NDCG10 0.2416 Precision20 0.1480 Recall20 0.2959 NDCG20 0.2889
2021-05-25 06:32:10,111 - root - INFO - Fine-tuning Evaluation: Epoch 0066 | Total Time 8.9s | Precision10 0.2098 Recall10 0.2098 NDCG10 0.2409 Precision20 0.1477 Recall20 0.2954 NDCG20 0.2884
2021-05-25 06:32:18,982 - root - INFO - Fine-tuning Evaluation: Epoch 0067 | Total Time 8.9s | Precision10 0.2137 Recall10 0.2137 NDCG10 0.2443 Precision20 0.1500 Recall20 0.3000 NDCG20 0.2921
2021-05-25 06:32:27,856 - root - INFO - Fine-tuning Evaluation: Epoch 0068 | Total Time 8.9s | Precision10 0.2108 Recall10 0.2108 NDCG10 0.2418 Precision20 0.1484 Recall20 0.2968 NDCG20 0.2895
2021-05-25 06:32:36,731 - root - INFO - Fine-tuning Evaluation: Epoch 0069 | Total Time 8.9s | Precision10 0.2090 Recall10 0.2090 NDCG10 0.2404 Precision20 0.1480 Recall20 0.2959 NDCG20 0.2886
2021-05-25 06:32:45,600 - root - INFO - Fine-tuning Evaluation: Epoch 0070 | Total Time 8.9s | Precision10 0.2080 Recall10 0.2080 NDCG10 0.2387 Precision20 0.1466 Recall20 0.2932 NDCG20 0.2860
2021-05-25 06:32:54,470 - root - INFO - Fine-tuning Evaluation: Epoch 0071 | Total Time 8.9s | Precision10 0.2040 Recall10 0.2040 NDCG10 0.2346 Precision20 0.1441 Recall20 0.2881 NDCG20 0.2811
2021-05-25 06:33:03,342 - root - INFO - Fine-tuning Evaluation: Epoch 0072 | Total Time 8.9s | Precision10 0.2091 Recall10 0.2091 NDCG10 0.2406 Precision20 0.1484 Recall20 0.2967 NDCG20 0.2891
2021-05-25 06:33:12,212 - root - INFO - Fine-tuning Evaluation: Epoch 0073 | Total Time 8.9s | Precision10 0.2094 Recall10 0.2094 NDCG10 0.2408 Precision20 0.1482 Recall20 0.2965 NDCG20 0.2892
2021-05-25 06:33:21,085 - root - INFO - Fine-tuning Evaluation: Epoch 0074 | Total Time 8.9s | Precision10 0.2115 Recall10 0.2115 NDCG10 0.2429 Precision20 0.1493 Recall20 0.2985 NDCG20 0.2912
2021-05-25 06:33:29,959 - root - INFO - Fine-tuning Evaluation: Epoch 0075 | Total Time 8.9s | Precision10 0.2127 Recall10 0.2127 NDCG10 0.2440 Precision20 0.1498 Recall20 0.2995 NDCG20 0.2922
2021-05-25 06:33:38,834 - root - INFO - Fine-tuning Evaluation: Epoch 0076 | Total Time 8.9s | Precision10 0.2124 Recall10 0.2124 NDCG10 0.2436 Precision20 0.1495 Recall20 0.2990 NDCG20 0.2917
2021-05-25 06:33:47,715 - root - INFO - Fine-tuning Evaluation: Epoch 0077 | Total Time 8.9s | Precision10 0.2126 Recall10 0.2126 NDCG10 0.2437 Precision20 0.1500 Recall20 0.3000 NDCG20 0.2921
2021-05-25 06:33:56,588 - root - INFO - Fine-tuning Evaluation: Epoch 0078 | Total Time 8.9s | Precision10 0.2123 Recall10 0.2123 NDCG10 0.2432 Precision20 0.1495 Recall20 0.2989 NDCG20 0.2913
2021-05-25 06:34:05,459 - root - INFO - Fine-tuning Evaluation: Epoch 0079 | Total Time 8.9s | Precision10 0.2114 Recall10 0.2114 NDCG10 0.2425 Precision20 0.1492 Recall20 0.2983 NDCG20 0.2907
2021-05-25 06:34:14,327 - root - INFO - Fine-tuning Evaluation: Epoch 0080 | Total Time 8.9s | Precision10 0.2147 Recall10 0.2147 NDCG10 0.2454 Precision20 0.1514 Recall20 0.3028 NDCG20 0.2942
2021-05-25 06:34:23,202 - root - INFO - Fine-tuning Evaluation: Epoch 0081 | Total Time 8.9s | Precision10 0.2145 Recall10 0.2145 NDCG10 0.2453 Precision20 0.1511 Recall20 0.3022 NDCG20 0.2939
2021-05-25 06:34:32,074 - root - INFO - Fine-tuning Evaluation: Epoch 0082 | Total Time 8.9s | Precision10 0.2133 Recall10 0.2133 NDCG10 0.2436 Precision20 0.1497 Recall20 0.2994 NDCG20 0.2913
2021-05-25 06:34:40,950 - root - INFO - Fine-tuning Evaluation: Epoch 0083 | Total Time 8.9s | Precision10 0.2127 Recall10 0.2127 NDCG10 0.2430 Precision20 0.1494 Recall20 0.2988 NDCG20 0.2908
2021-05-25 06:34:49,826 - root - INFO - Fine-tuning Evaluation: Epoch 0084 | Total Time 8.9s | Precision10 0.2118 Recall10 0.2118 NDCG10 0.2427 Precision20 0.1489 Recall20 0.2977 NDCG20 0.2905
2021-05-25 06:34:58,705 - root - INFO - Fine-tuning Evaluation: Epoch 0085 | Total Time 8.9s | Precision10 0.2114 Recall10 0.2114 NDCG10 0.2421 Precision20 0.1493 Recall20 0.2986 NDCG20 0.2905
2021-05-25 06:35:07,581 - root - INFO - Fine-tuning Evaluation: Epoch 0086 | Total Time 8.9s | Precision10 0.2083 Recall10 0.2083 NDCG10 0.2391 Precision20 0.1478 Recall20 0.2957 NDCG20 0.2877
2021-05-25 06:35:16,451 - root - INFO - Fine-tuning Evaluation: Epoch 0087 | Total Time 8.9s | Precision10 0.2110 Recall10 0.2110 NDCG10 0.2418 Precision20 0.1490 Recall20 0.2980 NDCG20 0.2901
2021-05-25 06:35:25,324 - root - INFO - Fine-tuning Evaluation: Epoch 0088 | Total Time 8.9s | Precision10 0.2139 Recall10 0.2139 NDCG10 0.2446 Precision20 0.1505 Recall20 0.3010 NDCG20 0.2929
2021-05-25 06:35:34,195 - root - INFO - Fine-tuning Evaluation: Epoch 0089 | Total Time 8.9s | Precision10 0.2115 Recall10 0.2115 NDCG10 0.2424 Precision20 0.1491 Recall20 0.2983 NDCG20 0.2906
2021-05-25 06:35:43,067 - root - INFO - Fine-tuning Evaluation: Epoch 0090 | Total Time 8.9s | Precision10 0.2136 Recall10 0.2136 NDCG10 0.2441 Precision20 0.1503 Recall20 0.3006 NDCG20 0.2924
2021-05-25 06:35:51,940 - root - INFO - Fine-tuning Evaluation: Epoch 0091 | Total Time 8.9s | Precision10 0.2111 Recall10 0.2111 NDCG10 0.2418 Precision20 0.1490 Recall20 0.2981 NDCG20 0.2901
