2021-05-24 15:32:51,099 - root - INFO - Namespace(K=20, K1=10, aggregation_type='bi-interaction', cf_batch_size=16, cf_l2loss_lambda=1e-05, cf_print_every=100, conv_dim_list='[64, 32, 16]', data_dir='datasets/', data_name='last-fm', entity_dim=64, evaluate_every=1, fine_tuning_batch_size=16, kg_batch_size=1024, kg_l2loss_lambda=1e-05, kg_print_every=100, local_lr=0.0001, local_rank=0, lr=0.0001, mess_dropout='[0.1, 0.1, 0.1]', n_epoch=1000, pretrain_embedding_dir='datasets/pretrain/', pretrain_model_path='trained_model/model.pth', relation_dim=64, save_dir='trained_model/KGAT/last-fm/entitydim64_relationdim64_bi-interaction_64-32-16_lr0.0001_pretrain1/', seed=123, stopping_steps=30, test_batch_size=5000, use_pretrain=1)
2021-05-24 15:32:52,333 - numexpr.utils - INFO - Note: NumExpr detected 20 cores but "NUMEXPR_MAX_THREADS" not set, so enforcing safe limit of 8.
2021-05-24 15:32:52,333 - numexpr.utils - INFO - NumExpr defaulting to 8 threads.
2021-05-24 15:34:24,856 - root - INFO - n_users:            23566
2021-05-24 15:34:24,856 - root - INFO - n_items:            48123
2021-05-24 15:34:24,856 - root - INFO - n_entities:         106389
2021-05-24 15:34:24,856 - root - INFO - n_users_entities:   129955
2021-05-24 15:34:24,856 - root - INFO - n_relations:        20
2021-05-24 15:34:24,856 - root - INFO - n_cf_train:         299915
2021-05-24 15:34:24,856 - root - INFO - n_cf_test:          104580
2021-05-24 15:34:24,856 - root - INFO - n_kg_train:         1528964
2021-05-24 15:34:24,856 - root - INFO - n_kg_test:          1138294
2021-05-24 15:35:40,459 - root - INFO - n_users:            23566
2021-05-24 15:35:40,459 - root - INFO - n_items:            48123
2021-05-24 15:35:40,459 - root - INFO - n_entities:         106389
2021-05-24 15:35:40,459 - root - INFO - n_users_entities:   129955
2021-05-24 15:35:40,459 - root - INFO - n_relations:        20
2021-05-24 15:35:40,459 - root - INFO - n_cf_train:         33303
2021-05-24 15:35:40,459 - root - INFO - n_cf_test:          17490
2021-05-24 15:35:40,459 - root - INFO - n_kg_train:         995740
2021-05-24 15:35:40,459 - root - INFO - n_kg_test:          964114
2021-05-24 15:35:51,550 - root - INFO - KGAT(
  (relation_embed): Embedding(20, 64)
  (entity_user_embed): Embedding(129955, 64)
  (aggregator_layers): ModuleList(
    (0): Aggregator(
      (message_dropout): Dropout(p=0.1, inplace=False)
      (W1): Linear(in_features=64, out_features=64, bias=True)
      (W2): Linear(in_features=64, out_features=64, bias=True)
      (activation): LeakyReLU(negative_slope=0.01)
    )
    (1): Aggregator(
      (message_dropout): Dropout(p=0.1, inplace=False)
      (W1): Linear(in_features=64, out_features=32, bias=True)
      (W2): Linear(in_features=64, out_features=32, bias=True)
      (activation): LeakyReLU(negative_slope=0.01)
    )
    (2): Aggregator(
      (message_dropout): Dropout(p=0.1, inplace=False)
      (W1): Linear(in_features=32, out_features=16, bias=True)
      (W2): Linear(in_features=32, out_features=16, bias=True)
      (activation): LeakyReLU(negative_slope=0.01)
    )
  )
)
2021-05-24 15:35:53,577 - root - INFO - Meta Training: Epoch 0001 Iter 0000 / 0654 | Time 1.8s | Iter Loss 0.8386
2021-05-24 15:37:34,080 - root - INFO - Meta Training: Epoch 0001 Iter 0100 / 0654 | Time 1.0s | Iter Loss 0.4324
2021-05-24 15:39:15,072 - root - INFO - Meta Training: Epoch 0001 Iter 0200 / 0654 | Time 1.0s | Iter Loss 0.6373
2021-05-24 15:40:55,650 - root - INFO - Meta Training: Epoch 0001 Iter 0300 / 0654 | Time 1.0s | Iter Loss 0.6239
2021-05-24 15:42:36,304 - root - INFO - Meta Training: Epoch 0001 Iter 0400 / 0654 | Time 1.0s | Iter Loss 0.5415
2021-05-24 15:44:16,984 - root - INFO - Meta Training: Epoch 0001 Iter 0500 / 0654 | Time 1.0s | Iter Loss 0.5599
2021-05-24 15:45:57,602 - root - INFO - Meta Training: Epoch 0001 Iter 0600 / 0654 | Time 1.0s | Iter Loss 0.5810
2021-05-24 15:46:50,596 - root - INFO - Meta Training: Epoch 0001 Total Iter 0654 | Total Time 658.8s | Iter Mean Loss 0.6201
2021-05-24 15:46:56,503 - root - INFO - Fine-tuning Evaluation: Epoch 0000 | Total Time 5.9s | Precision10 0.1640 Recall10 0.1640 NDCG10 0.1818 Precision20 0.1200 Recall20 0.2400 NDCG20 0.2239
2021-05-24 15:46:56,537 - root - INFO - Save model on epoch 0000!
2021-05-24 15:47:02,368 - root - INFO - Fine-tuning Evaluation: Epoch 0001 | Total Time 5.8s | Precision10 0.1776 Recall10 0.1776 NDCG10 0.1981 Precision20 0.1296 Recall20 0.2592 NDCG20 0.2432
2021-05-24 15:47:02,399 - root - INFO - Save model on epoch 0001!
2021-05-24 15:47:08,233 - root - INFO - Fine-tuning Evaluation: Epoch 0002 | Total Time 5.8s | Precision10 0.1914 Recall10 0.1914 NDCG10 0.2149 Precision20 0.1387 Recall20 0.2775 NDCG20 0.2625
2021-05-24 15:47:08,264 - root - INFO - Save model on epoch 0002!
2021-05-24 15:47:14,096 - root - INFO - Fine-tuning Evaluation: Epoch 0003 | Total Time 5.8s | Precision10 0.2077 Recall10 0.2077 NDCG10 0.2339 Precision20 0.1492 Recall20 0.2984 NDCG20 0.2843
2021-05-24 15:47:14,127 - root - INFO - Save model on epoch 0003!
2021-05-24 15:47:19,958 - root - INFO - Fine-tuning Evaluation: Epoch 0004 | Total Time 5.8s | Precision10 0.2214 Recall10 0.2214 NDCG10 0.2486 Precision20 0.1586 Recall20 0.3173 NDCG20 0.3018
2021-05-24 15:47:19,989 - root - INFO - Save model on epoch 0004!
2021-05-24 15:47:25,823 - root - INFO - Fine-tuning Evaluation: Epoch 0005 | Total Time 5.8s | Precision10 0.2286 Recall10 0.2286 NDCG10 0.2559 Precision20 0.1632 Recall20 0.3264 NDCG20 0.3102
2021-05-24 15:47:25,854 - root - INFO - Save model on epoch 0005!
2021-05-24 15:47:31,681 - root - INFO - Fine-tuning Evaluation: Epoch 0006 | Total Time 5.8s | Precision10 0.2332 Recall10 0.2332 NDCG10 0.2603 Precision20 0.1656 Recall20 0.3311 NDCG20 0.3147
2021-05-24 15:47:31,716 - root - INFO - Save model on epoch 0006!
2021-05-24 15:47:37,564 - root - INFO - Fine-tuning Evaluation: Epoch 0007 | Total Time 5.8s | Precision10 0.2359 Recall10 0.2359 NDCG10 0.2632 Precision20 0.1673 Recall20 0.3345 NDCG20 0.3179
2021-05-24 15:47:37,599 - root - INFO - Save model on epoch 0007!
2021-05-24 15:47:43,428 - root - INFO - Fine-tuning Evaluation: Epoch 0008 | Total Time 5.8s | Precision10 0.2373 Recall10 0.2373 NDCG10 0.2641 Precision20 0.1678 Recall20 0.3356 NDCG20 0.3187
2021-05-24 15:47:43,459 - root - INFO - Save model on epoch 0008!
2021-05-24 15:47:49,307 - root - INFO - Fine-tuning Evaluation: Epoch 0009 | Total Time 5.8s | Precision10 0.2369 Recall10 0.2369 NDCG10 0.2641 Precision20 0.1679 Recall20 0.3357 NDCG20 0.3191
2021-05-24 15:47:49,338 - root - INFO - Save model on epoch 0009!
2021-05-24 15:47:55,167 - root - INFO - Fine-tuning Evaluation: Epoch 0010 | Total Time 5.8s | Precision10 0.2353 Recall10 0.2353 NDCG10 0.2623 Precision20 0.1667 Recall20 0.3333 NDCG20 0.3170
2021-05-24 15:48:01,009 - root - INFO - Fine-tuning Evaluation: Epoch 0011 | Total Time 5.8s | Precision10 0.2381 Recall10 0.2381 NDCG10 0.2651 Precision20 0.1688 Recall20 0.3376 NDCG20 0.3204
2021-05-24 15:48:01,040 - root - INFO - Save model on epoch 0011!
2021-05-24 15:48:06,873 - root - INFO - Fine-tuning Evaluation: Epoch 0012 | Total Time 5.8s | Precision10 0.2391 Recall10 0.2391 NDCG10 0.2661 Precision20 0.1697 Recall20 0.3395 NDCG20 0.3219
2021-05-24 15:48:06,904 - root - INFO - Save model on epoch 0012!
2021-05-24 15:48:12,733 - root - INFO - Fine-tuning Evaluation: Epoch 0013 | Total Time 5.8s | Precision10 0.2396 Recall10 0.2396 NDCG10 0.2665 Precision20 0.1696 Recall20 0.3392 NDCG20 0.3219
2021-05-24 15:48:18,551 - root - INFO - Fine-tuning Evaluation: Epoch 0014 | Total Time 5.8s | Precision10 0.2394 Recall10 0.2394 NDCG10 0.2668 Precision20 0.1697 Recall20 0.3394 NDCG20 0.3225
2021-05-24 15:48:24,370 - root - INFO - Fine-tuning Evaluation: Epoch 0015 | Total Time 5.8s | Precision10 0.2400 Recall10 0.2400 NDCG10 0.2673 Precision20 0.1702 Recall20 0.3403 NDCG20 0.3231
2021-05-24 15:48:24,401 - root - INFO - Save model on epoch 0015!
2021-05-24 15:48:30,231 - root - INFO - Fine-tuning Evaluation: Epoch 0016 | Total Time 5.8s | Precision10 0.2401 Recall10 0.2401 NDCG10 0.2676 Precision20 0.1706 Recall20 0.3413 NDCG20 0.3239
2021-05-24 15:48:30,262 - root - INFO - Save model on epoch 0016!
2021-05-24 15:48:36,098 - root - INFO - Fine-tuning Evaluation: Epoch 0017 | Total Time 5.8s | Precision10 0.2408 Recall10 0.2408 NDCG10 0.2683 Precision20 0.1713 Recall20 0.3427 NDCG20 0.3250
2021-05-24 15:48:36,129 - root - INFO - Save model on epoch 0017!
2021-05-24 15:48:41,965 - root - INFO - Fine-tuning Evaluation: Epoch 0018 | Total Time 5.8s | Precision10 0.2404 Recall10 0.2404 NDCG10 0.2677 Precision20 0.1705 Recall20 0.3410 NDCG20 0.3236
2021-05-24 15:48:47,802 - root - INFO - Fine-tuning Evaluation: Epoch 0019 | Total Time 5.8s | Precision10 0.2403 Recall10 0.2403 NDCG10 0.2680 Precision20 0.1710 Recall20 0.3419 NDCG20 0.3246
2021-05-24 15:48:53,620 - root - INFO - Fine-tuning Evaluation: Epoch 0020 | Total Time 5.8s | Precision10 0.2402 Recall10 0.2402 NDCG10 0.2676 Precision20 0.1707 Recall20 0.3414 NDCG20 0.3240
2021-05-24 15:48:59,437 - root - INFO - Fine-tuning Evaluation: Epoch 0021 | Total Time 5.8s | Precision10 0.2416 Recall10 0.2416 NDCG10 0.2686 Precision20 0.1717 Recall20 0.3433 NDCG20 0.3252
2021-05-24 15:48:59,468 - root - INFO - Save model on epoch 0021!
2021-05-24 15:49:05,298 - root - INFO - Fine-tuning Evaluation: Epoch 0022 | Total Time 5.8s | Precision10 0.2404 Recall10 0.2404 NDCG10 0.2678 Precision20 0.1712 Recall20 0.3424 NDCG20 0.3245
2021-05-24 15:49:11,118 - root - INFO - Fine-tuning Evaluation: Epoch 0023 | Total Time 5.8s | Precision10 0.2413 Recall10 0.2413 NDCG10 0.2685 Precision20 0.1716 Recall20 0.3431 NDCG20 0.3252
2021-05-24 15:49:16,965 - root - INFO - Fine-tuning Evaluation: Epoch 0024 | Total Time 5.8s | Precision10 0.2420 Recall10 0.2420 NDCG10 0.2690 Precision20 0.1718 Recall20 0.3436 NDCG20 0.3255
2021-05-24 15:49:16,996 - root - INFO - Save model on epoch 0024!
2021-05-24 15:49:22,825 - root - INFO - Fine-tuning Evaluation: Epoch 0025 | Total Time 5.8s | Precision10 0.2432 Recall10 0.2432 NDCG10 0.2699 Precision20 0.1727 Recall20 0.3454 NDCG20 0.3267
2021-05-24 15:49:22,861 - root - INFO - Save model on epoch 0025!
2021-05-24 15:49:28,690 - root - INFO - Fine-tuning Evaluation: Epoch 0026 | Total Time 5.8s | Precision10 0.2433 Recall10 0.2433 NDCG10 0.2699 Precision20 0.1727 Recall20 0.3454 NDCG20 0.3267
2021-05-24 15:49:34,512 - root - INFO - Fine-tuning Evaluation: Epoch 0027 | Total Time 5.8s | Precision10 0.2432 Recall10 0.2432 NDCG10 0.2697 Precision20 0.1725 Recall20 0.3451 NDCG20 0.3263
2021-05-24 15:49:40,333 - root - INFO - Fine-tuning Evaluation: Epoch 0028 | Total Time 5.8s | Precision10 0.2429 Recall10 0.2429 NDCG10 0.2697 Precision20 0.1722 Recall20 0.3444 NDCG20 0.3262
2021-05-24 15:49:46,152 - root - INFO - Fine-tuning Evaluation: Epoch 0029 | Total Time 5.8s | Precision10 0.2424 Recall10 0.2424 NDCG10 0.2693 Precision20 0.1718 Recall20 0.3436 NDCG20 0.3256
2021-05-24 15:49:51,969 - root - INFO - Fine-tuning Evaluation: Epoch 0030 | Total Time 5.8s | Precision10 0.2421 Recall10 0.2421 NDCG10 0.2690 Precision20 0.1716 Recall20 0.3432 NDCG20 0.3253
2021-05-24 15:49:57,807 - root - INFO - Fine-tuning Evaluation: Epoch 0031 | Total Time 5.8s | Precision10 0.2434 Recall10 0.2434 NDCG10 0.2701 Precision20 0.1727 Recall20 0.3453 NDCG20 0.3268
2021-05-24 15:50:03,626 - root - INFO - Fine-tuning Evaluation: Epoch 0032 | Total Time 5.8s | Precision10 0.2433 Recall10 0.2433 NDCG10 0.2704 Precision20 0.1728 Recall20 0.3456 NDCG20 0.3273
2021-05-24 15:50:03,661 - root - INFO - Save model on epoch 0032!
2021-05-24 15:50:09,487 - root - INFO - Fine-tuning Evaluation: Epoch 0033 | Total Time 5.8s | Precision10 0.2428 Recall10 0.2428 NDCG10 0.2699 Precision20 0.1723 Recall20 0.3445 NDCG20 0.3265
2021-05-24 15:50:15,306 - root - INFO - Fine-tuning Evaluation: Epoch 0034 | Total Time 5.8s | Precision10 0.2425 Recall10 0.2425 NDCG10 0.2697 Precision20 0.1724 Recall20 0.3447 NDCG20 0.3267
2021-05-24 15:50:21,124 - root - INFO - Fine-tuning Evaluation: Epoch 0035 | Total Time 5.8s | Precision10 0.2440 Recall10 0.2440 NDCG10 0.2709 Precision20 0.1729 Recall20 0.3458 NDCG20 0.3275
2021-05-24 15:50:21,155 - root - INFO - Save model on epoch 0035!
2021-05-24 15:50:26,983 - root - INFO - Fine-tuning Evaluation: Epoch 0036 | Total Time 5.8s | Precision10 0.2429 Recall10 0.2429 NDCG10 0.2700 Precision20 0.1730 Recall20 0.3460 NDCG20 0.3274
2021-05-24 15:50:27,015 - root - INFO - Save model on epoch 0036!
2021-05-24 15:50:32,843 - root - INFO - Fine-tuning Evaluation: Epoch 0037 | Total Time 5.8s | Precision10 0.2436 Recall10 0.2436 NDCG10 0.2704 Precision20 0.1726 Recall20 0.3453 NDCG20 0.3270
2021-05-24 15:50:38,663 - root - INFO - Fine-tuning Evaluation: Epoch 0038 | Total Time 5.8s | Precision10 0.2441 Recall10 0.2441 NDCG10 0.2710 Precision20 0.1730 Recall20 0.3459 NDCG20 0.3277
2021-05-24 15:50:44,480 - root - INFO - Fine-tuning Evaluation: Epoch 0039 | Total Time 5.8s | Precision10 0.2455 Recall10 0.2455 NDCG10 0.2723 Precision20 0.1742 Recall20 0.3485 NDCG20 0.3295
2021-05-24 15:50:44,515 - root - INFO - Save model on epoch 0039!
2021-05-24 15:50:50,344 - root - INFO - Fine-tuning Evaluation: Epoch 0040 | Total Time 5.8s | Precision10 0.2445 Recall10 0.2445 NDCG10 0.2715 Precision20 0.1737 Recall20 0.3474 NDCG20 0.3287
2021-05-24 15:50:56,173 - root - INFO - Fine-tuning Evaluation: Epoch 0041 | Total Time 5.8s | Precision10 0.2438 Recall10 0.2438 NDCG10 0.2708 Precision20 0.1726 Recall20 0.3452 NDCG20 0.3272
2021-05-24 15:51:02,006 - root - INFO - Fine-tuning Evaluation: Epoch 0042 | Total Time 5.8s | Precision10 0.2440 Recall10 0.2440 NDCG10 0.2704 Precision20 0.1727 Recall20 0.3454 NDCG20 0.3269
2021-05-24 15:51:07,846 - root - INFO - Fine-tuning Evaluation: Epoch 0043 | Total Time 5.8s | Precision10 0.2432 Recall10 0.2432 NDCG10 0.2700 Precision20 0.1719 Recall20 0.3438 NDCG20 0.3260
2021-05-24 15:51:13,685 - root - INFO - Fine-tuning Evaluation: Epoch 0044 | Total Time 5.8s | Precision10 0.2449 Recall10 0.2449 NDCG10 0.2717 Precision20 0.1733 Recall20 0.3467 NDCG20 0.3283
2021-05-24 15:51:19,504 - root - INFO - Fine-tuning Evaluation: Epoch 0045 | Total Time 5.8s | Precision10 0.2447 Recall10 0.2447 NDCG10 0.2718 Precision20 0.1734 Recall20 0.3468 NDCG20 0.3286
2021-05-24 15:51:25,327 - root - INFO - Fine-tuning Evaluation: Epoch 0046 | Total Time 5.8s | Precision10 0.2443 Recall10 0.2443 NDCG10 0.2717 Precision20 0.1734 Recall20 0.3467 NDCG20 0.3286
2021-05-24 15:51:31,147 - root - INFO - Fine-tuning Evaluation: Epoch 0047 | Total Time 5.8s | Precision10 0.2443 Recall10 0.2443 NDCG10 0.2719 Precision20 0.1728 Recall20 0.3456 NDCG20 0.3283
2021-05-24 15:51:36,963 - root - INFO - Fine-tuning Evaluation: Epoch 0048 | Total Time 5.8s | Precision10 0.2448 Recall10 0.2448 NDCG10 0.2722 Precision20 0.1730 Recall20 0.3460 NDCG20 0.3285
2021-05-24 15:51:42,783 - root - INFO - Fine-tuning Evaluation: Epoch 0049 | Total Time 5.8s | Precision10 0.2438 Recall10 0.2438 NDCG10 0.2715 Precision20 0.1726 Recall20 0.3452 NDCG20 0.3280
2021-05-24 15:51:48,601 - root - INFO - Fine-tuning Evaluation: Epoch 0050 | Total Time 5.8s | Precision10 0.2440 Recall10 0.2440 NDCG10 0.2708 Precision20 0.1719 Recall20 0.3438 NDCG20 0.3264
2021-05-24 15:51:54,422 - root - INFO - Fine-tuning Evaluation: Epoch 0051 | Total Time 5.8s | Precision10 0.2445 Recall10 0.2445 NDCG10 0.2716 Precision20 0.1729 Recall20 0.3459 NDCG20 0.3280
2021-05-24 15:52:00,253 - root - INFO - Fine-tuning Evaluation: Epoch 0052 | Total Time 5.8s | Precision10 0.2447 Recall10 0.2447 NDCG10 0.2715 Precision20 0.1727 Recall20 0.3453 NDCG20 0.3274
2021-05-24 15:52:06,090 - root - INFO - Fine-tuning Evaluation: Epoch 0053 | Total Time 5.8s | Precision10 0.2441 Recall10 0.2441 NDCG10 0.2713 Precision20 0.1728 Recall20 0.3456 NDCG20 0.3278
2021-05-24 15:52:11,929 - root - INFO - Fine-tuning Evaluation: Epoch 0054 | Total Time 5.8s | Precision10 0.2446 Recall10 0.2446 NDCG10 0.2717 Precision20 0.1731 Recall20 0.3462 NDCG20 0.3283
2021-05-24 15:52:17,769 - root - INFO - Fine-tuning Evaluation: Epoch 0055 | Total Time 5.8s | Precision10 0.2441 Recall10 0.2441 NDCG10 0.2714 Precision20 0.1732 Recall20 0.3464 NDCG20 0.3283
2021-05-24 15:52:23,588 - root - INFO - Fine-tuning Evaluation: Epoch 0056 | Total Time 5.8s | Precision10 0.2443 Recall10 0.2443 NDCG10 0.2715 Precision20 0.1730 Recall20 0.3459 NDCG20 0.3281
2021-05-24 15:52:29,429 - root - INFO - Fine-tuning Evaluation: Epoch 0057 | Total Time 5.8s | Precision10 0.2449 Recall10 0.2449 NDCG10 0.2723 Precision20 0.1738 Recall20 0.3476 NDCG20 0.3293
2021-05-24 15:52:35,244 - root - INFO - Fine-tuning Evaluation: Epoch 0058 | Total Time 5.8s | Precision10 0.2445 Recall10 0.2445 NDCG10 0.2718 Precision20 0.1734 Recall20 0.3468 NDCG20 0.3287
2021-05-24 15:52:41,066 - root - INFO - Fine-tuning Evaluation: Epoch 0059 | Total Time 5.8s | Precision10 0.2451 Recall10 0.2451 NDCG10 0.2725 Precision20 0.1739 Recall20 0.3478 NDCG20 0.3297
2021-05-24 15:52:46,888 - root - INFO - Fine-tuning Evaluation: Epoch 0060 | Total Time 5.8s | Precision10 0.2455 Recall10 0.2455 NDCG10 0.2727 Precision20 0.1744 Recall20 0.3487 NDCG20 0.3300
2021-05-24 15:52:46,919 - root - INFO - Save model on epoch 0060!
2021-05-24 15:52:52,750 - root - INFO - Fine-tuning Evaluation: Epoch 0061 | Total Time 5.8s | Precision10 0.2441 Recall10 0.2441 NDCG10 0.2715 Precision20 0.1733 Recall20 0.3466 NDCG20 0.3285
2021-05-24 15:52:58,570 - root - INFO - Fine-tuning Evaluation: Epoch 0062 | Total Time 5.8s | Precision10 0.2444 Recall10 0.2444 NDCG10 0.2714 Precision20 0.1731 Recall20 0.3462 NDCG20 0.3280
2021-05-24 15:53:04,401 - root - INFO - Fine-tuning Evaluation: Epoch 0063 | Total Time 5.8s | Precision10 0.2451 Recall10 0.2451 NDCG10 0.2721 Precision20 0.1737 Recall20 0.3473 NDCG20 0.3290
2021-05-24 15:53:10,238 - root - INFO - Fine-tuning Evaluation: Epoch 0064 | Total Time 5.8s | Precision10 0.2453 Recall10 0.2453 NDCG10 0.2723 Precision20 0.1738 Recall20 0.3477 NDCG20 0.3293
2021-05-24 15:53:16,078 - root - INFO - Fine-tuning Evaluation: Epoch 0065 | Total Time 5.8s | Precision10 0.2446 Recall10 0.2446 NDCG10 0.2717 Precision20 0.1730 Recall20 0.3460 NDCG20 0.3281
2021-05-24 15:53:21,917 - root - INFO - Fine-tuning Evaluation: Epoch 0066 | Total Time 5.8s | Precision10 0.2451 Recall10 0.2451 NDCG10 0.2723 Precision20 0.1732 Recall20 0.3464 NDCG20 0.3286
2021-05-24 15:53:27,757 - root - INFO - Fine-tuning Evaluation: Epoch 0067 | Total Time 5.8s | Precision10 0.2457 Recall10 0.2457 NDCG10 0.2732 Precision20 0.1744 Recall20 0.3488 NDCG20 0.3305
2021-05-24 15:53:27,794 - root - INFO - Save model on epoch 0067!
2021-05-24 15:53:33,648 - root - INFO - Fine-tuning Evaluation: Epoch 0068 | Total Time 5.9s | Precision10 0.2460 Recall10 0.2460 NDCG10 0.2733 Precision20 0.1755 Recall20 0.3510 NDCG20 0.3317
2021-05-24 15:53:33,683 - root - INFO - Save model on epoch 0068!
2021-05-24 15:53:39,511 - root - INFO - Fine-tuning Evaluation: Epoch 0069 | Total Time 5.8s | Precision10 0.2459 Recall10 0.2459 NDCG10 0.2731 Precision20 0.1749 Recall20 0.3498 NDCG20 0.3309
2021-05-24 15:53:45,330 - root - INFO - Fine-tuning Evaluation: Epoch 0070 | Total Time 5.8s | Precision10 0.2451 Recall10 0.2451 NDCG10 0.2724 Precision20 0.1741 Recall20 0.3482 NDCG20 0.3296
2021-05-24 15:53:51,150 - root - INFO - Fine-tuning Evaluation: Epoch 0071 | Total Time 5.8s | Precision10 0.2451 Recall10 0.2451 NDCG10 0.2723 Precision20 0.1740 Recall20 0.3480 NDCG20 0.3295
2021-05-24 15:53:56,968 - root - INFO - Fine-tuning Evaluation: Epoch 0072 | Total Time 5.8s | Precision10 0.2465 Recall10 0.2465 NDCG10 0.2736 Precision20 0.1754 Recall20 0.3508 NDCG20 0.3315
2021-05-24 15:54:02,790 - root - INFO - Fine-tuning Evaluation: Epoch 0073 | Total Time 5.8s | Precision10 0.2463 Recall10 0.2463 NDCG10 0.2735 Precision20 0.1750 Recall20 0.3500 NDCG20 0.3312
2021-05-24 15:54:08,612 - root - INFO - Fine-tuning Evaluation: Epoch 0074 | Total Time 5.8s | Precision10 0.2460 Recall10 0.2460 NDCG10 0.2734 Precision20 0.1752 Recall20 0.3504 NDCG20 0.3314
2021-05-24 15:54:14,443 - root - INFO - Fine-tuning Evaluation: Epoch 0075 | Total Time 5.8s | Precision10 0.2456 Recall10 0.2456 NDCG10 0.2732 Precision20 0.1746 Recall20 0.3492 NDCG20 0.3309
2021-05-24 15:54:20,279 - root - INFO - Fine-tuning Evaluation: Epoch 0076 | Total Time 5.8s | Precision10 0.2457 Recall10 0.2457 NDCG10 0.2732 Precision20 0.1752 Recall20 0.3504 NDCG20 0.3314
2021-05-24 15:54:26,117 - root - INFO - Fine-tuning Evaluation: Epoch 0077 | Total Time 5.8s | Precision10 0.2453 Recall10 0.2453 NDCG10 0.2730 Precision20 0.1748 Recall20 0.3496 NDCG20 0.3310
2021-05-24 15:54:31,956 - root - INFO - Fine-tuning Evaluation: Epoch 0078 | Total Time 5.8s | Precision10 0.2462 Recall10 0.2462 NDCG10 0.2738 Precision20 0.1755 Recall20 0.3509 NDCG20 0.3321
2021-05-24 15:54:37,800 - root - INFO - Fine-tuning Evaluation: Epoch 0079 | Total Time 5.8s | Precision10 0.2455 Recall10 0.2455 NDCG10 0.2733 Precision20 0.1748 Recall20 0.3495 NDCG20 0.3312
2021-05-24 15:54:43,618 - root - INFO - Fine-tuning Evaluation: Epoch 0080 | Total Time 5.8s | Precision10 0.2463 Recall10 0.2463 NDCG10 0.2736 Precision20 0.1751 Recall20 0.3503 NDCG20 0.3314
2021-05-24 15:54:49,439 - root - INFO - Fine-tuning Evaluation: Epoch 0081 | Total Time 5.8s | Precision10 0.2466 Recall10 0.2466 NDCG10 0.2739 Precision20 0.1752 Recall20 0.3505 NDCG20 0.3317
2021-05-24 15:54:55,260 - root - INFO - Fine-tuning Evaluation: Epoch 0082 | Total Time 5.8s | Precision10 0.2460 Recall10 0.2460 NDCG10 0.2735 Precision20 0.1748 Recall20 0.3495 NDCG20 0.3311
2021-05-24 15:55:01,081 - root - INFO - Fine-tuning Evaluation: Epoch 0083 | Total Time 5.8s | Precision10 0.2468 Recall10 0.2468 NDCG10 0.2745 Precision20 0.1748 Recall20 0.3497 NDCG20 0.3317
2021-05-24 15:55:06,901 - root - INFO - Fine-tuning Evaluation: Epoch 0084 | Total Time 5.8s | Precision10 0.2472 Recall10 0.2472 NDCG10 0.2749 Precision20 0.1749 Recall20 0.3497 NDCG20 0.3319
2021-05-24 15:55:12,726 - root - INFO - Fine-tuning Evaluation: Epoch 0085 | Total Time 5.8s | Precision10 0.2460 Recall10 0.2460 NDCG10 0.2735 Precision20 0.1740 Recall20 0.3481 NDCG20 0.3303
2021-05-24 15:55:18,561 - root - INFO - Fine-tuning Evaluation: Epoch 0086 | Total Time 5.8s | Precision10 0.2471 Recall10 0.2471 NDCG10 0.2749 Precision20 0.1750 Recall20 0.3501 NDCG20 0.3322
2021-05-24 15:55:24,400 - root - INFO - Fine-tuning Evaluation: Epoch 0087 | Total Time 5.8s | Precision10 0.2471 Recall10 0.2471 NDCG10 0.2749 Precision20 0.1752 Recall20 0.3504 NDCG20 0.3324
2021-05-24 15:55:30,238 - root - INFO - Fine-tuning Evaluation: Epoch 0088 | Total Time 5.8s | Precision10 0.2473 Recall10 0.2473 NDCG10 0.2752 Precision20 0.1755 Recall20 0.3510 NDCG20 0.3328
2021-05-24 15:55:36,081 - root - INFO - Fine-tuning Evaluation: Epoch 0089 | Total Time 5.8s | Precision10 0.2472 Recall10 0.2472 NDCG10 0.2752 Precision20 0.1755 Recall20 0.3511 NDCG20 0.3329
2021-05-24 15:55:36,112 - root - INFO - Save model on epoch 0089!
2021-05-24 15:55:41,942 - root - INFO - Fine-tuning Evaluation: Epoch 0090 | Total Time 5.8s | Precision10 0.2478 Recall10 0.2478 NDCG10 0.2755 Precision20 0.1755 Recall20 0.3511 NDCG20 0.3328
2021-05-24 15:55:47,790 - root - INFO - Fine-tuning Evaluation: Epoch 0091 | Total Time 5.8s | Precision10 0.2481 Recall10 0.2481 NDCG10 0.2758 Precision20 0.1759 Recall20 0.3519 NDCG20 0.3336
2021-05-24 15:55:47,822 - root - INFO - Save model on epoch 0091!
2021-05-24 15:55:53,652 - root - INFO - Fine-tuning Evaluation: Epoch 0092 | Total Time 5.8s | Precision10 0.2478 Recall10 0.2478 NDCG10 0.2755 Precision20 0.1757 Recall20 0.3515 NDCG20 0.3331
2021-05-24 15:55:59,470 - root - INFO - Fine-tuning Evaluation: Epoch 0093 | Total Time 5.8s | Precision10 0.2485 Recall10 0.2485 NDCG10 0.2762 Precision20 0.1763 Recall20 0.3525 NDCG20 0.3340
2021-05-24 15:55:59,501 - root - INFO - Save model on epoch 0093!
2021-05-24 15:56:05,332 - root - INFO - Fine-tuning Evaluation: Epoch 0094 | Total Time 5.8s | Precision10 0.2478 Recall10 0.2478 NDCG10 0.2754 Precision20 0.1760 Recall20 0.3520 NDCG20 0.3333
2021-05-24 15:56:11,149 - root - INFO - Fine-tuning Evaluation: Epoch 0095 | Total Time 5.8s | Precision10 0.2480 Recall10 0.2480 NDCG10 0.2758 Precision20 0.1761 Recall20 0.3521 NDCG20 0.3338
2021-05-24 15:56:16,969 - root - INFO - Fine-tuning Evaluation: Epoch 0096 | Total Time 5.8s | Precision10 0.2483 Recall10 0.2483 NDCG10 0.2763 Precision20 0.1767 Recall20 0.3534 NDCG20 0.3348
2021-05-24 15:56:17,001 - root - INFO - Save model on epoch 0096!
2021-05-24 15:56:22,839 - root - INFO - Fine-tuning Evaluation: Epoch 0097 | Total Time 5.8s | Precision10 0.2475 Recall10 0.2475 NDCG10 0.2759 Precision20 0.1760 Recall20 0.3520 NDCG20 0.3340
2021-05-24 15:56:28,673 - root - INFO - Fine-tuning Evaluation: Epoch 0098 | Total Time 5.8s | Precision10 0.2477 Recall10 0.2477 NDCG10 0.2756 Precision20 0.1760 Recall20 0.3520 NDCG20 0.3336
2021-05-24 15:56:34,494 - root - INFO - Fine-tuning Evaluation: Epoch 0099 | Total Time 5.8s | Precision10 0.2469 Recall10 0.2469 NDCG10 0.2747 Precision20 0.1754 Recall20 0.3508 NDCG20 0.3325
2021-05-24 15:56:40,313 - root - INFO - Fine-tuning Evaluation: Epoch 0100 | Total Time 5.8s | Precision10 0.2475 Recall10 0.2475 NDCG10 0.2756 Precision20 0.1754 Recall20 0.3508 NDCG20 0.3330
2021-05-24 15:56:46,154 - root - INFO - Fine-tuning Evaluation: Epoch 0101 | Total Time 5.8s | Precision10 0.2469 Recall10 0.2469 NDCG10 0.2747 Precision20 0.1750 Recall20 0.3501 NDCG20 0.3321
2021-05-24 15:56:51,997 - root - INFO - Fine-tuning Evaluation: Epoch 0102 | Total Time 5.8s | Precision10 0.2476 Recall10 0.2476 NDCG10 0.2755 Precision20 0.1761 Recall20 0.3521 NDCG20 0.3337
2021-05-24 15:56:57,844 - root - INFO - Fine-tuning Evaluation: Epoch 0103 | Total Time 5.8s | Precision10 0.2472 Recall10 0.2472 NDCG10 0.2751 Precision20 0.1757 Recall20 0.3514 NDCG20 0.3331
2021-05-24 15:57:03,663 - root - INFO - Fine-tuning Evaluation: Epoch 0104 | Total Time 5.8s | Precision10 0.2473 Recall10 0.2473 NDCG10 0.2751 Precision20 0.1760 Recall20 0.3520 NDCG20 0.3333
2021-05-24 15:57:09,480 - root - INFO - Fine-tuning Evaluation: Epoch 0105 | Total Time 5.8s | Precision10 0.2466 Recall10 0.2466 NDCG10 0.2740 Precision20 0.1748 Recall20 0.3496 NDCG20 0.3312
2021-05-24 15:57:15,303 - root - INFO - Fine-tuning Evaluation: Epoch 0106 | Total Time 5.8s | Precision10 0.2483 Recall10 0.2483 NDCG10 0.2758 Precision20 0.1765 Recall20 0.3529 NDCG20 0.3340
2021-05-24 15:57:21,123 - root - INFO - Fine-tuning Evaluation: Epoch 0107 | Total Time 5.8s | Precision10 0.2487 Recall10 0.2487 NDCG10 0.2764 Precision20 0.1766 Recall20 0.3532 NDCG20 0.3344
2021-05-24 15:57:26,944 - root - INFO - Fine-tuning Evaluation: Epoch 0108 | Total Time 5.8s | Precision10 0.2495 Recall10 0.2495 NDCG10 0.2773 Precision20 0.1773 Recall20 0.3545 NDCG20 0.3357
2021-05-24 15:57:26,975 - root - INFO - Save model on epoch 0108!
2021-05-24 15:57:32,820 - root - INFO - Fine-tuning Evaluation: Epoch 0109 | Total Time 5.8s | Precision10 0.2490 Recall10 0.2490 NDCG10 0.2769 Precision20 0.1771 Recall20 0.3541 NDCG20 0.3353
2021-05-24 15:57:38,639 - root - INFO - Fine-tuning Evaluation: Epoch 0110 | Total Time 5.8s | Precision10 0.2484 Recall10 0.2484 NDCG10 0.2764 Precision20 0.1761 Recall20 0.3522 NDCG20 0.3341
2021-05-24 15:57:44,464 - root - INFO - Fine-tuning Evaluation: Epoch 0111 | Total Time 5.8s | Precision10 0.2477 Recall10 0.2477 NDCG10 0.2758 Precision20 0.1766 Recall20 0.3532 NDCG20 0.3344
2021-05-24 15:57:50,303 - root - INFO - Fine-tuning Evaluation: Epoch 0112 | Total Time 5.8s | Precision10 0.2477 Recall10 0.2477 NDCG10 0.2759 Precision20 0.1761 Recall20 0.3521 NDCG20 0.3340
2021-05-24 15:57:56,147 - root - INFO - Fine-tuning Evaluation: Epoch 0113 | Total Time 5.8s | Precision10 0.2489 Recall10 0.2489 NDCG10 0.2764 Precision20 0.1767 Recall20 0.3533 NDCG20 0.3345
2021-05-24 15:58:01,991 - root - INFO - Fine-tuning Evaluation: Epoch 0114 | Total Time 5.8s | Precision10 0.2485 Recall10 0.2485 NDCG10 0.2760 Precision20 0.1762 Recall20 0.3524 NDCG20 0.3338
2021-05-24 15:58:07,810 - root - INFO - Fine-tuning Evaluation: Epoch 0115 | Total Time 5.8s | Precision10 0.2484 Recall10 0.2484 NDCG10 0.2760 Precision20 0.1764 Recall20 0.3528 NDCG20 0.3341
2021-05-24 15:58:13,628 - root - INFO - Fine-tuning Evaluation: Epoch 0116 | Total Time 5.8s | Precision10 0.2475 Recall10 0.2475 NDCG10 0.2750 Precision20 0.1758 Recall20 0.3515 NDCG20 0.3330
2021-05-24 15:58:19,445 - root - INFO - Fine-tuning Evaluation: Epoch 0117 | Total Time 5.8s | Precision10 0.2489 Recall10 0.2489 NDCG10 0.2764 Precision20 0.1768 Recall20 0.3536 NDCG20 0.3347
2021-05-24 15:58:25,262 - root - INFO - Fine-tuning Evaluation: Epoch 0118 | Total Time 5.8s | Precision10 0.2485 Recall10 0.2485 NDCG10 0.2762 Precision20 0.1764 Recall20 0.3528 NDCG20 0.3343
2021-05-24 15:58:31,083 - root - INFO - Fine-tuning Evaluation: Epoch 0119 | Total Time 5.8s | Precision10 0.2484 Recall10 0.2484 NDCG10 0.2760 Precision20 0.1766 Recall20 0.3533 NDCG20 0.3344
2021-05-24 15:58:36,903 - root - INFO - Fine-tuning Evaluation: Epoch 0120 | Total Time 5.8s | Precision10 0.2489 Recall10 0.2489 NDCG10 0.2768 Precision20 0.1778 Recall20 0.3555 NDCG20 0.3361
2021-05-24 15:58:36,934 - root - INFO - Save model on epoch 0120!
2021-05-24 15:58:42,776 - root - INFO - Fine-tuning Evaluation: Epoch 0121 | Total Time 5.8s | Precision10 0.2491 Recall10 0.2491 NDCG10 0.2770 Precision20 0.1766 Recall20 0.3532 NDCG20 0.3350
2021-05-24 15:58:48,616 - root - INFO - Fine-tuning Evaluation: Epoch 0122 | Total Time 5.8s | Precision10 0.2515 Recall10 0.2515 NDCG10 0.2792 Precision20 0.1777 Recall20 0.3553 NDCG20 0.3370
2021-05-24 15:58:54,438 - root - INFO - Fine-tuning Evaluation: Epoch 0123 | Total Time 5.8s | Precision10 0.2507 Recall10 0.2507 NDCG10 0.2790 Precision20 0.1776 Recall20 0.3551 NDCG20 0.3371
2021-05-24 15:59:00,280 - root - INFO - Fine-tuning Evaluation: Epoch 0124 | Total Time 5.8s | Precision10 0.2501 Recall10 0.2501 NDCG10 0.2788 Precision20 0.1773 Recall20 0.3546 NDCG20 0.3369
2021-05-24 15:59:06,121 - root - INFO - Fine-tuning Evaluation: Epoch 0125 | Total Time 5.8s | Precision10 0.2497 Recall10 0.2497 NDCG10 0.2782 Precision20 0.1774 Recall20 0.3548 NDCG20 0.3367
2021-05-24 15:59:11,939 - root - INFO - Fine-tuning Evaluation: Epoch 0126 | Total Time 5.8s | Precision10 0.2492 Recall10 0.2492 NDCG10 0.2782 Precision20 0.1770 Recall20 0.3539 NDCG20 0.3365
2021-05-24 15:59:17,759 - root - INFO - Fine-tuning Evaluation: Epoch 0127 | Total Time 5.8s | Precision10 0.2493 Recall10 0.2493 NDCG10 0.2778 Precision20 0.1768 Recall20 0.3536 NDCG20 0.3359
2021-05-24 15:59:23,576 - root - INFO - Fine-tuning Evaluation: Epoch 0128 | Total Time 5.8s | Precision10 0.2496 Recall10 0.2496 NDCG10 0.2786 Precision20 0.1772 Recall20 0.3545 NDCG20 0.3371
2021-05-24 15:59:29,397 - root - INFO - Fine-tuning Evaluation: Epoch 0129 | Total Time 5.8s | Precision10 0.2496 Recall10 0.2496 NDCG10 0.2779 Precision20 0.1770 Recall20 0.3540 NDCG20 0.3360
2021-05-24 15:59:35,218 - root - INFO - Fine-tuning Evaluation: Epoch 0130 | Total Time 5.8s | Precision10 0.2490 Recall10 0.2490 NDCG10 0.2772 Precision20 0.1765 Recall20 0.3529 NDCG20 0.3351
2021-05-24 15:59:41,056 - root - INFO - Fine-tuning Evaluation: Epoch 0131 | Total Time 5.8s | Precision10 0.2488 Recall10 0.2488 NDCG10 0.2769 Precision20 0.1761 Recall20 0.3521 NDCG20 0.3345
2021-05-24 15:59:46,880 - root - INFO - Fine-tuning Evaluation: Epoch 0132 | Total Time 5.8s | Precision10 0.2490 Recall10 0.2490 NDCG10 0.2780 Precision20 0.1764 Recall20 0.3527 NDCG20 0.3357
2021-05-24 15:59:52,721 - root - INFO - Fine-tuning Evaluation: Epoch 0133 | Total Time 5.8s | Precision10 0.2504 Recall10 0.2504 NDCG10 0.2794 Precision20 0.1769 Recall20 0.3537 NDCG20 0.3369
2021-05-24 15:59:58,558 - root - INFO - Fine-tuning Evaluation: Epoch 0134 | Total Time 5.8s | Precision10 0.2496 Recall10 0.2496 NDCG10 0.2793 Precision20 0.1769 Recall20 0.3537 NDCG20 0.3372
2021-05-24 16:00:04,382 - root - INFO - Fine-tuning Evaluation: Epoch 0135 | Total Time 5.8s | Precision10 0.2493 Recall10 0.2493 NDCG10 0.2789 Precision20 0.1767 Recall20 0.3533 NDCG20 0.3367
2021-05-24 16:00:10,224 - root - INFO - Fine-tuning Evaluation: Epoch 0136 | Total Time 5.8s | Precision10 0.2487 Recall10 0.2487 NDCG10 0.2777 Precision20 0.1763 Recall20 0.3526 NDCG20 0.3355
2021-05-24 16:00:16,047 - root - INFO - Fine-tuning Evaluation: Epoch 0137 | Total Time 5.8s | Precision10 0.2497 Recall10 0.2497 NDCG10 0.2774 Precision20 0.1761 Recall20 0.3521 NDCG20 0.3343
2021-05-24 16:00:21,866 - root - INFO - Fine-tuning Evaluation: Epoch 0138 | Total Time 5.8s | Precision10 0.2492 Recall10 0.2492 NDCG10 0.2772 Precision20 0.1766 Recall20 0.3531 NDCG20 0.3350
2021-05-24 16:00:27,685 - root - INFO - Fine-tuning Evaluation: Epoch 0139 | Total Time 5.8s | Precision10 0.2504 Recall10 0.2504 NDCG10 0.2790 Precision20 0.1769 Recall20 0.3538 NDCG20 0.3365
2021-05-24 16:00:33,504 - root - INFO - Fine-tuning Evaluation: Epoch 0140 | Total Time 5.8s | Precision10 0.2495 Recall10 0.2495 NDCG10 0.2780 Precision20 0.1770 Recall20 0.3540 NDCG20 0.3361
2021-05-24 16:00:39,326 - root - INFO - Fine-tuning Evaluation: Epoch 0141 | Total Time 5.8s | Precision10 0.2496 Recall10 0.2496 NDCG10 0.2777 Precision20 0.1766 Recall20 0.3532 NDCG20 0.3354
2021-05-24 16:00:45,145 - root - INFO - Fine-tuning Evaluation: Epoch 0142 | Total Time 5.8s | Precision10 0.2499 Recall10 0.2499 NDCG10 0.2778 Precision20 0.1771 Recall20 0.3543 NDCG20 0.3359
2021-05-24 16:00:50,969 - root - INFO - Fine-tuning Evaluation: Epoch 0143 | Total Time 5.8s | Precision10 0.2497 Recall10 0.2497 NDCG10 0.2780 Precision20 0.1773 Recall20 0.3547 NDCG20 0.3364
2021-05-24 16:00:56,810 - root - INFO - Fine-tuning Evaluation: Epoch 0144 | Total Time 5.8s | Precision10 0.2495 Recall10 0.2495 NDCG10 0.2780 Precision20 0.1774 Recall20 0.3548 NDCG20 0.3365
2021-05-24 16:01:02,645 - root - INFO - Fine-tuning Evaluation: Epoch 0145 | Total Time 5.8s | Precision10 0.2502 Recall10 0.2502 NDCG10 0.2779 Precision20 0.1769 Recall20 0.3538 NDCG20 0.3355
2021-05-24 16:01:08,488 - root - INFO - Fine-tuning Evaluation: Epoch 0146 | Total Time 5.8s | Precision10 0.2498 Recall10 0.2498 NDCG10 0.2777 Precision20 0.1779 Recall20 0.3558 NDCG20 0.3367
2021-05-24 16:01:08,519 - root - INFO - Save model on epoch 0146!
2021-05-24 16:01:14,357 - root - INFO - Fine-tuning Evaluation: Epoch 0147 | Total Time 5.8s | Precision10 0.2494 Recall10 0.2494 NDCG10 0.2778 Precision20 0.1775 Recall20 0.3550 NDCG20 0.3366
2021-05-24 16:01:20,178 - root - INFO - Fine-tuning Evaluation: Epoch 0148 | Total Time 5.8s | Precision10 0.2492 Recall10 0.2492 NDCG10 0.2780 Precision20 0.1776 Recall20 0.3552 NDCG20 0.3369
2021-05-24 16:01:25,998 - root - INFO - Fine-tuning Evaluation: Epoch 0149 | Total Time 5.8s | Precision10 0.2488 Recall10 0.2488 NDCG10 0.2776 Precision20 0.1774 Recall20 0.3549 NDCG20 0.3367
2021-05-24 16:01:31,821 - root - INFO - Fine-tuning Evaluation: Epoch 0150 | Total Time 5.8s | Precision10 0.2493 Recall10 0.2493 NDCG10 0.2776 Precision20 0.1769 Recall20 0.3538 NDCG20 0.3357
2021-05-24 16:01:37,643 - root - INFO - Fine-tuning Evaluation: Epoch 0151 | Total Time 5.8s | Precision10 0.2489 Recall10 0.2489 NDCG10 0.2770 Precision20 0.1768 Recall20 0.3535 NDCG20 0.3352
2021-05-24 16:01:43,465 - root - INFO - Fine-tuning Evaluation: Epoch 0152 | Total Time 5.8s | Precision10 0.2504 Recall10 0.2504 NDCG10 0.2790 Precision20 0.1776 Recall20 0.3551 NDCG20 0.3374
2021-05-24 16:01:49,300 - root - INFO - Fine-tuning Evaluation: Epoch 0153 | Total Time 5.8s | Precision10 0.2495 Recall10 0.2495 NDCG10 0.2786 Precision20 0.1778 Recall20 0.3557 NDCG20 0.3377
2021-05-24 16:01:55,120 - root - INFO - Fine-tuning Evaluation: Epoch 0154 | Total Time 5.8s | Precision10 0.2501 Recall10 0.2501 NDCG10 0.2790 Precision20 0.1778 Recall20 0.3555 NDCG20 0.3375
2021-05-24 16:02:00,939 - root - INFO - Fine-tuning Evaluation: Epoch 0155 | Total Time 5.8s | Precision10 0.2496 Recall10 0.2496 NDCG10 0.2785 Precision20 0.1775 Recall20 0.3550 NDCG20 0.3372
2021-05-24 16:02:06,760 - root - INFO - Fine-tuning Evaluation: Epoch 0156 | Total Time 5.8s | Precision10 0.2500 Recall10 0.2500 NDCG10 0.2779 Precision20 0.1772 Recall20 0.3544 NDCG20 0.3359
2021-05-24 16:02:12,601 - root - INFO - Fine-tuning Evaluation: Epoch 0157 | Total Time 5.8s | Precision10 0.2501 Recall10 0.2501 NDCG10 0.2778 Precision20 0.1777 Recall20 0.3554 NDCG20 0.3363
2021-05-24 16:02:18,419 - root - INFO - Fine-tuning Evaluation: Epoch 0158 | Total Time 5.8s | Precision10 0.2503 Recall10 0.2503 NDCG10 0.2783 Precision20 0.1776 Recall20 0.3553 NDCG20 0.3365
2021-05-24 16:02:24,239 - root - INFO - Fine-tuning Evaluation: Epoch 0159 | Total Time 5.8s | Precision10 0.2506 Recall10 0.2506 NDCG10 0.2787 Precision20 0.1779 Recall20 0.3557 NDCG20 0.3371
2021-05-24 16:02:30,057 - root - INFO - Fine-tuning Evaluation: Epoch 0160 | Total Time 5.8s | Precision10 0.2502 Recall10 0.2502 NDCG10 0.2789 Precision20 0.1780 Recall20 0.3560 NDCG20 0.3377
2021-05-24 16:02:30,088 - root - INFO - Save model on epoch 0160!
2021-05-24 16:02:35,922 - root - INFO - Fine-tuning Evaluation: Epoch 0161 | Total Time 5.8s | Precision10 0.2493 Recall10 0.2493 NDCG10 0.2783 Precision20 0.1774 Recall20 0.3548 NDCG20 0.3370
2021-05-24 16:02:41,744 - root - INFO - Fine-tuning Evaluation: Epoch 0162 | Total Time 5.8s | Precision10 0.2491 Recall10 0.2491 NDCG10 0.2779 Precision20 0.1772 Recall20 0.3544 NDCG20 0.3365
2021-05-24 16:02:47,564 - root - INFO - Fine-tuning Evaluation: Epoch 0163 | Total Time 5.8s | Precision10 0.2500 Recall10 0.2500 NDCG10 0.2786 Precision20 0.1780 Recall20 0.3561 NDCG20 0.3376
2021-05-24 16:02:47,596 - root - INFO - Save model on epoch 0163!
2021-05-24 16:02:53,424 - root - INFO - Fine-tuning Evaluation: Epoch 0164 | Total Time 5.8s | Precision10 0.2493 Recall10 0.2493 NDCG10 0.2784 Precision20 0.1774 Recall20 0.3548 NDCG20 0.3372
2021-05-24 16:02:59,242 - root - INFO - Fine-tuning Evaluation: Epoch 0165 | Total Time 5.8s | Precision10 0.2506 Recall10 0.2506 NDCG10 0.2796 Precision20 0.1783 Recall20 0.3565 NDCG20 0.3385
2021-05-24 16:02:59,273 - root - INFO - Save model on epoch 0165!
2021-05-24 16:03:05,104 - root - INFO - Fine-tuning Evaluation: Epoch 0166 | Total Time 5.8s | Precision10 0.2501 Recall10 0.2501 NDCG10 0.2788 Precision20 0.1780 Recall20 0.3560 NDCG20 0.3377
2021-05-24 16:03:10,927 - root - INFO - Fine-tuning Evaluation: Epoch 0167 | Total Time 5.8s | Precision10 0.2505 Recall10 0.2505 NDCG10 0.2794 Precision20 0.1781 Recall20 0.3562 NDCG20 0.3382
2021-05-24 16:03:17,221 - root - INFO - Fine-tuning Evaluation: Epoch 0168 | Total Time 6.3s | Precision10 0.2507 Recall10 0.2507 NDCG10 0.2795 Precision20 0.1776 Recall20 0.3553 NDCG20 0.3377
2021-05-24 16:03:23,044 - root - INFO - Fine-tuning Evaluation: Epoch 0169 | Total Time 5.8s | Precision10 0.2508 Recall10 0.2508 NDCG10 0.2795 Precision20 0.1776 Recall20 0.3553 NDCG20 0.3377
2021-05-24 16:03:28,863 - root - INFO - Fine-tuning Evaluation: Epoch 0170 | Total Time 5.8s | Precision10 0.2515 Recall10 0.2515 NDCG10 0.2799 Precision20 0.1780 Recall20 0.3560 NDCG20 0.3380
2021-05-24 16:03:34,686 - root - INFO - Fine-tuning Evaluation: Epoch 0171 | Total Time 5.8s | Precision10 0.2512 Recall10 0.2512 NDCG10 0.2798 Precision20 0.1781 Recall20 0.3561 NDCG20 0.3381
2021-05-24 16:03:40,503 - root - INFO - Fine-tuning Evaluation: Epoch 0172 | Total Time 5.8s | Precision10 0.2501 Recall10 0.2501 NDCG10 0.2791 Precision20 0.1780 Recall20 0.3560 NDCG20 0.3381
2021-05-24 16:03:46,322 - root - INFO - Fine-tuning Evaluation: Epoch 0173 | Total Time 5.8s | Precision10 0.2513 Recall10 0.2513 NDCG10 0.2801 Precision20 0.1781 Recall20 0.3563 NDCG20 0.3385
2021-05-24 16:03:52,140 - root - INFO - Fine-tuning Evaluation: Epoch 0174 | Total Time 5.8s | Precision10 0.2510 Recall10 0.2510 NDCG10 0.2798 Precision20 0.1779 Recall20 0.3559 NDCG20 0.3383
2021-05-24 16:03:57,958 - root - INFO - Fine-tuning Evaluation: Epoch 0175 | Total Time 5.8s | Precision10 0.2512 Recall10 0.2512 NDCG10 0.2799 Precision20 0.1781 Recall20 0.3563 NDCG20 0.3384
2021-05-24 16:04:03,776 - root - INFO - Fine-tuning Evaluation: Epoch 0176 | Total Time 5.8s | Precision10 0.2515 Recall10 0.2515 NDCG10 0.2804 Precision20 0.1778 Recall20 0.3555 NDCG20 0.3384
2021-05-24 16:04:09,611 - root - INFO - Fine-tuning Evaluation: Epoch 0177 | Total Time 5.8s | Precision10 0.2510 Recall10 0.2510 NDCG10 0.2800 Precision20 0.1778 Recall20 0.3557 NDCG20 0.3383
2021-05-24 16:04:15,428 - root - INFO - Fine-tuning Evaluation: Epoch 0178 | Total Time 5.8s | Precision10 0.2515 Recall10 0.2515 NDCG10 0.2803 Precision20 0.1775 Recall20 0.3550 NDCG20 0.3381
2021-05-24 16:04:21,268 - root - INFO - Fine-tuning Evaluation: Epoch 0179 | Total Time 5.8s | Precision10 0.2512 Recall10 0.2512 NDCG10 0.2800 Precision20 0.1774 Recall20 0.3548 NDCG20 0.3378
2021-05-24 16:04:27,087 - root - INFO - Fine-tuning Evaluation: Epoch 0180 | Total Time 5.8s | Precision10 0.2509 Recall10 0.2509 NDCG10 0.2799 Precision20 0.1774 Recall20 0.3547 NDCG20 0.3378
2021-05-24 16:04:32,906 - root - INFO - Fine-tuning Evaluation: Epoch 0181 | Total Time 5.8s | Precision10 0.2513 Recall10 0.2513 NDCG10 0.2795 Precision20 0.1776 Recall20 0.3551 NDCG20 0.3374
2021-05-24 16:04:38,722 - root - INFO - Fine-tuning Evaluation: Epoch 0182 | Total Time 5.8s | Precision10 0.2521 Recall10 0.2521 NDCG10 0.2805 Precision20 0.1775 Recall20 0.3551 NDCG20 0.3378
2021-05-24 16:04:44,538 - root - INFO - Fine-tuning Evaluation: Epoch 0183 | Total Time 5.8s | Precision10 0.2515 Recall10 0.2515 NDCG10 0.2800 Precision20 0.1775 Recall20 0.3550 NDCG20 0.3376
2021-05-24 16:04:50,357 - root - INFO - Fine-tuning Evaluation: Epoch 0184 | Total Time 5.8s | Precision10 0.2515 Recall10 0.2515 NDCG10 0.2802 Precision20 0.1773 Recall20 0.3545 NDCG20 0.3376
2021-05-24 16:04:56,177 - root - INFO - Fine-tuning Evaluation: Epoch 0185 | Total Time 5.8s | Precision10 0.2509 Recall10 0.2509 NDCG10 0.2794 Precision20 0.1770 Recall20 0.3540 NDCG20 0.3368
2021-05-24 16:05:01,998 - root - INFO - Fine-tuning Evaluation: Epoch 0186 | Total Time 5.8s | Precision10 0.2515 Recall10 0.2515 NDCG10 0.2799 Precision20 0.1772 Recall20 0.3544 NDCG20 0.3372
2021-05-24 16:05:07,818 - root - INFO - Fine-tuning Evaluation: Epoch 0187 | Total Time 5.8s | Precision10 0.2509 Recall10 0.2509 NDCG10 0.2795 Precision20 0.1772 Recall20 0.3544 NDCG20 0.3371
2021-05-24 16:05:13,651 - root - INFO - Fine-tuning Evaluation: Epoch 0188 | Total Time 5.8s | Precision10 0.2511 Recall10 0.2511 NDCG10 0.2795 Precision20 0.1765 Recall20 0.3529 NDCG20 0.3363
2021-05-24 16:05:19,470 - root - INFO - Fine-tuning Evaluation: Epoch 0189 | Total Time 5.8s | Precision10 0.2509 Recall10 0.2509 NDCG10 0.2796 Precision20 0.1766 Recall20 0.3532 NDCG20 0.3366
2021-05-24 16:05:25,290 - root - INFO - Fine-tuning Evaluation: Epoch 0190 | Total Time 5.8s | Precision10 0.2509 Recall10 0.2509 NDCG10 0.2796 Precision20 0.1770 Recall20 0.3541 NDCG20 0.3372
2021-05-24 16:05:31,110 - root - INFO - Fine-tuning Evaluation: Epoch 0191 | Total Time 5.8s | Precision10 0.2521 Recall10 0.2521 NDCG10 0.2808 Precision20 0.1779 Recall20 0.3557 NDCG20 0.3385
2021-05-24 16:05:36,927 - root - INFO - Fine-tuning Evaluation: Epoch 0192 | Total Time 5.8s | Precision10 0.2532 Recall10 0.2532 NDCG10 0.2814 Precision20 0.1777 Recall20 0.3554 NDCG20 0.3383
2021-05-24 16:05:42,745 - root - INFO - Fine-tuning Evaluation: Epoch 0193 | Total Time 5.8s | Precision10 0.2530 Recall10 0.2530 NDCG10 0.2811 Precision20 0.1777 Recall20 0.3553 NDCG20 0.3381
2021-05-24 16:05:48,567 - root - INFO - Fine-tuning Evaluation: Epoch 0194 | Total Time 5.8s | Precision10 0.2535 Recall10 0.2535 NDCG10 0.2819 Precision20 0.1778 Recall20 0.3555 NDCG20 0.3387
2021-05-24 16:05:54,387 - root - INFO - Fine-tuning Evaluation: Epoch 0195 | Total Time 5.8s | Precision10 0.2526 Recall10 0.2526 NDCG10 0.2812 Precision20 0.1777 Recall20 0.3555 NDCG20 0.3384
