2021-06-05 08:22:59,055 - root - INFO - Namespace(K=20, K1=10, aggregation_type='bi-interaction', cf_batch_size=16, cf_l2loss_lambda=1e-05, cf_print_every=100, conv_dim_list='[64, 32, 16]', data_dir='datasets/', data_name='yelp2018', entity_dim=64, evaluate_every=1, fine_tuning_batch_size=16, kg_batch_size=1024, kg_l2loss_lambda=1e-05, kg_print_every=100, local_lr=0.0001, local_rank=0, lr=0.0001, mess_dropout='[0.1, 0.1, 0.1]', n_epoch=1000, pretrain_embedding_dir='datasets/pretrain/', pretrain_model_path='trained_model/model.pth', relation_dim=64, save_dir='trained_model/KGAT/yelp2018/entitydim64_relationdim64_bi-interaction_64-32-16_lr0.0001_pretrain1/', seed=123, stopping_steps=30, test_batch_size=5000, use_pretrain=1)
2021-06-05 08:23:03,676 - numexpr.utils - INFO - Note: NumExpr detected 20 cores but "NUMEXPR_MAX_THREADS" not set, so enforcing safe limit of 8.
2021-06-05 08:23:03,676 - numexpr.utils - INFO - NumExpr defaulting to 8 threads.
2021-06-05 08:28:19,839 - root - INFO - n_users:            45919
2021-06-05 08:28:19,839 - root - INFO - n_items:            45538
2021-06-05 08:28:19,839 - root - INFO - n_entities:         136499
2021-06-05 08:28:19,839 - root - INFO - n_users_entities:   182418
2021-06-05 08:28:19,839 - root - INFO - n_relations:        86
2021-06-05 08:28:19,839 - root - INFO - n_cf_train:         357219
2021-06-05 08:28:19,839 - root - INFO - n_cf_test:          237300
2021-06-05 08:28:19,839 - root - INFO - n_kg_train:         4421846
2021-06-05 08:28:19,839 - root - INFO - n_kg_test:          4182008
2021-06-05 08:33:20,225 - root - INFO - n_users:            45919
2021-06-05 08:33:20,225 - root - INFO - n_items:            45538
2021-06-05 08:33:20,225 - root - INFO - n_entities:         136499
2021-06-05 08:33:20,225 - root - INFO - n_users_entities:   182418
2021-06-05 08:33:20,225 - root - INFO - n_relations:        86
2021-06-05 08:33:20,225 - root - INFO - n_cf_train:         4715
2021-06-05 08:33:20,225 - root - INFO - n_cf_test:          4830
2021-06-05 08:33:20,225 - root - INFO - n_kg_train:         3716838
2021-06-05 08:33:20,225 - root - INFO - n_kg_test:          3717068
2021-06-05 08:33:36,029 - root - INFO - KGAT(
  (relation_embed): Embedding(86, 64)
  (entity_user_embed): Embedding(182418, 64)
  (aggregator_layers): ModuleList(
    (0): Aggregator(
      (message_dropout): Dropout(p=0.1, inplace=False)
      (W1): Linear(in_features=64, out_features=64, bias=True)
      (W2): Linear(in_features=64, out_features=64, bias=True)
      (activation): LeakyReLU(negative_slope=0.01)
    )
    (1): Aggregator(
      (message_dropout): Dropout(p=0.1, inplace=False)
      (W1): Linear(in_features=64, out_features=32, bias=True)
      (W2): Linear(in_features=64, out_features=32, bias=True)
      (activation): LeakyReLU(negative_slope=0.01)
    )
    (2): Aggregator(
      (message_dropout): Dropout(p=0.1, inplace=False)
      (W1): Linear(in_features=32, out_features=16, bias=True)
      (W2): Linear(in_features=32, out_features=16, bias=True)
      (activation): LeakyReLU(negative_slope=0.01)
    )
  )
)
2021-06-05 08:33:39,182 - root - INFO - Meta Training: Epoch 0001 Iter 0000 / 1484 | Time 3.1s | Iter Loss 0.8459
2021-06-05 08:38:09,735 - root - INFO - Meta Training: Epoch 0001 Iter 0100 / 1484 | Time 2.7s | Iter Loss 0.6909
2021-06-05 08:42:41,784 - root - INFO - Meta Training: Epoch 0001 Iter 0200 / 1484 | Time 2.7s | Iter Loss 0.8513
2021-06-05 08:47:12,467 - root - INFO - Meta Training: Epoch 0001 Iter 0300 / 1484 | Time 2.7s | Iter Loss 0.5733
2021-06-05 08:51:43,148 - root - INFO - Meta Training: Epoch 0001 Iter 0400 / 1484 | Time 2.7s | Iter Loss 0.4897
2021-06-05 08:56:13,852 - root - INFO - Meta Training: Epoch 0001 Iter 0500 / 1484 | Time 2.7s | Iter Loss 0.5562
2021-06-05 09:00:44,549 - root - INFO - Meta Training: Epoch 0001 Iter 0600 / 1484 | Time 2.7s | Iter Loss 0.5130
2021-06-05 09:05:15,249 - root - INFO - Meta Training: Epoch 0001 Iter 0700 / 1484 | Time 2.7s | Iter Loss 0.4183
2021-06-05 09:09:47,223 - root - INFO - Meta Training: Epoch 0001 Iter 0800 / 1484 | Time 2.7s | Iter Loss 0.4315
2021-06-05 09:14:16,421 - root - INFO - Meta Training: Epoch 0001 Iter 0900 / 1484 | Time 2.7s | Iter Loss 0.5738
2021-06-05 09:18:45,786 - root - INFO - Meta Training: Epoch 0001 Iter 1000 / 1484 | Time 2.7s | Iter Loss 0.4185
2021-06-05 09:23:16,448 - root - INFO - Meta Training: Epoch 0001 Iter 1100 / 1484 | Time 2.7s | Iter Loss 0.6270
2021-06-05 09:27:45,766 - root - INFO - Meta Training: Epoch 0001 Iter 1200 / 1484 | Time 2.7s | Iter Loss 0.2648
2021-06-05 09:32:16,636 - root - INFO - Meta Training: Epoch 0001 Iter 1300 / 1484 | Time 2.7s | Iter Loss 0.3699
2021-06-05 09:36:46,161 - root - INFO - Meta Training: Epoch 0001 Iter 1400 / 1484 | Time 2.7s | Iter Loss 0.3814
2021-06-05 09:40:28,398 - root - INFO - Meta Training: Epoch 0001 Total Iter 1484 | Total Time 4012.3s | Iter Mean Loss 0.5544
2021-06-05 09:40:38,486 - root - INFO - Fine-tuning Evaluation: Epoch 0000 | Total Time 10.1s | Precision10 0.0033 Recall10 0.0033 NDCG10 0.0039 Precision20 0.0025 Recall20 0.0050 NDCG20 0.0048
2021-06-05 09:40:38,542 - root - INFO - Save model on epoch 0000!
2021-06-05 09:40:47,310 - root - INFO - Fine-tuning Evaluation: Epoch 0001 | Total Time 8.8s | Precision10 0.0033 Recall10 0.0033 NDCG10 0.0036 Precision20 0.0027 Recall20 0.0054 NDCG20 0.0048
2021-06-05 09:40:47,370 - root - INFO - Save model on epoch 0001!
2021-06-05 09:40:56,114 - root - INFO - Fine-tuning Evaluation: Epoch 0002 | Total Time 8.7s | Precision10 0.0025 Recall10 0.0025 NDCG10 0.0025 Precision20 0.0029 Recall20 0.0058 NDCG20 0.0043
2021-06-05 09:40:56,173 - root - INFO - Save model on epoch 0002!
2021-06-05 09:41:04,917 - root - INFO - Fine-tuning Evaluation: Epoch 0003 | Total Time 8.7s | Precision10 0.0031 Recall10 0.0031 NDCG10 0.0032 Precision20 0.0031 Recall20 0.0062 NDCG20 0.0050
2021-06-05 09:41:04,977 - root - INFO - Save model on epoch 0003!
2021-06-05 09:41:13,722 - root - INFO - Fine-tuning Evaluation: Epoch 0004 | Total Time 8.7s | Precision10 0.0031 Recall10 0.0031 NDCG10 0.0033 Precision20 0.0033 Recall20 0.0066 NDCG20 0.0052
2021-06-05 09:41:13,781 - root - INFO - Save model on epoch 0004!
2021-06-05 09:41:22,525 - root - INFO - Fine-tuning Evaluation: Epoch 0005 | Total Time 8.7s | Precision10 0.0031 Recall10 0.0031 NDCG10 0.0034 Precision20 0.0036 Recall20 0.0072 NDCG20 0.0057
2021-06-05 09:41:22,585 - root - INFO - Save model on epoch 0005!
2021-06-05 09:41:31,333 - root - INFO - Fine-tuning Evaluation: Epoch 0006 | Total Time 8.7s | Precision10 0.0033 Recall10 0.0033 NDCG10 0.0037 Precision20 0.0037 Recall20 0.0075 NDCG20 0.0059
2021-06-05 09:41:31,392 - root - INFO - Save model on epoch 0006!
2021-06-05 09:41:40,136 - root - INFO - Fine-tuning Evaluation: Epoch 0007 | Total Time 8.7s | Precision10 0.0035 Recall10 0.0035 NDCG10 0.0038 Precision20 0.0038 Recall20 0.0077 NDCG20 0.0061
2021-06-05 09:41:40,197 - root - INFO - Save model on epoch 0007!
2021-06-05 09:41:48,940 - root - INFO - Fine-tuning Evaluation: Epoch 0008 | Total Time 8.7s | Precision10 0.0035 Recall10 0.0035 NDCG10 0.0039 Precision20 0.0039 Recall20 0.0079 NDCG20 0.0063
2021-06-05 09:41:49,000 - root - INFO - Save model on epoch 0008!
2021-06-05 09:41:57,746 - root - INFO - Fine-tuning Evaluation: Epoch 0009 | Total Time 8.7s | Precision10 0.0035 Recall10 0.0035 NDCG10 0.0039 Precision20 0.0041 Recall20 0.0083 NDCG20 0.0065
2021-06-05 09:41:57,806 - root - INFO - Save model on epoch 0009!
2021-06-05 09:42:06,553 - root - INFO - Fine-tuning Evaluation: Epoch 0010 | Total Time 8.7s | Precision10 0.0041 Recall10 0.0041 NDCG10 0.0044 Precision20 0.0041 Recall20 0.0083 NDCG20 0.0067
2021-06-05 09:42:15,298 - root - INFO - Fine-tuning Evaluation: Epoch 0011 | Total Time 8.7s | Precision10 0.0041 Recall10 0.0041 NDCG10 0.0044 Precision20 0.0041 Recall20 0.0083 NDCG20 0.0067
2021-06-05 09:42:24,037 - root - INFO - Fine-tuning Evaluation: Epoch 0012 | Total Time 8.7s | Precision10 0.0041 Recall10 0.0041 NDCG10 0.0044 Precision20 0.0041 Recall20 0.0083 NDCG20 0.0067
2021-06-05 09:42:32,779 - root - INFO - Fine-tuning Evaluation: Epoch 0013 | Total Time 8.7s | Precision10 0.0041 Recall10 0.0041 NDCG10 0.0044 Precision20 0.0042 Recall20 0.0085 NDCG20 0.0068
2021-06-05 09:42:32,838 - root - INFO - Save model on epoch 0013!
2021-06-05 09:42:41,586 - root - INFO - Fine-tuning Evaluation: Epoch 0014 | Total Time 8.7s | Precision10 0.0041 Recall10 0.0041 NDCG10 0.0045 Precision20 0.0042 Recall20 0.0085 NDCG20 0.0069
2021-06-05 09:42:50,328 - root - INFO - Fine-tuning Evaluation: Epoch 0015 | Total Time 8.7s | Precision10 0.0041 Recall10 0.0041 NDCG10 0.0045 Precision20 0.0042 Recall20 0.0085 NDCG20 0.0069
2021-06-05 09:42:59,068 - root - INFO - Fine-tuning Evaluation: Epoch 0016 | Total Time 8.7s | Precision10 0.0039 Recall10 0.0039 NDCG10 0.0044 Precision20 0.0043 Recall20 0.0087 NDCG20 0.0070
2021-06-05 09:42:59,128 - root - INFO - Save model on epoch 0016!
2021-06-05 09:43:07,870 - root - INFO - Fine-tuning Evaluation: Epoch 0017 | Total Time 8.7s | Precision10 0.0039 Recall10 0.0039 NDCG10 0.0045 Precision20 0.0045 Recall20 0.0089 NDCG20 0.0073
2021-06-05 09:43:07,930 - root - INFO - Save model on epoch 0017!
2021-06-05 09:43:16,675 - root - INFO - Fine-tuning Evaluation: Epoch 0018 | Total Time 8.7s | Precision10 0.0041 Recall10 0.0041 NDCG10 0.0047 Precision20 0.0045 Recall20 0.0089 NDCG20 0.0074
2021-06-05 09:43:25,419 - root - INFO - Fine-tuning Evaluation: Epoch 0019 | Total Time 8.7s | Precision10 0.0043 Recall10 0.0043 NDCG10 0.0049 Precision20 0.0049 Recall20 0.0097 NDCG20 0.0079
2021-06-05 09:43:25,479 - root - INFO - Save model on epoch 0019!
2021-06-05 09:43:34,221 - root - INFO - Fine-tuning Evaluation: Epoch 0020 | Total Time 8.7s | Precision10 0.0043 Recall10 0.0043 NDCG10 0.0049 Precision20 0.0049 Recall20 0.0097 NDCG20 0.0079
2021-06-05 09:43:44,261 - root - INFO - Fine-tuning Evaluation: Epoch 0021 | Total Time 10.0s | Precision10 0.0046 Recall10 0.0046 NDCG10 0.0051 Precision20 0.0049 Recall20 0.0097 NDCG20 0.0079
2021-06-05 09:43:53,005 - root - INFO - Fine-tuning Evaluation: Epoch 0022 | Total Time 8.7s | Precision10 0.0048 Recall10 0.0048 NDCG10 0.0052 Precision20 0.0048 Recall20 0.0095 NDCG20 0.0078
2021-06-05 09:44:01,749 - root - INFO - Fine-tuning Evaluation: Epoch 0023 | Total Time 8.7s | Precision10 0.0046 Recall10 0.0046 NDCG10 0.0051 Precision20 0.0048 Recall20 0.0095 NDCG20 0.0078
2021-06-05 09:44:10,492 - root - INFO - Fine-tuning Evaluation: Epoch 0024 | Total Time 8.7s | Precision10 0.0048 Recall10 0.0048 NDCG10 0.0054 Precision20 0.0049 Recall20 0.0097 NDCG20 0.0081
2021-06-05 09:44:19,239 - root - INFO - Fine-tuning Evaluation: Epoch 0025 | Total Time 8.7s | Precision10 0.0050 Recall10 0.0050 NDCG10 0.0055 Precision20 0.0050 Recall20 0.0099 NDCG20 0.0083
2021-06-05 09:44:19,298 - root - INFO - Save model on epoch 0025!
2021-06-05 09:44:28,042 - root - INFO - Fine-tuning Evaluation: Epoch 0026 | Total Time 8.7s | Precision10 0.0056 Recall10 0.0056 NDCG10 0.0059 Precision20 0.0052 Recall20 0.0104 NDCG20 0.0085
2021-06-05 09:44:28,102 - root - INFO - Save model on epoch 0026!
2021-06-05 09:44:36,852 - root - INFO - Fine-tuning Evaluation: Epoch 0027 | Total Time 8.7s | Precision10 0.0054 Recall10 0.0054 NDCG10 0.0059 Precision20 0.0052 Recall20 0.0104 NDCG20 0.0086
2021-06-05 09:44:45,593 - root - INFO - Fine-tuning Evaluation: Epoch 0028 | Total Time 8.7s | Precision10 0.0056 Recall10 0.0056 NDCG10 0.0060 Precision20 0.0053 Recall20 0.0106 NDCG20 0.0087
2021-06-05 09:44:45,653 - root - INFO - Save model on epoch 0028!
2021-06-05 09:44:54,402 - root - INFO - Fine-tuning Evaluation: Epoch 0029 | Total Time 8.7s | Precision10 0.0058 Recall10 0.0058 NDCG10 0.0061 Precision20 0.0051 Recall20 0.0101 NDCG20 0.0085
2021-06-05 09:45:03,145 - root - INFO - Fine-tuning Evaluation: Epoch 0030 | Total Time 8.7s | Precision10 0.0060 Recall10 0.0060 NDCG10 0.0063 Precision20 0.0054 Recall20 0.0108 NDCG20 0.0089
2021-06-05 09:45:03,205 - root - INFO - Save model on epoch 0030!
2021-06-05 09:45:11,949 - root - INFO - Fine-tuning Evaluation: Epoch 0031 | Total Time 8.7s | Precision10 0.0060 Recall10 0.0060 NDCG10 0.0063 Precision20 0.0055 Recall20 0.0110 NDCG20 0.0089
2021-06-05 09:45:12,008 - root - INFO - Save model on epoch 0031!
2021-06-05 09:45:20,752 - root - INFO - Fine-tuning Evaluation: Epoch 0032 | Total Time 8.7s | Precision10 0.0064 Recall10 0.0064 NDCG10 0.0066 Precision20 0.0062 Recall20 0.0124 NDCG20 0.0098
2021-06-05 09:45:20,813 - root - INFO - Save model on epoch 0032!
2021-06-05 09:45:29,556 - root - INFO - Fine-tuning Evaluation: Epoch 0033 | Total Time 8.7s | Precision10 0.0062 Recall10 0.0062 NDCG10 0.0065 Precision20 0.0062 Recall20 0.0124 NDCG20 0.0099
2021-06-05 09:45:38,299 - root - INFO - Fine-tuning Evaluation: Epoch 0034 | Total Time 8.7s | Precision10 0.0062 Recall10 0.0062 NDCG10 0.0065 Precision20 0.0062 Recall20 0.0124 NDCG20 0.0099
2021-06-05 09:45:47,044 - root - INFO - Fine-tuning Evaluation: Epoch 0035 | Total Time 8.7s | Precision10 0.0064 Recall10 0.0064 NDCG10 0.0068 Precision20 0.0060 Recall20 0.0120 NDCG20 0.0099
2021-06-05 09:45:55,785 - root - INFO - Fine-tuning Evaluation: Epoch 0036 | Total Time 8.7s | Precision10 0.0066 Recall10 0.0066 NDCG10 0.0071 Precision20 0.0062 Recall20 0.0124 NDCG20 0.0102
2021-06-05 09:46:04,530 - root - INFO - Fine-tuning Evaluation: Epoch 0037 | Total Time 8.7s | Precision10 0.0070 Recall10 0.0070 NDCG10 0.0073 Precision20 0.0067 Recall20 0.0135 NDCG20 0.0108
2021-06-05 09:46:04,589 - root - INFO - Save model on epoch 0037!
2021-06-05 09:46:13,337 - root - INFO - Fine-tuning Evaluation: Epoch 0038 | Total Time 8.7s | Precision10 0.0068 Recall10 0.0068 NDCG10 0.0073 Precision20 0.0065 Recall20 0.0130 NDCG20 0.0107
2021-06-05 09:46:22,081 - root - INFO - Fine-tuning Evaluation: Epoch 0039 | Total Time 8.7s | Precision10 0.0072 Recall10 0.0072 NDCG10 0.0077 Precision20 0.0071 Recall20 0.0143 NDCG20 0.0115
2021-06-05 09:46:22,141 - root - INFO - Save model on epoch 0039!
2021-06-05 09:46:30,891 - root - INFO - Fine-tuning Evaluation: Epoch 0040 | Total Time 8.8s | Precision10 0.0077 Recall10 0.0077 NDCG10 0.0079 Precision20 0.0068 Recall20 0.0137 NDCG20 0.0111
2021-06-05 09:46:39,645 - root - INFO - Fine-tuning Evaluation: Epoch 0041 | Total Time 8.8s | Precision10 0.0079 Recall10 0.0079 NDCG10 0.0083 Precision20 0.0072 Recall20 0.0145 NDCG20 0.0119
2021-06-05 09:46:39,705 - root - INFO - Save model on epoch 0041!
2021-06-05 09:46:48,456 - root - INFO - Fine-tuning Evaluation: Epoch 0042 | Total Time 8.8s | Precision10 0.0089 Recall10 0.0089 NDCG10 0.0092 Precision20 0.0085 Recall20 0.0170 NDCG20 0.0136
2021-06-05 09:46:48,516 - root - INFO - Save model on epoch 0042!
2021-06-05 09:46:57,271 - root - INFO - Fine-tuning Evaluation: Epoch 0043 | Total Time 8.8s | Precision10 0.0085 Recall10 0.0085 NDCG10 0.0091 Precision20 0.0076 Recall20 0.0151 NDCG20 0.0128
2021-06-05 09:47:06,020 - root - INFO - Fine-tuning Evaluation: Epoch 0044 | Total Time 8.7s | Precision10 0.0085 Recall10 0.0085 NDCG10 0.0093 Precision20 0.0082 Recall20 0.0164 NDCG20 0.0136
2021-06-05 09:47:14,773 - root - INFO - Fine-tuning Evaluation: Epoch 0045 | Total Time 8.8s | Precision10 0.0085 Recall10 0.0085 NDCG10 0.0093 Precision20 0.0079 Recall20 0.0157 NDCG20 0.0132
2021-06-05 09:47:23,527 - root - INFO - Fine-tuning Evaluation: Epoch 0046 | Total Time 8.8s | Precision10 0.0079 Recall10 0.0079 NDCG10 0.0087 Precision20 0.0073 Recall20 0.0147 NDCG20 0.0125
2021-06-05 09:47:32,279 - root - INFO - Fine-tuning Evaluation: Epoch 0047 | Total Time 8.8s | Precision10 0.0083 Recall10 0.0083 NDCG10 0.0094 Precision20 0.0081 Recall20 0.0161 NDCG20 0.0137
2021-06-05 09:47:41,026 - root - INFO - Fine-tuning Evaluation: Epoch 0048 | Total Time 8.7s | Precision10 0.0085 Recall10 0.0085 NDCG10 0.0094 Precision20 0.0084 Recall20 0.0168 NDCG20 0.0139
2021-06-05 09:47:49,775 - root - INFO - Fine-tuning Evaluation: Epoch 0049 | Total Time 8.7s | Precision10 0.0089 Recall10 0.0089 NDCG10 0.0097 Precision20 0.0082 Recall20 0.0164 NDCG20 0.0138
2021-06-05 09:47:58,531 - root - INFO - Fine-tuning Evaluation: Epoch 0050 | Total Time 8.8s | Precision10 0.0089 Recall10 0.0089 NDCG10 0.0098 Precision20 0.0081 Recall20 0.0161 NDCG20 0.0138
2021-06-05 09:48:07,282 - root - INFO - Fine-tuning Evaluation: Epoch 0051 | Total Time 8.8s | Precision10 0.0093 Recall10 0.0093 NDCG10 0.0101 Precision20 0.0083 Recall20 0.0166 NDCG20 0.0141
2021-06-05 09:48:16,033 - root - INFO - Fine-tuning Evaluation: Epoch 0052 | Total Time 8.7s | Precision10 0.0095 Recall10 0.0095 NDCG10 0.0106 Precision20 0.0090 Recall20 0.0180 NDCG20 0.0153
2021-06-05 09:48:16,093 - root - INFO - Save model on epoch 0052!
2021-06-05 09:48:24,841 - root - INFO - Fine-tuning Evaluation: Epoch 0053 | Total Time 8.7s | Precision10 0.0093 Recall10 0.0093 NDCG10 0.0101 Precision20 0.0083 Recall20 0.0166 NDCG20 0.0141
2021-06-05 09:48:33,593 - root - INFO - Fine-tuning Evaluation: Epoch 0054 | Total Time 8.8s | Precision10 0.0097 Recall10 0.0097 NDCG10 0.0102 Precision20 0.0081 Recall20 0.0161 NDCG20 0.0137
2021-06-05 09:48:42,344 - root - INFO - Fine-tuning Evaluation: Epoch 0055 | Total Time 8.7s | Precision10 0.0104 Recall10 0.0104 NDCG10 0.0112 Precision20 0.0093 Recall20 0.0186 NDCG20 0.0158
2021-06-05 09:48:42,403 - root - INFO - Save model on epoch 0055!
2021-06-05 09:48:51,154 - root - INFO - Fine-tuning Evaluation: Epoch 0056 | Total Time 8.8s | Precision10 0.0097 Recall10 0.0097 NDCG10 0.0107 Precision20 0.0085 Recall20 0.0170 NDCG20 0.0147
2021-06-05 09:48:59,903 - root - INFO - Fine-tuning Evaluation: Epoch 0057 | Total Time 8.7s | Precision10 0.0093 Recall10 0.0093 NDCG10 0.0102 Precision20 0.0084 Recall20 0.0168 NDCG20 0.0143
2021-06-05 09:49:08,653 - root - INFO - Fine-tuning Evaluation: Epoch 0058 | Total Time 8.8s | Precision10 0.0104 Recall10 0.0104 NDCG10 0.0112 Precision20 0.0087 Recall20 0.0174 NDCG20 0.0151
2021-06-05 09:49:17,401 - root - INFO - Fine-tuning Evaluation: Epoch 0059 | Total Time 8.7s | Precision10 0.0106 Recall10 0.0106 NDCG10 0.0116 Precision20 0.0089 Recall20 0.0178 NDCG20 0.0156
2021-06-05 09:49:26,148 - root - INFO - Fine-tuning Evaluation: Epoch 0060 | Total Time 8.7s | Precision10 0.0116 Recall10 0.0116 NDCG10 0.0126 Precision20 0.0100 Recall20 0.0201 NDCG20 0.0172
2021-06-05 09:49:26,207 - root - INFO - Save model on epoch 0060!
2021-06-05 09:49:34,960 - root - INFO - Fine-tuning Evaluation: Epoch 0061 | Total Time 8.8s | Precision10 0.0116 Recall10 0.0116 NDCG10 0.0124 Precision20 0.0102 Recall20 0.0205 NDCG20 0.0173
2021-06-05 09:49:35,020 - root - INFO - Save model on epoch 0061!
2021-06-05 09:49:43,771 - root - INFO - Fine-tuning Evaluation: Epoch 0062 | Total Time 8.8s | Precision10 0.0112 Recall10 0.0112 NDCG10 0.0116 Precision20 0.0095 Recall20 0.0190 NDCG20 0.0159
2021-06-05 09:49:53,814 - root - INFO - Fine-tuning Evaluation: Epoch 0063 | Total Time 10.0s | Precision10 0.0110 Recall10 0.0110 NDCG10 0.0117 Precision20 0.0095 Recall20 0.0190 NDCG20 0.0161
2021-06-05 09:50:02,555 - root - INFO - Fine-tuning Evaluation: Epoch 0064 | Total Time 8.7s | Precision10 0.0108 Recall10 0.0108 NDCG10 0.0119 Precision20 0.0095 Recall20 0.0190 NDCG20 0.0165
2021-06-05 09:50:11,297 - root - INFO - Fine-tuning Evaluation: Epoch 0065 | Total Time 8.7s | Precision10 0.0118 Recall10 0.0118 NDCG10 0.0126 Precision20 0.0102 Recall20 0.0205 NDCG20 0.0173
2021-06-05 09:50:11,357 - root - INFO - Save model on epoch 0065!
2021-06-05 09:50:20,105 - root - INFO - Fine-tuning Evaluation: Epoch 0066 | Total Time 8.7s | Precision10 0.0116 Recall10 0.0116 NDCG10 0.0125 Precision20 0.0106 Recall20 0.0211 NDCG20 0.0178
2021-06-05 09:50:20,165 - root - INFO - Save model on epoch 0066!
2021-06-05 09:50:28,913 - root - INFO - Fine-tuning Evaluation: Epoch 0067 | Total Time 8.7s | Precision10 0.0114 Recall10 0.0114 NDCG10 0.0126 Precision20 0.0098 Recall20 0.0197 NDCG20 0.0171
2021-06-05 09:50:37,653 - root - INFO - Fine-tuning Evaluation: Epoch 0068 | Total Time 8.7s | Precision10 0.0108 Recall10 0.0108 NDCG10 0.0122 Precision20 0.0105 Recall20 0.0209 NDCG20 0.0179
2021-06-05 09:50:46,398 - root - INFO - Fine-tuning Evaluation: Epoch 0069 | Total Time 8.7s | Precision10 0.0124 Recall10 0.0124 NDCG10 0.0133 Precision20 0.0109 Recall20 0.0217 NDCG20 0.0184
2021-06-05 09:50:46,458 - root - INFO - Save model on epoch 0069!
2021-06-05 09:50:55,206 - root - INFO - Fine-tuning Evaluation: Epoch 0070 | Total Time 8.7s | Precision10 0.0122 Recall10 0.0122 NDCG10 0.0131 Precision20 0.0108 Recall20 0.0215 NDCG20 0.0182
2021-06-05 09:51:03,950 - root - INFO - Fine-tuning Evaluation: Epoch 0071 | Total Time 8.7s | Precision10 0.0126 Recall10 0.0126 NDCG10 0.0136 Precision20 0.0108 Recall20 0.0215 NDCG20 0.0185
2021-06-05 09:51:12,692 - root - INFO - Fine-tuning Evaluation: Epoch 0072 | Total Time 8.7s | Precision10 0.0120 Recall10 0.0120 NDCG10 0.0134 Precision20 0.0100 Recall20 0.0201 NDCG20 0.0179
2021-06-05 09:51:21,435 - root - INFO - Fine-tuning Evaluation: Epoch 0073 | Total Time 8.7s | Precision10 0.0118 Recall10 0.0118 NDCG10 0.0132 Precision20 0.0109 Recall20 0.0217 NDCG20 0.0187
2021-06-05 09:51:30,181 - root - INFO - Fine-tuning Evaluation: Epoch 0074 | Total Time 8.7s | Precision10 0.0120 Recall10 0.0120 NDCG10 0.0134 Precision20 0.0106 Recall20 0.0211 NDCG20 0.0185
2021-06-05 09:51:38,920 - root - INFO - Fine-tuning Evaluation: Epoch 0075 | Total Time 8.7s | Precision10 0.0130 Recall10 0.0130 NDCG10 0.0145 Precision20 0.0114 Recall20 0.0228 NDCG20 0.0198
2021-06-05 09:51:38,979 - root - INFO - Save model on epoch 0075!
2021-06-05 09:51:47,724 - root - INFO - Fine-tuning Evaluation: Epoch 0076 | Total Time 8.7s | Precision10 0.0128 Recall10 0.0128 NDCG10 0.0144 Precision20 0.0115 Recall20 0.0230 NDCG20 0.0200
2021-06-05 09:51:47,784 - root - INFO - Save model on epoch 0076!
2021-06-05 09:51:56,531 - root - INFO - Fine-tuning Evaluation: Epoch 0077 | Total Time 8.7s | Precision10 0.0135 Recall10 0.0135 NDCG10 0.0151 Precision20 0.0119 Recall20 0.0238 NDCG20 0.0208
2021-06-05 09:51:56,591 - root - INFO - Save model on epoch 0077!
2021-06-05 09:52:05,339 - root - INFO - Fine-tuning Evaluation: Epoch 0078 | Total Time 8.7s | Precision10 0.0141 Recall10 0.0141 NDCG10 0.0155 Precision20 0.0120 Recall20 0.0240 NDCG20 0.0210
2021-06-05 09:52:05,399 - root - INFO - Save model on epoch 0078!
2021-06-05 09:52:14,141 - root - INFO - Fine-tuning Evaluation: Epoch 0079 | Total Time 8.7s | Precision10 0.0135 Recall10 0.0135 NDCG10 0.0152 Precision20 0.0112 Recall20 0.0224 NDCG20 0.0201
2021-06-05 09:52:22,881 - root - INFO - Fine-tuning Evaluation: Epoch 0080 | Total Time 8.7s | Precision10 0.0137 Recall10 0.0137 NDCG10 0.0152 Precision20 0.0118 Recall20 0.0236 NDCG20 0.0206
2021-06-05 09:52:31,626 - root - INFO - Fine-tuning Evaluation: Epoch 0081 | Total Time 8.7s | Precision10 0.0143 Recall10 0.0143 NDCG10 0.0160 Precision20 0.0116 Recall20 0.0232 NDCG20 0.0208
2021-06-05 09:52:40,371 - root - INFO - Fine-tuning Evaluation: Epoch 0082 | Total Time 8.7s | Precision10 0.0139 Recall10 0.0139 NDCG10 0.0151 Precision20 0.0121 Recall20 0.0242 NDCG20 0.0208
2021-06-05 09:52:40,430 - root - INFO - Save model on epoch 0082!
2021-06-05 09:52:49,174 - root - INFO - Fine-tuning Evaluation: Epoch 0083 | Total Time 8.7s | Precision10 0.0139 Recall10 0.0139 NDCG10 0.0151 Precision20 0.0114 Recall20 0.0228 NDCG20 0.0201
2021-06-05 09:52:59,221 - root - INFO - Fine-tuning Evaluation: Epoch 0084 | Total Time 10.0s | Precision10 0.0128 Recall10 0.0128 NDCG10 0.0146 Precision20 0.0114 Recall20 0.0228 NDCG20 0.0202
2021-06-05 09:53:07,968 - root - INFO - Fine-tuning Evaluation: Epoch 0085 | Total Time 8.7s | Precision10 0.0135 Recall10 0.0135 NDCG10 0.0148 Precision20 0.0112 Recall20 0.0224 NDCG20 0.0198
2021-06-05 09:53:16,712 - root - INFO - Fine-tuning Evaluation: Epoch 0086 | Total Time 8.7s | Precision10 0.0135 Recall10 0.0135 NDCG10 0.0150 Precision20 0.0116 Recall20 0.0232 NDCG20 0.0204
2021-06-05 09:53:25,455 - root - INFO - Fine-tuning Evaluation: Epoch 0087 | Total Time 8.7s | Precision10 0.0137 Recall10 0.0137 NDCG10 0.0149 Precision20 0.0115 Recall20 0.0230 NDCG20 0.0201
2021-06-05 09:53:34,194 - root - INFO - Fine-tuning Evaluation: Epoch 0088 | Total Time 8.7s | Precision10 0.0145 Recall10 0.0145 NDCG10 0.0157 Precision20 0.0120 Recall20 0.0240 NDCG20 0.0210
2021-06-05 09:53:42,941 - root - INFO - Fine-tuning Evaluation: Epoch 0089 | Total Time 8.7s | Precision10 0.0151 Recall10 0.0151 NDCG10 0.0165 Precision20 0.0122 Recall20 0.0244 NDCG20 0.0216
2021-06-05 09:53:43,000 - root - INFO - Save model on epoch 0089!
2021-06-05 09:53:51,751 - root - INFO - Fine-tuning Evaluation: Epoch 0090 | Total Time 8.7s | Precision10 0.0151 Recall10 0.0151 NDCG10 0.0169 Precision20 0.0127 Recall20 0.0255 NDCG20 0.0225
2021-06-05 09:53:51,811 - root - INFO - Save model on epoch 0090!
2021-06-05 09:54:00,555 - root - INFO - Fine-tuning Evaluation: Epoch 0091 | Total Time 8.7s | Precision10 0.0149 Recall10 0.0149 NDCG10 0.0164 Precision20 0.0124 Recall20 0.0248 NDCG20 0.0218
2021-06-05 09:54:09,297 - root - INFO - Fine-tuning Evaluation: Epoch 0092 | Total Time 8.7s | Precision10 0.0155 Recall10 0.0155 NDCG10 0.0167 Precision20 0.0126 Recall20 0.0253 NDCG20 0.0220
2021-06-05 09:54:18,041 - root - INFO - Fine-tuning Evaluation: Epoch 0093 | Total Time 8.7s | Precision10 0.0145 Recall10 0.0145 NDCG10 0.0164 Precision20 0.0127 Recall20 0.0255 NDCG20 0.0224
2021-06-05 09:54:26,788 - root - INFO - Fine-tuning Evaluation: Epoch 0094 | Total Time 8.7s | Precision10 0.0151 Recall10 0.0151 NDCG10 0.0172 Precision20 0.0135 Recall20 0.0269 NDCG20 0.0237
2021-06-05 09:54:26,847 - root - INFO - Save model on epoch 0094!
2021-06-05 09:54:35,591 - root - INFO - Fine-tuning Evaluation: Epoch 0095 | Total Time 8.7s | Precision10 0.0151 Recall10 0.0151 NDCG10 0.0175 Precision20 0.0138 Recall20 0.0275 NDCG20 0.0243
2021-06-05 09:54:35,651 - root - INFO - Save model on epoch 0095!
2021-06-05 09:54:44,392 - root - INFO - Fine-tuning Evaluation: Epoch 0096 | Total Time 8.7s | Precision10 0.0161 Recall10 0.0161 NDCG10 0.0186 Precision20 0.0143 Recall20 0.0286 NDCG20 0.0255
2021-06-05 09:54:44,452 - root - INFO - Save model on epoch 0096!
2021-06-05 09:54:53,199 - root - INFO - Fine-tuning Evaluation: Epoch 0097 | Total Time 8.7s | Precision10 0.0157 Recall10 0.0157 NDCG10 0.0182 Precision20 0.0139 Recall20 0.0277 NDCG20 0.0248
2021-06-05 09:55:01,946 - root - INFO - Fine-tuning Evaluation: Epoch 0098 | Total Time 8.7s | Precision10 0.0153 Recall10 0.0153 NDCG10 0.0179 Precision20 0.0137 Recall20 0.0273 NDCG20 0.0245
2021-06-05 09:55:10,688 - root - INFO - Fine-tuning Evaluation: Epoch 0099 | Total Time 8.7s | Precision10 0.0151 Recall10 0.0151 NDCG10 0.0172 Precision20 0.0152 Recall20 0.0304 NDCG20 0.0256
2021-06-05 09:55:10,749 - root - INFO - Save model on epoch 0099!
2021-06-05 09:55:19,489 - root - INFO - Fine-tuning Evaluation: Epoch 0100 | Total Time 8.7s | Precision10 0.0145 Recall10 0.0145 NDCG10 0.0161 Precision20 0.0130 Recall20 0.0261 NDCG20 0.0225
2021-06-05 09:55:28,236 - root - INFO - Fine-tuning Evaluation: Epoch 0101 | Total Time 8.7s | Precision10 0.0141 Recall10 0.0141 NDCG10 0.0156 Precision20 0.0135 Recall20 0.0269 NDCG20 0.0226
2021-06-05 09:55:36,980 - root - INFO - Fine-tuning Evaluation: Epoch 0102 | Total Time 8.7s | Precision10 0.0153 Recall10 0.0153 NDCG10 0.0179 Precision20 0.0142 Recall20 0.0284 NDCG20 0.0251
2021-06-05 09:55:45,719 - root - INFO - Fine-tuning Evaluation: Epoch 0103 | Total Time 8.7s | Precision10 0.0155 Recall10 0.0155 NDCG10 0.0180 Precision20 0.0151 Recall20 0.0302 NDCG20 0.0261
2021-06-05 09:55:54,465 - root - INFO - Fine-tuning Evaluation: Epoch 0104 | Total Time 8.7s | Precision10 0.0155 Recall10 0.0155 NDCG10 0.0182 Precision20 0.0150 Recall20 0.0300 NDCG20 0.0263
2021-06-05 09:56:03,212 - root - INFO - Fine-tuning Evaluation: Epoch 0105 | Total Time 8.7s | Precision10 0.0155 Recall10 0.0155 NDCG10 0.0177 Precision20 0.0144 Recall20 0.0288 NDCG20 0.0250
2021-06-05 09:56:11,954 - root - INFO - Fine-tuning Evaluation: Epoch 0106 | Total Time 8.7s | Precision10 0.0151 Recall10 0.0151 NDCG10 0.0168 Precision20 0.0135 Recall20 0.0269 NDCG20 0.0233
2021-06-05 09:56:20,694 - root - INFO - Fine-tuning Evaluation: Epoch 0107 | Total Time 8.7s | Precision10 0.0157 Recall10 0.0157 NDCG10 0.0180 Precision20 0.0142 Recall20 0.0284 NDCG20 0.0251
2021-06-05 09:56:29,436 - root - INFO - Fine-tuning Evaluation: Epoch 0108 | Total Time 8.7s | Precision10 0.0168 Recall10 0.0168 NDCG10 0.0192 Precision20 0.0154 Recall20 0.0308 NDCG20 0.0270
2021-06-05 09:56:29,496 - root - INFO - Save model on epoch 0108!
2021-06-05 09:56:38,245 - root - INFO - Fine-tuning Evaluation: Epoch 0109 | Total Time 8.7s | Precision10 0.0170 Recall10 0.0170 NDCG10 0.0195 Precision20 0.0151 Recall20 0.0302 NDCG20 0.0268
2021-06-05 09:56:46,990 - root - INFO - Fine-tuning Evaluation: Epoch 0110 | Total Time 8.7s | Precision10 0.0176 Recall10 0.0176 NDCG10 0.0203 Precision20 0.0160 Recall20 0.0321 NDCG20 0.0282
2021-06-05 09:56:47,051 - root - INFO - Save model on epoch 0110!
2021-06-05 09:56:55,788 - root - INFO - Fine-tuning Evaluation: Epoch 0111 | Total Time 8.7s | Precision10 0.0190 Recall10 0.0190 NDCG10 0.0217 Precision20 0.0167 Recall20 0.0333 NDCG20 0.0295
2021-06-05 09:56:55,848 - root - INFO - Save model on epoch 0111!
2021-06-05 09:57:04,596 - root - INFO - Fine-tuning Evaluation: Epoch 0112 | Total Time 8.7s | Precision10 0.0195 Recall10 0.0195 NDCG10 0.0219 Precision20 0.0167 Recall20 0.0333 NDCG20 0.0295
2021-06-05 09:57:13,341 - root - INFO - Fine-tuning Evaluation: Epoch 0113 | Total Time 8.7s | Precision10 0.0174 Recall10 0.0174 NDCG10 0.0198 Precision20 0.0156 Recall20 0.0313 NDCG20 0.0274
2021-06-05 09:57:22,081 - root - INFO - Fine-tuning Evaluation: Epoch 0114 | Total Time 8.7s | Precision10 0.0178 Recall10 0.0178 NDCG10 0.0203 Precision20 0.0174 Recall20 0.0348 NDCG20 0.0297
2021-06-05 09:57:22,141 - root - INFO - Save model on epoch 0114!
2021-06-05 09:57:30,881 - root - INFO - Fine-tuning Evaluation: Epoch 0115 | Total Time 8.7s | Precision10 0.0186 Recall10 0.0186 NDCG10 0.0212 Precision20 0.0173 Recall20 0.0346 NDCG20 0.0301
2021-06-05 09:57:39,625 - root - INFO - Fine-tuning Evaluation: Epoch 0116 | Total Time 8.7s | Precision10 0.0170 Recall10 0.0170 NDCG10 0.0194 Precision20 0.0161 Recall20 0.0323 NDCG20 0.0279
2021-06-05 09:57:48,369 - root - INFO - Fine-tuning Evaluation: Epoch 0117 | Total Time 8.7s | Precision10 0.0168 Recall10 0.0168 NDCG10 0.0190 Precision20 0.0155 Recall20 0.0311 NDCG20 0.0269
2021-06-05 09:57:57,110 - root - INFO - Fine-tuning Evaluation: Epoch 0118 | Total Time 8.7s | Precision10 0.0168 Recall10 0.0168 NDCG10 0.0191 Precision20 0.0154 Recall20 0.0308 NDCG20 0.0268
2021-06-05 09:58:05,856 - root - INFO - Fine-tuning Evaluation: Epoch 0119 | Total Time 8.7s | Precision10 0.0170 Recall10 0.0170 NDCG10 0.0193 Precision20 0.0147 Recall20 0.0294 NDCG20 0.0262
2021-06-05 09:58:14,602 - root - INFO - Fine-tuning Evaluation: Epoch 0120 | Total Time 8.7s | Precision10 0.0182 Recall10 0.0182 NDCG10 0.0200 Precision20 0.0156 Recall20 0.0313 NDCG20 0.0272
2021-06-05 09:58:23,345 - root - INFO - Fine-tuning Evaluation: Epoch 0121 | Total Time 8.7s | Precision10 0.0195 Recall10 0.0195 NDCG10 0.0218 Precision20 0.0171 Recall20 0.0342 NDCG20 0.0299
2021-06-05 09:58:32,082 - root - INFO - Fine-tuning Evaluation: Epoch 0122 | Total Time 8.7s | Precision10 0.0197 Recall10 0.0197 NDCG10 0.0216 Precision20 0.0170 Recall20 0.0340 NDCG20 0.0296
2021-06-05 09:58:40,825 - root - INFO - Fine-tuning Evaluation: Epoch 0123 | Total Time 8.7s | Precision10 0.0184 Recall10 0.0184 NDCG10 0.0206 Precision20 0.0163 Recall20 0.0325 NDCG20 0.0284
2021-06-05 09:58:49,570 - root - INFO - Fine-tuning Evaluation: Epoch 0124 | Total Time 8.7s | Precision10 0.0190 Recall10 0.0190 NDCG10 0.0215 Precision20 0.0170 Recall20 0.0340 NDCG20 0.0297
2021-06-05 09:58:58,311 - root - INFO - Fine-tuning Evaluation: Epoch 0125 | Total Time 8.7s | Precision10 0.0193 Recall10 0.0193 NDCG10 0.0218 Precision20 0.0175 Recall20 0.0350 NDCG20 0.0305
2021-06-05 09:58:58,454 - root - INFO - Save model on epoch 0125!
2021-06-05 09:59:08,505 - root - INFO - Fine-tuning Evaluation: Epoch 0126 | Total Time 10.1s | Precision10 0.0188 Recall10 0.0188 NDCG10 0.0215 Precision20 0.0181 Recall20 0.0362 NDCG20 0.0311
2021-06-05 09:59:08,565 - root - INFO - Save model on epoch 0126!
2021-06-05 09:59:17,305 - root - INFO - Fine-tuning Evaluation: Epoch 0127 | Total Time 8.7s | Precision10 0.0203 Recall10 0.0203 NDCG10 0.0235 Precision20 0.0189 Recall20 0.0379 NDCG20 0.0331
2021-06-05 09:59:17,365 - root - INFO - Save model on epoch 0127!
2021-06-05 09:59:26,111 - root - INFO - Fine-tuning Evaluation: Epoch 0128 | Total Time 8.7s | Precision10 0.0197 Recall10 0.0197 NDCG10 0.0224 Precision20 0.0177 Recall20 0.0354 NDCG20 0.0310
2021-06-05 09:59:34,856 - root - INFO - Fine-tuning Evaluation: Epoch 0129 | Total Time 8.7s | Precision10 0.0197 Recall10 0.0197 NDCG10 0.0219 Precision20 0.0179 Recall20 0.0358 NDCG20 0.0307
2021-06-05 09:59:43,596 - root - INFO - Fine-tuning Evaluation: Epoch 0130 | Total Time 8.7s | Precision10 0.0207 Recall10 0.0207 NDCG10 0.0232 Precision20 0.0186 Recall20 0.0373 NDCG20 0.0323
2021-06-05 09:59:52,336 - root - INFO - Fine-tuning Evaluation: Epoch 0131 | Total Time 8.7s | Precision10 0.0184 Recall10 0.0184 NDCG10 0.0212 Precision20 0.0173 Recall20 0.0346 NDCG20 0.0301
2021-06-05 10:00:01,078 - root - INFO - Fine-tuning Evaluation: Epoch 0132 | Total Time 8.7s | Precision10 0.0170 Recall10 0.0170 NDCG10 0.0196 Precision20 0.0158 Recall20 0.0317 NDCG20 0.0276
2021-06-05 10:00:09,823 - root - INFO - Fine-tuning Evaluation: Epoch 0133 | Total Time 8.7s | Precision10 0.0170 Recall10 0.0170 NDCG10 0.0196 Precision20 0.0155 Recall20 0.0311 NDCG20 0.0273
2021-06-05 10:00:18,563 - root - INFO - Fine-tuning Evaluation: Epoch 0134 | Total Time 8.7s | Precision10 0.0184 Recall10 0.0184 NDCG10 0.0211 Precision20 0.0177 Recall20 0.0354 NDCG20 0.0304
2021-06-05 10:00:27,305 - root - INFO - Fine-tuning Evaluation: Epoch 0135 | Total Time 8.7s | Precision10 0.0174 Recall10 0.0174 NDCG10 0.0204 Precision20 0.0169 Recall20 0.0337 NDCG20 0.0293
2021-06-05 10:00:36,050 - root - INFO - Fine-tuning Evaluation: Epoch 0136 | Total Time 8.7s | Precision10 0.0188 Recall10 0.0188 NDCG10 0.0216 Precision20 0.0172 Recall20 0.0344 NDCG20 0.0301
2021-06-05 10:00:44,793 - root - INFO - Fine-tuning Evaluation: Epoch 0137 | Total Time 8.7s | Precision10 0.0184 Recall10 0.0184 NDCG10 0.0213 Precision20 0.0166 Recall20 0.0331 NDCG20 0.0294
2021-06-05 10:00:53,531 - root - INFO - Fine-tuning Evaluation: Epoch 0138 | Total Time 8.7s | Precision10 0.0190 Recall10 0.0190 NDCG10 0.0218 Precision20 0.0175 Recall20 0.0350 NDCG20 0.0306
2021-06-05 10:01:02,273 - root - INFO - Fine-tuning Evaluation: Epoch 0139 | Total Time 8.7s | Precision10 0.0205 Recall10 0.0205 NDCG10 0.0241 Precision20 0.0189 Recall20 0.0379 NDCG20 0.0337
2021-06-05 10:01:11,016 - root - INFO - Fine-tuning Evaluation: Epoch 0140 | Total Time 8.7s | Precision10 0.0209 Recall10 0.0209 NDCG10 0.0235 Precision20 0.0186 Recall20 0.0373 NDCG20 0.0325
2021-06-05 10:01:19,756 - root - INFO - Fine-tuning Evaluation: Epoch 0141 | Total Time 8.7s | Precision10 0.0207 Recall10 0.0207 NDCG10 0.0233 Precision20 0.0187 Recall20 0.0375 NDCG20 0.0325
2021-06-05 10:01:28,500 - root - INFO - Fine-tuning Evaluation: Epoch 0142 | Total Time 8.7s | Precision10 0.0209 Recall10 0.0209 NDCG10 0.0232 Precision20 0.0188 Recall20 0.0377 NDCG20 0.0324
2021-06-05 10:01:37,245 - root - INFO - Fine-tuning Evaluation: Epoch 0143 | Total Time 8.7s | Precision10 0.0219 Recall10 0.0219 NDCG10 0.0246 Precision20 0.0200 Recall20 0.0400 NDCG20 0.0345
2021-06-05 10:01:37,304 - root - INFO - Save model on epoch 0143!
2021-06-05 10:01:46,046 - root - INFO - Fine-tuning Evaluation: Epoch 0144 | Total Time 8.7s | Precision10 0.0213 Recall10 0.0213 NDCG10 0.0229 Precision20 0.0185 Recall20 0.0371 NDCG20 0.0315
2021-06-05 10:01:54,784 - root - INFO - Fine-tuning Evaluation: Epoch 0145 | Total Time 8.7s | Precision10 0.0211 Recall10 0.0211 NDCG10 0.0229 Precision20 0.0186 Recall20 0.0373 NDCG20 0.0317
2021-06-05 10:02:03,526 - root - INFO - Fine-tuning Evaluation: Epoch 0146 | Total Time 8.7s | Precision10 0.0215 Recall10 0.0215 NDCG10 0.0233 Precision20 0.0190 Recall20 0.0381 NDCG20 0.0324
2021-06-05 10:02:13,568 - root - INFO - Fine-tuning Evaluation: Epoch 0147 | Total Time 10.0s | Precision10 0.0224 Recall10 0.0224 NDCG10 0.0244 Precision20 0.0200 Recall20 0.0400 NDCG20 0.0340
2021-06-05 10:02:22,311 - root - INFO - Fine-tuning Evaluation: Epoch 0148 | Total Time 8.7s | Precision10 0.0217 Recall10 0.0217 NDCG10 0.0244 Precision20 0.0195 Recall20 0.0389 NDCG20 0.0339
2021-06-05 10:02:31,052 - root - INFO - Fine-tuning Evaluation: Epoch 0149 | Total Time 8.7s | Precision10 0.0213 Recall10 0.0213 NDCG10 0.0245 Precision20 0.0198 Recall20 0.0395 NDCG20 0.0346
2021-06-05 10:02:39,794 - root - INFO - Fine-tuning Evaluation: Epoch 0150 | Total Time 8.7s | Precision10 0.0213 Recall10 0.0213 NDCG10 0.0246 Precision20 0.0204 Recall20 0.0408 NDCG20 0.0354
2021-06-05 10:02:39,854 - root - INFO - Save model on epoch 0150!
2021-06-05 10:02:48,597 - root - INFO - Fine-tuning Evaluation: Epoch 0151 | Total Time 8.7s | Precision10 0.0217 Recall10 0.0217 NDCG10 0.0248 Precision20 0.0205 Recall20 0.0410 NDCG20 0.0354
2021-06-05 10:02:48,657 - root - INFO - Save model on epoch 0151!
2021-06-05 10:02:57,399 - root - INFO - Fine-tuning Evaluation: Epoch 0152 | Total Time 8.7s | Precision10 0.0222 Recall10 0.0222 NDCG10 0.0252 Precision20 0.0207 Recall20 0.0414 NDCG20 0.0358
2021-06-05 10:02:57,459 - root - INFO - Save model on epoch 0152!
2021-06-05 10:03:06,201 - root - INFO - Fine-tuning Evaluation: Epoch 0153 | Total Time 8.7s | Precision10 0.0219 Recall10 0.0219 NDCG10 0.0246 Precision20 0.0210 Recall20 0.0420 NDCG20 0.0356
2021-06-05 10:03:06,261 - root - INFO - Save model on epoch 0153!
2021-06-05 10:03:15,006 - root - INFO - Fine-tuning Evaluation: Epoch 0154 | Total Time 8.7s | Precision10 0.0232 Recall10 0.0232 NDCG10 0.0260 Precision20 0.0204 Recall20 0.0408 NDCG20 0.0357
2021-06-05 10:03:23,747 - root - INFO - Fine-tuning Evaluation: Epoch 0155 | Total Time 8.7s | Precision10 0.0242 Recall10 0.0242 NDCG10 0.0269 Precision20 0.0217 Recall20 0.0435 NDCG20 0.0375
2021-06-05 10:03:23,891 - root - INFO - Save model on epoch 0155!
2021-06-05 10:03:32,638 - root - INFO - Fine-tuning Evaluation: Epoch 0156 | Total Time 8.7s | Precision10 0.0236 Recall10 0.0236 NDCG10 0.0265 Precision20 0.0224 Recall20 0.0447 NDCG20 0.0381
2021-06-05 10:03:32,697 - root - INFO - Save model on epoch 0156!
2021-06-05 10:03:41,440 - root - INFO - Fine-tuning Evaluation: Epoch 0157 | Total Time 8.7s | Precision10 0.0236 Recall10 0.0236 NDCG10 0.0258 Precision20 0.0216 Recall20 0.0433 NDCG20 0.0365
2021-06-05 10:03:50,176 - root - INFO - Fine-tuning Evaluation: Epoch 0158 | Total Time 8.7s | Precision10 0.0228 Recall10 0.0228 NDCG10 0.0247 Precision20 0.0214 Recall20 0.0429 NDCG20 0.0356
2021-06-05 10:03:58,919 - root - INFO - Fine-tuning Evaluation: Epoch 0159 | Total Time 8.7s | Precision10 0.0230 Recall10 0.0230 NDCG10 0.0252 Precision20 0.0208 Recall20 0.0416 NDCG20 0.0354
2021-06-05 10:04:07,663 - root - INFO - Fine-tuning Evaluation: Epoch 0160 | Total Time 8.7s | Precision10 0.0226 Recall10 0.0226 NDCG10 0.0258 Precision20 0.0209 Recall20 0.0418 NDCG20 0.0364
2021-06-05 10:04:16,404 - root - INFO - Fine-tuning Evaluation: Epoch 0161 | Total Time 8.7s | Precision10 0.0230 Recall10 0.0230 NDCG10 0.0260 Precision20 0.0211 Recall20 0.0422 NDCG20 0.0366
2021-06-05 10:04:25,150 - root - INFO - Fine-tuning Evaluation: Epoch 0162 | Total Time 8.7s | Precision10 0.0230 Recall10 0.0230 NDCG10 0.0260 Precision20 0.0224 Recall20 0.0447 NDCG20 0.0380
2021-06-05 10:04:33,893 - root - INFO - Fine-tuning Evaluation: Epoch 0163 | Total Time 8.7s | Precision10 0.0253 Recall10 0.0253 NDCG10 0.0282 Precision20 0.0231 Recall20 0.0462 NDCG20 0.0398
2021-06-05 10:04:33,953 - root - INFO - Save model on epoch 0163!
2021-06-05 10:04:42,698 - root - INFO - Fine-tuning Evaluation: Epoch 0164 | Total Time 8.7s | Precision10 0.0265 Recall10 0.0265 NDCG10 0.0299 Precision20 0.0238 Recall20 0.0476 NDCG20 0.0416
2021-06-05 10:04:42,758 - root - INFO - Save model on epoch 0164!
2021-06-05 10:04:51,499 - root - INFO - Fine-tuning Evaluation: Epoch 0165 | Total Time 8.7s | Precision10 0.0244 Recall10 0.0244 NDCG10 0.0272 Precision20 0.0224 Recall20 0.0447 NDCG20 0.0384
2021-06-05 10:05:00,240 - root - INFO - Fine-tuning Evaluation: Epoch 0166 | Total Time 8.7s | Precision10 0.0238 Recall10 0.0238 NDCG10 0.0258 Precision20 0.0215 Recall20 0.0431 NDCG20 0.0363
2021-06-05 10:05:08,985 - root - INFO - Fine-tuning Evaluation: Epoch 0167 | Total Time 8.7s | Precision10 0.0232 Recall10 0.0232 NDCG10 0.0262 Precision20 0.0223 Recall20 0.0445 NDCG20 0.0379
2021-06-05 10:05:17,727 - root - INFO - Fine-tuning Evaluation: Epoch 0168 | Total Time 8.7s | Precision10 0.0240 Recall10 0.0240 NDCG10 0.0275 Precision20 0.0225 Recall20 0.0449 NDCG20 0.0391
2021-06-05 10:05:26,465 - root - INFO - Fine-tuning Evaluation: Epoch 0169 | Total Time 8.7s | Precision10 0.0236 Recall10 0.0236 NDCG10 0.0258 Precision20 0.0211 Recall20 0.0422 NDCG20 0.0360
2021-06-05 10:05:35,206 - root - INFO - Fine-tuning Evaluation: Epoch 0170 | Total Time 8.7s | Precision10 0.0238 Recall10 0.0238 NDCG10 0.0264 Precision20 0.0220 Recall20 0.0441 NDCG20 0.0374
2021-06-05 10:05:43,950 - root - INFO - Fine-tuning Evaluation: Epoch 0171 | Total Time 8.7s | Precision10 0.0236 Recall10 0.0236 NDCG10 0.0266 Precision20 0.0217 Recall20 0.0435 NDCG20 0.0375
2021-06-05 10:05:52,691 - root - INFO - Fine-tuning Evaluation: Epoch 0172 | Total Time 8.7s | Precision10 0.0234 Recall10 0.0234 NDCG10 0.0264 Precision20 0.0215 Recall20 0.0431 NDCG20 0.0372
2021-06-05 10:06:01,434 - root - INFO - Fine-tuning Evaluation: Epoch 0173 | Total Time 8.7s | Precision10 0.0244 Recall10 0.0244 NDCG10 0.0263 Precision20 0.0220 Recall20 0.0441 NDCG20 0.0371
2021-06-05 10:06:10,176 - root - INFO - Fine-tuning Evaluation: Epoch 0174 | Total Time 8.7s | Precision10 0.0269 Recall10 0.0269 NDCG10 0.0294 Precision20 0.0240 Recall20 0.0480 NDCG20 0.0410
2021-06-05 10:06:10,236 - root - INFO - Save model on epoch 0174!
2021-06-05 10:06:18,983 - root - INFO - Fine-tuning Evaluation: Epoch 0175 | Total Time 8.7s | Precision10 0.0255 Recall10 0.0255 NDCG10 0.0274 Precision20 0.0239 Recall20 0.0478 NDCG20 0.0397
2021-06-05 10:06:27,722 - root - INFO - Fine-tuning Evaluation: Epoch 0176 | Total Time 8.7s | Precision10 0.0267 Recall10 0.0267 NDCG10 0.0297 Precision20 0.0248 Recall20 0.0497 NDCG20 0.0424
2021-06-05 10:06:27,782 - root - INFO - Save model on epoch 0176!
2021-06-05 10:06:36,528 - root - INFO - Fine-tuning Evaluation: Epoch 0177 | Total Time 8.7s | Precision10 0.0259 Recall10 0.0259 NDCG10 0.0288 Precision20 0.0238 Recall20 0.0476 NDCG20 0.0408
2021-06-05 10:06:45,272 - root - INFO - Fine-tuning Evaluation: Epoch 0178 | Total Time 8.7s | Precision10 0.0255 Recall10 0.0255 NDCG10 0.0284 Precision20 0.0231 Recall20 0.0462 NDCG20 0.0398
2021-06-05 10:06:54,014 - root - INFO - Fine-tuning Evaluation: Epoch 0179 | Total Time 8.7s | Precision10 0.0269 Recall10 0.0269 NDCG10 0.0294 Precision20 0.0246 Recall20 0.0493 NDCG20 0.0418
2021-06-05 10:07:02,752 - root - INFO - Fine-tuning Evaluation: Epoch 0180 | Total Time 8.7s | Precision10 0.0265 Recall10 0.0265 NDCG10 0.0292 Precision20 0.0242 Recall20 0.0484 NDCG20 0.0413
2021-06-05 10:07:11,494 - root - INFO - Fine-tuning Evaluation: Epoch 0181 | Total Time 8.7s | Precision10 0.0261 Recall10 0.0261 NDCG10 0.0294 Precision20 0.0243 Recall20 0.0487 NDCG20 0.0419
2021-06-05 10:07:20,240 - root - INFO - Fine-tuning Evaluation: Epoch 0182 | Total Time 8.7s | Precision10 0.0275 Recall10 0.0275 NDCG10 0.0306 Precision20 0.0253 Recall20 0.0505 NDCG20 0.0433
2021-06-05 10:07:20,299 - root - INFO - Save model on epoch 0182!
2021-06-05 10:07:29,041 - root - INFO - Fine-tuning Evaluation: Epoch 0183 | Total Time 8.7s | Precision10 0.0261 Recall10 0.0261 NDCG10 0.0289 Precision20 0.0243 Recall20 0.0487 NDCG20 0.0414
2021-06-05 10:07:37,785 - root - INFO - Fine-tuning Evaluation: Epoch 0184 | Total Time 8.7s | Precision10 0.0265 Recall10 0.0265 NDCG10 0.0290 Precision20 0.0239 Recall20 0.0478 NDCG20 0.0408
2021-06-05 10:07:46,529 - root - INFO - Fine-tuning Evaluation: Epoch 0185 | Total Time 8.7s | Precision10 0.0261 Recall10 0.0261 NDCG10 0.0289 Precision20 0.0246 Recall20 0.0493 NDCG20 0.0416
2021-06-05 10:07:55,270 - root - INFO - Fine-tuning Evaluation: Epoch 0186 | Total Time 8.7s | Precision10 0.0259 Recall10 0.0259 NDCG10 0.0291 Precision20 0.0244 Recall20 0.0489 NDCG20 0.0416
2021-06-05 10:08:04,008 - root - INFO - Fine-tuning Evaluation: Epoch 0187 | Total Time 8.7s | Precision10 0.0259 Recall10 0.0259 NDCG10 0.0289 Precision20 0.0232 Recall20 0.0464 NDCG20 0.0401
2021-06-05 10:08:12,749 - root - INFO - Fine-tuning Evaluation: Epoch 0188 | Total Time 8.7s | Precision10 0.0255 Recall10 0.0255 NDCG10 0.0283 Precision20 0.0230 Recall20 0.0460 NDCG20 0.0395
2021-06-05 10:08:22,798 - root - INFO - Fine-tuning Evaluation: Epoch 0189 | Total Time 10.0s | Precision10 0.0261 Recall10 0.0261 NDCG10 0.0290 Precision20 0.0237 Recall20 0.0474 NDCG20 0.0407
2021-06-05 10:08:31,544 - root - INFO - Fine-tuning Evaluation: Epoch 0190 | Total Time 8.7s | Precision10 0.0265 Recall10 0.0265 NDCG10 0.0294 Precision20 0.0237 Recall20 0.0474 NDCG20 0.0409
2021-06-05 10:08:40,286 - root - INFO - Fine-tuning Evaluation: Epoch 0191 | Total Time 8.7s | Precision10 0.0273 Recall10 0.0273 NDCG10 0.0308 Precision20 0.0243 Recall20 0.0487 NDCG20 0.0425
2021-06-05 10:08:49,028 - root - INFO - Fine-tuning Evaluation: Epoch 0192 | Total Time 8.7s | Precision10 0.0269 Recall10 0.0269 NDCG10 0.0306 Precision20 0.0243 Recall20 0.0487 NDCG20 0.0426
2021-06-05 10:08:57,772 - root - INFO - Fine-tuning Evaluation: Epoch 0193 | Total Time 8.7s | Precision10 0.0275 Recall10 0.0275 NDCG10 0.0301 Precision20 0.0244 Recall20 0.0489 NDCG20 0.0417
2021-06-05 10:09:06,514 - root - INFO - Fine-tuning Evaluation: Epoch 0194 | Total Time 8.7s | Precision10 0.0288 Recall10 0.0288 NDCG10 0.0323 Precision20 0.0257 Recall20 0.0513 NDCG20 0.0447
2021-06-05 10:09:06,574 - root - INFO - Save model on epoch 0194!
2021-06-05 10:09:15,315 - root - INFO - Fine-tuning Evaluation: Epoch 0195 | Total Time 8.7s | Precision10 0.0286 Recall10 0.0286 NDCG10 0.0326 Precision20 0.0260 Recall20 0.0520 NDCG20 0.0455
2021-06-05 10:09:15,375 - root - INFO - Save model on epoch 0195!
2021-06-05 10:09:24,120 - root - INFO - Fine-tuning Evaluation: Epoch 0196 | Total Time 8.7s | Precision10 0.0308 Recall10 0.0308 NDCG10 0.0345 Precision20 0.0272 Recall20 0.0545 NDCG20 0.0476
2021-06-05 10:09:24,180 - root - INFO - Save model on epoch 0196!
2021-06-05 10:09:32,925 - root - INFO - Fine-tuning Evaluation: Epoch 0197 | Total Time 8.7s | Precision10 0.0292 Recall10 0.0292 NDCG10 0.0337 Precision20 0.0267 Recall20 0.0534 NDCG20 0.0471
2021-06-05 10:09:41,666 - root - INFO - Fine-tuning Evaluation: Epoch 0198 | Total Time 8.7s | Precision10 0.0292 Recall10 0.0292 NDCG10 0.0334 Precision20 0.0258 Recall20 0.0516 NDCG20 0.0458
2021-06-05 10:09:50,405 - root - INFO - Fine-tuning Evaluation: Epoch 0199 | Total Time 8.7s | Precision10 0.0290 Recall10 0.0290 NDCG10 0.0330 Precision20 0.0262 Recall20 0.0524 NDCG20 0.0458
2021-06-05 10:09:59,147 - root - INFO - Fine-tuning Evaluation: Epoch 0200 | Total Time 8.7s | Precision10 0.0280 Recall10 0.0280 NDCG10 0.0317 Precision20 0.0255 Recall20 0.0509 NDCG20 0.0443
2021-06-05 10:10:07,891 - root - INFO - Fine-tuning Evaluation: Epoch 0201 | Total Time 8.7s | Precision10 0.0286 Recall10 0.0286 NDCG10 0.0317 Precision20 0.0263 Recall20 0.0526 NDCG20 0.0449
2021-06-05 10:10:16,633 - root - INFO - Fine-tuning Evaluation: Epoch 0202 | Total Time 8.7s | Precision10 0.0282 Recall10 0.0282 NDCG10 0.0318 Precision20 0.0253 Recall20 0.0505 NDCG20 0.0442
2021-06-05 10:10:25,371 - root - INFO - Fine-tuning Evaluation: Epoch 0203 | Total Time 8.7s | Precision10 0.0288 Recall10 0.0288 NDCG10 0.0320 Precision20 0.0256 Recall20 0.0511 NDCG20 0.0443
2021-06-05 10:10:34,115 - root - INFO - Fine-tuning Evaluation: Epoch 0204 | Total Time 8.7s | Precision10 0.0292 Recall10 0.0292 NDCG10 0.0331 Precision20 0.0265 Recall20 0.0530 NDCG20 0.0462
2021-06-05 10:10:42,859 - root - INFO - Fine-tuning Evaluation: Epoch 0205 | Total Time 8.7s | Precision10 0.0331 Recall10 0.0331 NDCG10 0.0360 Precision20 0.0274 Recall20 0.0549 NDCG20 0.0480
2021-06-05 10:10:42,919 - root - INFO - Save model on epoch 0205!
2021-06-05 10:10:51,663 - root - INFO - Fine-tuning Evaluation: Epoch 0206 | Total Time 8.7s | Precision10 0.0348 Recall10 0.0348 NDCG10 0.0386 Precision20 0.0296 Recall20 0.0592 NDCG20 0.0519
2021-06-05 10:10:51,724 - root - INFO - Save model on epoch 0206!
2021-06-05 10:11:00,464 - root - INFO - Fine-tuning Evaluation: Epoch 0207 | Total Time 8.7s | Precision10 0.0329 Recall10 0.0329 NDCG10 0.0365 Precision20 0.0286 Recall20 0.0571 NDCG20 0.0498
2021-06-05 10:11:09,205 - root - INFO - Fine-tuning Evaluation: Epoch 0208 | Total Time 8.7s | Precision10 0.0296 Recall10 0.0296 NDCG10 0.0331 Precision20 0.0266 Recall20 0.0532 NDCG20 0.0461
2021-06-05 10:11:17,947 - root - INFO - Fine-tuning Evaluation: Epoch 0209 | Total Time 8.7s | Precision10 0.0292 Recall10 0.0292 NDCG10 0.0331 Precision20 0.0270 Recall20 0.0540 NDCG20 0.0467
2021-06-05 10:11:27,990 - root - INFO - Fine-tuning Evaluation: Epoch 0210 | Total Time 10.0s | Precision10 0.0296 Recall10 0.0296 NDCG10 0.0328 Precision20 0.0273 Recall20 0.0547 NDCG20 0.0466
2021-06-05 10:11:36,732 - root - INFO - Fine-tuning Evaluation: Epoch 0211 | Total Time 8.7s | Precision10 0.0292 Recall10 0.0292 NDCG10 0.0318 Precision20 0.0270 Recall20 0.0540 NDCG20 0.0454
2021-06-05 10:11:45,476 - root - INFO - Fine-tuning Evaluation: Epoch 0212 | Total Time 8.7s | Precision10 0.0300 Recall10 0.0300 NDCG10 0.0329 Precision20 0.0272 Recall20 0.0545 NDCG20 0.0463
2021-06-05 10:11:54,223 - root - INFO - Fine-tuning Evaluation: Epoch 0213 | Total Time 8.7s | Precision10 0.0337 Recall10 0.0337 NDCG10 0.0379 Precision20 0.0306 Recall20 0.0613 NDCG20 0.0532
2021-06-05 10:11:54,282 - root - INFO - Save model on epoch 0213!
2021-06-05 10:12:03,022 - root - INFO - Fine-tuning Evaluation: Epoch 0214 | Total Time 8.7s | Precision10 0.0340 Recall10 0.0340 NDCG10 0.0379 Precision20 0.0292 Recall20 0.0584 NDCG20 0.0515
2021-06-05 10:12:11,761 - root - INFO - Fine-tuning Evaluation: Epoch 0215 | Total Time 8.7s | Precision10 0.0315 Recall10 0.0315 NDCG10 0.0358 Precision20 0.0294 Recall20 0.0588 NDCG20 0.0511
2021-06-05 10:12:20,504 - root - INFO - Fine-tuning Evaluation: Epoch 0216 | Total Time 8.7s | Precision10 0.0325 Recall10 0.0325 NDCG10 0.0356 Precision20 0.0292 Recall20 0.0584 NDCG20 0.0498
2021-06-05 10:12:29,250 - root - INFO - Fine-tuning Evaluation: Epoch 0217 | Total Time 8.7s | Precision10 0.0298 Recall10 0.0298 NDCG10 0.0331 Precision20 0.0280 Recall20 0.0559 NDCG20 0.0477
2021-06-05 10:12:37,992 - root - INFO - Fine-tuning Evaluation: Epoch 0218 | Total Time 8.7s | Precision10 0.0313 Recall10 0.0313 NDCG10 0.0346 Precision20 0.0289 Recall20 0.0578 NDCG20 0.0491
2021-06-05 10:12:46,738 - root - INFO - Fine-tuning Evaluation: Epoch 0219 | Total Time 8.7s | Precision10 0.0323 Recall10 0.0323 NDCG10 0.0347 Precision20 0.0278 Recall20 0.0557 NDCG20 0.0475
2021-06-05 10:12:55,482 - root - INFO - Fine-tuning Evaluation: Epoch 0220 | Total Time 8.7s | Precision10 0.0323 Recall10 0.0323 NDCG10 0.0341 Precision20 0.0287 Recall20 0.0573 NDCG20 0.0479
2021-06-05 10:13:04,223 - root - INFO - Fine-tuning Evaluation: Epoch 0221 | Total Time 8.7s | Precision10 0.0385 Recall10 0.0385 NDCG10 0.0416 Precision20 0.0320 Recall20 0.0640 NDCG20 0.0557
2021-06-05 10:13:04,283 - root - INFO - Save model on epoch 0221!
2021-06-05 10:13:13,026 - root - INFO - Fine-tuning Evaluation: Epoch 0222 | Total Time 8.7s | Precision10 0.0358 Recall10 0.0358 NDCG10 0.0389 Precision20 0.0303 Recall20 0.0607 NDCG20 0.0526
2021-06-05 10:13:21,771 - root - INFO - Fine-tuning Evaluation: Epoch 0223 | Total Time 8.7s | Precision10 0.0348 Recall10 0.0348 NDCG10 0.0380 Precision20 0.0301 Recall20 0.0602 NDCG20 0.0520
2021-06-05 10:13:30,518 - root - INFO - Fine-tuning Evaluation: Epoch 0224 | Total Time 8.7s | Precision10 0.0337 Recall10 0.0337 NDCG10 0.0365 Precision20 0.0289 Recall20 0.0578 NDCG20 0.0497
2021-06-05 10:13:39,260 - root - INFO - Fine-tuning Evaluation: Epoch 0225 | Total Time 8.7s | Precision10 0.0344 Recall10 0.0344 NDCG10 0.0373 Precision20 0.0299 Recall20 0.0598 NDCG20 0.0512
2021-06-05 10:13:48,000 - root - INFO - Fine-tuning Evaluation: Epoch 0226 | Total Time 8.7s | Precision10 0.0391 Recall10 0.0391 NDCG10 0.0431 Precision20 0.0339 Recall20 0.0677 NDCG20 0.0588
2021-06-05 10:13:48,060 - root - INFO - Save model on epoch 0226!
2021-06-05 10:13:56,806 - root - INFO - Fine-tuning Evaluation: Epoch 0227 | Total Time 8.7s | Precision10 0.0354 Recall10 0.0354 NDCG10 0.0391 Precision20 0.0312 Recall20 0.0623 NDCG20 0.0539
2021-06-05 10:14:05,554 - root - INFO - Fine-tuning Evaluation: Epoch 0228 | Total Time 8.7s | Precision10 0.0340 Recall10 0.0340 NDCG10 0.0379 Precision20 0.0304 Recall20 0.0609 NDCG20 0.0528
2021-06-05 10:14:14,295 - root - INFO - Fine-tuning Evaluation: Epoch 0229 | Total Time 8.7s | Precision10 0.0379 Recall10 0.0379 NDCG10 0.0420 Precision20 0.0331 Recall20 0.0663 NDCG20 0.0576
2021-06-05 10:14:23,040 - root - INFO - Fine-tuning Evaluation: Epoch 0230 | Total Time 8.7s | Precision10 0.0356 Recall10 0.0356 NDCG10 0.0389 Precision20 0.0319 Recall20 0.0638 NDCG20 0.0545
2021-06-05 10:14:31,783 - root - INFO - Fine-tuning Evaluation: Epoch 0231 | Total Time 8.7s | Precision10 0.0354 Recall10 0.0354 NDCG10 0.0401 Precision20 0.0316 Recall20 0.0631 NDCG20 0.0553
2021-06-05 10:14:40,527 - root - INFO - Fine-tuning Evaluation: Epoch 0232 | Total Time 8.7s | Precision10 0.0354 Recall10 0.0354 NDCG10 0.0377 Precision20 0.0307 Recall20 0.0615 NDCG20 0.0521
2021-06-05 10:14:49,266 - root - INFO - Fine-tuning Evaluation: Epoch 0233 | Total Time 8.7s | Precision10 0.0404 Recall10 0.0404 NDCG10 0.0448 Precision20 0.0342 Recall20 0.0683 NDCG20 0.0602
2021-06-05 10:14:49,326 - root - INFO - Save model on epoch 0233!
2021-06-05 10:14:58,073 - root - INFO - Fine-tuning Evaluation: Epoch 0234 | Total Time 8.7s | Precision10 0.0379 Recall10 0.0379 NDCG10 0.0425 Precision20 0.0321 Recall20 0.0642 NDCG20 0.0570
2021-06-05 10:15:06,821 - root - INFO - Fine-tuning Evaluation: Epoch 0235 | Total Time 8.7s | Precision10 0.0352 Recall10 0.0352 NDCG10 0.0398 Precision20 0.0314 Recall20 0.0627 NDCG20 0.0548
2021-06-05 10:15:15,564 - root - INFO - Fine-tuning Evaluation: Epoch 0236 | Total Time 8.7s | Precision10 0.0350 Recall10 0.0350 NDCG10 0.0383 Precision20 0.0302 Recall20 0.0605 NDCG20 0.0523
2021-06-05 10:15:24,309 - root - INFO - Fine-tuning Evaluation: Epoch 0237 | Total Time 8.7s | Precision10 0.0360 Recall10 0.0360 NDCG10 0.0396 Precision20 0.0312 Recall20 0.0623 NDCG20 0.0540
2021-06-05 10:15:33,051 - root - INFO - Fine-tuning Evaluation: Epoch 0238 | Total Time 8.7s | Precision10 0.0356 Recall10 0.0356 NDCG10 0.0396 Precision20 0.0303 Recall20 0.0607 NDCG20 0.0533
2021-06-05 10:15:41,796 - root - INFO - Fine-tuning Evaluation: Epoch 0239 | Total Time 8.7s | Precision10 0.0379 Recall10 0.0379 NDCG10 0.0419 Precision20 0.0328 Recall20 0.0656 NDCG20 0.0570
2021-06-05 10:15:50,537 - root - INFO - Fine-tuning Evaluation: Epoch 0240 | Total Time 8.7s | Precision10 0.0408 Recall10 0.0408 NDCG10 0.0443 Precision20 0.0342 Recall20 0.0683 NDCG20 0.0594
2021-06-05 10:15:50,596 - root - INFO - Save model on epoch 0240!
2021-06-05 10:15:59,338 - root - INFO - Fine-tuning Evaluation: Epoch 0241 | Total Time 8.7s | Precision10 0.0406 Recall10 0.0406 NDCG10 0.0442 Precision20 0.0344 Recall20 0.0687 NDCG20 0.0597
2021-06-05 10:15:59,398 - root - INFO - Save model on epoch 0241!
2021-06-05 10:16:08,142 - root - INFO - Fine-tuning Evaluation: Epoch 0242 | Total Time 8.7s | Precision10 0.0393 Recall10 0.0393 NDCG10 0.0434 Precision20 0.0340 Recall20 0.0679 NDCG20 0.0591
2021-06-05 10:16:16,884 - root - INFO - Fine-tuning Evaluation: Epoch 0243 | Total Time 8.7s | Precision10 0.0414 Recall10 0.0414 NDCG10 0.0461 Precision20 0.0342 Recall20 0.0683 NDCG20 0.0609
2021-06-05 10:16:25,625 - root - INFO - Fine-tuning Evaluation: Epoch 0244 | Total Time 8.7s | Precision10 0.0420 Recall10 0.0420 NDCG10 0.0470 Precision20 0.0357 Recall20 0.0714 NDCG20 0.0632
2021-06-05 10:16:25,685 - root - INFO - Save model on epoch 0244!
2021-06-05 10:16:34,430 - root - INFO - Fine-tuning Evaluation: Epoch 0245 | Total Time 8.7s | Precision10 0.0400 Recall10 0.0400 NDCG10 0.0438 Precision20 0.0339 Recall20 0.0677 NDCG20 0.0591
2021-06-05 10:16:43,174 - root - INFO - Fine-tuning Evaluation: Epoch 0246 | Total Time 8.7s | Precision10 0.0393 Recall10 0.0393 NDCG10 0.0446 Precision20 0.0345 Recall20 0.0689 NDCG20 0.0610
2021-06-05 10:16:51,915 - root - INFO - Fine-tuning Evaluation: Epoch 0247 | Total Time 8.7s | Precision10 0.0410 Recall10 0.0410 NDCG10 0.0450 Precision20 0.0356 Recall20 0.0712 NDCG20 0.0617
2021-06-05 10:17:00,655 - root - INFO - Fine-tuning Evaluation: Epoch 0248 | Total Time 8.7s | Precision10 0.0408 Recall10 0.0408 NDCG10 0.0446 Precision20 0.0341 Recall20 0.0681 NDCG20 0.0597
2021-06-05 10:17:09,399 - root - INFO - Fine-tuning Evaluation: Epoch 0249 | Total Time 8.7s | Precision10 0.0383 Recall10 0.0383 NDCG10 0.0430 Precision20 0.0329 Recall20 0.0658 NDCG20 0.0582
2021-06-05 10:17:18,143 - root - INFO - Fine-tuning Evaluation: Epoch 0250 | Total Time 8.7s | Precision10 0.0366 Recall10 0.0366 NDCG10 0.0416 Precision20 0.0339 Recall20 0.0677 NDCG20 0.0587
2021-06-05 10:17:28,186 - root - INFO - Fine-tuning Evaluation: Epoch 0251 | Total Time 10.0s | Precision10 0.0398 Recall10 0.0398 NDCG10 0.0450 Precision20 0.0344 Recall20 0.0687 NDCG20 0.0611
2021-06-05 10:17:36,931 - root - INFO - Fine-tuning Evaluation: Epoch 0252 | Total Time 8.7s | Precision10 0.0427 Recall10 0.0427 NDCG10 0.0475 Precision20 0.0367 Recall20 0.0735 NDCG20 0.0645
2021-06-05 10:17:36,991 - root - INFO - Save model on epoch 0252!
2021-06-05 10:17:45,733 - root - INFO - Fine-tuning Evaluation: Epoch 0253 | Total Time 8.7s | Precision10 0.0385 Recall10 0.0385 NDCG10 0.0438 Precision20 0.0336 Recall20 0.0673 NDCG20 0.0597
2021-06-05 10:17:54,477 - root - INFO - Fine-tuning Evaluation: Epoch 0254 | Total Time 8.7s | Precision10 0.0387 Recall10 0.0387 NDCG10 0.0428 Precision20 0.0341 Recall20 0.0681 NDCG20 0.0590
2021-06-05 10:18:03,219 - root - INFO - Fine-tuning Evaluation: Epoch 0255 | Total Time 8.7s | Precision10 0.0391 Recall10 0.0391 NDCG10 0.0430 Precision20 0.0344 Recall20 0.0687 NDCG20 0.0593
2021-06-05 10:18:11,960 - root - INFO - Fine-tuning Evaluation: Epoch 0256 | Total Time 8.7s | Precision10 0.0369 Recall10 0.0369 NDCG10 0.0409 Precision20 0.0329 Recall20 0.0658 NDCG20 0.0568
2021-06-05 10:18:20,706 - root - INFO - Fine-tuning Evaluation: Epoch 0257 | Total Time 8.7s | Precision10 0.0385 Recall10 0.0385 NDCG10 0.0420 Precision20 0.0335 Recall20 0.0671 NDCG20 0.0576
2021-06-05 10:18:29,452 - root - INFO - Fine-tuning Evaluation: Epoch 0258 | Total Time 8.7s | Precision10 0.0389 Recall10 0.0389 NDCG10 0.0431 Precision20 0.0339 Recall20 0.0677 NDCG20 0.0590
2021-06-05 10:18:38,193 - root - INFO - Fine-tuning Evaluation: Epoch 0259 | Total Time 8.7s | Precision10 0.0398 Recall10 0.0398 NDCG10 0.0439 Precision20 0.0347 Recall20 0.0694 NDCG20 0.0602
2021-06-05 10:18:46,933 - root - INFO - Fine-tuning Evaluation: Epoch 0260 | Total Time 8.7s | Precision10 0.0410 Recall10 0.0410 NDCG10 0.0457 Precision20 0.0354 Recall20 0.0708 NDCG20 0.0622
2021-06-05 10:18:55,675 - root - INFO - Fine-tuning Evaluation: Epoch 0261 | Total Time 8.7s | Precision10 0.0424 Recall10 0.0424 NDCG10 0.0462 Precision20 0.0360 Recall20 0.0720 NDCG20 0.0626
2021-06-05 10:19:04,419 - root - INFO - Fine-tuning Evaluation: Epoch 0262 | Total Time 8.7s | Precision10 0.0410 Recall10 0.0410 NDCG10 0.0445 Precision20 0.0352 Recall20 0.0704 NDCG20 0.0606
2021-06-05 10:19:13,159 - root - INFO - Fine-tuning Evaluation: Epoch 0263 | Total Time 8.7s | Precision10 0.0406 Recall10 0.0406 NDCG10 0.0460 Precision20 0.0344 Recall20 0.0687 NDCG20 0.0615
2021-06-05 10:19:21,904 - root - INFO - Fine-tuning Evaluation: Epoch 0264 | Total Time 8.7s | Precision10 0.0427 Recall10 0.0427 NDCG10 0.0470 Precision20 0.0370 Recall20 0.0739 NDCG20 0.0642
2021-06-05 10:19:21,963 - root - INFO - Save model on epoch 0264!
2021-06-05 10:19:30,709 - root - INFO - Fine-tuning Evaluation: Epoch 0265 | Total Time 8.7s | Precision10 0.0418 Recall10 0.0418 NDCG10 0.0466 Precision20 0.0359 Recall20 0.0718 NDCG20 0.0630
2021-06-05 10:19:39,452 - root - INFO - Fine-tuning Evaluation: Epoch 0266 | Total Time 8.7s | Precision10 0.0410 Recall10 0.0410 NDCG10 0.0457 Precision20 0.0361 Recall20 0.0723 NDCG20 0.0629
2021-06-05 10:19:48,192 - root - INFO - Fine-tuning Evaluation: Epoch 0267 | Total Time 8.7s | Precision10 0.0418 Recall10 0.0418 NDCG10 0.0459 Precision20 0.0356 Recall20 0.0712 NDCG20 0.0620
2021-06-05 10:19:56,937 - root - INFO - Fine-tuning Evaluation: Epoch 0268 | Total Time 8.7s | Precision10 0.0377 Recall10 0.0377 NDCG10 0.0413 Precision20 0.0324 Recall20 0.0648 NDCG20 0.0562
2021-06-05 10:20:05,687 - root - INFO - Fine-tuning Evaluation: Epoch 0269 | Total Time 8.7s | Precision10 0.0369 Recall10 0.0369 NDCG10 0.0407 Precision20 0.0318 Recall20 0.0636 NDCG20 0.0554
2021-06-05 10:20:14,430 - root - INFO - Fine-tuning Evaluation: Epoch 0270 | Total Time 8.7s | Precision10 0.0383 Recall10 0.0383 NDCG10 0.0411 Precision20 0.0341 Recall20 0.0681 NDCG20 0.0575
2021-06-05 10:20:23,172 - root - INFO - Fine-tuning Evaluation: Epoch 0271 | Total Time 8.7s | Precision10 0.0410 Recall10 0.0410 NDCG10 0.0452 Precision20 0.0351 Recall20 0.0702 NDCG20 0.0614
2021-06-05 10:20:31,918 - root - INFO - Fine-tuning Evaluation: Epoch 0272 | Total Time 8.7s | Precision10 0.0373 Recall10 0.0373 NDCG10 0.0400 Precision20 0.0331 Recall20 0.0663 NDCG20 0.0560
2021-06-05 10:20:41,960 - root - INFO - Fine-tuning Evaluation: Epoch 0273 | Total Time 10.0s | Precision10 0.0364 Recall10 0.0364 NDCG10 0.0404 Precision20 0.0329 Recall20 0.0658 NDCG20 0.0566
2021-06-05 10:20:50,704 - root - INFO - Fine-tuning Evaluation: Epoch 0274 | Total Time 8.7s | Precision10 0.0377 Recall10 0.0377 NDCG10 0.0416 Precision20 0.0346 Recall20 0.0692 NDCG20 0.0589
2021-06-05 10:20:59,443 - root - INFO - Fine-tuning Evaluation: Epoch 0275 | Total Time 8.7s | Precision10 0.0375 Recall10 0.0375 NDCG10 0.0414 Precision20 0.0345 Recall20 0.0689 NDCG20 0.0588
2021-06-05 10:21:08,191 - root - INFO - Fine-tuning Evaluation: Epoch 0276 | Total Time 8.7s | Precision10 0.0383 Recall10 0.0383 NDCG10 0.0419 Precision20 0.0337 Recall20 0.0675 NDCG20 0.0581
2021-06-05 10:21:16,938 - root - INFO - Fine-tuning Evaluation: Epoch 0277 | Total Time 8.7s | Precision10 0.0375 Recall10 0.0375 NDCG10 0.0408 Precision20 0.0339 Recall20 0.0677 NDCG20 0.0575
2021-06-05 10:21:25,680 - root - INFO - Fine-tuning Evaluation: Epoch 0278 | Total Time 8.7s | Precision10 0.0387 Recall10 0.0387 NDCG10 0.0428 Precision20 0.0336 Recall20 0.0673 NDCG20 0.0586
2021-06-05 10:21:34,421 - root - INFO - Fine-tuning Evaluation: Epoch 0279 | Total Time 8.7s | Precision10 0.0420 Recall10 0.0420 NDCG10 0.0462 Precision20 0.0362 Recall20 0.0725 NDCG20 0.0629
2021-06-05 10:21:43,163 - root - INFO - Fine-tuning Evaluation: Epoch 0280 | Total Time 8.7s | Precision10 0.0443 Recall10 0.0443 NDCG10 0.0484 Precision20 0.0366 Recall20 0.0733 NDCG20 0.0643
2021-06-05 10:21:51,905 - root - INFO - Fine-tuning Evaluation: Epoch 0281 | Total Time 8.7s | Precision10 0.0393 Recall10 0.0393 NDCG10 0.0438 Precision20 0.0343 Recall20 0.0685 NDCG20 0.0599
2021-06-05 10:22:00,646 - root - INFO - Fine-tuning Evaluation: Epoch 0282 | Total Time 8.7s | Precision10 0.0406 Recall10 0.0406 NDCG10 0.0448 Precision20 0.0360 Recall20 0.0720 NDCG20 0.0622
2021-06-05 10:22:09,390 - root - INFO - Fine-tuning Evaluation: Epoch 0283 | Total Time 8.7s | Precision10 0.0416 Recall10 0.0416 NDCG10 0.0463 Precision20 0.0369 Recall20 0.0737 NDCG20 0.0641
2021-06-05 10:22:18,139 - root - INFO - Fine-tuning Evaluation: Epoch 0284 | Total Time 8.7s | Precision10 0.0400 Recall10 0.0400 NDCG10 0.0443 Precision20 0.0356 Recall20 0.0712 NDCG20 0.0617
2021-06-05 10:22:26,881 - root - INFO - Fine-tuning Evaluation: Epoch 0285 | Total Time 8.7s | Precision10 0.0408 Recall10 0.0408 NDCG10 0.0451 Precision20 0.0362 Recall20 0.0725 NDCG20 0.0626
2021-06-05 10:22:35,625 - root - INFO - Fine-tuning Evaluation: Epoch 0286 | Total Time 8.7s | Precision10 0.0404 Recall10 0.0404 NDCG10 0.0447 Precision20 0.0360 Recall20 0.0720 NDCG20 0.0622
2021-06-05 10:22:44,369 - root - INFO - Fine-tuning Evaluation: Epoch 0287 | Total Time 8.7s | Precision10 0.0427 Recall10 0.0427 NDCG10 0.0478 Precision20 0.0377 Recall20 0.0754 NDCG20 0.0660
2021-06-05 10:22:44,428 - root - INFO - Save model on epoch 0287!
2021-06-05 10:22:53,172 - root - INFO - Fine-tuning Evaluation: Epoch 0288 | Total Time 8.7s | Precision10 0.0458 Recall10 0.0458 NDCG10 0.0509 Precision20 0.0388 Recall20 0.0776 NDCG20 0.0686
2021-06-05 10:22:53,232 - root - INFO - Save model on epoch 0288!
2021-06-05 10:23:01,978 - root - INFO - Fine-tuning Evaluation: Epoch 0289 | Total Time 8.7s | Precision10 0.0453 Recall10 0.0453 NDCG10 0.0502 Precision20 0.0380 Recall20 0.0760 NDCG20 0.0672
2021-06-05 10:23:10,721 - root - INFO - Fine-tuning Evaluation: Epoch 0290 | Total Time 8.7s | Precision10 0.0433 Recall10 0.0433 NDCG10 0.0483 Precision20 0.0374 Recall20 0.0747 NDCG20 0.0657
2021-06-05 10:23:19,468 - root - INFO - Fine-tuning Evaluation: Epoch 0291 | Total Time 8.7s | Precision10 0.0427 Recall10 0.0427 NDCG10 0.0463 Precision20 0.0371 Recall20 0.0741 NDCG20 0.0635
2021-06-05 10:23:28,212 - root - INFO - Fine-tuning Evaluation: Epoch 0292 | Total Time 8.7s | Precision10 0.0433 Recall10 0.0433 NDCG10 0.0474 Precision20 0.0376 Recall20 0.0752 NDCG20 0.0650
2021-06-05 10:23:36,952 - root - INFO - Fine-tuning Evaluation: Epoch 0293 | Total Time 8.7s | Precision10 0.0443 Recall10 0.0443 NDCG10 0.0483 Precision20 0.0381 Recall20 0.0762 NDCG20 0.0658
2021-06-05 10:23:45,699 - root - INFO - Fine-tuning Evaluation: Epoch 0294 | Total Time 8.7s | Precision10 0.0418 Recall10 0.0418 NDCG10 0.0470 Precision20 0.0371 Recall20 0.0741 NDCG20 0.0648
2021-06-05 10:23:54,444 - root - INFO - Fine-tuning Evaluation: Epoch 0295 | Total Time 8.7s | Precision10 0.0427 Recall10 0.0427 NDCG10 0.0478 Precision20 0.0386 Recall20 0.0772 NDCG20 0.0668
2021-06-05 10:24:03,185 - root - INFO - Fine-tuning Evaluation: Epoch 0296 | Total Time 8.7s | Precision10 0.0435 Recall10 0.0435 NDCG10 0.0488 Precision20 0.0377 Recall20 0.0754 NDCG20 0.0666
2021-06-05 10:24:11,928 - root - INFO - Fine-tuning Evaluation: Epoch 0297 | Total Time 8.7s | Precision10 0.0458 Recall10 0.0458 NDCG10 0.0499 Precision20 0.0390 Recall20 0.0781 NDCG20 0.0677
2021-06-05 10:24:11,988 - root - INFO - Save model on epoch 0297!
2021-06-05 10:24:20,732 - root - INFO - Fine-tuning Evaluation: Epoch 0298 | Total Time 8.7s | Precision10 0.0474 Recall10 0.0474 NDCG10 0.0531 Precision20 0.0414 Recall20 0.0828 NDCG20 0.0727
2021-06-05 10:24:20,792 - root - INFO - Save model on epoch 0298!
2021-06-05 10:24:29,541 - root - INFO - Fine-tuning Evaluation: Epoch 0299 | Total Time 8.7s | Precision10 0.0493 Recall10 0.0493 NDCG10 0.0535 Precision20 0.0416 Recall20 0.0832 NDCG20 0.0723
2021-06-05 10:24:29,601 - root - INFO - Save model on epoch 0299!
2021-06-05 10:24:38,345 - root - INFO - Fine-tuning Evaluation: Epoch 0300 | Total Time 8.7s | Precision10 0.0474 Recall10 0.0474 NDCG10 0.0525 Precision20 0.0408 Recall20 0.0816 NDCG20 0.0712
2021-06-05 10:24:47,085 - root - INFO - Fine-tuning Evaluation: Epoch 0301 | Total Time 8.7s | Precision10 0.0464 Recall10 0.0464 NDCG10 0.0510 Precision20 0.0387 Recall20 0.0774 NDCG20 0.0682
2021-06-05 10:24:55,827 - root - INFO - Fine-tuning Evaluation: Epoch 0302 | Total Time 8.7s | Precision10 0.0449 Recall10 0.0449 NDCG10 0.0506 Precision20 0.0387 Recall20 0.0774 NDCG20 0.0685
2021-06-05 10:25:04,572 - root - INFO - Fine-tuning Evaluation: Epoch 0303 | Total Time 8.7s | Precision10 0.0476 Recall10 0.0476 NDCG10 0.0530 Precision20 0.0403 Recall20 0.0805 NDCG20 0.0713
2021-06-05 10:25:13,313 - root - INFO - Fine-tuning Evaluation: Epoch 0304 | Total Time 8.7s | Precision10 0.0482 Recall10 0.0482 NDCG10 0.0531 Precision20 0.0402 Recall20 0.0803 NDCG20 0.0708
2021-06-05 10:25:22,057 - root - INFO - Fine-tuning Evaluation: Epoch 0305 | Total Time 8.7s | Precision10 0.0466 Recall10 0.0466 NDCG10 0.0514 Precision20 0.0391 Recall20 0.0783 NDCG20 0.0688
2021-06-05 10:25:30,804 - root - INFO - Fine-tuning Evaluation: Epoch 0306 | Total Time 8.7s | Precision10 0.0460 Recall10 0.0460 NDCG10 0.0506 Precision20 0.0392 Recall20 0.0785 NDCG20 0.0686
2021-06-05 10:25:39,547 - root - INFO - Fine-tuning Evaluation: Epoch 0307 | Total Time 8.7s | Precision10 0.0464 Recall10 0.0464 NDCG10 0.0508 Precision20 0.0380 Recall20 0.0760 NDCG20 0.0672
2021-06-05 10:25:48,289 - root - INFO - Fine-tuning Evaluation: Epoch 0308 | Total Time 8.7s | Precision10 0.0453 Recall10 0.0453 NDCG10 0.0501 Precision20 0.0389 Recall20 0.0778 NDCG20 0.0679
2021-06-05 10:25:57,034 - root - INFO - Fine-tuning Evaluation: Epoch 0309 | Total Time 8.7s | Precision10 0.0466 Recall10 0.0466 NDCG10 0.0516 Precision20 0.0392 Recall20 0.0785 NDCG20 0.0691
2021-06-05 10:26:05,779 - root - INFO - Fine-tuning Evaluation: Epoch 0310 | Total Time 8.7s | Precision10 0.0466 Recall10 0.0466 NDCG10 0.0519 Precision20 0.0404 Recall20 0.0807 NDCG20 0.0707
2021-06-05 10:26:14,520 - root - INFO - Fine-tuning Evaluation: Epoch 0311 | Total Time 8.7s | Precision10 0.0505 Recall10 0.0505 NDCG10 0.0564 Precision20 0.0421 Recall20 0.0843 NDCG20 0.0750
2021-06-05 10:26:14,579 - root - INFO - Save model on epoch 0311!
2021-06-05 10:26:23,325 - root - INFO - Fine-tuning Evaluation: Epoch 0312 | Total Time 8.7s | Precision10 0.0441 Recall10 0.0441 NDCG10 0.0506 Precision20 0.0379 Recall20 0.0758 NDCG20 0.0682
2021-06-05 10:26:32,069 - root - INFO - Fine-tuning Evaluation: Epoch 0313 | Total Time 8.7s | Precision10 0.0468 Recall10 0.0468 NDCG10 0.0521 Precision20 0.0400 Recall20 0.0799 NDCG20 0.0703
2021-06-05 10:26:42,116 - root - INFO - Fine-tuning Evaluation: Epoch 0314 | Total Time 10.0s | Precision10 0.0462 Recall10 0.0462 NDCG10 0.0517 Precision20 0.0395 Recall20 0.0791 NDCG20 0.0697
2021-06-05 10:26:50,861 - root - INFO - Fine-tuning Evaluation: Epoch 0315 | Total Time 8.7s | Precision10 0.0482 Recall10 0.0482 NDCG10 0.0553 Precision20 0.0406 Recall20 0.0812 NDCG20 0.0735
2021-06-05 10:26:59,602 - root - INFO - Fine-tuning Evaluation: Epoch 0316 | Total Time 8.7s | Precision10 0.0491 Recall10 0.0491 NDCG10 0.0560 Precision20 0.0413 Recall20 0.0826 NDCG20 0.0746
2021-06-05 10:27:08,348 - root - INFO - Fine-tuning Evaluation: Epoch 0317 | Total Time 8.7s | Precision10 0.0484 Recall10 0.0484 NDCG10 0.0534 Precision20 0.0408 Recall20 0.0816 NDCG20 0.0717
2021-06-05 10:27:17,095 - root - INFO - Fine-tuning Evaluation: Epoch 0318 | Total Time 8.7s | Precision10 0.0468 Recall10 0.0468 NDCG10 0.0523 Precision20 0.0396 Recall20 0.0793 NDCG20 0.0702
2021-06-05 10:27:25,837 - root - INFO - Fine-tuning Evaluation: Epoch 0319 | Total Time 8.7s | Precision10 0.0491 Recall10 0.0491 NDCG10 0.0541 Precision20 0.0401 Recall20 0.0801 NDCG20 0.0713
2021-06-05 10:27:34,582 - root - INFO - Fine-tuning Evaluation: Epoch 0320 | Total Time 8.7s | Precision10 0.0489 Recall10 0.0489 NDCG10 0.0543 Precision20 0.0395 Recall20 0.0791 NDCG20 0.0710
2021-06-05 10:27:43,326 - root - INFO - Fine-tuning Evaluation: Epoch 0321 | Total Time 8.7s | Precision10 0.0480 Recall10 0.0480 NDCG10 0.0528 Precision20 0.0402 Recall20 0.0803 NDCG20 0.0706
2021-06-05 10:27:52,071 - root - INFO - Fine-tuning Evaluation: Epoch 0322 | Total Time 8.7s | Precision10 0.0468 Recall10 0.0468 NDCG10 0.0527 Precision20 0.0394 Recall20 0.0789 NDCG20 0.0703
2021-06-05 10:28:00,814 - root - INFO - Fine-tuning Evaluation: Epoch 0323 | Total Time 8.7s | Precision10 0.0491 Recall10 0.0491 NDCG10 0.0546 Precision20 0.0410 Recall20 0.0820 NDCG20 0.0728
2021-06-05 10:28:09,560 - root - INFO - Fine-tuning Evaluation: Epoch 0324 | Total Time 8.7s | Precision10 0.0484 Recall10 0.0484 NDCG10 0.0543 Precision20 0.0400 Recall20 0.0799 NDCG20 0.0717
2021-06-05 10:28:18,307 - root - INFO - Fine-tuning Evaluation: Epoch 0325 | Total Time 8.7s | Precision10 0.0482 Recall10 0.0482 NDCG10 0.0540 Precision20 0.0403 Recall20 0.0805 NDCG20 0.0718
2021-06-05 10:28:27,052 - root - INFO - Fine-tuning Evaluation: Epoch 0326 | Total Time 8.7s | Precision10 0.0482 Recall10 0.0482 NDCG10 0.0534 Precision20 0.0407 Recall20 0.0814 NDCG20 0.0717
2021-06-05 10:28:35,795 - root - INFO - Fine-tuning Evaluation: Epoch 0327 | Total Time 8.7s | Precision10 0.0484 Recall10 0.0484 NDCG10 0.0532 Precision20 0.0398 Recall20 0.0795 NDCG20 0.0702
2021-06-05 10:28:44,538 - root - INFO - Fine-tuning Evaluation: Epoch 0328 | Total Time 8.7s | Precision10 0.0499 Recall10 0.0499 NDCG10 0.0553 Precision20 0.0414 Recall20 0.0828 NDCG20 0.0734
2021-06-05 10:28:53,283 - root - INFO - Fine-tuning Evaluation: Epoch 0329 | Total Time 8.7s | Precision10 0.0499 Recall10 0.0499 NDCG10 0.0544 Precision20 0.0409 Recall20 0.0818 NDCG20 0.0718
2021-06-05 10:29:02,026 - root - INFO - Fine-tuning Evaluation: Epoch 0330 | Total Time 8.7s | Precision10 0.0495 Recall10 0.0495 NDCG10 0.0544 Precision20 0.0400 Recall20 0.0799 NDCG20 0.0711
2021-06-05 10:29:10,769 - root - INFO - Fine-tuning Evaluation: Epoch 0331 | Total Time 8.7s | Precision10 0.0437 Recall10 0.0437 NDCG10 0.0480 Precision20 0.0360 Recall20 0.0720 NDCG20 0.0637
2021-06-05 10:29:19,518 - root - INFO - Fine-tuning Evaluation: Epoch 0332 | Total Time 8.7s | Precision10 0.0495 Recall10 0.0495 NDCG10 0.0556 Precision20 0.0392 Recall20 0.0785 NDCG20 0.0717
2021-06-05 10:29:28,263 - root - INFO - Fine-tuning Evaluation: Epoch 0333 | Total Time 8.7s | Precision10 0.0532 Recall10 0.0532 NDCG10 0.0588 Precision20 0.0415 Recall20 0.0830 NDCG20 0.0751
2021-06-05 10:29:37,003 - root - INFO - Fine-tuning Evaluation: Epoch 0334 | Total Time 8.7s | Precision10 0.0518 Recall10 0.0518 NDCG10 0.0580 Precision20 0.0417 Recall20 0.0834 NDCG20 0.0754
2021-06-05 10:29:45,746 - root - INFO - Fine-tuning Evaluation: Epoch 0335 | Total Time 8.7s | Precision10 0.0518 Recall10 0.0518 NDCG10 0.0577 Precision20 0.0423 Recall20 0.0847 NDCG20 0.0759
2021-06-05 10:29:45,805 - root - INFO - Save model on epoch 0335!
2021-06-05 10:29:55,855 - root - INFO - Fine-tuning Evaluation: Epoch 0336 | Total Time 10.1s | Precision10 0.0522 Recall10 0.0522 NDCG10 0.0589 Precision20 0.0425 Recall20 0.0851 NDCG20 0.0771
2021-06-05 10:29:55,915 - root - INFO - Save model on epoch 0336!
2021-06-05 10:30:04,661 - root - INFO - Fine-tuning Evaluation: Epoch 0337 | Total Time 8.7s | Precision10 0.0526 Recall10 0.0526 NDCG10 0.0596 Precision20 0.0432 Recall20 0.0863 NDCG20 0.0783
2021-06-05 10:30:04,721 - root - INFO - Save model on epoch 0337!
2021-06-05 10:30:13,465 - root - INFO - Fine-tuning Evaluation: Epoch 0338 | Total Time 8.7s | Precision10 0.0528 Recall10 0.0528 NDCG10 0.0592 Precision20 0.0422 Recall20 0.0845 NDCG20 0.0768
2021-06-05 10:30:22,205 - root - INFO - Fine-tuning Evaluation: Epoch 0339 | Total Time 8.7s | Precision10 0.0520 Recall10 0.0520 NDCG10 0.0584 Precision20 0.0430 Recall20 0.0859 NDCG20 0.0772
2021-06-05 10:30:30,948 - root - INFO - Fine-tuning Evaluation: Epoch 0340 | Total Time 8.7s | Precision10 0.0534 Recall10 0.0534 NDCG10 0.0598 Precision20 0.0435 Recall20 0.0870 NDCG20 0.0783
2021-06-05 10:30:31,008 - root - INFO - Save model on epoch 0340!
2021-06-05 10:30:39,755 - root - INFO - Fine-tuning Evaluation: Epoch 0341 | Total Time 8.7s | Precision10 0.0536 Recall10 0.0536 NDCG10 0.0599 Precision20 0.0439 Recall20 0.0878 NDCG20 0.0788
2021-06-05 10:30:39,815 - root - INFO - Save model on epoch 0341!
2021-06-05 10:30:48,559 - root - INFO - Fine-tuning Evaluation: Epoch 0342 | Total Time 8.7s | Precision10 0.0530 Recall10 0.0530 NDCG10 0.0589 Precision20 0.0429 Recall20 0.0857 NDCG20 0.0770
2021-06-05 10:30:57,298 - root - INFO - Fine-tuning Evaluation: Epoch 0343 | Total Time 8.7s | Precision10 0.0530 Recall10 0.0530 NDCG10 0.0580 Precision20 0.0428 Recall20 0.0855 NDCG20 0.0759
2021-06-05 10:31:06,041 - root - INFO - Fine-tuning Evaluation: Epoch 0344 | Total Time 8.7s | Precision10 0.0532 Recall10 0.0532 NDCG10 0.0590 Precision20 0.0430 Recall20 0.0859 NDCG20 0.0770
2021-06-05 10:31:14,787 - root - INFO - Fine-tuning Evaluation: Epoch 0345 | Total Time 8.7s | Precision10 0.0551 Recall10 0.0551 NDCG10 0.0607 Precision20 0.0442 Recall20 0.0884 NDCG20 0.0792
2021-06-05 10:31:14,847 - root - INFO - Save model on epoch 0345!
2021-06-05 10:31:23,590 - root - INFO - Fine-tuning Evaluation: Epoch 0346 | Total Time 8.7s | Precision10 0.0557 Recall10 0.0557 NDCG10 0.0615 Precision20 0.0438 Recall20 0.0876 NDCG20 0.0792
2021-06-05 10:31:32,334 - root - INFO - Fine-tuning Evaluation: Epoch 0347 | Total Time 8.7s | Precision10 0.0586 Recall10 0.0586 NDCG10 0.0654 Precision20 0.0457 Recall20 0.0913 NDCG20 0.0836
2021-06-05 10:31:32,394 - root - INFO - Save model on epoch 0347!
2021-06-05 10:31:41,138 - root - INFO - Fine-tuning Evaluation: Epoch 0348 | Total Time 8.7s | Precision10 0.0563 Recall10 0.0563 NDCG10 0.0633 Precision20 0.0462 Recall20 0.0923 NDCG20 0.0832
2021-06-05 10:31:41,198 - root - INFO - Save model on epoch 0348!
2021-06-05 10:31:49,944 - root - INFO - Fine-tuning Evaluation: Epoch 0349 | Total Time 8.7s | Precision10 0.0528 Recall10 0.0528 NDCG10 0.0596 Precision20 0.0428 Recall20 0.0855 NDCG20 0.0778
2021-06-05 10:31:58,687 - root - INFO - Fine-tuning Evaluation: Epoch 0350 | Total Time 8.7s | Precision10 0.0547 Recall10 0.0547 NDCG10 0.0619 Precision20 0.0442 Recall20 0.0884 NDCG20 0.0805
2021-06-05 10:32:07,431 - root - INFO - Fine-tuning Evaluation: Epoch 0351 | Total Time 8.7s | Precision10 0.0557 Recall10 0.0557 NDCG10 0.0629 Precision20 0.0444 Recall20 0.0888 NDCG20 0.0812
2021-06-05 10:32:16,177 - root - INFO - Fine-tuning Evaluation: Epoch 0352 | Total Time 8.7s | Precision10 0.0536 Recall10 0.0536 NDCG10 0.0600 Precision20 0.0423 Recall20 0.0847 NDCG20 0.0770
2021-06-05 10:32:24,919 - root - INFO - Fine-tuning Evaluation: Epoch 0353 | Total Time 8.7s | Precision10 0.0499 Recall10 0.0499 NDCG10 0.0563 Precision20 0.0417 Recall20 0.0834 NDCG20 0.0747
2021-06-05 10:32:33,657 - root - INFO - Fine-tuning Evaluation: Epoch 0354 | Total Time 8.7s | Precision10 0.0505 Recall10 0.0505 NDCG10 0.0575 Precision20 0.0412 Recall20 0.0824 NDCG20 0.0750
2021-06-05 10:32:42,399 - root - INFO - Fine-tuning Evaluation: Epoch 0355 | Total Time 8.7s | Precision10 0.0509 Recall10 0.0509 NDCG10 0.0572 Precision20 0.0406 Recall20 0.0812 NDCG20 0.0738
2021-06-05 10:32:51,142 - root - INFO - Fine-tuning Evaluation: Epoch 0356 | Total Time 8.7s | Precision10 0.0516 Recall10 0.0516 NDCG10 0.0585 Precision20 0.0417 Recall20 0.0834 NDCG20 0.0760
2021-06-05 10:32:59,885 - root - INFO - Fine-tuning Evaluation: Epoch 0357 | Total Time 8.7s | Precision10 0.0513 Recall10 0.0513 NDCG10 0.0577 Precision20 0.0413 Recall20 0.0826 NDCG20 0.0749
2021-06-05 10:33:08,629 - root - INFO - Fine-tuning Evaluation: Epoch 0358 | Total Time 8.7s | Precision10 0.0559 Recall10 0.0559 NDCG10 0.0620 Precision20 0.0449 Recall20 0.0899 NDCG20 0.0807
2021-06-05 10:33:17,374 - root - INFO - Fine-tuning Evaluation: Epoch 0359 | Total Time 8.7s | Precision10 0.0549 Recall10 0.0549 NDCG10 0.0612 Precision20 0.0445 Recall20 0.0890 NDCG20 0.0802
2021-06-05 10:33:26,116 - root - INFO - Fine-tuning Evaluation: Epoch 0360 | Total Time 8.7s | Precision10 0.0545 Recall10 0.0545 NDCG10 0.0599 Precision20 0.0444 Recall20 0.0888 NDCG20 0.0791
2021-06-05 10:33:34,855 - root - INFO - Fine-tuning Evaluation: Epoch 0361 | Total Time 8.7s | Precision10 0.0545 Recall10 0.0545 NDCG10 0.0608 Precision20 0.0439 Recall20 0.0878 NDCG20 0.0793
2021-06-05 10:33:43,597 - root - INFO - Fine-tuning Evaluation: Epoch 0362 | Total Time 8.7s | Precision10 0.0528 Recall10 0.0528 NDCG10 0.0595 Precision20 0.0409 Recall20 0.0818 NDCG20 0.0757
2021-06-05 10:33:52,342 - root - INFO - Fine-tuning Evaluation: Epoch 0363 | Total Time 8.7s | Precision10 0.0561 Recall10 0.0561 NDCG10 0.0615 Precision20 0.0433 Recall20 0.0865 NDCG20 0.0782
2021-06-05 10:34:01,086 - root - INFO - Fine-tuning Evaluation: Epoch 0364 | Total Time 8.7s | Precision10 0.0553 Recall10 0.0553 NDCG10 0.0608 Precision20 0.0447 Recall20 0.0894 NDCG20 0.0798
2021-06-05 10:34:09,830 - root - INFO - Fine-tuning Evaluation: Epoch 0365 | Total Time 8.7s | Precision10 0.0522 Recall10 0.0522 NDCG10 0.0580 Precision20 0.0425 Recall20 0.0851 NDCG20 0.0762
2021-06-05 10:34:18,577 - root - INFO - Fine-tuning Evaluation: Epoch 0366 | Total Time 8.7s | Precision10 0.0534 Recall10 0.0534 NDCG10 0.0585 Precision20 0.0430 Recall20 0.0859 NDCG20 0.0764
2021-06-05 10:34:27,318 - root - INFO - Fine-tuning Evaluation: Epoch 0367 | Total Time 8.7s | Precision10 0.0530 Recall10 0.0530 NDCG10 0.0586 Precision20 0.0427 Recall20 0.0853 NDCG20 0.0766
2021-06-05 10:34:36,056 - root - INFO - Fine-tuning Evaluation: Epoch 0368 | Total Time 8.7s | Precision10 0.0542 Recall10 0.0542 NDCG10 0.0608 Precision20 0.0444 Recall20 0.0888 NDCG20 0.0800
2021-06-05 10:34:44,801 - root - INFO - Fine-tuning Evaluation: Epoch 0369 | Total Time 8.7s | Precision10 0.0563 Recall10 0.0563 NDCG10 0.0621 Precision20 0.0447 Recall20 0.0894 NDCG20 0.0804
2021-06-05 10:34:53,548 - root - INFO - Fine-tuning Evaluation: Epoch 0370 | Total Time 8.7s | Precision10 0.0565 Recall10 0.0565 NDCG10 0.0629 Precision20 0.0455 Recall20 0.0911 NDCG20 0.0820
2021-06-05 10:35:02,289 - root - INFO - Fine-tuning Evaluation: Epoch 0371 | Total Time 8.7s | Precision10 0.0555 Recall10 0.0555 NDCG10 0.0615 Precision20 0.0442 Recall20 0.0884 NDCG20 0.0797
2021-06-05 10:35:11,034 - root - INFO - Fine-tuning Evaluation: Epoch 0372 | Total Time 8.7s | Precision10 0.0557 Recall10 0.0557 NDCG10 0.0616 Precision20 0.0436 Recall20 0.0872 NDCG20 0.0788
2021-06-05 10:35:19,776 - root - INFO - Fine-tuning Evaluation: Epoch 0373 | Total Time 8.7s | Precision10 0.0545 Recall10 0.0545 NDCG10 0.0610 Precision20 0.0439 Recall20 0.0878 NDCG20 0.0793
2021-06-05 10:35:28,519 - root - INFO - Fine-tuning Evaluation: Epoch 0374 | Total Time 8.7s | Precision10 0.0549 Recall10 0.0549 NDCG10 0.0609 Precision20 0.0425 Recall20 0.0851 NDCG20 0.0776
2021-06-05 10:35:37,259 - root - INFO - Fine-tuning Evaluation: Epoch 0375 | Total Time 8.7s | Precision10 0.0536 Recall10 0.0536 NDCG10 0.0600 Precision20 0.0432 Recall20 0.0863 NDCG20 0.0779
2021-06-05 10:35:46,000 - root - INFO - Fine-tuning Evaluation: Epoch 0376 | Total Time 8.7s | Precision10 0.0540 Recall10 0.0540 NDCG10 0.0595 Precision20 0.0427 Recall20 0.0853 NDCG20 0.0767
2021-06-05 10:35:56,050 - root - INFO - Fine-tuning Evaluation: Epoch 0377 | Total Time 10.0s | Precision10 0.0540 Recall10 0.0540 NDCG10 0.0608 Precision20 0.0437 Recall20 0.0874 NDCG20 0.0792
2021-06-05 10:36:04,794 - root - INFO - Fine-tuning Evaluation: Epoch 0378 | Total Time 8.7s | Precision10 0.0557 Recall10 0.0557 NDCG10 0.0615 Precision20 0.0441 Recall20 0.0882 NDCG20 0.0795
