2021-06-05 05:35:31,887 - root - INFO - Namespace(K=20, K1=10, aggregation_type='bi-interaction', cf_batch_size=16, cf_l2loss_lambda=1e-05, cf_print_every=100, conv_dim_list='[64, 32, 16]', data_dir='datasets/', data_name='yelp2018', entity_dim=64, evaluate_every=1, fine_tuning_batch_size=16, kg_batch_size=1024, kg_l2loss_lambda=1e-05, kg_print_every=100, local_lr=0.0001, local_rank=0, lr=0.0001, mess_dropout='[0.1, 0.1, 0.1]', n_epoch=1000, pretrain_embedding_dir='datasets/pretrain/', pretrain_model_path='trained_model/model.pth', relation_dim=64, save_dir='trained_model/KGAT/yelp2018/entitydim64_relationdim64_bi-interaction_64-32-16_lr0.0001_pretrain1/', seed=123, stopping_steps=30, test_batch_size=5000, use_pretrain=1)
2021-06-05 05:35:36,539 - numexpr.utils - INFO - Note: NumExpr detected 20 cores but "NUMEXPR_MAX_THREADS" not set, so enforcing safe limit of 8.
2021-06-05 05:35:36,539 - numexpr.utils - INFO - NumExpr defaulting to 8 threads.
2021-06-05 05:40:48,603 - root - INFO - n_users:            45919
2021-06-05 05:40:48,604 - root - INFO - n_items:            45538
2021-06-05 05:40:48,604 - root - INFO - n_entities:         136499
2021-06-05 05:40:48,604 - root - INFO - n_users_entities:   182418
2021-06-05 05:40:48,604 - root - INFO - n_relations:        86
2021-06-05 05:40:48,604 - root - INFO - n_cf_train:         357219
2021-06-05 05:40:48,604 - root - INFO - n_cf_test:          237300
2021-06-05 05:40:48,604 - root - INFO - n_kg_train:         4421846
2021-06-05 05:40:48,604 - root - INFO - n_kg_test:          4182008
2021-06-05 05:45:45,833 - root - INFO - n_users:            45919
2021-06-05 05:45:45,833 - root - INFO - n_items:            45538
2021-06-05 05:45:45,833 - root - INFO - n_entities:         136499
2021-06-05 05:45:45,833 - root - INFO - n_users_entities:   182418
2021-06-05 05:45:45,833 - root - INFO - n_relations:        86
2021-06-05 05:45:45,833 - root - INFO - n_cf_train:         4719
2021-06-05 05:45:45,833 - root - INFO - n_cf_test:          4190
2021-06-05 05:45:45,833 - root - INFO - n_kg_train:         3716846
2021-06-05 05:45:45,833 - root - INFO - n_kg_test:          3715788
2021-06-05 05:46:02,105 - root - INFO - KGAT(
  (relation_embed): Embedding(86, 64)
  (entity_user_embed): Embedding(182418, 64)
  (aggregator_layers): ModuleList(
    (0): Aggregator(
      (message_dropout): Dropout(p=0.1, inplace=False)
      (W1): Linear(in_features=64, out_features=64, bias=True)
      (W2): Linear(in_features=64, out_features=64, bias=True)
      (activation): LeakyReLU(negative_slope=0.01)
    )
    (1): Aggregator(
      (message_dropout): Dropout(p=0.1, inplace=False)
      (W1): Linear(in_features=64, out_features=32, bias=True)
      (W2): Linear(in_features=64, out_features=32, bias=True)
      (activation): LeakyReLU(negative_slope=0.01)
    )
    (2): Aggregator(
      (message_dropout): Dropout(p=0.1, inplace=False)
      (W1): Linear(in_features=32, out_features=16, bias=True)
      (W2): Linear(in_features=32, out_features=16, bias=True)
      (activation): LeakyReLU(negative_slope=0.01)
    )
  )
)
2021-06-05 05:46:05,288 - root - INFO - Meta Training: Epoch 0001 Iter 0000 / 1484 | Time 3.1s | Iter Loss 0.8459
2021-06-05 05:50:36,321 - root - INFO - Meta Training: Epoch 0001 Iter 0100 / 1484 | Time 2.7s | Iter Loss 0.6909
2021-06-05 05:55:07,462 - root - INFO - Meta Training: Epoch 0001 Iter 0200 / 1484 | Time 2.7s | Iter Loss 0.8513
2021-06-05 05:59:39,970 - root - INFO - Meta Training: Epoch 0001 Iter 0300 / 1484 | Time 2.7s | Iter Loss 0.5733
2021-06-05 06:04:11,156 - root - INFO - Meta Training: Epoch 0001 Iter 0400 / 1484 | Time 2.7s | Iter Loss 0.4897
2021-06-05 06:08:43,698 - root - INFO - Meta Training: Epoch 0001 Iter 0500 / 1484 | Time 2.7s | Iter Loss 0.5562
2021-06-05 06:13:14,887 - root - INFO - Meta Training: Epoch 0001 Iter 0600 / 1484 | Time 2.7s | Iter Loss 0.5130
2021-06-05 06:17:47,087 - root - INFO - Meta Training: Epoch 0001 Iter 0700 / 1484 | Time 2.7s | Iter Loss 0.4182
2021-06-05 06:22:17,940 - root - INFO - Meta Training: Epoch 0001 Iter 0800 / 1484 | Time 2.7s | Iter Loss 0.4315
2021-06-05 06:26:50,443 - root - INFO - Meta Training: Epoch 0001 Iter 0900 / 1484 | Time 2.9s | Iter Loss 0.5739
2021-06-05 06:31:21,565 - root - INFO - Meta Training: Epoch 0001 Iter 1000 / 1484 | Time 2.7s | Iter Loss 0.4185
2021-06-05 06:35:52,391 - root - INFO - Meta Training: Epoch 0001 Iter 1100 / 1484 | Time 2.7s | Iter Loss 0.6271
2021-06-05 06:40:24,631 - root - INFO - Meta Training: Epoch 0001 Iter 1200 / 1484 | Time 2.7s | Iter Loss 0.2648
2021-06-05 06:44:55,616 - root - INFO - Meta Training: Epoch 0001 Iter 1300 / 1484 | Time 2.7s | Iter Loss 0.3700
2021-06-05 06:49:27,049 - root - INFO - Meta Training: Epoch 0001 Iter 1400 / 1484 | Time 2.7s | Iter Loss 0.3815
2021-06-05 06:53:09,558 - root - INFO - Meta Training: Epoch 0001 Total Iter 1484 | Total Time 4027.4s | Iter Mean Loss 0.5544
2021-06-05 06:53:18,095 - root - INFO - Fine-tuning Evaluation: Epoch 0000 | Total Time 8.5s | Precision10 0.0172 Recall10 0.0172 NDCG10 0.0213 Precision20 0.0130 Recall20 0.0260 NDCG20 0.0262
2021-06-05 06:53:18,232 - root - INFO - Save model on epoch 0000!
2021-06-05 06:53:26,770 - root - INFO - Fine-tuning Evaluation: Epoch 0001 | Total Time 8.5s | Precision10 0.0198 Recall10 0.0198 NDCG10 0.0250 Precision20 0.0158 Recall20 0.0315 NDCG20 0.0315
2021-06-05 06:53:26,830 - root - INFO - Save model on epoch 0001!
2021-06-05 06:53:35,355 - root - INFO - Fine-tuning Evaluation: Epoch 0002 | Total Time 8.5s | Precision10 0.0227 Recall10 0.0227 NDCG10 0.0279 Precision20 0.0183 Recall20 0.0365 NDCG20 0.0355
2021-06-05 06:53:35,414 - root - INFO - Save model on epoch 0002!
2021-06-05 06:53:43,942 - root - INFO - Fine-tuning Evaluation: Epoch 0003 | Total Time 8.5s | Precision10 0.0260 Recall10 0.0260 NDCG10 0.0317 Precision20 0.0208 Recall20 0.0415 NDCG20 0.0402
2021-06-05 06:53:44,003 - root - INFO - Save model on epoch 0003!
2021-06-05 06:53:52,502 - root - INFO - Fine-tuning Evaluation: Epoch 0004 | Total Time 8.5s | Precision10 0.0296 Recall10 0.0296 NDCG10 0.0357 Precision20 0.0234 Recall20 0.0468 NDCG20 0.0451
2021-06-05 06:53:52,562 - root - INFO - Save model on epoch 0004!
2021-06-05 06:54:01,070 - root - INFO - Fine-tuning Evaluation: Epoch 0005 | Total Time 8.5s | Precision10 0.0315 Recall10 0.0315 NDCG10 0.0385 Precision20 0.0264 Recall20 0.0527 NDCG20 0.0501
2021-06-05 06:54:01,130 - root - INFO - Save model on epoch 0005!
2021-06-05 06:54:09,626 - root - INFO - Fine-tuning Evaluation: Epoch 0006 | Total Time 8.5s | Precision10 0.0337 Recall10 0.0337 NDCG10 0.0418 Precision20 0.0283 Recall20 0.0566 NDCG20 0.0545
2021-06-05 06:54:09,686 - root - INFO - Save model on epoch 0006!
2021-06-05 06:54:18,196 - root - INFO - Fine-tuning Evaluation: Epoch 0007 | Total Time 8.5s | Precision10 0.0379 Recall10 0.0379 NDCG10 0.0470 Precision20 0.0307 Recall20 0.0613 NDCG20 0.0599
2021-06-05 06:54:18,256 - root - INFO - Save model on epoch 0007!
2021-06-05 06:54:26,754 - root - INFO - Fine-tuning Evaluation: Epoch 0008 | Total Time 8.5s | Precision10 0.0420 Recall10 0.0420 NDCG10 0.0518 Precision20 0.0331 Recall20 0.0661 NDCG20 0.0650
2021-06-05 06:54:26,814 - root - INFO - Save model on epoch 0008!
2021-06-05 06:54:35,322 - root - INFO - Fine-tuning Evaluation: Epoch 0009 | Total Time 8.5s | Precision10 0.0456 Recall10 0.0456 NDCG10 0.0564 Precision20 0.0358 Recall20 0.0716 NDCG20 0.0708
2021-06-05 06:54:35,381 - root - INFO - Save model on epoch 0009!
2021-06-05 06:54:45,183 - root - INFO - Fine-tuning Evaluation: Epoch 0010 | Total Time 9.8s | Precision10 0.0489 Recall10 0.0489 NDCG10 0.0616 Precision20 0.0400 Recall20 0.0800 NDCG20 0.0787
2021-06-05 06:54:45,243 - root - INFO - Save model on epoch 0010!
2021-06-05 06:54:53,741 - root - INFO - Fine-tuning Evaluation: Epoch 0011 | Total Time 8.5s | Precision10 0.0558 Recall10 0.0558 NDCG10 0.0685 Precision20 0.0442 Recall20 0.0883 NDCG20 0.0865
2021-06-05 06:54:53,800 - root - INFO - Save model on epoch 0011!
2021-06-05 06:55:02,307 - root - INFO - Fine-tuning Evaluation: Epoch 0012 | Total Time 8.5s | Precision10 0.0601 Recall10 0.0601 NDCG10 0.0720 Precision20 0.0462 Recall20 0.0924 NDCG20 0.0899
2021-06-05 06:55:02,366 - root - INFO - Save model on epoch 0012!
2021-06-05 06:55:10,862 - root - INFO - Fine-tuning Evaluation: Epoch 0013 | Total Time 8.5s | Precision10 0.0632 Recall10 0.0632 NDCG10 0.0750 Precision20 0.0477 Recall20 0.0955 NDCG20 0.0930
2021-06-05 06:55:10,921 - root - INFO - Save model on epoch 0013!
2021-06-05 06:55:19,427 - root - INFO - Fine-tuning Evaluation: Epoch 0014 | Total Time 8.5s | Precision10 0.0671 Recall10 0.0671 NDCG10 0.0788 Precision20 0.0498 Recall20 0.0995 NDCG20 0.0969
2021-06-05 06:55:19,486 - root - INFO - Save model on epoch 0014!
2021-06-05 06:55:27,984 - root - INFO - Fine-tuning Evaluation: Epoch 0015 | Total Time 8.5s | Precision10 0.0716 Recall10 0.0716 NDCG10 0.0838 Precision20 0.0531 Recall20 0.1062 NDCG20 0.1029
2021-06-05 06:55:28,044 - root - INFO - Save model on epoch 0015!
2021-06-05 06:55:36,545 - root - INFO - Fine-tuning Evaluation: Epoch 0016 | Total Time 8.5s | Precision10 0.0733 Recall10 0.0733 NDCG10 0.0855 Precision20 0.0545 Recall20 0.1091 NDCG20 0.1055
2021-06-05 06:55:36,605 - root - INFO - Save model on epoch 0016!
2021-06-05 06:55:45,104 - root - INFO - Fine-tuning Evaluation: Epoch 0017 | Total Time 8.5s | Precision10 0.0761 Recall10 0.0761 NDCG10 0.0886 Precision20 0.0573 Recall20 0.1146 NDCG20 0.1099
2021-06-05 06:55:45,163 - root - INFO - Save model on epoch 0017!
2021-06-05 06:55:53,666 - root - INFO - Fine-tuning Evaluation: Epoch 0018 | Total Time 8.5s | Precision10 0.0768 Recall10 0.0768 NDCG10 0.0896 Precision20 0.0573 Recall20 0.1146 NDCG20 0.1105
2021-06-05 06:55:53,726 - root - INFO - Save model on epoch 0018!
2021-06-05 06:56:02,225 - root - INFO - Fine-tuning Evaluation: Epoch 0019 | Total Time 8.5s | Precision10 0.0797 Recall10 0.0797 NDCG10 0.0923 Precision20 0.0589 Recall20 0.1179 NDCG20 0.1135
2021-06-05 06:56:02,286 - root - INFO - Save model on epoch 0019!
2021-06-05 06:56:10,788 - root - INFO - Fine-tuning Evaluation: Epoch 0020 | Total Time 8.5s | Precision10 0.0819 Recall10 0.0819 NDCG10 0.0950 Precision20 0.0609 Recall20 0.1217 NDCG20 0.1171
2021-06-05 06:56:10,848 - root - INFO - Save model on epoch 0020!
2021-06-05 06:56:19,351 - root - INFO - Fine-tuning Evaluation: Epoch 0021 | Total Time 8.5s | Precision10 0.0816 Recall10 0.0816 NDCG10 0.0953 Precision20 0.0618 Recall20 0.1236 NDCG20 0.1186
2021-06-05 06:56:19,412 - root - INFO - Save model on epoch 0021!
2021-06-05 06:56:27,908 - root - INFO - Fine-tuning Evaluation: Epoch 0022 | Total Time 8.5s | Precision10 0.0828 Recall10 0.0828 NDCG10 0.0973 Precision20 0.0630 Recall20 0.1260 NDCG20 0.1212
2021-06-05 06:56:27,967 - root - INFO - Save model on epoch 0022!
2021-06-05 06:56:36,468 - root - INFO - Fine-tuning Evaluation: Epoch 0023 | Total Time 8.5s | Precision10 0.0866 Recall10 0.0866 NDCG10 0.1000 Precision20 0.0648 Recall20 0.1296 NDCG20 0.1237
2021-06-05 06:56:36,528 - root - INFO - Save model on epoch 0023!
2021-06-05 06:56:45,021 - root - INFO - Fine-tuning Evaluation: Epoch 0024 | Total Time 8.5s | Precision10 0.0871 Recall10 0.0871 NDCG10 0.1004 Precision20 0.0656 Recall20 0.1313 NDCG20 0.1248
2021-06-05 06:56:45,080 - root - INFO - Save model on epoch 0024!
2021-06-05 06:56:53,578 - root - INFO - Fine-tuning Evaluation: Epoch 0025 | Total Time 8.5s | Precision10 0.0878 Recall10 0.0878 NDCG10 0.1009 Precision20 0.0666 Recall20 0.1332 NDCG20 0.1258
2021-06-05 06:56:53,638 - root - INFO - Save model on epoch 0025!
2021-06-05 06:57:02,137 - root - INFO - Fine-tuning Evaluation: Epoch 0026 | Total Time 8.5s | Precision10 0.0885 Recall10 0.0885 NDCG10 0.1016 Precision20 0.0685 Recall20 0.1370 NDCG20 0.1282
2021-06-05 06:57:02,196 - root - INFO - Save model on epoch 0026!
2021-06-05 06:57:10,709 - root - INFO - Fine-tuning Evaluation: Epoch 0027 | Total Time 8.5s | Precision10 0.0888 Recall10 0.0888 NDCG10 0.1019 Precision20 0.0674 Recall20 0.1348 NDCG20 0.1272
2021-06-05 06:57:19,214 - root - INFO - Fine-tuning Evaluation: Epoch 0028 | Total Time 8.5s | Precision10 0.0888 Recall10 0.0888 NDCG10 0.1016 Precision20 0.0680 Recall20 0.1360 NDCG20 0.1276
2021-06-05 06:57:27,723 - root - INFO - Fine-tuning Evaluation: Epoch 0029 | Total Time 8.5s | Precision10 0.0888 Recall10 0.0888 NDCG10 0.1023 Precision20 0.0695 Recall20 0.1389 NDCG20 0.1298
2021-06-05 06:57:27,784 - root - INFO - Save model on epoch 0029!
2021-06-05 06:57:36,285 - root - INFO - Fine-tuning Evaluation: Epoch 0030 | Total Time 8.5s | Precision10 0.0897 Recall10 0.0897 NDCG10 0.1031 Precision20 0.0700 Recall20 0.1401 NDCG20 0.1307
2021-06-05 06:57:36,428 - root - INFO - Save model on epoch 0030!
2021-06-05 06:57:46,238 - root - INFO - Fine-tuning Evaluation: Epoch 0031 | Total Time 9.8s | Precision10 0.0905 Recall10 0.0905 NDCG10 0.1034 Precision20 0.0695 Recall20 0.1389 NDCG20 0.1300
2021-06-05 06:57:54,738 - root - INFO - Fine-tuning Evaluation: Epoch 0032 | Total Time 8.5s | Precision10 0.0897 Recall10 0.0897 NDCG10 0.1034 Precision20 0.0698 Recall20 0.1396 NDCG20 0.1308
2021-06-05 06:58:03,240 - root - INFO - Fine-tuning Evaluation: Epoch 0033 | Total Time 8.5s | Precision10 0.0897 Recall10 0.0897 NDCG10 0.1037 Precision20 0.0699 Recall20 0.1399 NDCG20 0.1313
2021-06-05 06:58:11,740 - root - INFO - Fine-tuning Evaluation: Epoch 0034 | Total Time 8.5s | Precision10 0.0900 Recall10 0.0900 NDCG10 0.1040 Precision20 0.0715 Recall20 0.1430 NDCG20 0.1332
2021-06-05 06:58:11,800 - root - INFO - Save model on epoch 0034!
2021-06-05 06:58:20,306 - root - INFO - Fine-tuning Evaluation: Epoch 0035 | Total Time 8.5s | Precision10 0.0888 Recall10 0.0888 NDCG10 0.1031 Precision20 0.0693 Recall20 0.1387 NDCG20 0.1307
2021-06-05 06:58:28,809 - root - INFO - Fine-tuning Evaluation: Epoch 0036 | Total Time 8.5s | Precision10 0.0893 Recall10 0.0893 NDCG10 0.1034 Precision20 0.0709 Recall20 0.1418 NDCG20 0.1324
2021-06-05 06:58:37,312 - root - INFO - Fine-tuning Evaluation: Epoch 0037 | Total Time 8.5s | Precision10 0.0900 Recall10 0.0900 NDCG10 0.1040 Precision20 0.0714 Recall20 0.1427 NDCG20 0.1332
2021-06-05 06:58:45,810 - root - INFO - Fine-tuning Evaluation: Epoch 0038 | Total Time 8.5s | Precision10 0.0883 Recall10 0.0883 NDCG10 0.1029 Precision20 0.0712 Recall20 0.1425 NDCG20 0.1329
2021-06-05 06:58:54,332 - root - INFO - Fine-tuning Evaluation: Epoch 0039 | Total Time 8.5s | Precision10 0.0914 Recall10 0.0914 NDCG10 0.1054 Precision20 0.0736 Recall20 0.1473 NDCG20 0.1362
2021-06-05 06:58:54,391 - root - INFO - Save model on epoch 0039!
2021-06-05 06:59:02,914 - root - INFO - Fine-tuning Evaluation: Epoch 0040 | Total Time 8.5s | Precision10 0.0905 Recall10 0.0905 NDCG10 0.1043 Precision20 0.0727 Recall20 0.1453 NDCG20 0.1347
2021-06-05 06:59:11,438 - root - INFO - Fine-tuning Evaluation: Epoch 0041 | Total Time 8.5s | Precision10 0.0900 Recall10 0.0900 NDCG10 0.1041 Precision20 0.0726 Recall20 0.1451 NDCG20 0.1346
2021-06-05 06:59:19,961 - root - INFO - Fine-tuning Evaluation: Epoch 0042 | Total Time 8.5s | Precision10 0.0897 Recall10 0.0897 NDCG10 0.1042 Precision20 0.0723 Recall20 0.1446 NDCG20 0.1346
2021-06-05 06:59:28,485 - root - INFO - Fine-tuning Evaluation: Epoch 0043 | Total Time 8.5s | Precision10 0.0890 Recall10 0.0890 NDCG10 0.1028 Precision20 0.0708 Recall20 0.1415 NDCG20 0.1318
2021-06-05 06:59:37,005 - root - INFO - Fine-tuning Evaluation: Epoch 0044 | Total Time 8.5s | Precision10 0.0924 Recall10 0.0924 NDCG10 0.1058 Precision20 0.0733 Recall20 0.1465 NDCG20 0.1356
2021-06-05 06:59:45,529 - root - INFO - Fine-tuning Evaluation: Epoch 0045 | Total Time 8.5s | Precision10 0.0893 Recall10 0.0893 NDCG10 0.1035 Precision20 0.0718 Recall20 0.1437 NDCG20 0.1336
2021-06-05 06:59:54,050 - root - INFO - Fine-tuning Evaluation: Epoch 0046 | Total Time 8.5s | Precision10 0.0919 Recall10 0.0919 NDCG10 0.1052 Precision20 0.0729 Recall20 0.1458 NDCG20 0.1350
2021-06-05 07:00:02,574 - root - INFO - Fine-tuning Evaluation: Epoch 0047 | Total Time 8.5s | Precision10 0.0916 Recall10 0.0916 NDCG10 0.1054 Precision20 0.0718 Recall20 0.1437 NDCG20 0.1341
2021-06-05 07:00:11,093 - root - INFO - Fine-tuning Evaluation: Epoch 0048 | Total Time 8.5s | Precision10 0.0912 Recall10 0.0912 NDCG10 0.1048 Precision20 0.0728 Recall20 0.1456 NDCG20 0.1349
2021-06-05 07:00:19,618 - root - INFO - Fine-tuning Evaluation: Epoch 0049 | Total Time 8.5s | Precision10 0.0919 Recall10 0.0919 NDCG10 0.1054 Precision20 0.0732 Recall20 0.1463 NDCG20 0.1355
2021-06-05 07:00:28,139 - root - INFO - Fine-tuning Evaluation: Epoch 0050 | Total Time 8.5s | Precision10 0.0914 Recall10 0.0914 NDCG10 0.1054 Precision20 0.0734 Recall20 0.1468 NDCG20 0.1361
2021-06-05 07:00:36,665 - root - INFO - Fine-tuning Evaluation: Epoch 0051 | Total Time 8.5s | Precision10 0.0916 Recall10 0.0916 NDCG10 0.1059 Precision20 0.0733 Recall20 0.1465 NDCG20 0.1363
2021-06-05 07:00:45,189 - root - INFO - Fine-tuning Evaluation: Epoch 0052 | Total Time 8.5s | Precision10 0.0919 Recall10 0.0919 NDCG10 0.1066 Precision20 0.0733 Recall20 0.1465 NDCG20 0.1368
2021-06-05 07:00:53,715 - root - INFO - Fine-tuning Evaluation: Epoch 0053 | Total Time 8.5s | Precision10 0.0916 Recall10 0.0916 NDCG10 0.1059 Precision20 0.0740 Recall20 0.1480 NDCG20 0.1370
2021-06-05 07:00:53,774 - root - INFO - Save model on epoch 0053!
2021-06-05 07:01:02,298 - root - INFO - Fine-tuning Evaluation: Epoch 0054 | Total Time 8.5s | Precision10 0.0928 Recall10 0.0928 NDCG10 0.1063 Precision20 0.0737 Recall20 0.1475 NDCG20 0.1364
2021-06-05 07:01:10,822 - root - INFO - Fine-tuning Evaluation: Epoch 0055 | Total Time 8.5s | Precision10 0.0919 Recall10 0.0919 NDCG10 0.1056 Precision20 0.0736 Recall20 0.1473 NDCG20 0.1363
2021-06-05 07:01:19,344 - root - INFO - Fine-tuning Evaluation: Epoch 0056 | Total Time 8.5s | Precision10 0.0914 Recall10 0.0914 NDCG10 0.1058 Precision20 0.0732 Recall20 0.1463 NDCG20 0.1364
2021-06-05 07:01:27,867 - root - INFO - Fine-tuning Evaluation: Epoch 0057 | Total Time 8.5s | Precision10 0.0914 Recall10 0.0914 NDCG10 0.1062 Precision20 0.0739 Recall20 0.1477 NDCG20 0.1374
2021-06-05 07:01:36,388 - root - INFO - Fine-tuning Evaluation: Epoch 0058 | Total Time 8.5s | Precision10 0.0931 Recall10 0.0931 NDCG10 0.1071 Precision20 0.0730 Recall20 0.1461 NDCG20 0.1363
2021-06-05 07:01:44,912 - root - INFO - Fine-tuning Evaluation: Epoch 0059 | Total Time 8.5s | Precision10 0.0931 Recall10 0.0931 NDCG10 0.1069 Precision20 0.0726 Recall20 0.1451 NDCG20 0.1355
2021-06-05 07:01:53,434 - root - INFO - Fine-tuning Evaluation: Epoch 0060 | Total Time 8.5s | Precision10 0.0936 Recall10 0.0936 NDCG10 0.1075 Precision20 0.0734 Recall20 0.1468 NDCG20 0.1367
2021-06-05 07:02:01,958 - root - INFO - Fine-tuning Evaluation: Epoch 0061 | Total Time 8.5s | Precision10 0.0919 Recall10 0.0919 NDCG10 0.1060 Precision20 0.0743 Recall20 0.1487 NDCG20 0.1374
2021-06-05 07:02:02,017 - root - INFO - Save model on epoch 0061!
2021-06-05 07:02:10,542 - root - INFO - Fine-tuning Evaluation: Epoch 0062 | Total Time 8.5s | Precision10 0.0921 Recall10 0.0921 NDCG10 0.1065 Precision20 0.0737 Recall20 0.1475 NDCG20 0.1370
2021-06-05 07:02:19,065 - root - INFO - Fine-tuning Evaluation: Epoch 0063 | Total Time 8.5s | Precision10 0.0928 Recall10 0.0928 NDCG10 0.1078 Precision20 0.0732 Recall20 0.1463 NDCG20 0.1373
2021-06-05 07:02:27,584 - root - INFO - Fine-tuning Evaluation: Epoch 0064 | Total Time 8.5s | Precision10 0.0921 Recall10 0.0921 NDCG10 0.1068 Precision20 0.0742 Recall20 0.1484 NDCG20 0.1379
2021-06-05 07:02:36,108 - root - INFO - Fine-tuning Evaluation: Epoch 0065 | Total Time 8.5s | Precision10 0.0940 Recall10 0.0940 NDCG10 0.1080 Precision20 0.0742 Recall20 0.1484 NDCG20 0.1381
2021-06-05 07:02:44,625 - root - INFO - Fine-tuning Evaluation: Epoch 0066 | Total Time 8.5s | Precision10 0.0926 Recall10 0.0926 NDCG10 0.1068 Precision20 0.0733 Recall20 0.1465 NDCG20 0.1367
2021-06-05 07:02:53,146 - root - INFO - Fine-tuning Evaluation: Epoch 0067 | Total Time 8.5s | Precision10 0.0931 Recall10 0.0931 NDCG10 0.1072 Precision20 0.0742 Recall20 0.1484 NDCG20 0.1378
2021-06-05 07:03:01,665 - root - INFO - Fine-tuning Evaluation: Epoch 0068 | Total Time 8.5s | Precision10 0.0936 Recall10 0.0936 NDCG10 0.1078 Precision20 0.0746 Recall20 0.1492 NDCG20 0.1386
2021-06-05 07:03:01,725 - root - INFO - Save model on epoch 0068!
2021-06-05 07:03:10,226 - root - INFO - Fine-tuning Evaluation: Epoch 0069 | Total Time 8.5s | Precision10 0.0936 Recall10 0.0936 NDCG10 0.1074 Precision20 0.0740 Recall20 0.1480 NDCG20 0.1375
2021-06-05 07:03:18,724 - root - INFO - Fine-tuning Evaluation: Epoch 0070 | Total Time 8.5s | Precision10 0.0947 Recall10 0.0947 NDCG10 0.1089 Precision20 0.0737 Recall20 0.1475 NDCG20 0.1381
2021-06-05 07:03:27,226 - root - INFO - Fine-tuning Evaluation: Epoch 0071 | Total Time 8.5s | Precision10 0.0950 Recall10 0.0950 NDCG10 0.1091 Precision20 0.0754 Recall20 0.1508 NDCG20 0.1399
2021-06-05 07:03:27,286 - root - INFO - Save model on epoch 0071!
2021-06-05 07:03:35,786 - root - INFO - Fine-tuning Evaluation: Epoch 0072 | Total Time 8.5s | Precision10 0.0936 Recall10 0.0936 NDCG10 0.1071 Precision20 0.0737 Recall20 0.1475 NDCG20 0.1369
2021-06-05 07:03:45,580 - root - INFO - Fine-tuning Evaluation: Epoch 0073 | Total Time 9.8s | Precision10 0.0945 Recall10 0.0945 NDCG10 0.1075 Precision20 0.0735 Recall20 0.1470 NDCG20 0.1365
2021-06-05 07:03:54,083 - root - INFO - Fine-tuning Evaluation: Epoch 0074 | Total Time 8.5s | Precision10 0.0924 Recall10 0.0924 NDCG10 0.1066 Precision20 0.0739 Recall20 0.1477 NDCG20 0.1373
2021-06-05 07:04:02,576 - root - INFO - Fine-tuning Evaluation: Epoch 0075 | Total Time 8.5s | Precision10 0.0928 Recall10 0.0928 NDCG10 0.1069 Precision20 0.0734 Recall20 0.1468 NDCG20 0.1368
2021-06-05 07:04:11,079 - root - INFO - Fine-tuning Evaluation: Epoch 0076 | Total Time 8.5s | Precision10 0.0936 Recall10 0.0936 NDCG10 0.1077 Precision20 0.0740 Recall20 0.1480 NDCG20 0.1379
2021-06-05 07:04:19,571 - root - INFO - Fine-tuning Evaluation: Epoch 0077 | Total Time 8.5s | Precision10 0.0933 Recall10 0.0933 NDCG10 0.1072 Precision20 0.0736 Recall20 0.1473 NDCG20 0.1373
2021-06-05 07:04:28,073 - root - INFO - Fine-tuning Evaluation: Epoch 0078 | Total Time 8.5s | Precision10 0.0938 Recall10 0.0938 NDCG10 0.1078 Precision20 0.0733 Recall20 0.1465 NDCG20 0.1370
2021-06-05 07:04:36,568 - root - INFO - Fine-tuning Evaluation: Epoch 0079 | Total Time 8.5s | Precision10 0.0945 Recall10 0.0945 NDCG10 0.1086 Precision20 0.0737 Recall20 0.1475 NDCG20 0.1381
2021-06-05 07:04:45,066 - root - INFO - Fine-tuning Evaluation: Epoch 0080 | Total Time 8.5s | Precision10 0.0938 Recall10 0.0938 NDCG10 0.1075 Precision20 0.0740 Recall20 0.1480 NDCG20 0.1376
2021-06-05 07:04:53,564 - root - INFO - Fine-tuning Evaluation: Epoch 0081 | Total Time 8.5s | Precision10 0.0936 Recall10 0.0936 NDCG10 0.1078 Precision20 0.0733 Recall20 0.1465 NDCG20 0.1371
2021-06-05 07:05:02,079 - root - INFO - Fine-tuning Evaluation: Epoch 0082 | Total Time 8.5s | Precision10 0.0933 Recall10 0.0933 NDCG10 0.1075 Precision20 0.0745 Recall20 0.1489 NDCG20 0.1383
2021-06-05 07:05:10,581 - root - INFO - Fine-tuning Evaluation: Epoch 0083 | Total Time 8.5s | Precision10 0.0933 Recall10 0.0933 NDCG10 0.1076 Precision20 0.0743 Recall20 0.1487 NDCG20 0.1381
2021-06-05 07:05:19,083 - root - INFO - Fine-tuning Evaluation: Epoch 0084 | Total Time 8.5s | Precision10 0.0938 Recall10 0.0938 NDCG10 0.1077 Precision20 0.0742 Recall20 0.1484 NDCG20 0.1379
2021-06-05 07:05:27,580 - root - INFO - Fine-tuning Evaluation: Epoch 0085 | Total Time 8.5s | Precision10 0.0943 Recall10 0.0943 NDCG10 0.1082 Precision20 0.0748 Recall20 0.1496 NDCG20 0.1386
2021-06-05 07:05:36,076 - root - INFO - Fine-tuning Evaluation: Epoch 0086 | Total Time 8.5s | Precision10 0.0931 Recall10 0.0931 NDCG10 0.1071 Precision20 0.0745 Recall20 0.1489 NDCG20 0.1380
2021-06-05 07:05:44,573 - root - INFO - Fine-tuning Evaluation: Epoch 0087 | Total Time 8.5s | Precision10 0.0943 Recall10 0.0943 NDCG10 0.1081 Precision20 0.0753 Recall20 0.1506 NDCG20 0.1392
2021-06-05 07:05:53,068 - root - INFO - Fine-tuning Evaluation: Epoch 0088 | Total Time 8.5s | Precision10 0.0945 Recall10 0.0945 NDCG10 0.1088 Precision20 0.0746 Recall20 0.1492 NDCG20 0.1388
2021-06-05 07:06:01,566 - root - INFO - Fine-tuning Evaluation: Epoch 0089 | Total Time 8.5s | Precision10 0.0933 Recall10 0.0933 NDCG10 0.1078 Precision20 0.0748 Recall20 0.1496 NDCG20 0.1389
2021-06-05 07:06:10,060 - root - INFO - Fine-tuning Evaluation: Epoch 0090 | Total Time 8.5s | Precision10 0.0945 Recall10 0.0945 NDCG10 0.1083 Precision20 0.0749 Recall20 0.1499 NDCG20 0.1388
2021-06-05 07:06:18,559 - root - INFO - Fine-tuning Evaluation: Epoch 0091 | Total Time 8.5s | Precision10 0.0933 Recall10 0.0933 NDCG10 0.1073 Precision20 0.0752 Recall20 0.1504 NDCG20 0.1387
2021-06-05 07:06:27,052 - root - INFO - Fine-tuning Evaluation: Epoch 0092 | Total Time 8.5s | Precision10 0.0936 Recall10 0.0936 NDCG10 0.1078 Precision20 0.0741 Recall20 0.1482 NDCG20 0.1381
2021-06-05 07:06:35,555 - root - INFO - Fine-tuning Evaluation: Epoch 0093 | Total Time 8.5s | Precision10 0.0952 Recall10 0.0952 NDCG10 0.1088 Precision20 0.0752 Recall20 0.1504 NDCG20 0.1392
2021-06-05 07:06:45,350 - root - INFO - Fine-tuning Evaluation: Epoch 0094 | Total Time 9.8s | Precision10 0.0945 Recall10 0.0945 NDCG10 0.1088 Precision20 0.0748 Recall20 0.1496 NDCG20 0.1392
2021-06-05 07:06:53,849 - root - INFO - Fine-tuning Evaluation: Epoch 0095 | Total Time 8.5s | Precision10 0.0950 Recall10 0.0950 NDCG10 0.1088 Precision20 0.0746 Recall20 0.1492 NDCG20 0.1388
2021-06-05 07:07:02,346 - root - INFO - Fine-tuning Evaluation: Epoch 0096 | Total Time 8.5s | Precision10 0.0955 Recall10 0.0955 NDCG10 0.1088 Precision20 0.0752 Recall20 0.1504 NDCG20 0.1391
2021-06-05 07:07:10,842 - root - INFO - Fine-tuning Evaluation: Epoch 0097 | Total Time 8.5s | Precision10 0.0955 Recall10 0.0955 NDCG10 0.1089 Precision20 0.0745 Recall20 0.1489 NDCG20 0.1384
2021-06-05 07:07:19,338 - root - INFO - Fine-tuning Evaluation: Epoch 0098 | Total Time 8.5s | Precision10 0.0957 Recall10 0.0957 NDCG10 0.1090 Precision20 0.0747 Recall20 0.1494 NDCG20 0.1386
2021-06-05 07:07:27,839 - root - INFO - Fine-tuning Evaluation: Epoch 0099 | Total Time 8.5s | Precision10 0.0969 Recall10 0.0969 NDCG10 0.1099 Precision20 0.0757 Recall20 0.1513 NDCG20 0.1398
2021-06-05 07:07:27,898 - root - INFO - Save model on epoch 0099!
2021-06-05 07:07:36,396 - root - INFO - Fine-tuning Evaluation: Epoch 0100 | Total Time 8.5s | Precision10 0.0967 Recall10 0.0967 NDCG10 0.1103 Precision20 0.0757 Recall20 0.1513 NDCG20 0.1403
2021-06-05 07:07:44,896 - root - INFO - Fine-tuning Evaluation: Epoch 0101 | Total Time 8.5s | Precision10 0.0964 Recall10 0.0964 NDCG10 0.1100 Precision20 0.0760 Recall20 0.1520 NDCG20 0.1406
2021-06-05 07:07:44,956 - root - INFO - Save model on epoch 0101!
2021-06-05 07:07:53,472 - root - INFO - Fine-tuning Evaluation: Epoch 0102 | Total Time 8.5s | Precision10 0.0964 Recall10 0.0964 NDCG10 0.1101 Precision20 0.0758 Recall20 0.1516 NDCG20 0.1403
2021-06-05 07:08:01,990 - root - INFO - Fine-tuning Evaluation: Epoch 0103 | Total Time 8.5s | Precision10 0.0974 Recall10 0.0974 NDCG10 0.1107 Precision20 0.0757 Recall20 0.1513 NDCG20 0.1404
2021-06-05 07:08:10,508 - root - INFO - Fine-tuning Evaluation: Epoch 0104 | Total Time 8.5s | Precision10 0.0967 Recall10 0.0967 NDCG10 0.1107 Precision20 0.0757 Recall20 0.1513 NDCG20 0.1409
2021-06-05 07:08:19,033 - root - INFO - Fine-tuning Evaluation: Epoch 0105 | Total Time 8.5s | Precision10 0.0959 Recall10 0.0959 NDCG10 0.1103 Precision20 0.0759 Recall20 0.1518 NDCG20 0.1411
2021-06-05 07:08:27,548 - root - INFO - Fine-tuning Evaluation: Epoch 0106 | Total Time 8.5s | Precision10 0.0967 Recall10 0.0967 NDCG10 0.1103 Precision20 0.0758 Recall20 0.1516 NDCG20 0.1405
2021-06-05 07:08:36,066 - root - INFO - Fine-tuning Evaluation: Epoch 0107 | Total Time 8.5s | Precision10 0.0964 Recall10 0.0964 NDCG10 0.1103 Precision20 0.0759 Recall20 0.1518 NDCG20 0.1408
2021-06-05 07:08:44,582 - root - INFO - Fine-tuning Evaluation: Epoch 0108 | Total Time 8.5s | Precision10 0.0969 Recall10 0.0969 NDCG10 0.1109 Precision20 0.0760 Recall20 0.1520 NDCG20 0.1412
2021-06-05 07:08:53,105 - root - INFO - Fine-tuning Evaluation: Epoch 0109 | Total Time 8.5s | Precision10 0.0962 Recall10 0.0962 NDCG10 0.1105 Precision20 0.0757 Recall20 0.1513 NDCG20 0.1410
2021-06-05 07:09:01,618 - root - INFO - Fine-tuning Evaluation: Epoch 0110 | Total Time 8.5s | Precision10 0.0964 Recall10 0.0964 NDCG10 0.1097 Precision20 0.0757 Recall20 0.1513 NDCG20 0.1399
2021-06-05 07:09:10,139 - root - INFO - Fine-tuning Evaluation: Epoch 0111 | Total Time 8.5s | Precision10 0.0967 Recall10 0.0967 NDCG10 0.1111 Precision20 0.0759 Recall20 0.1518 NDCG20 0.1415
2021-06-05 07:09:18,653 - root - INFO - Fine-tuning Evaluation: Epoch 0112 | Total Time 8.5s | Precision10 0.0962 Recall10 0.0962 NDCG10 0.1107 Precision20 0.0755 Recall20 0.1511 NDCG20 0.1410
2021-06-05 07:09:27,179 - root - INFO - Fine-tuning Evaluation: Epoch 0113 | Total Time 8.5s | Precision10 0.0969 Recall10 0.0969 NDCG10 0.1107 Precision20 0.0747 Recall20 0.1494 NDCG20 0.1396
2021-06-05 07:09:35,694 - root - INFO - Fine-tuning Evaluation: Epoch 0114 | Total Time 8.5s | Precision10 0.0971 Recall10 0.0971 NDCG10 0.1111 Precision20 0.0758 Recall20 0.1516 NDCG20 0.1412
2021-06-05 07:09:44,222 - root - INFO - Fine-tuning Evaluation: Epoch 0115 | Total Time 8.5s | Precision10 0.0971 Recall10 0.0971 NDCG10 0.1111 Precision20 0.0743 Recall20 0.1487 NDCG20 0.1396
2021-06-05 07:09:52,740 - root - INFO - Fine-tuning Evaluation: Epoch 0116 | Total Time 8.5s | Precision10 0.0964 Recall10 0.0964 NDCG10 0.1107 Precision20 0.0758 Recall20 0.1516 NDCG20 0.1411
2021-06-05 07:10:01,264 - root - INFO - Fine-tuning Evaluation: Epoch 0117 | Total Time 8.5s | Precision10 0.0971 Recall10 0.0971 NDCG10 0.1118 Precision20 0.0763 Recall20 0.1525 NDCG20 0.1422
2021-06-05 07:10:01,323 - root - INFO - Save model on epoch 0117!
2021-06-05 07:10:09,842 - root - INFO - Fine-tuning Evaluation: Epoch 0118 | Total Time 8.5s | Precision10 0.0957 Recall10 0.0957 NDCG10 0.1109 Precision20 0.0759 Recall20 0.1518 NDCG20 0.1418
2021-06-05 07:10:18,368 - root - INFO - Fine-tuning Evaluation: Epoch 0119 | Total Time 8.5s | Precision10 0.0962 Recall10 0.0962 NDCG10 0.1109 Precision20 0.0757 Recall20 0.1513 NDCG20 0.1414
2021-06-05 07:10:26,885 - root - INFO - Fine-tuning Evaluation: Epoch 0120 | Total Time 8.5s | Precision10 0.0947 Recall10 0.0947 NDCG10 0.1098 Precision20 0.0759 Recall20 0.1518 NDCG20 0.1414
2021-06-05 07:10:35,410 - root - INFO - Fine-tuning Evaluation: Epoch 0121 | Total Time 8.5s | Precision10 0.0957 Recall10 0.0957 NDCG10 0.1102 Precision20 0.0751 Recall20 0.1501 NDCG20 0.1402
2021-06-05 07:10:43,924 - root - INFO - Fine-tuning Evaluation: Epoch 0122 | Total Time 8.5s | Precision10 0.0962 Recall10 0.0962 NDCG10 0.1113 Precision20 0.0761 Recall20 0.1523 NDCG20 0.1422
2021-06-05 07:10:52,448 - root - INFO - Fine-tuning Evaluation: Epoch 0123 | Total Time 8.5s | Precision10 0.0964 Recall10 0.0964 NDCG10 0.1114 Precision20 0.0763 Recall20 0.1525 NDCG20 0.1423
2021-06-05 07:11:00,961 - root - INFO - Fine-tuning Evaluation: Epoch 0124 | Total Time 8.5s | Precision10 0.0957 Recall10 0.0957 NDCG10 0.1108 Precision20 0.0767 Recall20 0.1535 NDCG20 0.1427
2021-06-05 07:11:01,020 - root - INFO - Save model on epoch 0124!
2021-06-05 07:11:09,547 - root - INFO - Fine-tuning Evaluation: Epoch 0125 | Total Time 8.5s | Precision10 0.0955 Recall10 0.0955 NDCG10 0.1109 Precision20 0.0768 Recall20 0.1537 NDCG20 0.1431
2021-06-05 07:11:09,606 - root - INFO - Save model on epoch 0125!
2021-06-05 07:11:18,127 - root - INFO - Fine-tuning Evaluation: Epoch 0126 | Total Time 8.5s | Precision10 0.0947 Recall10 0.0947 NDCG10 0.1087 Precision20 0.0727 Recall20 0.1453 NDCG20 0.1367
2021-06-05 07:11:26,646 - root - INFO - Fine-tuning Evaluation: Epoch 0127 | Total Time 8.5s | Precision10 0.0959 Recall10 0.0959 NDCG10 0.1106 Precision20 0.0760 Recall20 0.1520 NDCG20 0.1416
2021-06-05 07:11:35,159 - root - INFO - Fine-tuning Evaluation: Epoch 0128 | Total Time 8.5s | Precision10 0.0974 Recall10 0.0974 NDCG10 0.1116 Precision20 0.0759 Recall20 0.1518 NDCG20 0.1416
2021-06-05 07:11:43,680 - root - INFO - Fine-tuning Evaluation: Epoch 0129 | Total Time 8.5s | Precision10 0.0967 Recall10 0.0967 NDCG10 0.1111 Precision20 0.0764 Recall20 0.1527 NDCG20 0.1420
2021-06-05 07:11:52,194 - root - INFO - Fine-tuning Evaluation: Epoch 0130 | Total Time 8.5s | Precision10 0.0969 Recall10 0.0969 NDCG10 0.1114 Precision20 0.0766 Recall20 0.1532 NDCG20 0.1424
2021-06-05 07:12:00,717 - root - INFO - Fine-tuning Evaluation: Epoch 0131 | Total Time 8.5s | Precision10 0.0962 Recall10 0.0962 NDCG10 0.1108 Precision20 0.0767 Recall20 0.1535 NDCG20 0.1424
2021-06-05 07:12:09,230 - root - INFO - Fine-tuning Evaluation: Epoch 0132 | Total Time 8.5s | Precision10 0.0964 Recall10 0.0964 NDCG10 0.1113 Precision20 0.0764 Recall20 0.1527 NDCG20 0.1422
2021-06-05 07:12:17,756 - root - INFO - Fine-tuning Evaluation: Epoch 0133 | Total Time 8.5s | Precision10 0.0971 Recall10 0.0971 NDCG10 0.1122 Precision20 0.0766 Recall20 0.1532 NDCG20 0.1431
2021-06-05 07:12:26,269 - root - INFO - Fine-tuning Evaluation: Epoch 0134 | Total Time 8.5s | Precision10 0.0962 Recall10 0.0962 NDCG10 0.1117 Precision20 0.0767 Recall20 0.1535 NDCG20 0.1433
2021-06-05 07:12:36,085 - root - INFO - Fine-tuning Evaluation: Epoch 0135 | Total Time 9.8s | Precision10 0.0967 Recall10 0.0967 NDCG10 0.1118 Precision20 0.0765 Recall20 0.1530 NDCG20 0.1429
2021-06-05 07:12:44,605 - root - INFO - Fine-tuning Evaluation: Epoch 0136 | Total Time 8.5s | Precision10 0.0964 Recall10 0.0964 NDCG10 0.1114 Precision20 0.0760 Recall20 0.1520 NDCG20 0.1421
2021-06-05 07:12:53,121 - root - INFO - Fine-tuning Evaluation: Epoch 0137 | Total Time 8.5s | Precision10 0.0962 Recall10 0.0962 NDCG10 0.1112 Precision20 0.0761 Recall20 0.1523 NDCG20 0.1422
2021-06-05 07:13:01,639 - root - INFO - Fine-tuning Evaluation: Epoch 0138 | Total Time 8.5s | Precision10 0.0959 Recall10 0.0959 NDCG10 0.1112 Precision20 0.0764 Recall20 0.1527 NDCG20 0.1425
2021-06-05 07:13:10,163 - root - INFO - Fine-tuning Evaluation: Epoch 0139 | Total Time 8.5s | Precision10 0.0952 Recall10 0.0952 NDCG10 0.1099 Precision20 0.0759 Recall20 0.1518 NDCG20 0.1412
2021-06-05 07:13:18,680 - root - INFO - Fine-tuning Evaluation: Epoch 0140 | Total Time 8.5s | Precision10 0.0969 Recall10 0.0969 NDCG10 0.1117 Precision20 0.0765 Recall20 0.1530 NDCG20 0.1426
2021-06-05 07:13:27,202 - root - INFO - Fine-tuning Evaluation: Epoch 0141 | Total Time 8.5s | Precision10 0.0959 Recall10 0.0959 NDCG10 0.1108 Precision20 0.0761 Recall20 0.1523 NDCG20 0.1420
2021-06-05 07:13:35,722 - root - INFO - Fine-tuning Evaluation: Epoch 0142 | Total Time 8.5s | Precision10 0.0959 Recall10 0.0959 NDCG10 0.1114 Precision20 0.0763 Recall20 0.1525 NDCG20 0.1425
2021-06-05 07:13:44,245 - root - INFO - Fine-tuning Evaluation: Epoch 0143 | Total Time 8.5s | Precision10 0.0967 Recall10 0.0967 NDCG10 0.1112 Precision20 0.0748 Recall20 0.1496 NDCG20 0.1404
2021-06-05 07:13:52,761 - root - INFO - Fine-tuning Evaluation: Epoch 0144 | Total Time 8.5s | Precision10 0.0962 Recall10 0.0962 NDCG10 0.1112 Precision20 0.0761 Recall20 0.1523 NDCG20 0.1422
2021-06-05 07:14:01,281 - root - INFO - Fine-tuning Evaluation: Epoch 0145 | Total Time 8.5s | Precision10 0.0962 Recall10 0.0962 NDCG10 0.1108 Precision20 0.0766 Recall20 0.1532 NDCG20 0.1422
2021-06-05 07:14:09,799 - root - INFO - Fine-tuning Evaluation: Epoch 0146 | Total Time 8.5s | Precision10 0.0969 Recall10 0.0969 NDCG10 0.1123 Precision20 0.0759 Recall20 0.1518 NDCG20 0.1425
2021-06-05 07:14:18,319 - root - INFO - Fine-tuning Evaluation: Epoch 0147 | Total Time 8.5s | Precision10 0.0969 Recall10 0.0969 NDCG10 0.1117 Precision20 0.0764 Recall20 0.1527 NDCG20 0.1426
2021-06-05 07:14:26,835 - root - INFO - Fine-tuning Evaluation: Epoch 0148 | Total Time 8.5s | Precision10 0.0974 Recall10 0.0974 NDCG10 0.1119 Precision20 0.0766 Recall20 0.1532 NDCG20 0.1427
2021-06-05 07:14:35,335 - root - INFO - Fine-tuning Evaluation: Epoch 0149 | Total Time 8.5s | Precision10 0.0967 Recall10 0.0967 NDCG10 0.1117 Precision20 0.0757 Recall20 0.1513 NDCG20 0.1419
2021-06-05 07:14:43,828 - root - INFO - Fine-tuning Evaluation: Epoch 0150 | Total Time 8.5s | Precision10 0.0964 Recall10 0.0964 NDCG10 0.1111 Precision20 0.0763 Recall20 0.1525 NDCG20 0.1421
2021-06-05 07:14:52,327 - root - INFO - Fine-tuning Evaluation: Epoch 0151 | Total Time 8.5s | Precision10 0.0974 Recall10 0.0974 NDCG10 0.1121 Precision20 0.0763 Recall20 0.1525 NDCG20 0.1427
2021-06-05 07:15:00,822 - root - INFO - Fine-tuning Evaluation: Epoch 0152 | Total Time 8.5s | Precision10 0.0976 Recall10 0.0976 NDCG10 0.1124 Precision20 0.0763 Recall20 0.1525 NDCG20 0.1428
2021-06-05 07:15:09,329 - root - INFO - Fine-tuning Evaluation: Epoch 0153 | Total Time 8.5s | Precision10 0.0983 Recall10 0.0983 NDCG10 0.1121 Precision20 0.0765 Recall20 0.1530 NDCG20 0.1423
2021-06-05 07:15:17,821 - root - INFO - Fine-tuning Evaluation: Epoch 0154 | Total Time 8.5s | Precision10 0.0979 Recall10 0.0979 NDCG10 0.1125 Precision20 0.0765 Recall20 0.1530 NDCG20 0.1430
2021-06-05 07:15:26,323 - root - INFO - Fine-tuning Evaluation: Epoch 0155 | Total Time 8.5s | Precision10 0.0983 Recall10 0.0983 NDCG10 0.1123 Precision20 0.0767 Recall20 0.1535 NDCG20 0.1428
