2021-05-16 05:13:32,997 - root - INFO - Namespace(K=20, aggregation_type='bi-interaction', cf_batch_size=16, cf_l2loss_lambda=1e-05, cf_print_every=50, conv_dim_list='[64, 32, 16]', data_dir='datasets/', data_name='amazon-book', entity_dim=64, evaluate_every=1, kg_batch_size=1024, kg_l2loss_lambda=1e-05, kg_print_every=100, local_lr=0.0001, local_rank=0, lr=0.0001, mess_dropout='[0.1, 0.1, 0.1]', n_epoch=1000, pretrain_embedding_dir='datasets/pretrain/', pretrain_model_path='trained_model/model.pth', relation_dim=64, save_dir='trained_model/KGAT/amazon-book/entitydim64_relationdim64_bi-interaction_64-32-16_lr0.0001_pretrain1/', seed=123, stopping_steps=20, test_batch_size=5000, use_pretrain=1)
2021-05-16 05:13:38,884 - numexpr.utils - INFO - Note: NumExpr detected 20 cores but "NUMEXPR_MAX_THREADS" not set, so enforcing safe limit of 8.
2021-05-16 05:13:38,884 - numexpr.utils - INFO - NumExpr defaulting to 8 threads.
2021-05-16 05:20:05,383 - root - INFO - n_users:            70679
2021-05-16 05:20:05,383 - root - INFO - n_items:            24915
2021-05-16 05:20:05,383 - root - INFO - n_entities:         113487
2021-05-16 05:20:05,383 - root - INFO - n_users_entities:   184166
2021-05-16 05:20:05,383 - root - INFO - n_relations:        80
2021-05-16 05:20:05,383 - root - INFO - n_cf_train:         119749
2021-05-16 05:20:05,383 - root - INFO - n_cf_test:          74980
2021-05-16 05:20:05,383 - root - INFO - n_kg_train:         5354990
2021-05-16 05:20:05,383 - root - INFO - n_kg_test:          5265452
2021-05-16 05:26:57,312 - root - INFO - n_users:            70679
2021-05-16 05:26:57,312 - root - INFO - n_items:            24915
2021-05-16 05:26:57,312 - root - INFO - n_entities:         113487
2021-05-16 05:26:57,312 - root - INFO - n_users_entities:   184166
2021-05-16 05:26:57,312 - root - INFO - n_relations:        80
2021-05-16 05:26:57,312 - root - INFO - n_cf_train:         61110
2021-05-16 05:26:57,312 - root - INFO - n_cf_test:          42630
2021-05-16 05:26:57,312 - root - INFO - n_kg_train:         5237712
2021-05-16 05:26:57,312 - root - INFO - n_kg_test:          5200752
2021-05-16 05:27:18,414 - root - INFO - KGAT(
  (relation_embed): Embedding(80, 64)
  (entity_user_embed): Embedding(184166, 64)
  (aggregator_layers): ModuleList(
    (0): Aggregator(
      (message_dropout): Dropout(p=0.1, inplace=False)
      (W1): Linear(in_features=64, out_features=64, bias=True)
      (W2): Linear(in_features=64, out_features=64, bias=True)
      (activation): LeakyReLU(negative_slope=0.01)
    )
    (1): Aggregator(
      (message_dropout): Dropout(p=0.1, inplace=False)
      (W1): Linear(in_features=64, out_features=32, bias=True)
      (W2): Linear(in_features=64, out_features=32, bias=True)
      (activation): LeakyReLU(negative_slope=0.01)
    )
    (2): Aggregator(
      (message_dropout): Dropout(p=0.1, inplace=False)
      (W1): Linear(in_features=32, out_features=16, bias=True)
      (W2): Linear(in_features=32, out_features=16, bias=True)
      (activation): LeakyReLU(negative_slope=0.01)
    )
  )
)
2021-05-16 05:27:19,902 - root - INFO - Update attention scores: Epoch 0001 | Total Time 1.4s
2021-05-16 05:27:21,512 - root - INFO - CF Training: Epoch 0001 Iter 0000 / 0469 | Time 3.0s | Iter Loss 0.8341
2021-05-16 05:27:22,678 - root - INFO - Update attention scores: Epoch 0001 | Total Time 4.2s
2021-05-16 05:27:25,345 - root - INFO - Update attention scores: Epoch 0001 | Total Time 6.9s
2021-05-16 05:27:28,009 - root - INFO - Update attention scores: Epoch 0001 | Total Time 9.5s
2021-05-16 05:27:30,672 - root - INFO - Update attention scores: Epoch 0001 | Total Time 12.2s
2021-05-16 05:27:33,337 - root - INFO - Update attention scores: Epoch 0001 | Total Time 14.9s
2021-05-16 05:27:36,004 - root - INFO - Update attention scores: Epoch 0001 | Total Time 17.5s
2021-05-16 05:27:38,666 - root - INFO - Update attention scores: Epoch 0001 | Total Time 20.2s
2021-05-16 05:27:41,331 - root - INFO - Update attention scores: Epoch 0001 | Total Time 22.8s
2021-05-16 05:27:43,999 - root - INFO - Update attention scores: Epoch 0001 | Total Time 25.5s
2021-05-16 05:27:46,662 - root - INFO - Update attention scores: Epoch 0001 | Total Time 28.2s
2021-05-16 05:27:49,326 - root - INFO - Update attention scores: Epoch 0001 | Total Time 30.8s
2021-05-16 05:27:51,992 - root - INFO - Update attention scores: Epoch 0001 | Total Time 33.5s
2021-05-16 05:27:54,654 - root - INFO - Update attention scores: Epoch 0001 | Total Time 36.2s
2021-05-16 05:27:57,316 - root - INFO - Update attention scores: Epoch 0001 | Total Time 38.8s
2021-05-16 05:27:59,981 - root - INFO - Update attention scores: Epoch 0001 | Total Time 41.5s
2021-05-16 05:28:02,640 - root - INFO - Update attention scores: Epoch 0001 | Total Time 44.2s
2021-05-16 05:28:05,299 - root - INFO - Update attention scores: Epoch 0001 | Total Time 46.8s
2021-05-16 05:28:07,961 - root - INFO - Update attention scores: Epoch 0001 | Total Time 49.5s
2021-05-16 05:28:10,618 - root - INFO - Update attention scores: Epoch 0001 | Total Time 52.1s
2021-05-16 05:28:13,278 - root - INFO - Update attention scores: Epoch 0001 | Total Time 54.8s
2021-05-16 05:28:15,939 - root - INFO - Update attention scores: Epoch 0001 | Total Time 57.5s
2021-05-16 05:28:18,597 - root - INFO - Update attention scores: Epoch 0001 | Total Time 60.1s
2021-05-16 05:28:21,258 - root - INFO - Update attention scores: Epoch 0001 | Total Time 62.8s
2021-05-16 05:28:23,918 - root - INFO - Update attention scores: Epoch 0001 | Total Time 65.4s
2021-05-16 05:28:26,577 - root - INFO - Update attention scores: Epoch 0001 | Total Time 68.1s
2021-05-16 05:28:29,241 - root - INFO - Update attention scores: Epoch 0001 | Total Time 70.8s
2021-05-16 05:28:31,901 - root - INFO - Update attention scores: Epoch 0001 | Total Time 73.4s
2021-05-16 05:28:34,560 - root - INFO - Update attention scores: Epoch 0001 | Total Time 76.1s
2021-05-16 05:28:37,221 - root - INFO - Update attention scores: Epoch 0001 | Total Time 78.7s
2021-05-16 05:28:39,878 - root - INFO - Update attention scores: Epoch 0001 | Total Time 81.4s
2021-05-16 05:28:42,539 - root - INFO - Update attention scores: Epoch 0001 | Total Time 84.1s
2021-05-16 05:28:45,201 - root - INFO - Update attention scores: Epoch 0001 | Total Time 86.7s
2021-05-16 05:28:47,859 - root - INFO - Update attention scores: Epoch 0001 | Total Time 89.4s
2021-05-16 05:28:50,520 - root - INFO - Update attention scores: Epoch 0001 | Total Time 92.0s
2021-05-16 05:28:53,180 - root - INFO - Update attention scores: Epoch 0001 | Total Time 94.7s
2021-05-16 05:28:55,839 - root - INFO - Update attention scores: Epoch 0001 | Total Time 97.4s
2021-05-16 05:28:58,504 - root - INFO - Update attention scores: Epoch 0001 | Total Time 100.0s
2021-05-16 05:29:01,169 - root - INFO - Update attention scores: Epoch 0001 | Total Time 102.7s
2021-05-16 05:29:03,830 - root - INFO - Update attention scores: Epoch 0001 | Total Time 105.3s
2021-05-16 05:29:06,495 - root - INFO - Update attention scores: Epoch 0001 | Total Time 108.0s
2021-05-16 05:29:09,160 - root - INFO - Update attention scores: Epoch 0001 | Total Time 110.7s
2021-05-16 05:29:11,823 - root - INFO - Update attention scores: Epoch 0001 | Total Time 113.3s
2021-05-16 05:29:14,490 - root - INFO - Update attention scores: Epoch 0001 | Total Time 116.0s
2021-05-16 05:29:17,156 - root - INFO - Update attention scores: Epoch 0001 | Total Time 118.7s
2021-05-16 05:29:19,819 - root - INFO - Update attention scores: Epoch 0001 | Total Time 121.3s
2021-05-16 05:29:22,485 - root - INFO - Update attention scores: Epoch 0001 | Total Time 124.0s
2021-05-16 05:29:25,152 - root - INFO - Update attention scores: Epoch 0001 | Total Time 126.7s
2021-05-16 05:29:27,815 - root - INFO - Update attention scores: Epoch 0001 | Total Time 129.3s
2021-05-16 05:29:30,483 - root - INFO - Update attention scores: Epoch 0001 | Total Time 132.0s
2021-05-16 05:29:33,149 - root - INFO - Update attention scores: Epoch 0001 | Total Time 134.7s
2021-05-16 05:29:34,642 - root - INFO - CF Training: Epoch 0001 Iter 0050 / 0469 | Time 2.7s | Iter Loss 0.5514
2021-05-16 05:29:35,810 - root - INFO - Update attention scores: Epoch 0001 | Total Time 137.3s
2021-05-16 05:29:38,477 - root - INFO - Update attention scores: Epoch 0001 | Total Time 140.0s
2021-05-16 05:29:41,141 - root - INFO - Update attention scores: Epoch 0001 | Total Time 142.7s
2021-05-16 05:29:43,804 - root - INFO - Update attention scores: Epoch 0001 | Total Time 145.3s
2021-05-16 05:29:46,471 - root - INFO - Update attention scores: Epoch 0001 | Total Time 148.0s
2021-05-16 05:29:49,133 - root - INFO - Update attention scores: Epoch 0001 | Total Time 150.7s
2021-05-16 05:29:51,797 - root - INFO - Update attention scores: Epoch 0001 | Total Time 153.3s
2021-05-16 05:29:54,462 - root - INFO - Update attention scores: Epoch 0001 | Total Time 156.0s
2021-05-16 05:29:57,126 - root - INFO - Update attention scores: Epoch 0001 | Total Time 158.6s
2021-05-16 05:29:59,790 - root - INFO - Update attention scores: Epoch 0001 | Total Time 161.3s
2021-05-16 05:30:02,456 - root - INFO - Update attention scores: Epoch 0001 | Total Time 164.0s
2021-05-16 05:30:05,119 - root - INFO - Update attention scores: Epoch 0001 | Total Time 166.6s
2021-05-16 05:30:07,784 - root - INFO - Update attention scores: Epoch 0001 | Total Time 169.3s
2021-05-16 05:30:10,453 - root - INFO - Update attention scores: Epoch 0001 | Total Time 172.0s
2021-05-16 05:30:13,116 - root - INFO - Update attention scores: Epoch 0001 | Total Time 174.6s
2021-05-16 05:30:15,780 - root - INFO - Update attention scores: Epoch 0001 | Total Time 177.3s
2021-05-16 05:30:18,447 - root - INFO - Update attention scores: Epoch 0001 | Total Time 180.0s
2021-05-16 05:30:21,109 - root - INFO - Update attention scores: Epoch 0001 | Total Time 182.6s
2021-05-16 05:30:23,772 - root - INFO - Update attention scores: Epoch 0001 | Total Time 185.3s
2021-05-16 05:30:26,440 - root - INFO - Update attention scores: Epoch 0001 | Total Time 188.0s
2021-05-16 05:30:29,103 - root - INFO - Update attention scores: Epoch 0001 | Total Time 190.6s
2021-05-16 05:30:31,768 - root - INFO - Update attention scores: Epoch 0001 | Total Time 193.3s
2021-05-16 05:30:34,436 - root - INFO - Update attention scores: Epoch 0001 | Total Time 196.0s
2021-05-16 05:30:37,098 - root - INFO - Update attention scores: Epoch 0001 | Total Time 198.6s
2021-05-16 05:30:39,762 - root - INFO - Update attention scores: Epoch 0001 | Total Time 201.3s
2021-05-16 05:30:42,430 - root - INFO - Update attention scores: Epoch 0001 | Total Time 203.9s
2021-05-16 05:30:45,094 - root - INFO - Update attention scores: Epoch 0001 | Total Time 206.6s
2021-05-16 05:30:47,760 - root - INFO - Update attention scores: Epoch 0001 | Total Time 209.3s
2021-05-16 05:30:50,427 - root - INFO - Update attention scores: Epoch 0001 | Total Time 211.9s
2021-05-16 05:30:53,089 - root - INFO - Update attention scores: Epoch 0001 | Total Time 214.6s
2021-05-16 05:30:55,755 - root - INFO - Update attention scores: Epoch 0001 | Total Time 217.3s
2021-05-16 05:30:58,422 - root - INFO - Update attention scores: Epoch 0001 | Total Time 219.9s
2021-05-16 05:31:01,085 - root - INFO - Update attention scores: Epoch 0001 | Total Time 222.6s
2021-05-16 05:31:03,750 - root - INFO - Update attention scores: Epoch 0001 | Total Time 225.3s
2021-05-16 05:31:06,413 - root - INFO - Update attention scores: Epoch 0001 | Total Time 227.9s
2021-05-16 05:31:09,076 - root - INFO - Update attention scores: Epoch 0001 | Total Time 230.6s
2021-05-16 05:31:11,741 - root - INFO - Update attention scores: Epoch 0001 | Total Time 233.3s
2021-05-16 05:31:14,404 - root - INFO - Update attention scores: Epoch 0001 | Total Time 235.9s
2021-05-16 05:31:17,067 - root - INFO - Update attention scores: Epoch 0001 | Total Time 238.6s
2021-05-16 05:31:19,733 - root - INFO - Update attention scores: Epoch 0001 | Total Time 241.3s
2021-05-16 05:31:22,395 - root - INFO - Update attention scores: Epoch 0001 | Total Time 243.9s
2021-05-16 05:31:25,060 - root - INFO - Update attention scores: Epoch 0001 | Total Time 246.6s
2021-05-16 05:31:27,726 - root - INFO - Update attention scores: Epoch 0001 | Total Time 249.2s
2021-05-16 05:31:30,388 - root - INFO - Update attention scores: Epoch 0001 | Total Time 251.9s
2021-05-16 05:31:33,051 - root - INFO - Update attention scores: Epoch 0001 | Total Time 254.6s
2021-05-16 05:31:35,718 - root - INFO - Update attention scores: Epoch 0001 | Total Time 257.2s
2021-05-16 05:31:38,380 - root - INFO - Update attention scores: Epoch 0001 | Total Time 259.9s
2021-05-16 05:31:41,043 - root - INFO - Update attention scores: Epoch 0001 | Total Time 262.6s
2021-05-16 05:31:43,712 - root - INFO - Update attention scores: Epoch 0001 | Total Time 265.2s
2021-05-16 05:31:46,377 - root - INFO - Update attention scores: Epoch 0001 | Total Time 267.9s
2021-05-16 05:31:47,871 - root - INFO - CF Training: Epoch 0001 Iter 0100 / 0469 | Time 2.7s | Iter Loss 0.4625
2021-05-16 05:31:49,042 - root - INFO - Update attention scores: Epoch 0001 | Total Time 270.6s
2021-05-16 05:31:51,709 - root - INFO - Update attention scores: Epoch 0001 | Total Time 273.2s
2021-05-16 05:31:54,375 - root - INFO - Update attention scores: Epoch 0001 | Total Time 275.9s
2021-05-16 05:31:57,040 - root - INFO - Update attention scores: Epoch 0001 | Total Time 278.6s
2021-05-16 05:31:59,707 - root - INFO - Update attention scores: Epoch 0001 | Total Time 281.2s
2021-05-16 05:32:02,372 - root - INFO - Update attention scores: Epoch 0001 | Total Time 283.9s
2021-05-16 05:32:05,039 - root - INFO - Update attention scores: Epoch 0001 | Total Time 286.6s
2021-05-16 05:32:07,706 - root - INFO - Update attention scores: Epoch 0001 | Total Time 289.2s
2021-05-16 05:32:10,370 - root - INFO - Update attention scores: Epoch 0001 | Total Time 291.9s
2021-05-16 05:32:13,036 - root - INFO - Update attention scores: Epoch 0001 | Total Time 294.6s
2021-05-16 05:32:15,703 - root - INFO - Update attention scores: Epoch 0001 | Total Time 297.2s
2021-05-16 05:32:18,367 - root - INFO - Update attention scores: Epoch 0001 | Total Time 299.9s
2021-05-16 05:32:21,032 - root - INFO - Update attention scores: Epoch 0001 | Total Time 302.6s
2021-05-16 05:32:23,699 - root - INFO - Update attention scores: Epoch 0001 | Total Time 305.2s
2021-05-16 05:32:26,363 - root - INFO - Update attention scores: Epoch 0001 | Total Time 307.9s
2021-05-16 05:32:29,029 - root - INFO - Update attention scores: Epoch 0001 | Total Time 310.5s
2021-05-16 05:32:31,694 - root - INFO - Update attention scores: Epoch 0001 | Total Time 313.2s
2021-05-16 05:32:34,359 - root - INFO - Update attention scores: Epoch 0001 | Total Time 315.9s
2021-05-16 05:32:37,025 - root - INFO - Update attention scores: Epoch 0001 | Total Time 318.5s
2021-05-16 05:32:39,693 - root - INFO - Update attention scores: Epoch 0001 | Total Time 321.2s
2021-05-16 05:32:42,357 - root - INFO - Update attention scores: Epoch 0001 | Total Time 323.9s
2021-05-16 05:32:45,021 - root - INFO - Update attention scores: Epoch 0001 | Total Time 326.5s
2021-05-16 05:32:47,686 - root - INFO - Update attention scores: Epoch 0001 | Total Time 329.2s
2021-05-16 05:32:50,353 - root - INFO - Update attention scores: Epoch 0001 | Total Time 331.9s
2021-05-16 05:32:53,017 - root - INFO - Update attention scores: Epoch 0001 | Total Time 334.5s
2021-05-16 05:32:55,682 - root - INFO - Update attention scores: Epoch 0001 | Total Time 337.2s
2021-05-16 05:32:58,347 - root - INFO - Update attention scores: Epoch 0001 | Total Time 339.9s
2021-05-16 05:33:01,010 - root - INFO - Update attention scores: Epoch 0001 | Total Time 342.5s
2021-05-16 05:33:03,675 - root - INFO - Update attention scores: Epoch 0001 | Total Time 345.2s
2021-05-16 05:33:06,340 - root - INFO - Update attention scores: Epoch 0001 | Total Time 347.9s
2021-05-16 05:33:09,003 - root - INFO - Update attention scores: Epoch 0001 | Total Time 350.5s
2021-05-16 05:33:11,669 - root - INFO - Update attention scores: Epoch 0001 | Total Time 353.2s
2021-05-16 05:33:14,334 - root - INFO - Update attention scores: Epoch 0001 | Total Time 355.9s
2021-05-16 05:33:16,997 - root - INFO - Update attention scores: Epoch 0001 | Total Time 358.5s
2021-05-16 05:33:19,662 - root - INFO - Update attention scores: Epoch 0001 | Total Time 361.2s
2021-05-16 05:33:22,327 - root - INFO - Update attention scores: Epoch 0001 | Total Time 363.8s
2021-05-16 05:33:24,991 - root - INFO - Update attention scores: Epoch 0001 | Total Time 366.5s
2021-05-16 05:33:27,656 - root - INFO - Update attention scores: Epoch 0001 | Total Time 369.2s
2021-05-16 05:33:30,321 - root - INFO - Update attention scores: Epoch 0001 | Total Time 371.8s
2021-05-16 05:33:32,986 - root - INFO - Update attention scores: Epoch 0001 | Total Time 374.5s
2021-05-16 05:33:35,649 - root - INFO - Update attention scores: Epoch 0001 | Total Time 377.2s
2021-05-16 05:33:38,314 - root - INFO - Update attention scores: Epoch 0001 | Total Time 379.8s
2021-05-16 05:33:40,978 - root - INFO - Update attention scores: Epoch 0001 | Total Time 382.5s
2021-05-16 05:33:43,643 - root - INFO - Update attention scores: Epoch 0001 | Total Time 385.2s
2021-05-16 05:33:46,308 - root - INFO - Update attention scores: Epoch 0001 | Total Time 387.8s
2021-05-16 05:33:48,972 - root - INFO - Update attention scores: Epoch 0001 | Total Time 390.5s
2021-05-16 05:33:51,637 - root - INFO - Update attention scores: Epoch 0001 | Total Time 393.2s
2021-05-16 05:33:54,302 - root - INFO - Update attention scores: Epoch 0001 | Total Time 395.8s
2021-05-16 05:33:56,967 - root - INFO - Update attention scores: Epoch 0001 | Total Time 398.5s
2021-05-16 05:33:59,632 - root - INFO - Update attention scores: Epoch 0001 | Total Time 401.1s
2021-05-16 05:34:01,127 - root - INFO - CF Training: Epoch 0001 Iter 0150 / 0469 | Time 2.7s | Iter Loss 0.6190
2021-05-16 05:34:02,295 - root - INFO - Update attention scores: Epoch 0001 | Total Time 403.8s
2021-05-16 05:34:04,959 - root - INFO - Update attention scores: Epoch 0001 | Total Time 406.5s
2021-05-16 05:34:07,623 - root - INFO - Update attention scores: Epoch 0001 | Total Time 409.1s
2021-05-16 05:34:10,288 - root - INFO - Update attention scores: Epoch 0001 | Total Time 411.8s
2021-05-16 05:34:12,950 - root - INFO - Update attention scores: Epoch 0001 | Total Time 414.5s
2021-05-16 05:34:15,613 - root - INFO - Update attention scores: Epoch 0001 | Total Time 417.1s
2021-05-16 05:34:18,278 - root - INFO - Update attention scores: Epoch 0001 | Total Time 419.8s
2021-05-16 05:34:20,941 - root - INFO - Update attention scores: Epoch 0001 | Total Time 422.5s
2021-05-16 05:34:23,605 - root - INFO - Update attention scores: Epoch 0001 | Total Time 425.1s
2021-05-16 05:34:26,269 - root - INFO - Update attention scores: Epoch 0001 | Total Time 427.8s
2021-05-16 05:34:28,932 - root - INFO - Update attention scores: Epoch 0001 | Total Time 430.5s
2021-05-16 05:34:31,598 - root - INFO - Update attention scores: Epoch 0001 | Total Time 433.1s
2021-05-16 05:34:34,263 - root - INFO - Update attention scores: Epoch 0001 | Total Time 435.8s
2021-05-16 05:34:36,926 - root - INFO - Update attention scores: Epoch 0001 | Total Time 438.4s
2021-05-16 05:34:39,591 - root - INFO - Update attention scores: Epoch 0001 | Total Time 441.1s
2021-05-16 05:34:42,256 - root - INFO - Update attention scores: Epoch 0001 | Total Time 443.8s
2021-05-16 05:34:44,920 - root - INFO - Update attention scores: Epoch 0001 | Total Time 446.4s
2021-05-16 05:34:47,585 - root - INFO - Update attention scores: Epoch 0001 | Total Time 449.1s
2021-05-16 05:34:50,250 - root - INFO - Update attention scores: Epoch 0001 | Total Time 451.8s
2021-05-16 05:34:52,913 - root - INFO - Update attention scores: Epoch 0001 | Total Time 454.4s
2021-05-16 05:34:55,578 - root - INFO - Update attention scores: Epoch 0001 | Total Time 457.1s
2021-05-16 05:34:58,242 - root - INFO - Update attention scores: Epoch 0001 | Total Time 459.8s
2021-05-16 05:35:00,906 - root - INFO - Update attention scores: Epoch 0001 | Total Time 462.4s
2021-05-16 05:35:03,571 - root - INFO - Update attention scores: Epoch 0001 | Total Time 465.1s
2021-05-16 05:35:06,236 - root - INFO - Update attention scores: Epoch 0001 | Total Time 467.8s
2021-05-16 05:35:08,900 - root - INFO - Update attention scores: Epoch 0001 | Total Time 470.4s
2021-05-16 05:35:11,566 - root - INFO - Update attention scores: Epoch 0001 | Total Time 473.1s
2021-05-16 05:35:14,230 - root - INFO - Update attention scores: Epoch 0001 | Total Time 475.7s
2021-05-16 05:35:16,894 - root - INFO - Update attention scores: Epoch 0001 | Total Time 478.4s
2021-05-16 05:35:19,559 - root - INFO - Update attention scores: Epoch 0001 | Total Time 481.1s
2021-05-16 05:35:22,225 - root - INFO - Update attention scores: Epoch 0001 | Total Time 483.7s
2021-05-16 05:35:24,889 - root - INFO - Update attention scores: Epoch 0001 | Total Time 486.4s
2021-05-16 05:35:27,554 - root - INFO - Update attention scores: Epoch 0001 | Total Time 489.1s
2021-05-16 05:35:30,219 - root - INFO - Update attention scores: Epoch 0001 | Total Time 491.7s
2021-05-16 05:35:32,883 - root - INFO - Update attention scores: Epoch 0001 | Total Time 494.4s
2021-05-16 05:35:35,547 - root - INFO - Update attention scores: Epoch 0001 | Total Time 497.1s
2021-05-16 05:35:38,213 - root - INFO - Update attention scores: Epoch 0001 | Total Time 499.7s
2021-05-16 05:35:40,877 - root - INFO - Update attention scores: Epoch 0001 | Total Time 502.4s
2021-05-16 05:35:43,543 - root - INFO - Update attention scores: Epoch 0001 | Total Time 505.1s
2021-05-16 05:35:46,209 - root - INFO - Update attention scores: Epoch 0001 | Total Time 507.7s
2021-05-16 05:35:48,872 - root - INFO - Update attention scores: Epoch 0001 | Total Time 510.4s
2021-05-16 05:35:51,537 - root - INFO - Update attention scores: Epoch 0001 | Total Time 513.1s
2021-05-16 05:35:54,202 - root - INFO - Update attention scores: Epoch 0001 | Total Time 515.7s
2021-05-16 05:35:56,866 - root - INFO - Update attention scores: Epoch 0001 | Total Time 518.4s
2021-05-16 05:35:59,532 - root - INFO - Update attention scores: Epoch 0001 | Total Time 521.0s
2021-05-16 05:36:02,197 - root - INFO - Update attention scores: Epoch 0001 | Total Time 523.7s
2021-05-16 05:36:04,860 - root - INFO - Update attention scores: Epoch 0001 | Total Time 526.4s
2021-05-16 05:36:07,525 - root - INFO - Update attention scores: Epoch 0001 | Total Time 529.0s
2021-05-16 05:36:10,191 - root - INFO - Update attention scores: Epoch 0001 | Total Time 531.7s
2021-05-16 05:36:12,855 - root - INFO - Update attention scores: Epoch 0001 | Total Time 534.4s
2021-05-16 05:36:14,350 - root - INFO - CF Training: Epoch 0001 Iter 0200 / 0469 | Time 2.7s | Iter Loss 0.5535
2021-05-16 05:36:15,517 - root - INFO - Update attention scores: Epoch 0001 | Total Time 537.0s
2021-05-16 05:36:18,183 - root - INFO - Update attention scores: Epoch 0001 | Total Time 539.7s
2021-05-16 05:36:20,847 - root - INFO - Update attention scores: Epoch 0001 | Total Time 542.4s
2021-05-16 05:36:23,511 - root - INFO - Update attention scores: Epoch 0001 | Total Time 545.0s
2021-05-16 05:36:26,175 - root - INFO - Update attention scores: Epoch 0001 | Total Time 547.7s
2021-05-16 05:36:28,839 - root - INFO - Update attention scores: Epoch 0001 | Total Time 550.4s
2021-05-16 05:36:31,505 - root - INFO - Update attention scores: Epoch 0001 | Total Time 553.0s
2021-05-16 05:36:34,169 - root - INFO - Update attention scores: Epoch 0001 | Total Time 555.7s
2021-05-16 05:36:36,833 - root - INFO - Update attention scores: Epoch 0001 | Total Time 558.4s
2021-05-16 05:36:39,498 - root - INFO - Update attention scores: Epoch 0001 | Total Time 561.0s
2021-05-16 05:36:42,164 - root - INFO - Update attention scores: Epoch 0001 | Total Time 563.7s
2021-05-16 05:36:44,828 - root - INFO - Update attention scores: Epoch 0001 | Total Time 566.3s
2021-05-16 05:36:47,495 - root - INFO - Update attention scores: Epoch 0001 | Total Time 569.0s
2021-05-16 05:36:50,159 - root - INFO - Update attention scores: Epoch 0001 | Total Time 571.7s
2021-05-16 05:36:52,822 - root - INFO - Update attention scores: Epoch 0001 | Total Time 574.3s
2021-05-16 05:36:55,486 - root - INFO - Update attention scores: Epoch 0001 | Total Time 577.0s
2021-05-16 05:36:58,150 - root - INFO - Update attention scores: Epoch 0001 | Total Time 579.7s
2021-05-16 05:37:00,818 - root - INFO - Update attention scores: Epoch 0001 | Total Time 582.3s
2021-05-16 05:37:03,482 - root - INFO - Update attention scores: Epoch 0001 | Total Time 585.0s
2021-05-16 05:37:06,146 - root - INFO - Update attention scores: Epoch 0001 | Total Time 587.7s
2021-05-16 05:37:08,813 - root - INFO - Update attention scores: Epoch 0001 | Total Time 590.3s
2021-05-16 05:37:11,477 - root - INFO - Update attention scores: Epoch 0001 | Total Time 593.0s
2021-05-16 05:37:14,141 - root - INFO - Update attention scores: Epoch 0001 | Total Time 595.7s
2021-05-16 05:37:16,809 - root - INFO - Update attention scores: Epoch 0001 | Total Time 598.3s
2021-05-16 05:37:19,473 - root - INFO - Update attention scores: Epoch 0001 | Total Time 601.0s
2021-05-16 05:37:22,138 - root - INFO - Update attention scores: Epoch 0001 | Total Time 603.7s
2021-05-16 05:37:24,805 - root - INFO - Update attention scores: Epoch 0001 | Total Time 606.3s
2021-05-16 05:37:27,469 - root - INFO - Update attention scores: Epoch 0001 | Total Time 609.0s
2021-05-16 05:37:30,135 - root - INFO - Update attention scores: Epoch 0001 | Total Time 611.7s
2021-05-16 05:37:32,801 - root - INFO - Update attention scores: Epoch 0001 | Total Time 614.3s
2021-05-16 05:37:35,463 - root - INFO - Update attention scores: Epoch 0001 | Total Time 617.0s
2021-05-16 05:37:38,129 - root - INFO - Update attention scores: Epoch 0001 | Total Time 619.6s
2021-05-16 05:37:40,793 - root - INFO - Update attention scores: Epoch 0001 | Total Time 622.3s
2021-05-16 05:37:43,457 - root - INFO - Update attention scores: Epoch 0001 | Total Time 625.0s
2021-05-16 05:37:46,124 - root - INFO - Update attention scores: Epoch 0001 | Total Time 627.6s
2021-05-16 05:37:48,786 - root - INFO - Update attention scores: Epoch 0001 | Total Time 630.3s
2021-05-16 05:37:51,451 - root - INFO - Update attention scores: Epoch 0001 | Total Time 633.0s
2021-05-16 05:37:54,116 - root - INFO - Update attention scores: Epoch 0001 | Total Time 635.6s
2021-05-16 05:37:56,778 - root - INFO - Update attention scores: Epoch 0001 | Total Time 638.3s
2021-05-16 05:37:59,443 - root - INFO - Update attention scores: Epoch 0001 | Total Time 641.0s
2021-05-16 05:38:02,109 - root - INFO - Update attention scores: Epoch 0001 | Total Time 643.6s
2021-05-16 05:38:04,771 - root - INFO - Update attention scores: Epoch 0001 | Total Time 646.3s
2021-05-16 05:38:07,436 - root - INFO - Update attention scores: Epoch 0001 | Total Time 649.0s
2021-05-16 05:38:10,103 - root - INFO - Update attention scores: Epoch 0001 | Total Time 651.6s
2021-05-16 05:38:12,765 - root - INFO - Update attention scores: Epoch 0001 | Total Time 654.3s
2021-05-16 05:38:15,428 - root - INFO - Update attention scores: Epoch 0001 | Total Time 656.9s
2021-05-16 05:38:18,096 - root - INFO - Update attention scores: Epoch 0001 | Total Time 659.6s
2021-05-16 05:38:20,759 - root - INFO - Update attention scores: Epoch 0001 | Total Time 662.3s
2021-05-16 05:38:24,969 - root - INFO - Update attention scores: Epoch 0001 | Total Time 666.5s
2021-05-16 05:38:27,632 - root - INFO - Update attention scores: Epoch 0001 | Total Time 669.2s
2021-05-16 05:38:29,127 - root - INFO - CF Training: Epoch 0001 Iter 0250 / 0469 | Time 2.7s | Iter Loss 0.6661
2021-05-16 05:38:30,297 - root - INFO - Update attention scores: Epoch 0001 | Total Time 671.8s
2021-05-16 05:38:32,961 - root - INFO - Update attention scores: Epoch 0001 | Total Time 674.5s
2021-05-16 05:38:35,623 - root - INFO - Update attention scores: Epoch 0001 | Total Time 677.1s
2021-05-16 05:38:38,289 - root - INFO - Update attention scores: Epoch 0001 | Total Time 679.8s
2021-05-16 05:38:40,951 - root - INFO - Update attention scores: Epoch 0001 | Total Time 682.5s
2021-05-16 05:38:43,615 - root - INFO - Update attention scores: Epoch 0001 | Total Time 685.1s
2021-05-16 05:38:46,282 - root - INFO - Update attention scores: Epoch 0001 | Total Time 687.8s
2021-05-16 05:38:48,944 - root - INFO - Update attention scores: Epoch 0001 | Total Time 690.5s
2021-05-16 05:38:51,609 - root - INFO - Update attention scores: Epoch 0001 | Total Time 693.1s
2021-05-16 05:38:54,275 - root - INFO - Update attention scores: Epoch 0001 | Total Time 695.8s
2021-05-16 05:38:56,938 - root - INFO - Update attention scores: Epoch 0001 | Total Time 698.5s
2021-05-16 05:38:59,603 - root - INFO - Update attention scores: Epoch 0001 | Total Time 701.1s
2021-05-16 05:39:02,270 - root - INFO - Update attention scores: Epoch 0001 | Total Time 703.8s
2021-05-16 05:39:04,933 - root - INFO - Update attention scores: Epoch 0001 | Total Time 706.5s
2021-05-16 05:39:07,597 - root - INFO - Update attention scores: Epoch 0001 | Total Time 709.1s
2021-05-16 05:39:10,265 - root - INFO - Update attention scores: Epoch 0001 | Total Time 711.8s
2021-05-16 05:39:12,927 - root - INFO - Update attention scores: Epoch 0001 | Total Time 714.4s
2021-05-16 05:39:15,590 - root - INFO - Update attention scores: Epoch 0001 | Total Time 717.1s
2021-05-16 05:39:18,258 - root - INFO - Update attention scores: Epoch 0001 | Total Time 719.8s
2021-05-16 05:39:20,920 - root - INFO - Update attention scores: Epoch 0001 | Total Time 722.4s
2021-05-16 05:39:23,584 - root - INFO - Update attention scores: Epoch 0001 | Total Time 725.1s
2021-05-16 05:39:26,252 - root - INFO - Update attention scores: Epoch 0001 | Total Time 727.8s
2021-05-16 05:39:28,915 - root - INFO - Update attention scores: Epoch 0001 | Total Time 730.4s
2021-05-16 05:39:31,580 - root - INFO - Update attention scores: Epoch 0001 | Total Time 733.1s
2021-05-16 05:39:34,248 - root - INFO - Update attention scores: Epoch 0001 | Total Time 735.8s
2021-05-16 05:39:36,912 - root - INFO - Update attention scores: Epoch 0001 | Total Time 738.4s
2021-05-16 05:39:39,579 - root - INFO - Update attention scores: Epoch 0001 | Total Time 741.1s
2021-05-16 05:39:42,247 - root - INFO - Update attention scores: Epoch 0001 | Total Time 743.8s
2021-05-16 05:39:44,910 - root - INFO - Update attention scores: Epoch 0001 | Total Time 746.4s
2021-05-16 05:39:47,576 - root - INFO - Update attention scores: Epoch 0001 | Total Time 749.1s
2021-05-16 05:39:50,243 - root - INFO - Update attention scores: Epoch 0001 | Total Time 751.8s
2021-05-16 05:39:52,906 - root - INFO - Update attention scores: Epoch 0001 | Total Time 754.4s
2021-05-16 05:39:55,574 - root - INFO - Update attention scores: Epoch 0001 | Total Time 757.1s
2021-05-16 05:39:58,239 - root - INFO - Update attention scores: Epoch 0001 | Total Time 759.8s
2021-05-16 05:40:00,902 - root - INFO - Update attention scores: Epoch 0001 | Total Time 762.4s
2021-05-16 05:40:03,569 - root - INFO - Update attention scores: Epoch 0001 | Total Time 765.1s
2021-05-16 05:40:06,234 - root - INFO - Update attention scores: Epoch 0001 | Total Time 767.8s
2021-05-16 05:40:08,897 - root - INFO - Update attention scores: Epoch 0001 | Total Time 770.4s
2021-05-16 05:40:11,563 - root - INFO - Update attention scores: Epoch 0001 | Total Time 773.1s
2021-05-16 05:40:14,226 - root - INFO - Update attention scores: Epoch 0001 | Total Time 775.7s
2021-05-16 05:40:16,889 - root - INFO - Update attention scores: Epoch 0001 | Total Time 778.4s
2021-05-16 05:40:19,556 - root - INFO - Update attention scores: Epoch 0001 | Total Time 781.1s
2021-05-16 05:40:22,220 - root - INFO - Update attention scores: Epoch 0001 | Total Time 783.7s
2021-05-16 05:40:24,883 - root - INFO - Update attention scores: Epoch 0001 | Total Time 786.4s
2021-05-16 05:40:27,550 - root - INFO - Update attention scores: Epoch 0001 | Total Time 789.1s
2021-05-16 05:40:30,214 - root - INFO - Update attention scores: Epoch 0001 | Total Time 791.7s
2021-05-16 05:40:32,878 - root - INFO - Update attention scores: Epoch 0001 | Total Time 794.4s
2021-05-16 05:40:35,546 - root - INFO - Update attention scores: Epoch 0001 | Total Time 797.1s
2021-05-16 05:40:38,211 - root - INFO - Update attention scores: Epoch 0001 | Total Time 799.7s
2021-05-16 05:40:40,875 - root - INFO - Update attention scores: Epoch 0001 | Total Time 802.4s
2021-05-16 05:40:42,370 - root - INFO - CF Training: Epoch 0001 Iter 0300 / 0469 | Time 2.7s | Iter Loss 0.5337
2021-05-16 05:40:43,540 - root - INFO - Update attention scores: Epoch 0001 | Total Time 805.1s
2021-05-16 05:40:46,205 - root - INFO - Update attention scores: Epoch 0001 | Total Time 807.7s
2021-05-16 05:40:48,871 - root - INFO - Update attention scores: Epoch 0001 | Total Time 810.4s
2021-05-16 05:40:51,539 - root - INFO - Update attention scores: Epoch 0001 | Total Time 813.1s
2021-05-16 05:40:54,203 - root - INFO - Update attention scores: Epoch 0001 | Total Time 815.7s
2021-05-16 05:40:56,868 - root - INFO - Update attention scores: Epoch 0001 | Total Time 818.4s
2021-05-16 05:40:59,536 - root - INFO - Update attention scores: Epoch 0001 | Total Time 821.1s
2021-05-16 05:41:02,200 - root - INFO - Update attention scores: Epoch 0001 | Total Time 823.7s
2021-05-16 05:41:04,866 - root - INFO - Update attention scores: Epoch 0001 | Total Time 826.4s
2021-05-16 05:41:07,532 - root - INFO - Update attention scores: Epoch 0001 | Total Time 829.0s
2021-05-16 05:41:10,197 - root - INFO - Update attention scores: Epoch 0001 | Total Time 831.7s
2021-05-16 05:41:12,863 - root - INFO - Update attention scores: Epoch 0001 | Total Time 834.4s
2021-05-16 05:41:15,529 - root - INFO - Update attention scores: Epoch 0001 | Total Time 837.0s
2021-05-16 05:41:18,192 - root - INFO - Update attention scores: Epoch 0001 | Total Time 839.7s
2021-05-16 05:41:20,859 - root - INFO - Update attention scores: Epoch 0001 | Total Time 842.4s
2021-05-16 05:41:23,526 - root - INFO - Update attention scores: Epoch 0001 | Total Time 845.0s
2021-05-16 05:41:26,188 - root - INFO - Update attention scores: Epoch 0001 | Total Time 847.7s
2021-05-16 05:41:28,853 - root - INFO - Update attention scores: Epoch 0001 | Total Time 850.4s
2021-05-16 05:41:31,520 - root - INFO - Update attention scores: Epoch 0001 | Total Time 853.0s
2021-05-16 05:41:34,183 - root - INFO - Update attention scores: Epoch 0001 | Total Time 855.7s
2021-05-16 05:41:36,849 - root - INFO - Update attention scores: Epoch 0001 | Total Time 858.4s
2021-05-16 05:41:39,513 - root - INFO - Update attention scores: Epoch 0001 | Total Time 861.0s
2021-05-16 05:41:42,177 - root - INFO - Update attention scores: Epoch 0001 | Total Time 863.7s
2021-05-16 05:41:44,842 - root - INFO - Update attention scores: Epoch 0001 | Total Time 866.4s
2021-05-16 05:41:47,506 - root - INFO - Update attention scores: Epoch 0001 | Total Time 869.0s
2021-05-16 05:41:50,170 - root - INFO - Update attention scores: Epoch 0001 | Total Time 871.7s
2021-05-16 05:41:52,837 - root - INFO - Update attention scores: Epoch 0001 | Total Time 874.4s
2021-05-16 05:41:55,499 - root - INFO - Update attention scores: Epoch 0001 | Total Time 877.0s
2021-05-16 05:41:58,164 - root - INFO - Update attention scores: Epoch 0001 | Total Time 879.7s
2021-05-16 05:42:00,831 - root - INFO - Update attention scores: Epoch 0001 | Total Time 882.3s
2021-05-16 05:42:03,495 - root - INFO - Update attention scores: Epoch 0001 | Total Time 885.0s
2021-05-16 05:42:06,158 - root - INFO - Update attention scores: Epoch 0001 | Total Time 887.7s
2021-05-16 05:42:08,826 - root - INFO - Update attention scores: Epoch 0001 | Total Time 890.3s
2021-05-16 05:42:11,491 - root - INFO - Update attention scores: Epoch 0001 | Total Time 893.0s
2021-05-16 05:42:14,155 - root - INFO - Update attention scores: Epoch 0001 | Total Time 895.7s
2021-05-16 05:42:16,824 - root - INFO - Update attention scores: Epoch 0001 | Total Time 898.3s
2021-05-16 05:42:19,489 - root - INFO - Update attention scores: Epoch 0001 | Total Time 901.0s
2021-05-16 05:42:22,154 - root - INFO - Update attention scores: Epoch 0001 | Total Time 903.7s
2021-05-16 05:42:24,821 - root - INFO - Update attention scores: Epoch 0001 | Total Time 906.3s
2021-05-16 05:42:27,483 - root - INFO - Update attention scores: Epoch 0001 | Total Time 909.0s
2021-05-16 05:42:30,149 - root - INFO - Update attention scores: Epoch 0001 | Total Time 911.7s
2021-05-16 05:42:32,816 - root - INFO - Update attention scores: Epoch 0001 | Total Time 914.3s
2021-05-16 05:42:35,482 - root - INFO - Update attention scores: Epoch 0001 | Total Time 917.0s
2021-05-16 05:42:38,147 - root - INFO - Update attention scores: Epoch 0001 | Total Time 919.7s
2021-05-16 05:42:40,814 - root - INFO - Update attention scores: Epoch 0001 | Total Time 922.3s
2021-05-16 05:42:43,478 - root - INFO - Update attention scores: Epoch 0001 | Total Time 925.0s
2021-05-16 05:42:46,143 - root - INFO - Update attention scores: Epoch 0001 | Total Time 927.7s
2021-05-16 05:42:48,810 - root - INFO - Update attention scores: Epoch 0001 | Total Time 930.3s
2021-05-16 05:42:51,475 - root - INFO - Update attention scores: Epoch 0001 | Total Time 933.0s
2021-05-16 05:42:54,141 - root - INFO - Update attention scores: Epoch 0001 | Total Time 935.7s
2021-05-16 05:42:55,636 - root - INFO - CF Training: Epoch 0001 Iter 0350 / 0469 | Time 2.7s | Iter Loss 0.5039
2021-05-16 05:42:56,805 - root - INFO - Update attention scores: Epoch 0001 | Total Time 938.3s
2021-05-16 05:42:59,471 - root - INFO - Update attention scores: Epoch 0001 | Total Time 941.0s
2021-05-16 05:43:02,137 - root - INFO - Update attention scores: Epoch 0001 | Total Time 943.7s
2021-05-16 05:43:04,800 - root - INFO - Update attention scores: Epoch 0001 | Total Time 946.3s
2021-05-16 05:43:07,465 - root - INFO - Update attention scores: Epoch 0001 | Total Time 949.0s
2021-05-16 05:43:10,131 - root - INFO - Update attention scores: Epoch 0001 | Total Time 951.6s
2021-05-16 05:43:12,794 - root - INFO - Update attention scores: Epoch 0001 | Total Time 954.3s
2021-05-16 05:43:15,459 - root - INFO - Update attention scores: Epoch 0001 | Total Time 957.0s
2021-05-16 05:43:18,126 - root - INFO - Update attention scores: Epoch 0001 | Total Time 959.6s
2021-05-16 05:43:20,790 - root - INFO - Update attention scores: Epoch 0001 | Total Time 962.3s
2021-05-16 05:43:23,455 - root - INFO - Update attention scores: Epoch 0001 | Total Time 965.0s
2021-05-16 05:43:26,120 - root - INFO - Update attention scores: Epoch 0001 | Total Time 967.6s
2021-05-16 05:43:28,777 - root - INFO - Update attention scores: Epoch 0001 | Total Time 970.3s
2021-05-16 05:43:31,432 - root - INFO - Update attention scores: Epoch 0001 | Total Time 973.0s
2021-05-16 05:43:34,092 - root - INFO - Update attention scores: Epoch 0001 | Total Time 975.6s
2021-05-16 05:43:36,749 - root - INFO - Update attention scores: Epoch 0001 | Total Time 978.3s
2021-05-16 05:43:39,408 - root - INFO - Update attention scores: Epoch 0001 | Total Time 980.9s
2021-05-16 05:43:42,067 - root - INFO - Update attention scores: Epoch 0001 | Total Time 983.6s
2021-05-16 05:43:44,722 - root - INFO - Update attention scores: Epoch 0001 | Total Time 986.2s
2021-05-16 05:43:47,381 - root - INFO - Update attention scores: Epoch 0001 | Total Time 988.9s
2021-05-16 05:43:50,041 - root - INFO - Update attention scores: Epoch 0001 | Total Time 991.6s
2021-05-16 05:43:52,698 - root - INFO - Update attention scores: Epoch 0001 | Total Time 994.2s
2021-05-16 05:43:55,358 - root - INFO - Update attention scores: Epoch 0001 | Total Time 996.9s
2021-05-16 05:43:58,017 - root - INFO - Update attention scores: Epoch 0001 | Total Time 999.5s
2021-05-16 05:44:00,674 - root - INFO - Update attention scores: Epoch 0001 | Total Time 1002.2s
2021-05-16 05:44:03,333 - root - INFO - Update attention scores: Epoch 0001 | Total Time 1004.9s
2021-05-16 05:44:05,990 - root - INFO - Update attention scores: Epoch 0001 | Total Time 1007.5s
2021-05-16 05:44:08,646 - root - INFO - Update attention scores: Epoch 0001 | Total Time 1010.2s
2021-05-16 05:44:11,307 - root - INFO - Update attention scores: Epoch 0001 | Total Time 1012.8s
2021-05-16 05:44:13,961 - root - INFO - Update attention scores: Epoch 0001 | Total Time 1015.5s
2021-05-16 05:44:16,617 - root - INFO - Update attention scores: Epoch 0001 | Total Time 1018.1s
2021-05-16 05:44:19,276 - root - INFO - Update attention scores: Epoch 0001 | Total Time 1020.8s
2021-05-16 05:44:21,933 - root - INFO - Update attention scores: Epoch 0001 | Total Time 1023.5s
2021-05-16 05:44:24,591 - root - INFO - Update attention scores: Epoch 0001 | Total Time 1026.1s
2021-05-16 05:44:27,251 - root - INFO - Update attention scores: Epoch 0001 | Total Time 1028.8s
2021-05-16 05:44:29,907 - root - INFO - Update attention scores: Epoch 0001 | Total Time 1031.4s
2021-05-16 05:44:32,565 - root - INFO - Update attention scores: Epoch 0001 | Total Time 1034.1s
2021-05-16 05:44:35,224 - root - INFO - Update attention scores: Epoch 0001 | Total Time 1036.7s
2021-05-16 05:44:37,881 - root - INFO - Update attention scores: Epoch 0001 | Total Time 1039.4s
2021-05-16 05:44:40,540 - root - INFO - Update attention scores: Epoch 0001 | Total Time 1042.1s
2021-05-16 05:44:43,199 - root - INFO - Update attention scores: Epoch 0001 | Total Time 1044.7s
2021-05-16 05:44:45,854 - root - INFO - Update attention scores: Epoch 0001 | Total Time 1047.4s
2021-05-16 05:44:48,513 - root - INFO - Update attention scores: Epoch 0001 | Total Time 1050.0s
2021-05-16 05:44:51,171 - root - INFO - Update attention scores: Epoch 0001 | Total Time 1052.7s
2021-05-16 05:44:53,827 - root - INFO - Update attention scores: Epoch 0001 | Total Time 1055.3s
2021-05-16 05:44:56,485 - root - INFO - Update attention scores: Epoch 0001 | Total Time 1058.0s
2021-05-16 05:44:59,141 - root - INFO - Update attention scores: Epoch 0001 | Total Time 1060.7s
2021-05-16 05:45:01,798 - root - INFO - Update attention scores: Epoch 0001 | Total Time 1063.3s
2021-05-16 05:45:04,457 - root - INFO - Update attention scores: Epoch 0001 | Total Time 1066.0s
2021-05-16 05:45:07,113 - root - INFO - Update attention scores: Epoch 0001 | Total Time 1068.6s
2021-05-16 05:45:08,606 - root - INFO - CF Training: Epoch 0001 Iter 0400 / 0469 | Time 2.7s | Iter Loss 0.7714
2021-05-16 05:45:09,770 - root - INFO - Update attention scores: Epoch 0001 | Total Time 1071.3s
2021-05-16 05:45:12,431 - root - INFO - Update attention scores: Epoch 0001 | Total Time 1073.9s
2021-05-16 05:45:15,088 - root - INFO - Update attention scores: Epoch 0001 | Total Time 1076.6s
2021-05-16 05:45:17,746 - root - INFO - Update attention scores: Epoch 0001 | Total Time 1079.3s
2021-05-16 05:45:20,408 - root - INFO - Update attention scores: Epoch 0001 | Total Time 1081.9s
2021-05-16 05:45:23,066 - root - INFO - Update attention scores: Epoch 0001 | Total Time 1084.6s
2021-05-16 05:45:25,725 - root - INFO - Update attention scores: Epoch 0001 | Total Time 1087.2s
2021-05-16 05:45:28,386 - root - INFO - Update attention scores: Epoch 0001 | Total Time 1089.9s
2021-05-16 05:45:31,043 - root - INFO - Update attention scores: Epoch 0001 | Total Time 1092.6s
2021-05-16 05:45:33,702 - root - INFO - Update attention scores: Epoch 0001 | Total Time 1095.2s
2021-05-16 05:45:36,362 - root - INFO - Update attention scores: Epoch 0001 | Total Time 1097.9s
2021-05-16 05:45:39,019 - root - INFO - Update attention scores: Epoch 0001 | Total Time 1100.5s
2021-05-16 05:45:41,680 - root - INFO - Update attention scores: Epoch 0001 | Total Time 1103.2s
2021-05-16 05:45:44,340 - root - INFO - Update attention scores: Epoch 0001 | Total Time 1105.9s
2021-05-16 05:45:46,996 - root - INFO - Update attention scores: Epoch 0001 | Total Time 1108.5s
2021-05-16 05:45:49,656 - root - INFO - Update attention scores: Epoch 0001 | Total Time 1111.2s
2021-05-16 05:45:52,313 - root - INFO - Update attention scores: Epoch 0001 | Total Time 1113.8s
2021-05-16 05:45:54,972 - root - INFO - Update attention scores: Epoch 0001 | Total Time 1116.5s
2021-05-16 05:45:57,631 - root - INFO - Update attention scores: Epoch 0001 | Total Time 1119.1s
2021-05-16 05:46:00,287 - root - INFO - Update attention scores: Epoch 0001 | Total Time 1121.8s
2021-05-16 05:46:02,946 - root - INFO - Update attention scores: Epoch 0001 | Total Time 1124.5s
2021-05-16 05:46:05,607 - root - INFO - Update attention scores: Epoch 0001 | Total Time 1127.1s
2021-05-16 05:46:08,265 - root - INFO - Update attention scores: Epoch 0001 | Total Time 1129.8s
2021-05-16 05:46:10,926 - root - INFO - Update attention scores: Epoch 0001 | Total Time 1132.4s
2021-05-16 05:46:13,588 - root - INFO - Update attention scores: Epoch 0001 | Total Time 1135.1s
2021-05-16 05:46:16,244 - root - INFO - Update attention scores: Epoch 0001 | Total Time 1137.8s
2021-05-16 05:46:18,903 - root - INFO - Update attention scores: Epoch 0001 | Total Time 1140.4s
2021-05-16 05:46:21,562 - root - INFO - Update attention scores: Epoch 0001 | Total Time 1143.1s
2021-05-16 05:46:24,218 - root - INFO - Update attention scores: Epoch 0001 | Total Time 1145.7s
2021-05-16 05:46:26,880 - root - INFO - Update attention scores: Epoch 0001 | Total Time 1148.4s
2021-05-16 05:46:29,540 - root - INFO - Update attention scores: Epoch 0001 | Total Time 1151.1s
2021-05-16 05:46:32,197 - root - INFO - Update attention scores: Epoch 0001 | Total Time 1153.7s
2021-05-16 05:46:34,858 - root - INFO - Update attention scores: Epoch 0001 | Total Time 1156.4s
2021-05-16 05:46:37,515 - root - INFO - Update attention scores: Epoch 0001 | Total Time 1159.0s
2021-05-16 05:46:40,172 - root - INFO - Update attention scores: Epoch 0001 | Total Time 1161.7s
2021-05-16 05:46:42,831 - root - INFO - Update attention scores: Epoch 0001 | Total Time 1164.3s
2021-05-16 05:46:45,488 - root - INFO - Update attention scores: Epoch 0001 | Total Time 1167.0s
2021-05-16 05:46:48,145 - root - INFO - Update attention scores: Epoch 0001 | Total Time 1169.7s
2021-05-16 05:46:50,804 - root - INFO - Update attention scores: Epoch 0001 | Total Time 1172.3s
2021-05-16 05:46:53,460 - root - INFO - Update attention scores: Epoch 0001 | Total Time 1175.0s
2021-05-16 05:46:56,115 - root - INFO - Update attention scores: Epoch 0001 | Total Time 1177.6s
2021-05-16 05:46:58,777 - root - INFO - Update attention scores: Epoch 0001 | Total Time 1180.3s
2021-05-16 05:47:01,433 - root - INFO - Update attention scores: Epoch 0001 | Total Time 1183.0s
2021-05-16 05:47:04,091 - root - INFO - Update attention scores: Epoch 0001 | Total Time 1185.6s
2021-05-16 05:47:06,753 - root - INFO - Update attention scores: Epoch 0001 | Total Time 1188.3s
2021-05-16 05:47:09,410 - root - INFO - Update attention scores: Epoch 0001 | Total Time 1190.9s
2021-05-16 05:47:12,070 - root - INFO - Update attention scores: Epoch 0001 | Total Time 1193.6s
2021-05-16 05:47:14,730 - root - INFO - Update attention scores: Epoch 0001 | Total Time 1196.2s
2021-05-16 05:47:17,386 - root - INFO - Update attention scores: Epoch 0001 | Total Time 1198.9s
2021-05-16 05:47:20,045 - root - INFO - Update attention scores: Epoch 0001 | Total Time 1201.6s
2021-05-16 05:47:21,541 - root - INFO - CF Training: Epoch 0001 Iter 0450 / 0469 | Time 2.7s | Iter Loss 0.4156
2021-05-16 05:47:22,705 - root - INFO - Update attention scores: Epoch 0001 | Total Time 1204.2s
2021-05-16 05:47:25,362 - root - INFO - Update attention scores: Epoch 0001 | Total Time 1206.9s
2021-05-16 05:47:28,021 - root - INFO - Update attention scores: Epoch 0001 | Total Time 1209.5s
2021-05-16 05:47:30,677 - root - INFO - Update attention scores: Epoch 0001 | Total Time 1212.2s
2021-05-16 05:47:33,333 - root - INFO - Update attention scores: Epoch 0001 | Total Time 1214.9s
2021-05-16 05:47:35,992 - root - INFO - Update attention scores: Epoch 0001 | Total Time 1217.5s
2021-05-16 05:47:38,649 - root - INFO - Update attention scores: Epoch 0001 | Total Time 1220.2s
2021-05-16 05:47:41,306 - root - INFO - Update attention scores: Epoch 0001 | Total Time 1222.8s
2021-05-16 05:47:43,966 - root - INFO - Update attention scores: Epoch 0001 | Total Time 1225.5s
2021-05-16 05:47:46,620 - root - INFO - Update attention scores: Epoch 0001 | Total Time 1228.1s
2021-05-16 05:47:49,279 - root - INFO - Update attention scores: Epoch 0001 | Total Time 1230.8s
2021-05-16 05:47:51,940 - root - INFO - Update attention scores: Epoch 0001 | Total Time 1233.5s
2021-05-16 05:47:54,596 - root - INFO - Update attention scores: Epoch 0001 | Total Time 1236.1s
2021-05-16 05:47:57,253 - root - INFO - Update attention scores: Epoch 0001 | Total Time 1238.8s
2021-05-16 05:47:59,913 - root - INFO - Update attention scores: Epoch 0001 | Total Time 1241.4s
2021-05-16 05:48:02,570 - root - INFO - Update attention scores: Epoch 0001 | Total Time 1244.1s
2021-05-16 05:48:05,229 - root - INFO - Update attention scores: Epoch 0001 | Total Time 1246.7s
2021-05-16 05:48:07,889 - root - INFO - Update attention scores: Epoch 0001 | Total Time 1249.4s
2021-05-16 05:48:08,826 - root - INFO - CF Training: Epoch 0001 Total Iter 0469 | Total Time 1250.3s | Iter Mean Loss 0.5891
2021-05-16 05:48:25,082 - root - INFO - Fine-tuning Evaluation: Epoch 0000 | Total Time 16.3s | Precision 0.0938 Recall 0.1876 NDCG 0.1672
2021-05-16 05:48:25,138 - root - INFO - Save model on epoch 0000!
2021-05-16 05:48:41,266 - root - INFO - Fine-tuning Evaluation: Epoch 0001 | Total Time 16.1s | Precision 0.0935 Recall 0.1871 NDCG 0.1666
2021-05-16 05:48:57,399 - root - INFO - Fine-tuning Evaluation: Epoch 0002 | Total Time 16.1s | Precision 0.0919 Recall 0.1838 NDCG 0.1629
2021-05-16 05:49:13,526 - root - INFO - Fine-tuning Evaluation: Epoch 0003 | Total Time 16.1s | Precision 0.0919 Recall 0.1839 NDCG 0.1630
2021-05-16 05:49:29,653 - root - INFO - Fine-tuning Evaluation: Epoch 0004 | Total Time 16.1s | Precision 0.0923 Recall 0.1846 NDCG 0.1635
2021-05-16 05:49:45,779 - root - INFO - Fine-tuning Evaluation: Epoch 0005 | Total Time 16.1s | Precision 0.0927 Recall 0.1855 NDCG 0.1645
2021-05-16 05:50:01,906 - root - INFO - Fine-tuning Evaluation: Epoch 0006 | Total Time 16.1s | Precision 0.0934 Recall 0.1869 NDCG 0.1656
2021-05-16 05:50:18,033 - root - INFO - Fine-tuning Evaluation: Epoch 0007 | Total Time 16.1s | Precision 0.0931 Recall 0.1861 NDCG 0.1647
2021-05-16 05:50:34,157 - root - INFO - Fine-tuning Evaluation: Epoch 0008 | Total Time 16.1s | Precision 0.0928 Recall 0.1856 NDCG 0.1644
2021-05-16 05:50:50,281 - root - INFO - Fine-tuning Evaluation: Epoch 0009 | Total Time 16.1s | Precision 0.0931 Recall 0.1861 NDCG 0.1647
2021-05-16 05:51:06,406 - root - INFO - Fine-tuning Evaluation: Epoch 0010 | Total Time 16.1s | Precision 0.0937 Recall 0.1875 NDCG 0.1662
2021-05-16 05:51:22,536 - root - INFO - Fine-tuning Evaluation: Epoch 0011 | Total Time 16.1s | Precision 0.0937 Recall 0.1873 NDCG 0.1656
2021-05-16 05:51:38,662 - root - INFO - Fine-tuning Evaluation: Epoch 0012 | Total Time 16.1s | Precision 0.0939 Recall 0.1878 NDCG 0.1665
2021-05-16 05:51:38,721 - root - INFO - Save model on epoch 0012!
2021-05-16 05:51:54,873 - root - INFO - Fine-tuning Evaluation: Epoch 0013 | Total Time 16.2s | Precision 0.0943 Recall 0.1886 NDCG 0.1669
2021-05-16 05:51:54,934 - root - INFO - Save model on epoch 0013!
2021-05-16 05:52:11,086 - root - INFO - Fine-tuning Evaluation: Epoch 0014 | Total Time 16.2s | Precision 0.0946 Recall 0.1892 NDCG 0.1674
2021-05-16 05:52:11,147 - root - INFO - Save model on epoch 0014!
2021-05-16 05:52:27,293 - root - INFO - Fine-tuning Evaluation: Epoch 0015 | Total Time 16.1s | Precision 0.0942 Recall 0.1884 NDCG 0.1669
2021-05-16 05:52:43,438 - root - INFO - Fine-tuning Evaluation: Epoch 0016 | Total Time 16.1s | Precision 0.0949 Recall 0.1898 NDCG 0.1684
2021-05-16 05:52:43,498 - root - INFO - Save model on epoch 0016!
2021-05-16 05:52:59,644 - root - INFO - Fine-tuning Evaluation: Epoch 0017 | Total Time 16.1s | Precision 0.0948 Recall 0.1896 NDCG 0.1683
2021-05-16 05:53:15,787 - root - INFO - Fine-tuning Evaluation: Epoch 0018 | Total Time 16.1s | Precision 0.0951 Recall 0.1903 NDCG 0.1693
2021-05-16 05:53:15,848 - root - INFO - Save model on epoch 0018!
2021-05-16 05:53:31,996 - root - INFO - Fine-tuning Evaluation: Epoch 0019 | Total Time 16.1s | Precision 0.0954 Recall 0.1908 NDCG 0.1694
2021-05-16 05:53:32,057 - root - INFO - Save model on epoch 0019!
2021-05-16 05:53:48,207 - root - INFO - Fine-tuning Evaluation: Epoch 0020 | Total Time 16.2s | Precision 0.0953 Recall 0.1906 NDCG 0.1695
2021-05-16 05:54:04,354 - root - INFO - Fine-tuning Evaluation: Epoch 0021 | Total Time 16.1s | Precision 0.0953 Recall 0.1905 NDCG 0.1695
2021-05-16 05:54:20,504 - root - INFO - Fine-tuning Evaluation: Epoch 0022 | Total Time 16.2s | Precision 0.0945 Recall 0.1889 NDCG 0.1677
2021-05-16 05:54:36,652 - root - INFO - Fine-tuning Evaluation: Epoch 0023 | Total Time 16.1s | Precision 0.0952 Recall 0.1903 NDCG 0.1692
2021-05-16 05:54:52,792 - root - INFO - Fine-tuning Evaluation: Epoch 0024 | Total Time 16.1s | Precision 0.0947 Recall 0.1894 NDCG 0.1687
2021-05-16 05:55:08,932 - root - INFO - Fine-tuning Evaluation: Epoch 0025 | Total Time 16.1s | Precision 0.0958 Recall 0.1916 NDCG 0.1704
2021-05-16 05:55:08,992 - root - INFO - Save model on epoch 0025!
2021-05-16 05:55:25,140 - root - INFO - Fine-tuning Evaluation: Epoch 0026 | Total Time 16.1s | Precision 0.0950 Recall 0.1899 NDCG 0.1692
2021-05-16 05:55:41,283 - root - INFO - Fine-tuning Evaluation: Epoch 0027 | Total Time 16.1s | Precision 0.0954 Recall 0.1909 NDCG 0.1700
2021-05-16 05:55:57,429 - root - INFO - Fine-tuning Evaluation: Epoch 0028 | Total Time 16.1s | Precision 0.0956 Recall 0.1912 NDCG 0.1703
2021-05-16 05:56:13,577 - root - INFO - Fine-tuning Evaluation: Epoch 0029 | Total Time 16.1s | Precision 0.0955 Recall 0.1909 NDCG 0.1707
2021-05-16 05:56:29,728 - root - INFO - Fine-tuning Evaluation: Epoch 0030 | Total Time 16.2s | Precision 0.0957 Recall 0.1914 NDCG 0.1706
2021-05-16 05:56:45,873 - root - INFO - Fine-tuning Evaluation: Epoch 0031 | Total Time 16.1s | Precision 0.0965 Recall 0.1930 NDCG 0.1720
2021-05-16 05:56:45,934 - root - INFO - Save model on epoch 0031!
2021-05-16 05:57:02,083 - root - INFO - Fine-tuning Evaluation: Epoch 0032 | Total Time 16.1s | Precision 0.0960 Recall 0.1919 NDCG 0.1711
2021-05-16 05:57:18,231 - root - INFO - Fine-tuning Evaluation: Epoch 0033 | Total Time 16.1s | Precision 0.0971 Recall 0.1942 NDCG 0.1722
2021-05-16 05:57:18,292 - root - INFO - Save model on epoch 0033!
2021-05-16 05:57:34,443 - root - INFO - Fine-tuning Evaluation: Epoch 0034 | Total Time 16.2s | Precision 0.0970 Recall 0.1940 NDCG 0.1728
2021-05-16 05:57:50,589 - root - INFO - Fine-tuning Evaluation: Epoch 0035 | Total Time 16.1s | Precision 0.0971 Recall 0.1942 NDCG 0.1731
2021-05-16 05:57:50,649 - root - INFO - Save model on epoch 0035!
2021-05-16 05:58:06,796 - root - INFO - Fine-tuning Evaluation: Epoch 0036 | Total Time 16.1s | Precision 0.0964 Recall 0.1929 NDCG 0.1721
2021-05-16 05:58:22,944 - root - INFO - Fine-tuning Evaluation: Epoch 0037 | Total Time 16.1s | Precision 0.0964 Recall 0.1927 NDCG 0.1715
2021-05-16 05:58:39,094 - root - INFO - Fine-tuning Evaluation: Epoch 0038 | Total Time 16.2s | Precision 0.0967 Recall 0.1933 NDCG 0.1722
2021-05-16 05:58:55,242 - root - INFO - Fine-tuning Evaluation: Epoch 0039 | Total Time 16.1s | Precision 0.0967 Recall 0.1934 NDCG 0.1721
2021-05-16 05:59:11,392 - root - INFO - Fine-tuning Evaluation: Epoch 0040 | Total Time 16.1s | Precision 0.0968 Recall 0.1936 NDCG 0.1723
2021-05-16 05:59:27,532 - root - INFO - Fine-tuning Evaluation: Epoch 0041 | Total Time 16.1s | Precision 0.0972 Recall 0.1945 NDCG 0.1730
2021-05-16 05:59:27,593 - root - INFO - Save model on epoch 0041!
2021-05-16 05:59:43,744 - root - INFO - Fine-tuning Evaluation: Epoch 0042 | Total Time 16.2s | Precision 0.0970 Recall 0.1941 NDCG 0.1727
2021-05-16 05:59:59,889 - root - INFO - Fine-tuning Evaluation: Epoch 0043 | Total Time 16.1s | Precision 0.0962 Recall 0.1925 NDCG 0.1712
2021-05-16 06:00:16,037 - root - INFO - Fine-tuning Evaluation: Epoch 0044 | Total Time 16.1s | Precision 0.0970 Recall 0.1941 NDCG 0.1726
2021-05-16 06:00:32,185 - root - INFO - Fine-tuning Evaluation: Epoch 0045 | Total Time 16.1s | Precision 0.0977 Recall 0.1954 NDCG 0.1736
2021-05-16 06:00:32,245 - root - INFO - Save model on epoch 0045!
2021-05-16 06:00:48,396 - root - INFO - Fine-tuning Evaluation: Epoch 0046 | Total Time 16.2s | Precision 0.0978 Recall 0.1956 NDCG 0.1740
2021-05-16 06:00:48,457 - root - INFO - Save model on epoch 0046!
2021-05-16 06:01:04,609 - root - INFO - Fine-tuning Evaluation: Epoch 0047 | Total Time 16.2s | Precision 0.0984 Recall 0.1969 NDCG 0.1749
2021-05-16 06:01:04,670 - root - INFO - Save model on epoch 0047!
2021-05-16 06:01:20,825 - root - INFO - Fine-tuning Evaluation: Epoch 0048 | Total Time 16.2s | Precision 0.0986 Recall 0.1972 NDCG 0.1749
2021-05-16 06:01:20,886 - root - INFO - Save model on epoch 0048!
2021-05-16 06:01:37,035 - root - INFO - Fine-tuning Evaluation: Epoch 0049 | Total Time 16.1s | Precision 0.0990 Recall 0.1979 NDCG 0.1759
2021-05-16 06:01:37,096 - root - INFO - Save model on epoch 0049!
2021-05-16 06:01:53,247 - root - INFO - Fine-tuning Evaluation: Epoch 0050 | Total Time 16.2s | Precision 0.0998 Recall 0.1996 NDCG 0.1766
2021-05-16 06:01:53,308 - root - INFO - Save model on epoch 0050!
2021-05-16 06:02:09,457 - root - INFO - Fine-tuning Evaluation: Epoch 0051 | Total Time 16.1s | Precision 0.0991 Recall 0.1982 NDCG 0.1760
2021-05-16 06:02:25,606 - root - INFO - Fine-tuning Evaluation: Epoch 0052 | Total Time 16.1s | Precision 0.0993 Recall 0.1987 NDCG 0.1768
2021-05-16 06:02:41,756 - root - INFO - Fine-tuning Evaluation: Epoch 0053 | Total Time 16.1s | Precision 0.0989 Recall 0.1978 NDCG 0.1764
2021-05-16 06:02:57,908 - root - INFO - Fine-tuning Evaluation: Epoch 0054 | Total Time 16.2s | Precision 0.0991 Recall 0.1982 NDCG 0.1765
2021-05-16 06:03:14,056 - root - INFO - Fine-tuning Evaluation: Epoch 0055 | Total Time 16.1s | Precision 0.0995 Recall 0.1990 NDCG 0.1769
2021-05-16 06:03:30,206 - root - INFO - Fine-tuning Evaluation: Epoch 0056 | Total Time 16.1s | Precision 0.1000 Recall 0.1999 NDCG 0.1775
2021-05-16 06:03:30,267 - root - INFO - Save model on epoch 0056!
2021-05-16 06:03:46,419 - root - INFO - Fine-tuning Evaluation: Epoch 0057 | Total Time 16.2s | Precision 0.1004 Recall 0.2008 NDCG 0.1781
2021-05-16 06:03:46,480 - root - INFO - Save model on epoch 0057!
2021-05-16 06:04:02,634 - root - INFO - Fine-tuning Evaluation: Epoch 0058 | Total Time 16.2s | Precision 0.0999 Recall 0.1999 NDCG 0.1774
2021-05-16 06:04:18,778 - root - INFO - Fine-tuning Evaluation: Epoch 0059 | Total Time 16.1s | Precision 0.0996 Recall 0.1992 NDCG 0.1773
2021-05-16 06:04:34,925 - root - INFO - Fine-tuning Evaluation: Epoch 0060 | Total Time 16.1s | Precision 0.1013 Recall 0.2026 NDCG 0.1798
2021-05-16 06:04:34,985 - root - INFO - Save model on epoch 0060!
2021-05-16 06:04:51,134 - root - INFO - Fine-tuning Evaluation: Epoch 0061 | Total Time 16.1s | Precision 0.1001 Recall 0.2002 NDCG 0.1780
2021-05-16 06:05:07,287 - root - INFO - Fine-tuning Evaluation: Epoch 0062 | Total Time 16.2s | Precision 0.0996 Recall 0.1991 NDCG 0.1771
2021-05-16 06:05:23,436 - root - INFO - Fine-tuning Evaluation: Epoch 0063 | Total Time 16.1s | Precision 0.0996 Recall 0.1992 NDCG 0.1772
2021-05-16 06:05:39,589 - root - INFO - Fine-tuning Evaluation: Epoch 0064 | Total Time 16.2s | Precision 0.1011 Recall 0.2023 NDCG 0.1796
2021-05-16 06:05:55,741 - root - INFO - Fine-tuning Evaluation: Epoch 0065 | Total Time 16.2s | Precision 0.1005 Recall 0.2009 NDCG 0.1783
2021-05-16 06:06:11,894 - root - INFO - Fine-tuning Evaluation: Epoch 0066 | Total Time 16.2s | Precision 0.0995 Recall 0.1989 NDCG 0.1772
2021-05-16 06:06:28,041 - root - INFO - Fine-tuning Evaluation: Epoch 0067 | Total Time 16.1s | Precision 0.1000 Recall 0.2000 NDCG 0.1779
2021-05-16 06:06:44,193 - root - INFO - Fine-tuning Evaluation: Epoch 0068 | Total Time 16.2s | Precision 0.1019 Recall 0.2038 NDCG 0.1808
2021-05-16 06:06:44,254 - root - INFO - Save model on epoch 0068!
2021-05-16 06:07:01,912 - root - INFO - Fine-tuning Evaluation: Epoch 0069 | Total Time 17.7s | Precision 0.1023 Recall 0.2046 NDCG 0.1811
2021-05-16 06:07:01,974 - root - INFO - Save model on epoch 0069!
2021-05-16 06:07:18,128 - root - INFO - Fine-tuning Evaluation: Epoch 0070 | Total Time 16.2s | Precision 0.1009 Recall 0.2018 NDCG 0.1794
2021-05-16 06:07:34,277 - root - INFO - Fine-tuning Evaluation: Epoch 0071 | Total Time 16.1s | Precision 0.1012 Recall 0.2024 NDCG 0.1798
2021-05-16 06:07:50,429 - root - INFO - Fine-tuning Evaluation: Epoch 0072 | Total Time 16.2s | Precision 0.1029 Recall 0.2059 NDCG 0.1819
2021-05-16 06:07:50,490 - root - INFO - Save model on epoch 0072!
2021-05-16 06:08:06,638 - root - INFO - Fine-tuning Evaluation: Epoch 0073 | Total Time 16.1s | Precision 0.1010 Recall 0.2019 NDCG 0.1797
2021-05-16 06:08:22,792 - root - INFO - Fine-tuning Evaluation: Epoch 0074 | Total Time 16.2s | Precision 0.1028 Recall 0.2057 NDCG 0.1823
2021-05-16 06:08:38,939 - root - INFO - Fine-tuning Evaluation: Epoch 0075 | Total Time 16.1s | Precision 0.1018 Recall 0.2035 NDCG 0.1805
2021-05-16 06:08:55,088 - root - INFO - Fine-tuning Evaluation: Epoch 0076 | Total Time 16.1s | Precision 0.1034 Recall 0.2068 NDCG 0.1834
2021-05-16 06:08:55,149 - root - INFO - Save model on epoch 0076!
2021-05-16 06:09:11,303 - root - INFO - Fine-tuning Evaluation: Epoch 0077 | Total Time 16.2s | Precision 0.1028 Recall 0.2056 NDCG 0.1826
2021-05-16 06:09:27,453 - root - INFO - Fine-tuning Evaluation: Epoch 0078 | Total Time 16.2s | Precision 0.1022 Recall 0.2043 NDCG 0.1814
2021-05-16 06:09:43,602 - root - INFO - Fine-tuning Evaluation: Epoch 0079 | Total Time 16.1s | Precision 0.1016 Recall 0.2033 NDCG 0.1805
2021-05-16 06:09:59,749 - root - INFO - Fine-tuning Evaluation: Epoch 0080 | Total Time 16.1s | Precision 0.1025 Recall 0.2050 NDCG 0.1822
2021-05-16 06:10:15,897 - root - INFO - Fine-tuning Evaluation: Epoch 0081 | Total Time 16.1s | Precision 0.1030 Recall 0.2060 NDCG 0.1832
2021-05-16 06:10:32,044 - root - INFO - Fine-tuning Evaluation: Epoch 0082 | Total Time 16.1s | Precision 0.1031 Recall 0.2061 NDCG 0.1834
2021-05-16 06:10:48,182 - root - INFO - Fine-tuning Evaluation: Epoch 0083 | Total Time 16.1s | Precision 0.1020 Recall 0.2039 NDCG 0.1814
2021-05-16 06:11:04,324 - root - INFO - Fine-tuning Evaluation: Epoch 0084 | Total Time 16.1s | Precision 0.1036 Recall 0.2072 NDCG 0.1839
2021-05-16 06:11:04,384 - root - INFO - Save model on epoch 0084!
2021-05-16 06:11:20,535 - root - INFO - Fine-tuning Evaluation: Epoch 0085 | Total Time 16.2s | Precision 0.1035 Recall 0.2071 NDCG 0.1839
2021-05-16 06:11:36,715 - root - INFO - Fine-tuning Evaluation: Epoch 0086 | Total Time 16.2s | Precision 0.1033 Recall 0.2067 NDCG 0.1836
2021-05-16 06:11:52,859 - root - INFO - Fine-tuning Evaluation: Epoch 0087 | Total Time 16.1s | Precision 0.1035 Recall 0.2071 NDCG 0.1838
2021-05-16 06:12:09,001 - root - INFO - Fine-tuning Evaluation: Epoch 0088 | Total Time 16.1s | Precision 0.1031 Recall 0.2063 NDCG 0.1837
2021-05-16 06:12:25,142 - root - INFO - Fine-tuning Evaluation: Epoch 0089 | Total Time 16.1s | Precision 0.1034 Recall 0.2068 NDCG 0.1841
2021-05-16 06:12:41,291 - root - INFO - Fine-tuning Evaluation: Epoch 0090 | Total Time 16.1s | Precision 0.1030 Recall 0.2061 NDCG 0.1836
2021-05-16 06:12:57,436 - root - INFO - Fine-tuning Evaluation: Epoch 0091 | Total Time 16.1s | Precision 0.1037 Recall 0.2075 NDCG 0.1848
2021-05-16 06:12:57,496 - root - INFO - Save model on epoch 0091!
2021-05-16 06:13:13,641 - root - INFO - Fine-tuning Evaluation: Epoch 0092 | Total Time 16.1s | Precision 0.1034 Recall 0.2067 NDCG 0.1845
2021-05-16 06:13:29,781 - root - INFO - Fine-tuning Evaluation: Epoch 0093 | Total Time 16.1s | Precision 0.1034 Recall 0.2068 NDCG 0.1843
2021-05-16 06:13:45,920 - root - INFO - Fine-tuning Evaluation: Epoch 0094 | Total Time 16.1s | Precision 0.1041 Recall 0.2081 NDCG 0.1855
2021-05-16 06:13:45,981 - root - INFO - Save model on epoch 0094!
2021-05-16 06:14:02,119 - root - INFO - Fine-tuning Evaluation: Epoch 0095 | Total Time 16.1s | Precision 0.1045 Recall 0.2090 NDCG 0.1863
2021-05-16 06:14:02,180 - root - INFO - Save model on epoch 0095!
2021-05-16 06:14:18,323 - root - INFO - Fine-tuning Evaluation: Epoch 0096 | Total Time 16.1s | Precision 0.1036 Recall 0.2073 NDCG 0.1855
2021-05-16 06:14:34,461 - root - INFO - Fine-tuning Evaluation: Epoch 0097 | Total Time 16.1s | Precision 0.1047 Recall 0.2095 NDCG 0.1867
2021-05-16 06:14:34,521 - root - INFO - Save model on epoch 0097!
2021-05-16 06:14:50,663 - root - INFO - Fine-tuning Evaluation: Epoch 0098 | Total Time 16.1s | Precision 0.1042 Recall 0.2084 NDCG 0.1859
2021-05-16 06:15:06,800 - root - INFO - Fine-tuning Evaluation: Epoch 0099 | Total Time 16.1s | Precision 0.1044 Recall 0.2088 NDCG 0.1866
2021-05-16 06:15:22,935 - root - INFO - Fine-tuning Evaluation: Epoch 0100 | Total Time 16.1s | Precision 0.1030 Recall 0.2061 NDCG 0.1843
2021-05-16 06:15:39,077 - root - INFO - Fine-tuning Evaluation: Epoch 0101 | Total Time 16.1s | Precision 0.1046 Recall 0.2091 NDCG 0.1867
2021-05-16 06:15:55,218 - root - INFO - Fine-tuning Evaluation: Epoch 0102 | Total Time 16.1s | Precision 0.1044 Recall 0.2088 NDCG 0.1863
2021-05-16 06:16:11,361 - root - INFO - Fine-tuning Evaluation: Epoch 0103 | Total Time 16.1s | Precision 0.1030 Recall 0.2060 NDCG 0.1842
2021-05-16 06:16:27,502 - root - INFO - Fine-tuning Evaluation: Epoch 0104 | Total Time 16.1s | Precision 0.1043 Recall 0.2085 NDCG 0.1863
2021-05-16 06:16:43,645 - root - INFO - Fine-tuning Evaluation: Epoch 0105 | Total Time 16.1s | Precision 0.1060 Recall 0.2119 NDCG 0.1886
2021-05-16 06:16:43,705 - root - INFO - Save model on epoch 0105!
2021-05-16 06:16:59,849 - root - INFO - Fine-tuning Evaluation: Epoch 0106 | Total Time 16.1s | Precision 0.1051 Recall 0.2103 NDCG 0.1878
2021-05-16 06:17:15,983 - root - INFO - Fine-tuning Evaluation: Epoch 0107 | Total Time 16.1s | Precision 0.1057 Recall 0.2114 NDCG 0.1884
2021-05-16 06:17:32,119 - root - INFO - Fine-tuning Evaluation: Epoch 0108 | Total Time 16.1s | Precision 0.1046 Recall 0.2092 NDCG 0.1866
2021-05-16 06:17:48,261 - root - INFO - Fine-tuning Evaluation: Epoch 0109 | Total Time 16.1s | Precision 0.1061 Recall 0.2122 NDCG 0.1891
2021-05-16 06:17:48,322 - root - INFO - Save model on epoch 0109!
2021-05-16 06:18:04,465 - root - INFO - Fine-tuning Evaluation: Epoch 0110 | Total Time 16.1s | Precision 0.1034 Recall 0.2068 NDCG 0.1849
2021-05-16 06:18:20,603 - root - INFO - Fine-tuning Evaluation: Epoch 0111 | Total Time 16.1s | Precision 0.1052 Recall 0.2105 NDCG 0.1875
2021-05-16 06:18:36,743 - root - INFO - Fine-tuning Evaluation: Epoch 0112 | Total Time 16.1s | Precision 0.1051 Recall 0.2102 NDCG 0.1877
2021-05-16 06:18:52,882 - root - INFO - Fine-tuning Evaluation: Epoch 0113 | Total Time 16.1s | Precision 0.1061 Recall 0.2122 NDCG 0.1894
2021-05-16 06:18:52,943 - root - INFO - Save model on epoch 0113!
2021-05-16 06:19:09,084 - root - INFO - Fine-tuning Evaluation: Epoch 0114 | Total Time 16.1s | Precision 0.1063 Recall 0.2126 NDCG 0.1898
2021-05-16 06:19:09,145 - root - INFO - Save model on epoch 0114!
2021-05-16 06:19:25,284 - root - INFO - Fine-tuning Evaluation: Epoch 0115 | Total Time 16.1s | Precision 0.1063 Recall 0.2125 NDCG 0.1896
2021-05-16 06:19:41,429 - root - INFO - Fine-tuning Evaluation: Epoch 0116 | Total Time 16.1s | Precision 0.1063 Recall 0.2125 NDCG 0.1896
2021-05-16 06:19:57,568 - root - INFO - Fine-tuning Evaluation: Epoch 0117 | Total Time 16.1s | Precision 0.1067 Recall 0.2133 NDCG 0.1903
2021-05-16 06:19:57,628 - root - INFO - Save model on epoch 0117!
2021-05-16 06:20:13,774 - root - INFO - Fine-tuning Evaluation: Epoch 0118 | Total Time 16.1s | Precision 0.1072 Recall 0.2145 NDCG 0.1911
2021-05-16 06:20:13,834 - root - INFO - Save model on epoch 0118!
2021-05-16 06:20:29,977 - root - INFO - Fine-tuning Evaluation: Epoch 0119 | Total Time 16.1s | Precision 0.1073 Recall 0.2147 NDCG 0.1912
2021-05-16 06:20:30,142 - root - INFO - Save model on epoch 0119!
2021-05-16 06:20:46,283 - root - INFO - Fine-tuning Evaluation: Epoch 0120 | Total Time 16.1s | Precision 0.1074 Recall 0.2149 NDCG 0.1917
2021-05-16 06:20:46,343 - root - INFO - Save model on epoch 0120!
2021-05-16 06:21:02,488 - root - INFO - Fine-tuning Evaluation: Epoch 0121 | Total Time 16.1s | Precision 0.1070 Recall 0.2140 NDCG 0.1908
2021-05-16 06:21:18,630 - root - INFO - Fine-tuning Evaluation: Epoch 0122 | Total Time 16.1s | Precision 0.1077 Recall 0.2154 NDCG 0.1916
2021-05-16 06:21:18,691 - root - INFO - Save model on epoch 0122!
2021-05-16 06:21:34,832 - root - INFO - Fine-tuning Evaluation: Epoch 0123 | Total Time 16.1s | Precision 0.1068 Recall 0.2136 NDCG 0.1906
2021-05-16 06:21:50,990 - root - INFO - Fine-tuning Evaluation: Epoch 0124 | Total Time 16.2s | Precision 0.1070 Recall 0.2139 NDCG 0.1911
2021-05-16 06:22:07,146 - root - INFO - Fine-tuning Evaluation: Epoch 0125 | Total Time 16.2s | Precision 0.1070 Recall 0.2140 NDCG 0.1910
2021-05-16 06:22:23,302 - root - INFO - Fine-tuning Evaluation: Epoch 0126 | Total Time 16.2s | Precision 0.1068 Recall 0.2137 NDCG 0.1908
2021-05-16 06:22:39,459 - root - INFO - Fine-tuning Evaluation: Epoch 0127 | Total Time 16.2s | Precision 0.1076 Recall 0.2153 NDCG 0.1921
2021-05-16 06:22:55,616 - root - INFO - Fine-tuning Evaluation: Epoch 0128 | Total Time 16.2s | Precision 0.1073 Recall 0.2146 NDCG 0.1911
2021-05-16 06:23:11,772 - root - INFO - Fine-tuning Evaluation: Epoch 0129 | Total Time 16.2s | Precision 0.1065 Recall 0.2131 NDCG 0.1901
2021-05-16 06:23:27,931 - root - INFO - Fine-tuning Evaluation: Epoch 0130 | Total Time 16.2s | Precision 0.1079 Recall 0.2159 NDCG 0.1922
2021-05-16 06:23:27,991 - root - INFO - Save model on epoch 0130!
2021-05-16 06:23:44,149 - root - INFO - Fine-tuning Evaluation: Epoch 0131 | Total Time 16.2s | Precision 0.1062 Recall 0.2124 NDCG 0.1893
2021-05-16 06:24:00,307 - root - INFO - Fine-tuning Evaluation: Epoch 0132 | Total Time 16.2s | Precision 0.1069 Recall 0.2139 NDCG 0.1906
2021-05-16 06:24:16,464 - root - INFO - Fine-tuning Evaluation: Epoch 0133 | Total Time 16.2s | Precision 0.1077 Recall 0.2155 NDCG 0.1922
2021-05-16 06:24:32,623 - root - INFO - Fine-tuning Evaluation: Epoch 0134 | Total Time 16.2s | Precision 0.1070 Recall 0.2141 NDCG 0.1912
2021-05-16 06:24:48,780 - root - INFO - Fine-tuning Evaluation: Epoch 0135 | Total Time 16.2s | Precision 0.1083 Recall 0.2165 NDCG 0.1927
2021-05-16 06:24:48,841 - root - INFO - Save model on epoch 0135!
2021-05-16 06:25:05,002 - root - INFO - Fine-tuning Evaluation: Epoch 0136 | Total Time 16.2s | Precision 0.1076 Recall 0.2153 NDCG 0.1922
2021-05-16 06:25:21,153 - root - INFO - Fine-tuning Evaluation: Epoch 0137 | Total Time 16.2s | Precision 0.1067 Recall 0.2134 NDCG 0.1909
2021-05-16 06:25:37,312 - root - INFO - Fine-tuning Evaluation: Epoch 0138 | Total Time 16.2s | Precision 0.1086 Recall 0.2171 NDCG 0.1935
2021-05-16 06:25:37,373 - root - INFO - Save model on epoch 0138!
2021-05-16 06:25:53,531 - root - INFO - Fine-tuning Evaluation: Epoch 0139 | Total Time 16.2s | Precision 0.1085 Recall 0.2169 NDCG 0.1936
2021-05-16 06:26:09,692 - root - INFO - Fine-tuning Evaluation: Epoch 0140 | Total Time 16.2s | Precision 0.1064 Recall 0.2128 NDCG 0.1904
2021-05-16 06:26:25,845 - root - INFO - Fine-tuning Evaluation: Epoch 0141 | Total Time 16.2s | Precision 0.1085 Recall 0.2170 NDCG 0.1938
2021-05-16 06:26:42,006 - root - INFO - Fine-tuning Evaluation: Epoch 0142 | Total Time 16.2s | Precision 0.1079 Recall 0.2158 NDCG 0.1933
2021-05-16 06:26:58,168 - root - INFO - Fine-tuning Evaluation: Epoch 0143 | Total Time 16.2s | Precision 0.1089 Recall 0.2178 NDCG 0.1944
2021-05-16 06:26:58,229 - root - INFO - Save model on epoch 0143!
2021-05-16 06:27:14,388 - root - INFO - Fine-tuning Evaluation: Epoch 0144 | Total Time 16.2s | Precision 0.1080 Recall 0.2160 NDCG 0.1932
2021-05-16 06:27:30,544 - root - INFO - Fine-tuning Evaluation: Epoch 0145 | Total Time 16.2s | Precision 0.1068 Recall 0.2137 NDCG 0.1911
2021-05-16 06:27:46,696 - root - INFO - Fine-tuning Evaluation: Epoch 0146 | Total Time 16.2s | Precision 0.1092 Recall 0.2184 NDCG 0.1947
2021-05-16 06:27:46,756 - root - INFO - Save model on epoch 0146!
2021-05-16 06:28:02,914 - root - INFO - Fine-tuning Evaluation: Epoch 0147 | Total Time 16.2s | Precision 0.1070 Recall 0.2140 NDCG 0.1914
2021-05-16 06:28:19,072 - root - INFO - Fine-tuning Evaluation: Epoch 0148 | Total Time 16.2s | Precision 0.1078 Recall 0.2157 NDCG 0.1930
2021-05-16 06:28:35,231 - root - INFO - Fine-tuning Evaluation: Epoch 0149 | Total Time 16.2s | Precision 0.1083 Recall 0.2166 NDCG 0.1940
2021-05-16 06:28:51,392 - root - INFO - Fine-tuning Evaluation: Epoch 0150 | Total Time 16.2s | Precision 0.1079 Recall 0.2159 NDCG 0.1929
2021-05-16 06:29:07,551 - root - INFO - Fine-tuning Evaluation: Epoch 0151 | Total Time 16.2s | Precision 0.1090 Recall 0.2179 NDCG 0.1950
2021-05-16 06:29:23,707 - root - INFO - Fine-tuning Evaluation: Epoch 0152 | Total Time 16.2s | Precision 0.1087 Recall 0.2174 NDCG 0.1944
2021-05-16 06:29:39,862 - root - INFO - Fine-tuning Evaluation: Epoch 0153 | Total Time 16.2s | Precision 0.1083 Recall 0.2166 NDCG 0.1940
2021-05-16 06:29:56,024 - root - INFO - Fine-tuning Evaluation: Epoch 0154 | Total Time 16.2s | Precision 0.1088 Recall 0.2176 NDCG 0.1948
2021-05-16 06:30:12,182 - root - INFO - Fine-tuning Evaluation: Epoch 0155 | Total Time 16.2s | Precision 0.1088 Recall 0.2177 NDCG 0.1945
2021-05-16 06:30:28,343 - root - INFO - Fine-tuning Evaluation: Epoch 0156 | Total Time 16.2s | Precision 0.1091 Recall 0.2183 NDCG 0.1955
2021-05-16 06:30:44,502 - root - INFO - Fine-tuning Evaluation: Epoch 0157 | Total Time 16.2s | Precision 0.1096 Recall 0.2191 NDCG 0.1961
2021-05-16 06:30:44,563 - root - INFO - Save model on epoch 0157!
2021-05-16 06:31:00,725 - root - INFO - Fine-tuning Evaluation: Epoch 0158 | Total Time 16.2s | Precision 0.1092 Recall 0.2185 NDCG 0.1957
2021-05-16 06:31:16,885 - root - INFO - Fine-tuning Evaluation: Epoch 0159 | Total Time 16.2s | Precision 0.1096 Recall 0.2193 NDCG 0.1965
2021-05-16 06:31:16,946 - root - INFO - Save model on epoch 0159!
2021-05-16 06:31:33,108 - root - INFO - Fine-tuning Evaluation: Epoch 0160 | Total Time 16.2s | Precision 0.1095 Recall 0.2190 NDCG 0.1963
2021-05-16 06:31:49,269 - root - INFO - Fine-tuning Evaluation: Epoch 0161 | Total Time 16.2s | Precision 0.1096 Recall 0.2192 NDCG 0.1961
2021-05-16 06:32:05,423 - root - INFO - Fine-tuning Evaluation: Epoch 0162 | Total Time 16.2s | Precision 0.1097 Recall 0.2194 NDCG 0.1961
2021-05-16 06:32:05,484 - root - INFO - Save model on epoch 0162!
2021-05-16 06:32:21,640 - root - INFO - Fine-tuning Evaluation: Epoch 0163 | Total Time 16.2s | Precision 0.1098 Recall 0.2197 NDCG 0.1964
2021-05-16 06:32:21,701 - root - INFO - Save model on epoch 0163!
2021-05-16 06:32:37,862 - root - INFO - Fine-tuning Evaluation: Epoch 0164 | Total Time 16.2s | Precision 0.1091 Recall 0.2183 NDCG 0.1959
2021-05-16 06:32:54,022 - root - INFO - Fine-tuning Evaluation: Epoch 0165 | Total Time 16.2s | Precision 0.1101 Recall 0.2203 NDCG 0.1976
2021-05-16 06:32:54,082 - root - INFO - Save model on epoch 0165!
2021-05-16 06:33:10,242 - root - INFO - Fine-tuning Evaluation: Epoch 0166 | Total Time 16.2s | Precision 0.1086 Recall 0.2171 NDCG 0.1944
2021-05-16 06:33:26,402 - root - INFO - Fine-tuning Evaluation: Epoch 0167 | Total Time 16.2s | Precision 0.1104 Recall 0.2208 NDCG 0.1978
2021-05-16 06:33:26,464 - root - INFO - Save model on epoch 0167!
2021-05-16 06:33:42,626 - root - INFO - Fine-tuning Evaluation: Epoch 0168 | Total Time 16.2s | Precision 0.1086 Recall 0.2172 NDCG 0.1948
2021-05-16 06:33:58,781 - root - INFO - Fine-tuning Evaluation: Epoch 0169 | Total Time 16.2s | Precision 0.1099 Recall 0.2199 NDCG 0.1972
2021-05-16 06:34:14,942 - root - INFO - Fine-tuning Evaluation: Epoch 0170 | Total Time 16.2s | Precision 0.1108 Recall 0.2216 NDCG 0.1982
2021-05-16 06:34:15,003 - root - INFO - Save model on epoch 0170!
2021-05-16 06:34:31,163 - root - INFO - Fine-tuning Evaluation: Epoch 0171 | Total Time 16.2s | Precision 0.1106 Recall 0.2213 NDCG 0.1977
2021-05-16 06:34:47,325 - root - INFO - Fine-tuning Evaluation: Epoch 0172 | Total Time 16.2s | Precision 0.1095 Recall 0.2189 NDCG 0.1958
2021-05-16 06:35:03,484 - root - INFO - Fine-tuning Evaluation: Epoch 0173 | Total Time 16.2s | Precision 0.1097 Recall 0.2194 NDCG 0.1962
2021-05-16 06:35:19,648 - root - INFO - Fine-tuning Evaluation: Epoch 0174 | Total Time 16.2s | Precision 0.1096 Recall 0.2193 NDCG 0.1961
2021-05-16 06:35:35,805 - root - INFO - Fine-tuning Evaluation: Epoch 0175 | Total Time 16.2s | Precision 0.1107 Recall 0.2214 NDCG 0.1979
2021-05-16 06:35:51,966 - root - INFO - Fine-tuning Evaluation: Epoch 0176 | Total Time 16.2s | Precision 0.1108 Recall 0.2216 NDCG 0.1981
2021-05-16 06:36:08,125 - root - INFO - Fine-tuning Evaluation: Epoch 0177 | Total Time 16.2s | Precision 0.1112 Recall 0.2224 NDCG 0.1991
2021-05-16 06:36:08,186 - root - INFO - Save model on epoch 0177!
2021-05-16 06:36:24,346 - root - INFO - Fine-tuning Evaluation: Epoch 0178 | Total Time 16.2s | Precision 0.1110 Recall 0.2219 NDCG 0.1984
2021-05-16 06:36:40,503 - root - INFO - Fine-tuning Evaluation: Epoch 0179 | Total Time 16.2s | Precision 0.1107 Recall 0.2214 NDCG 0.1979
2021-05-16 06:36:56,658 - root - INFO - Fine-tuning Evaluation: Epoch 0180 | Total Time 16.2s | Precision 0.1112 Recall 0.2225 NDCG 0.1992
2021-05-16 06:36:56,719 - root - INFO - Save model on epoch 0180!
2021-05-16 06:37:12,876 - root - INFO - Fine-tuning Evaluation: Epoch 0181 | Total Time 16.2s | Precision 0.1111 Recall 0.2222 NDCG 0.1987
2021-05-16 06:37:29,035 - root - INFO - Fine-tuning Evaluation: Epoch 0182 | Total Time 16.2s | Precision 0.1112 Recall 0.2223 NDCG 0.1990
2021-05-16 06:37:45,191 - root - INFO - Fine-tuning Evaluation: Epoch 0183 | Total Time 16.2s | Precision 0.1117 Recall 0.2235 NDCG 0.1999
2021-05-16 06:37:45,252 - root - INFO - Save model on epoch 0183!
2021-05-16 06:38:01,414 - root - INFO - Fine-tuning Evaluation: Epoch 0184 | Total Time 16.2s | Precision 0.1114 Recall 0.2227 NDCG 0.1993
2021-05-16 06:38:17,573 - root - INFO - Fine-tuning Evaluation: Epoch 0185 | Total Time 16.2s | Precision 0.1116 Recall 0.2232 NDCG 0.1993
2021-05-16 06:38:33,734 - root - INFO - Fine-tuning Evaluation: Epoch 0186 | Total Time 16.2s | Precision 0.1112 Recall 0.2223 NDCG 0.1989
2021-05-16 06:38:49,896 - root - INFO - Fine-tuning Evaluation: Epoch 0187 | Total Time 16.2s | Precision 0.1117 Recall 0.2233 NDCG 0.1995
2021-05-16 06:39:06,057 - root - INFO - Fine-tuning Evaluation: Epoch 0188 | Total Time 16.2s | Precision 0.1116 Recall 0.2232 NDCG 0.1994
2021-05-16 06:39:22,214 - root - INFO - Fine-tuning Evaluation: Epoch 0189 | Total Time 16.2s | Precision 0.1114 Recall 0.2228 NDCG 0.1991
2021-05-16 06:39:38,377 - root - INFO - Fine-tuning Evaluation: Epoch 0190 | Total Time 16.2s | Precision 0.1107 Recall 0.2213 NDCG 0.1977
2021-05-16 06:39:54,537 - root - INFO - Fine-tuning Evaluation: Epoch 0191 | Total Time 16.2s | Precision 0.1115 Recall 0.2230 NDCG 0.1996
2021-05-16 06:40:10,712 - root - INFO - Fine-tuning Evaluation: Epoch 0192 | Total Time 16.2s | Precision 0.1117 Recall 0.2233 NDCG 0.1998
2021-05-16 06:40:26,901 - root - INFO - Fine-tuning Evaluation: Epoch 0193 | Total Time 16.2s | Precision 0.1117 Recall 0.2234 NDCG 0.1996
2021-05-16 06:40:43,063 - root - INFO - Fine-tuning Evaluation: Epoch 0194 | Total Time 16.2s | Precision 0.1109 Recall 0.2217 NDCG 0.1984
2021-05-16 06:40:59,227 - root - INFO - Fine-tuning Evaluation: Epoch 0195 | Total Time 16.2s | Precision 0.1121 Recall 0.2242 NDCG 0.2003
2021-05-16 06:40:59,288 - root - INFO - Save model on epoch 0195!
2021-05-16 06:41:15,447 - root - INFO - Fine-tuning Evaluation: Epoch 0196 | Total Time 16.2s | Precision 0.1118 Recall 0.2237 NDCG 0.2002
2021-05-16 06:41:31,605 - root - INFO - Fine-tuning Evaluation: Epoch 0197 | Total Time 16.2s | Precision 0.1119 Recall 0.2238 NDCG 0.2005
2021-05-16 06:41:47,763 - root - INFO - Fine-tuning Evaluation: Epoch 0198 | Total Time 16.2s | Precision 0.1117 Recall 0.2235 NDCG 0.2000
2021-05-16 06:42:03,923 - root - INFO - Fine-tuning Evaluation: Epoch 0199 | Total Time 16.2s | Precision 0.1115 Recall 0.2230 NDCG 0.1994
2021-05-16 06:42:20,085 - root - INFO - Fine-tuning Evaluation: Epoch 0200 | Total Time 16.2s | Precision 0.1109 Recall 0.2219 NDCG 0.1987
2021-05-16 06:42:36,245 - root - INFO - Fine-tuning Evaluation: Epoch 0201 | Total Time 16.2s | Precision 0.1117 Recall 0.2234 NDCG 0.2001
2021-05-16 06:42:52,405 - root - INFO - Fine-tuning Evaluation: Epoch 0202 | Total Time 16.2s | Precision 0.1118 Recall 0.2235 NDCG 0.2001
2021-05-16 06:43:08,568 - root - INFO - Fine-tuning Evaluation: Epoch 0203 | Total Time 16.2s | Precision 0.1114 Recall 0.2228 NDCG 0.1997
2021-05-16 06:43:24,730 - root - INFO - Fine-tuning Evaluation: Epoch 0204 | Total Time 16.2s | Precision 0.1116 Recall 0.2233 NDCG 0.1998
2021-05-16 06:43:40,894 - root - INFO - Fine-tuning Evaluation: Epoch 0205 | Total Time 16.2s | Precision 0.1114 Recall 0.2228 NDCG 0.1996
2021-05-16 06:43:57,060 - root - INFO - Fine-tuning Evaluation: Epoch 0206 | Total Time 16.2s | Precision 0.1118 Recall 0.2237 NDCG 0.2004
2021-05-16 06:44:13,224 - root - INFO - Fine-tuning Evaluation: Epoch 0207 | Total Time 16.2s | Precision 0.1122 Recall 0.2243 NDCG 0.2006
2021-05-16 06:44:13,284 - root - INFO - Save model on epoch 0207!
2021-05-16 06:44:29,455 - root - INFO - Fine-tuning Evaluation: Epoch 0208 | Total Time 16.2s | Precision 0.1110 Recall 0.2219 NDCG 0.1990
2021-05-16 06:44:45,608 - root - INFO - Fine-tuning Evaluation: Epoch 0209 | Total Time 16.2s | Precision 0.1120 Recall 0.2239 NDCG 0.2007
2021-05-16 06:45:01,775 - root - INFO - Fine-tuning Evaluation: Epoch 0210 | Total Time 16.2s | Precision 0.1120 Recall 0.2239 NDCG 0.2010
2021-05-16 06:45:17,930 - root - INFO - Fine-tuning Evaluation: Epoch 0211 | Total Time 16.2s | Precision 0.1125 Recall 0.2251 NDCG 0.2022
2021-05-16 06:45:17,991 - root - INFO - Save model on epoch 0211!
2021-05-16 06:45:34,152 - root - INFO - Fine-tuning Evaluation: Epoch 0212 | Total Time 16.2s | Precision 0.1122 Recall 0.2243 NDCG 0.2012
2021-05-16 06:45:50,310 - root - INFO - Fine-tuning Evaluation: Epoch 0213 | Total Time 16.2s | Precision 0.1103 Recall 0.2206 NDCG 0.1982
2021-05-16 06:46:06,464 - root - INFO - Fine-tuning Evaluation: Epoch 0214 | Total Time 16.2s | Precision 0.1112 Recall 0.2224 NDCG 0.1996
2021-05-16 06:46:22,617 - root - INFO - Fine-tuning Evaluation: Epoch 0215 | Total Time 16.2s | Precision 0.1122 Recall 0.2244 NDCG 0.2014
2021-05-16 06:46:38,778 - root - INFO - Fine-tuning Evaluation: Epoch 0216 | Total Time 16.2s | Precision 0.1123 Recall 0.2245 NDCG 0.2014
2021-05-16 06:46:54,935 - root - INFO - Fine-tuning Evaluation: Epoch 0217 | Total Time 16.2s | Precision 0.1124 Recall 0.2247 NDCG 0.2016
2021-05-16 06:47:11,098 - root - INFO - Fine-tuning Evaluation: Epoch 0218 | Total Time 16.2s | Precision 0.1124 Recall 0.2247 NDCG 0.2019
2021-05-16 06:47:27,255 - root - INFO - Fine-tuning Evaluation: Epoch 0219 | Total Time 16.2s | Precision 0.1114 Recall 0.2227 NDCG 0.1999
2021-05-16 06:47:43,415 - root - INFO - Fine-tuning Evaluation: Epoch 0220 | Total Time 16.2s | Precision 0.1119 Recall 0.2239 NDCG 0.2009
2021-05-16 06:47:59,573 - root - INFO - Fine-tuning Evaluation: Epoch 0221 | Total Time 16.2s | Precision 0.1122 Recall 0.2245 NDCG 0.2015
2021-05-16 06:48:15,733 - root - INFO - Fine-tuning Evaluation: Epoch 0222 | Total Time 16.2s | Precision 0.1122 Recall 0.2245 NDCG 0.2015
2021-05-16 06:48:31,895 - root - INFO - Fine-tuning Evaluation: Epoch 0223 | Total Time 16.2s | Precision 0.1125 Recall 0.2251 NDCG 0.2014
2021-05-16 06:48:48,062 - root - INFO - Fine-tuning Evaluation: Epoch 0224 | Total Time 16.2s | Precision 0.1127 Recall 0.2254 NDCG 0.2020
2021-05-16 06:48:48,123 - root - INFO - Save model on epoch 0224!
2021-05-16 06:49:04,286 - root - INFO - Fine-tuning Evaluation: Epoch 0225 | Total Time 16.2s | Precision 0.1124 Recall 0.2247 NDCG 0.2013
2021-05-16 06:49:20,444 - root - INFO - Fine-tuning Evaluation: Epoch 0226 | Total Time 16.2s | Precision 0.1127 Recall 0.2253 NDCG 0.2020
2021-05-16 06:49:36,607 - root - INFO - Fine-tuning Evaluation: Epoch 0227 | Total Time 16.2s | Precision 0.1125 Recall 0.2250 NDCG 0.2015
2021-05-16 06:49:52,766 - root - INFO - Fine-tuning Evaluation: Epoch 0228 | Total Time 16.2s | Precision 0.1126 Recall 0.2252 NDCG 0.2018
2021-05-16 06:50:08,923 - root - INFO - Fine-tuning Evaluation: Epoch 0229 | Total Time 16.2s | Precision 0.1131 Recall 0.2261 NDCG 0.2026
2021-05-16 06:50:08,984 - root - INFO - Save model on epoch 0229!
2021-05-16 06:50:25,140 - root - INFO - Fine-tuning Evaluation: Epoch 0230 | Total Time 16.2s | Precision 0.1129 Recall 0.2258 NDCG 0.2021
2021-05-16 06:50:41,297 - root - INFO - Fine-tuning Evaluation: Epoch 0231 | Total Time 16.2s | Precision 0.1120 Recall 0.2240 NDCG 0.2010
2021-05-16 06:50:57,458 - root - INFO - Fine-tuning Evaluation: Epoch 0232 | Total Time 16.2s | Precision 0.1125 Recall 0.2250 NDCG 0.2016
2021-05-16 06:51:13,616 - root - INFO - Fine-tuning Evaluation: Epoch 0233 | Total Time 16.2s | Precision 0.1117 Recall 0.2234 NDCG 0.1996
2021-05-16 06:51:29,777 - root - INFO - Fine-tuning Evaluation: Epoch 0234 | Total Time 16.2s | Precision 0.1125 Recall 0.2251 NDCG 0.2016
2021-05-16 06:51:45,935 - root - INFO - Fine-tuning Evaluation: Epoch 0235 | Total Time 16.2s | Precision 0.1097 Recall 0.2195 NDCG 0.1966
2021-05-16 06:52:02,096 - root - INFO - Fine-tuning Evaluation: Epoch 0236 | Total Time 16.2s | Precision 0.1092 Recall 0.2184 NDCG 0.1957
2021-05-16 06:52:18,251 - root - INFO - Fine-tuning Evaluation: Epoch 0237 | Total Time 16.2s | Precision 0.1114 Recall 0.2228 NDCG 0.2002
2021-05-16 06:52:34,405 - root - INFO - Fine-tuning Evaluation: Epoch 0238 | Total Time 16.2s | Precision 0.1125 Recall 0.2250 NDCG 0.2018
2021-05-16 06:52:50,560 - root - INFO - Fine-tuning Evaluation: Epoch 0239 | Total Time 16.2s | Precision 0.1125 Recall 0.2251 NDCG 0.2019
2021-05-16 06:53:06,715 - root - INFO - Fine-tuning Evaluation: Epoch 0240 | Total Time 16.2s | Precision 0.1127 Recall 0.2254 NDCG 0.2020
2021-05-16 06:53:22,869 - root - INFO - Fine-tuning Evaluation: Epoch 0241 | Total Time 16.2s | Precision 0.1129 Recall 0.2259 NDCG 0.2022
2021-05-16 06:53:39,027 - root - INFO - Fine-tuning Evaluation: Epoch 0242 | Total Time 16.2s | Precision 0.1133 Recall 0.2267 NDCG 0.2029
2021-05-16 06:53:39,088 - root - INFO - Save model on epoch 0242!
2021-05-16 06:53:55,243 - root - INFO - Fine-tuning Evaluation: Epoch 0243 | Total Time 16.2s | Precision 0.1132 Recall 0.2264 NDCG 0.2022
2021-05-16 06:54:11,401 - root - INFO - Fine-tuning Evaluation: Epoch 0244 | Total Time 16.2s | Precision 0.1133 Recall 0.2267 NDCG 0.2030
2021-05-16 06:54:11,462 - root - INFO - Save model on epoch 0244!
2021-05-16 06:54:27,621 - root - INFO - Fine-tuning Evaluation: Epoch 0245 | Total Time 16.2s | Precision 0.1133 Recall 0.2266 NDCG 0.2027
2021-05-16 06:54:43,775 - root - INFO - Fine-tuning Evaluation: Epoch 0246 | Total Time 16.2s | Precision 0.1136 Recall 0.2272 NDCG 0.2034
2021-05-16 06:54:43,835 - root - INFO - Save model on epoch 0246!
2021-05-16 06:54:59,990 - root - INFO - Fine-tuning Evaluation: Epoch 0247 | Total Time 16.2s | Precision 0.1129 Recall 0.2259 NDCG 0.2020
2021-05-16 06:55:16,144 - root - INFO - Fine-tuning Evaluation: Epoch 0248 | Total Time 16.2s | Precision 0.1133 Recall 0.2266 NDCG 0.2026
2021-05-16 06:55:32,297 - root - INFO - Fine-tuning Evaluation: Epoch 0249 | Total Time 16.2s | Precision 0.1130 Recall 0.2260 NDCG 0.2023
2021-05-16 06:55:48,456 - root - INFO - Fine-tuning Evaluation: Epoch 0250 | Total Time 16.2s | Precision 0.1138 Recall 0.2275 NDCG 0.2034
2021-05-16 06:55:48,517 - root - INFO - Save model on epoch 0250!
2021-05-16 06:56:04,671 - root - INFO - Fine-tuning Evaluation: Epoch 0251 | Total Time 16.2s | Precision 0.1138 Recall 0.2276 NDCG 0.2037
2021-05-16 06:56:04,732 - root - INFO - Save model on epoch 0251!
2021-05-16 06:56:20,884 - root - INFO - Fine-tuning Evaluation: Epoch 0252 | Total Time 16.2s | Precision 0.1120 Recall 0.2239 NDCG 0.2001
2021-05-16 06:56:37,038 - root - INFO - Fine-tuning Evaluation: Epoch 0253 | Total Time 16.2s | Precision 0.1120 Recall 0.2241 NDCG 0.2004
2021-05-16 06:56:53,190 - root - INFO - Fine-tuning Evaluation: Epoch 0254 | Total Time 16.2s | Precision 0.1126 Recall 0.2252 NDCG 0.2014
2021-05-16 06:57:09,347 - root - INFO - Fine-tuning Evaluation: Epoch 0255 | Total Time 16.2s | Precision 0.1128 Recall 0.2255 NDCG 0.2015
2021-05-16 06:57:25,504 - root - INFO - Fine-tuning Evaluation: Epoch 0256 | Total Time 16.2s | Precision 0.1127 Recall 0.2254 NDCG 0.2008
2021-05-16 06:57:41,658 - root - INFO - Fine-tuning Evaluation: Epoch 0257 | Total Time 16.2s | Precision 0.1134 Recall 0.2268 NDCG 0.2023
2021-05-16 06:57:57,820 - root - INFO - Fine-tuning Evaluation: Epoch 0258 | Total Time 16.2s | Precision 0.1133 Recall 0.2267 NDCG 0.2020
2021-05-16 06:58:13,984 - root - INFO - Fine-tuning Evaluation: Epoch 0259 | Total Time 16.2s | Precision 0.1115 Recall 0.2230 NDCG 0.1987
2021-05-16 06:58:30,149 - root - INFO - Fine-tuning Evaluation: Epoch 0260 | Total Time 16.2s | Precision 0.1121 Recall 0.2241 NDCG 0.1997
2021-05-16 06:58:46,314 - root - INFO - Fine-tuning Evaluation: Epoch 0261 | Total Time 16.2s | Precision 0.1129 Recall 0.2257 NDCG 0.2017
2021-05-16 06:59:02,482 - root - INFO - Fine-tuning Evaluation: Epoch 0262 | Total Time 16.2s | Precision 0.1134 Recall 0.2269 NDCG 0.2023
2021-05-16 06:59:18,645 - root - INFO - Fine-tuning Evaluation: Epoch 0263 | Total Time 16.2s | Precision 0.1135 Recall 0.2270 NDCG 0.2026
2021-05-16 06:59:34,806 - root - INFO - Fine-tuning Evaluation: Epoch 0264 | Total Time 16.2s | Precision 0.1133 Recall 0.2266 NDCG 0.2023
2021-05-16 06:59:50,956 - root - INFO - Fine-tuning Evaluation: Epoch 0265 | Total Time 16.2s | Precision 0.1136 Recall 0.2271 NDCG 0.2025
2021-05-16 07:00:07,109 - root - INFO - Fine-tuning Evaluation: Epoch 0266 | Total Time 16.2s | Precision 0.1137 Recall 0.2273 NDCG 0.2030
2021-05-16 07:00:23,263 - root - INFO - Fine-tuning Evaluation: Epoch 0267 | Total Time 16.2s | Precision 0.1119 Recall 0.2239 NDCG 0.1990
2021-05-16 07:00:39,426 - root - INFO - Fine-tuning Evaluation: Epoch 0268 | Total Time 16.2s | Precision 0.1122 Recall 0.2245 NDCG 0.1996
2021-05-16 07:00:55,588 - root - INFO - Fine-tuning Evaluation: Epoch 0269 | Total Time 16.2s | Precision 0.1128 Recall 0.2256 NDCG 0.2012
2021-05-16 07:01:11,752 - root - INFO - Fine-tuning Evaluation: Epoch 0270 | Total Time 16.2s | Precision 0.1129 Recall 0.2259 NDCG 0.2015
2021-05-16 07:01:27,910 - root - INFO - Fine-tuning Evaluation: Epoch 0271 | Total Time 16.2s | Precision 0.1135 Recall 0.2269 NDCG 0.2022
2021-05-16 07:01:33,194 - root - INFO - Final CF Evaluation: Precision 0.1135 Recall 0.2269 NDCG 0.2022
