2021-05-16 07:18:34,863 - root - INFO - Namespace(K=20, aggregation_type='bi-interaction', cf_batch_size=16, cf_l2loss_lambda=1e-05, cf_print_every=50, conv_dim_list='[64, 32, 16]', data_dir='datasets/', data_name='amazon-book', entity_dim=64, evaluate_every=1, kg_batch_size=1024, kg_l2loss_lambda=1e-05, kg_print_every=100, local_lr=0.0001, local_rank=0, lr=0.0001, mess_dropout='[0.1, 0.1, 0.1]', n_epoch=1000, pretrain_embedding_dir='datasets/pretrain/', pretrain_model_path='trained_model/model.pth', relation_dim=64, save_dir='trained_model/KGAT/amazon-book/entitydim64_relationdim64_bi-interaction_64-32-16_lr0.0001_pretrain1/', seed=123, stopping_steps=20, test_batch_size=5000, use_pretrain=1)
2021-05-16 07:18:40,780 - numexpr.utils - INFO - Note: NumExpr detected 20 cores but "NUMEXPR_MAX_THREADS" not set, so enforcing safe limit of 8.
2021-05-16 07:18:40,781 - numexpr.utils - INFO - NumExpr defaulting to 8 threads.
2021-05-16 07:25:08,929 - root - INFO - n_users:            70679
2021-05-16 07:25:08,929 - root - INFO - n_items:            24915
2021-05-16 07:25:08,929 - root - INFO - n_entities:         113487
2021-05-16 07:25:08,929 - root - INFO - n_users_entities:   184166
2021-05-16 07:25:08,929 - root - INFO - n_relations:        80
2021-05-16 07:25:08,929 - root - INFO - n_cf_train:         119749
2021-05-16 07:25:08,929 - root - INFO - n_cf_test:          74980
2021-05-16 07:25:08,929 - root - INFO - n_kg_train:         5354990
2021-05-16 07:25:08,929 - root - INFO - n_kg_test:          5265452
2021-05-16 07:31:56,257 - root - INFO - n_users:            70679
2021-05-16 07:31:56,257 - root - INFO - n_items:            24915
2021-05-16 07:31:56,257 - root - INFO - n_entities:         113487
2021-05-16 07:31:56,258 - root - INFO - n_users_entities:   184166
2021-05-16 07:31:56,258 - root - INFO - n_relations:        80
2021-05-16 07:31:56,258 - root - INFO - n_cf_train:         13398
2021-05-16 07:31:56,258 - root - INFO - n_cf_test:          8090
2021-05-16 07:31:56,258 - root - INFO - n_kg_train:         5142288
2021-05-16 07:31:56,258 - root - INFO - n_kg_test:          5131672
2021-05-16 07:32:16,722 - root - INFO - KGAT(
  (relation_embed): Embedding(80, 64)
  (entity_user_embed): Embedding(184166, 64)
  (aggregator_layers): ModuleList(
    (0): Aggregator(
      (message_dropout): Dropout(p=0.1, inplace=False)
      (W1): Linear(in_features=64, out_features=64, bias=True)
      (W2): Linear(in_features=64, out_features=64, bias=True)
      (activation): LeakyReLU(negative_slope=0.01)
    )
    (1): Aggregator(
      (message_dropout): Dropout(p=0.1, inplace=False)
      (W1): Linear(in_features=64, out_features=32, bias=True)
      (W2): Linear(in_features=64, out_features=32, bias=True)
      (activation): LeakyReLU(negative_slope=0.01)
    )
    (2): Aggregator(
      (message_dropout): Dropout(p=0.1, inplace=False)
      (W1): Linear(in_features=32, out_features=16, bias=True)
      (W2): Linear(in_features=32, out_features=16, bias=True)
      (activation): LeakyReLU(negative_slope=0.01)
    )
  )
)
2021-05-16 07:32:18,211 - root - INFO - Update attention scores: Epoch 0001 | Total Time 1.4s
2021-05-16 07:32:19,822 - root - INFO - CF Training: Epoch 0001 Iter 0000 / 0469 | Time 3.0s | Iter Loss 0.8341
2021-05-16 07:32:20,995 - root - INFO - Update attention scores: Epoch 0001 | Total Time 4.2s
2021-05-16 07:32:23,660 - root - INFO - Update attention scores: Epoch 0001 | Total Time 6.9s
2021-05-16 07:32:26,326 - root - INFO - Update attention scores: Epoch 0001 | Total Time 9.5s
2021-05-16 07:32:28,994 - root - INFO - Update attention scores: Epoch 0001 | Total Time 12.2s
2021-05-16 07:32:31,664 - root - INFO - Update attention scores: Epoch 0001 | Total Time 14.9s
2021-05-16 07:32:34,335 - root - INFO - Update attention scores: Epoch 0001 | Total Time 17.5s
2021-05-16 07:32:37,007 - root - INFO - Update attention scores: Epoch 0001 | Total Time 20.2s
2021-05-16 07:32:39,679 - root - INFO - Update attention scores: Epoch 0001 | Total Time 22.9s
2021-05-16 07:32:42,351 - root - INFO - Update attention scores: Epoch 0001 | Total Time 25.6s
2021-05-16 07:32:45,022 - root - INFO - Update attention scores: Epoch 0001 | Total Time 28.2s
2021-05-16 07:32:47,694 - root - INFO - Update attention scores: Epoch 0001 | Total Time 30.9s
2021-05-16 07:32:50,366 - root - INFO - Update attention scores: Epoch 0001 | Total Time 33.6s
2021-05-16 07:32:53,036 - root - INFO - Update attention scores: Epoch 0001 | Total Time 36.2s
2021-05-16 07:32:55,707 - root - INFO - Update attention scores: Epoch 0001 | Total Time 38.9s
2021-05-16 07:32:58,378 - root - INFO - Update attention scores: Epoch 0001 | Total Time 41.6s
2021-05-16 07:33:01,046 - root - INFO - Update attention scores: Epoch 0001 | Total Time 44.3s
2021-05-16 07:33:03,711 - root - INFO - Update attention scores: Epoch 0001 | Total Time 46.9s
2021-05-16 07:33:06,379 - root - INFO - Update attention scores: Epoch 0001 | Total Time 49.6s
2021-05-16 07:33:09,045 - root - INFO - Update attention scores: Epoch 0001 | Total Time 52.3s
2021-05-16 07:33:11,710 - root - INFO - Update attention scores: Epoch 0001 | Total Time 54.9s
2021-05-16 07:33:14,375 - root - INFO - Update attention scores: Epoch 0001 | Total Time 57.6s
2021-05-16 07:33:17,039 - root - INFO - Update attention scores: Epoch 0001 | Total Time 60.2s
2021-05-16 07:33:19,704 - root - INFO - Update attention scores: Epoch 0001 | Total Time 62.9s
2021-05-16 07:33:22,370 - root - INFO - Update attention scores: Epoch 0001 | Total Time 65.6s
2021-05-16 07:33:25,035 - root - INFO - Update attention scores: Epoch 0001 | Total Time 68.2s
2021-05-16 07:33:27,700 - root - INFO - Update attention scores: Epoch 0001 | Total Time 70.9s
2021-05-16 07:33:30,363 - root - INFO - Update attention scores: Epoch 0001 | Total Time 73.6s
2021-05-16 07:33:33,028 - root - INFO - Update attention scores: Epoch 0001 | Total Time 76.2s
2021-05-16 07:33:35,694 - root - INFO - Update attention scores: Epoch 0001 | Total Time 78.9s
2021-05-16 07:33:38,359 - root - INFO - Update attention scores: Epoch 0001 | Total Time 81.6s
2021-05-16 07:33:41,024 - root - INFO - Update attention scores: Epoch 0001 | Total Time 84.2s
2021-05-16 07:33:43,687 - root - INFO - Update attention scores: Epoch 0001 | Total Time 86.9s
2021-05-16 07:33:46,353 - root - INFO - Update attention scores: Epoch 0001 | Total Time 89.6s
2021-05-16 07:33:49,019 - root - INFO - Update attention scores: Epoch 0001 | Total Time 92.2s
2021-05-16 07:33:51,684 - root - INFO - Update attention scores: Epoch 0001 | Total Time 94.9s
2021-05-16 07:33:54,350 - root - INFO - Update attention scores: Epoch 0001 | Total Time 97.6s
2021-05-16 07:33:57,015 - root - INFO - Update attention scores: Epoch 0001 | Total Time 100.2s
2021-05-16 07:33:59,682 - root - INFO - Update attention scores: Epoch 0001 | Total Time 102.9s
2021-05-16 07:34:02,348 - root - INFO - Update attention scores: Epoch 0001 | Total Time 105.6s
2021-05-16 07:34:05,015 - root - INFO - Update attention scores: Epoch 0001 | Total Time 108.2s
2021-05-16 07:34:07,681 - root - INFO - Update attention scores: Epoch 0001 | Total Time 110.9s
2021-05-16 07:34:10,350 - root - INFO - Update attention scores: Epoch 0001 | Total Time 113.6s
2021-05-16 07:34:13,020 - root - INFO - Update attention scores: Epoch 0001 | Total Time 116.2s
2021-05-16 07:34:15,690 - root - INFO - Update attention scores: Epoch 0001 | Total Time 118.9s
2021-05-16 07:34:18,359 - root - INFO - Update attention scores: Epoch 0001 | Total Time 121.6s
2021-05-16 07:34:21,030 - root - INFO - Update attention scores: Epoch 0001 | Total Time 124.2s
2021-05-16 07:34:23,700 - root - INFO - Update attention scores: Epoch 0001 | Total Time 126.9s
2021-05-16 07:34:26,370 - root - INFO - Update attention scores: Epoch 0001 | Total Time 129.6s
2021-05-16 07:34:29,040 - root - INFO - Update attention scores: Epoch 0001 | Total Time 132.2s
2021-05-16 07:34:31,710 - root - INFO - Update attention scores: Epoch 0001 | Total Time 134.9s
2021-05-16 07:34:33,208 - root - INFO - CF Training: Epoch 0001 Iter 0050 / 0469 | Time 2.7s | Iter Loss 0.5514
2021-05-16 07:34:34,380 - root - INFO - Update attention scores: Epoch 0001 | Total Time 137.6s
2021-05-16 07:34:37,049 - root - INFO - Update attention scores: Epoch 0001 | Total Time 140.3s
2021-05-16 07:34:39,720 - root - INFO - Update attention scores: Epoch 0001 | Total Time 142.9s
2021-05-16 07:34:42,390 - root - INFO - Update attention scores: Epoch 0001 | Total Time 145.6s
2021-05-16 07:34:45,060 - root - INFO - Update attention scores: Epoch 0001 | Total Time 148.3s
2021-05-16 07:34:47,731 - root - INFO - Update attention scores: Epoch 0001 | Total Time 150.9s
2021-05-16 07:34:50,401 - root - INFO - Update attention scores: Epoch 0001 | Total Time 153.6s
2021-05-16 07:34:53,070 - root - INFO - Update attention scores: Epoch 0001 | Total Time 156.3s
2021-05-16 07:34:55,742 - root - INFO - Update attention scores: Epoch 0001 | Total Time 159.0s
2021-05-16 07:34:58,410 - root - INFO - Update attention scores: Epoch 0001 | Total Time 161.6s
2021-05-16 07:35:01,080 - root - INFO - Update attention scores: Epoch 0001 | Total Time 164.3s
2021-05-16 07:35:03,750 - root - INFO - Update attention scores: Epoch 0001 | Total Time 167.0s
2021-05-16 07:35:06,419 - root - INFO - Update attention scores: Epoch 0001 | Total Time 169.6s
2021-05-16 07:35:09,089 - root - INFO - Update attention scores: Epoch 0001 | Total Time 172.3s
2021-05-16 07:35:11,758 - root - INFO - Update attention scores: Epoch 0001 | Total Time 175.0s
2021-05-16 07:35:14,427 - root - INFO - Update attention scores: Epoch 0001 | Total Time 177.6s
2021-05-16 07:35:17,097 - root - INFO - Update attention scores: Epoch 0001 | Total Time 180.3s
2021-05-16 07:35:19,768 - root - INFO - Update attention scores: Epoch 0001 | Total Time 183.0s
2021-05-16 07:35:22,438 - root - INFO - Update attention scores: Epoch 0001 | Total Time 185.6s
2021-05-16 07:35:25,107 - root - INFO - Update attention scores: Epoch 0001 | Total Time 188.3s
2021-05-16 07:35:27,777 - root - INFO - Update attention scores: Epoch 0001 | Total Time 191.0s
2021-05-16 07:35:30,446 - root - INFO - Update attention scores: Epoch 0001 | Total Time 193.7s
2021-05-16 07:35:33,116 - root - INFO - Update attention scores: Epoch 0001 | Total Time 196.3s
2021-05-16 07:35:35,787 - root - INFO - Update attention scores: Epoch 0001 | Total Time 199.0s
2021-05-16 07:35:38,458 - root - INFO - Update attention scores: Epoch 0001 | Total Time 201.7s
2021-05-16 07:35:41,127 - root - INFO - Update attention scores: Epoch 0001 | Total Time 204.3s
2021-05-16 07:35:43,797 - root - INFO - Update attention scores: Epoch 0001 | Total Time 207.0s
2021-05-16 07:35:46,467 - root - INFO - Update attention scores: Epoch 0001 | Total Time 209.7s
2021-05-16 07:35:49,137 - root - INFO - Update attention scores: Epoch 0001 | Total Time 212.3s
2021-05-16 07:35:51,807 - root - INFO - Update attention scores: Epoch 0001 | Total Time 215.0s
2021-05-16 07:35:54,478 - root - INFO - Update attention scores: Epoch 0001 | Total Time 217.7s
2021-05-16 07:35:57,148 - root - INFO - Update attention scores: Epoch 0001 | Total Time 220.4s
2021-05-16 07:35:59,817 - root - INFO - Update attention scores: Epoch 0001 | Total Time 223.0s
2021-05-16 07:36:02,488 - root - INFO - Update attention scores: Epoch 0001 | Total Time 225.7s
2021-05-16 07:36:05,157 - root - INFO - Update attention scores: Epoch 0001 | Total Time 228.4s
2021-05-16 07:36:07,827 - root - INFO - Update attention scores: Epoch 0001 | Total Time 231.0s
2021-05-16 07:36:10,497 - root - INFO - Update attention scores: Epoch 0001 | Total Time 233.7s
2021-05-16 07:36:13,166 - root - INFO - Update attention scores: Epoch 0001 | Total Time 236.4s
2021-05-16 07:36:15,836 - root - INFO - Update attention scores: Epoch 0001 | Total Time 239.0s
2021-05-16 07:36:18,506 - root - INFO - Update attention scores: Epoch 0001 | Total Time 241.7s
2021-05-16 07:36:21,175 - root - INFO - Update attention scores: Epoch 0001 | Total Time 244.4s
2021-05-16 07:36:23,845 - root - INFO - Update attention scores: Epoch 0001 | Total Time 247.1s
2021-05-16 07:36:26,514 - root - INFO - Update attention scores: Epoch 0001 | Total Time 249.7s
2021-05-16 07:36:29,182 - root - INFO - Update attention scores: Epoch 0001 | Total Time 252.4s
2021-05-16 07:36:31,852 - root - INFO - Update attention scores: Epoch 0001 | Total Time 255.1s
2021-05-16 07:36:34,522 - root - INFO - Update attention scores: Epoch 0001 | Total Time 257.7s
2021-05-16 07:36:37,191 - root - INFO - Update attention scores: Epoch 0001 | Total Time 260.4s
2021-05-16 07:36:39,861 - root - INFO - Update attention scores: Epoch 0001 | Total Time 263.1s
2021-05-16 07:36:42,533 - root - INFO - Update attention scores: Epoch 0001 | Total Time 265.7s
2021-05-16 07:36:45,203 - root - INFO - Update attention scores: Epoch 0001 | Total Time 268.4s
2021-05-16 07:36:46,702 - root - INFO - CF Training: Epoch 0001 Iter 0100 / 0469 | Time 2.7s | Iter Loss 0.4625
2021-05-16 07:36:47,873 - root - INFO - Update attention scores: Epoch 0001 | Total Time 271.1s
2021-05-16 07:36:50,543 - root - INFO - Update attention scores: Epoch 0001 | Total Time 273.8s
2021-05-16 07:36:53,213 - root - INFO - Update attention scores: Epoch 0001 | Total Time 276.4s
2021-05-16 07:36:55,884 - root - INFO - Update attention scores: Epoch 0001 | Total Time 279.1s
2021-05-16 07:36:58,554 - root - INFO - Update attention scores: Epoch 0001 | Total Time 281.8s
2021-05-16 07:37:01,224 - root - INFO - Update attention scores: Epoch 0001 | Total Time 284.4s
2021-05-16 07:37:03,894 - root - INFO - Update attention scores: Epoch 0001 | Total Time 287.1s
2021-05-16 07:37:06,565 - root - INFO - Update attention scores: Epoch 0001 | Total Time 289.8s
2021-05-16 07:37:09,235 - root - INFO - Update attention scores: Epoch 0001 | Total Time 292.4s
2021-05-16 07:37:11,905 - root - INFO - Update attention scores: Epoch 0001 | Total Time 295.1s
2021-05-16 07:37:14,574 - root - INFO - Update attention scores: Epoch 0001 | Total Time 297.8s
2021-05-16 07:37:17,245 - root - INFO - Update attention scores: Epoch 0001 | Total Time 300.5s
2021-05-16 07:37:19,916 - root - INFO - Update attention scores: Epoch 0001 | Total Time 303.1s
2021-05-16 07:37:22,585 - root - INFO - Update attention scores: Epoch 0001 | Total Time 305.8s
2021-05-16 07:37:25,255 - root - INFO - Update attention scores: Epoch 0001 | Total Time 308.5s
2021-05-16 07:37:27,924 - root - INFO - Update attention scores: Epoch 0001 | Total Time 311.1s
2021-05-16 07:37:30,595 - root - INFO - Update attention scores: Epoch 0001 | Total Time 313.8s
2021-05-16 07:37:33,267 - root - INFO - Update attention scores: Epoch 0001 | Total Time 316.5s
2021-05-16 07:37:35,937 - root - INFO - Update attention scores: Epoch 0001 | Total Time 319.1s
2021-05-16 07:37:38,606 - root - INFO - Update attention scores: Epoch 0001 | Total Time 321.8s
2021-05-16 07:37:41,277 - root - INFO - Update attention scores: Epoch 0001 | Total Time 324.5s
2021-05-16 07:37:43,948 - root - INFO - Update attention scores: Epoch 0001 | Total Time 327.2s
2021-05-16 07:37:46,618 - root - INFO - Update attention scores: Epoch 0001 | Total Time 329.8s
2021-05-16 07:37:49,288 - root - INFO - Update attention scores: Epoch 0001 | Total Time 332.5s
2021-05-16 07:37:51,958 - root - INFO - Update attention scores: Epoch 0001 | Total Time 335.2s
2021-05-16 07:37:54,628 - root - INFO - Update attention scores: Epoch 0001 | Total Time 337.8s
2021-05-16 07:37:57,299 - root - INFO - Update attention scores: Epoch 0001 | Total Time 340.5s
2021-05-16 07:37:59,969 - root - INFO - Update attention scores: Epoch 0001 | Total Time 343.2s
2021-05-16 07:38:02,639 - root - INFO - Update attention scores: Epoch 0001 | Total Time 345.8s
2021-05-16 07:38:05,309 - root - INFO - Update attention scores: Epoch 0001 | Total Time 348.5s
2021-05-16 07:38:07,981 - root - INFO - Update attention scores: Epoch 0001 | Total Time 351.2s
2021-05-16 07:38:10,651 - root - INFO - Update attention scores: Epoch 0001 | Total Time 353.9s
2021-05-16 07:38:13,321 - root - INFO - Update attention scores: Epoch 0001 | Total Time 356.5s
2021-05-16 07:38:15,992 - root - INFO - Update attention scores: Epoch 0001 | Total Time 359.2s
2021-05-16 07:38:18,662 - root - INFO - Update attention scores: Epoch 0001 | Total Time 361.9s
2021-05-16 07:38:21,333 - root - INFO - Update attention scores: Epoch 0001 | Total Time 364.5s
2021-05-16 07:38:24,004 - root - INFO - Update attention scores: Epoch 0001 | Total Time 367.2s
2021-05-16 07:38:26,674 - root - INFO - Update attention scores: Epoch 0001 | Total Time 369.9s
2021-05-16 07:38:29,344 - root - INFO - Update attention scores: Epoch 0001 | Total Time 372.6s
2021-05-16 07:38:32,015 - root - INFO - Update attention scores: Epoch 0001 | Total Time 375.2s
2021-05-16 07:38:34,685 - root - INFO - Update attention scores: Epoch 0001 | Total Time 377.9s
2021-05-16 07:38:37,355 - root - INFO - Update attention scores: Epoch 0001 | Total Time 380.6s
2021-05-16 07:38:40,026 - root - INFO - Update attention scores: Epoch 0001 | Total Time 383.2s
2021-05-16 07:38:42,695 - root - INFO - Update attention scores: Epoch 0001 | Total Time 385.9s
2021-05-16 07:38:45,368 - root - INFO - Update attention scores: Epoch 0001 | Total Time 388.6s
2021-05-16 07:38:48,040 - root - INFO - Update attention scores: Epoch 0001 | Total Time 391.2s
2021-05-16 07:38:50,708 - root - INFO - Update attention scores: Epoch 0001 | Total Time 393.9s
2021-05-16 07:38:53,379 - root - INFO - Update attention scores: Epoch 0001 | Total Time 396.6s
2021-05-16 07:38:56,049 - root - INFO - Update attention scores: Epoch 0001 | Total Time 399.3s
2021-05-16 07:38:58,719 - root - INFO - Update attention scores: Epoch 0001 | Total Time 401.9s
2021-05-16 07:39:00,218 - root - INFO - CF Training: Epoch 0001 Iter 0150 / 0469 | Time 2.7s | Iter Loss 0.6190
2021-05-16 07:39:01,392 - root - INFO - Update attention scores: Epoch 0001 | Total Time 404.6s
2021-05-16 07:39:04,060 - root - INFO - Update attention scores: Epoch 0001 | Total Time 407.3s
2021-05-16 07:39:06,729 - root - INFO - Update attention scores: Epoch 0001 | Total Time 409.9s
2021-05-16 07:39:09,402 - root - INFO - Update attention scores: Epoch 0001 | Total Time 412.6s
2021-05-16 07:39:12,072 - root - INFO - Update attention scores: Epoch 0001 | Total Time 415.3s
2021-05-16 07:39:14,741 - root - INFO - Update attention scores: Epoch 0001 | Total Time 417.9s
2021-05-16 07:39:17,413 - root - INFO - Update attention scores: Epoch 0001 | Total Time 420.6s
2021-05-16 07:39:20,082 - root - INFO - Update attention scores: Epoch 0001 | Total Time 423.3s
2021-05-16 07:39:22,753 - root - INFO - Update attention scores: Epoch 0001 | Total Time 426.0s
2021-05-16 07:39:25,425 - root - INFO - Update attention scores: Epoch 0001 | Total Time 428.6s
2021-05-16 07:39:28,094 - root - INFO - Update attention scores: Epoch 0001 | Total Time 431.3s
2021-05-16 07:39:30,763 - root - INFO - Update attention scores: Epoch 0001 | Total Time 434.0s
2021-05-16 07:39:33,437 - root - INFO - Update attention scores: Epoch 0001 | Total Time 436.6s
2021-05-16 07:39:36,105 - root - INFO - Update attention scores: Epoch 0001 | Total Time 439.3s
2021-05-16 07:39:38,774 - root - INFO - Update attention scores: Epoch 0001 | Total Time 442.0s
2021-05-16 07:39:41,446 - root - INFO - Update attention scores: Epoch 0001 | Total Time 444.7s
2021-05-16 07:39:44,115 - root - INFO - Update attention scores: Epoch 0001 | Total Time 447.3s
2021-05-16 07:39:46,785 - root - INFO - Update attention scores: Epoch 0001 | Total Time 450.0s
2021-05-16 07:39:49,458 - root - INFO - Update attention scores: Epoch 0001 | Total Time 452.7s
2021-05-16 07:39:52,127 - root - INFO - Update attention scores: Epoch 0001 | Total Time 455.3s
2021-05-16 07:39:54,798 - root - INFO - Update attention scores: Epoch 0001 | Total Time 458.0s
2021-05-16 07:39:57,470 - root - INFO - Update attention scores: Epoch 0001 | Total Time 460.7s
2021-05-16 07:40:00,140 - root - INFO - Update attention scores: Epoch 0001 | Total Time 463.3s
2021-05-16 07:40:02,811 - root - INFO - Update attention scores: Epoch 0001 | Total Time 466.0s
2021-05-16 07:40:05,483 - root - INFO - Update attention scores: Epoch 0001 | Total Time 468.7s
2021-05-16 07:40:08,152 - root - INFO - Update attention scores: Epoch 0001 | Total Time 471.4s
2021-05-16 07:40:10,824 - root - INFO - Update attention scores: Epoch 0001 | Total Time 474.0s
2021-05-16 07:40:13,496 - root - INFO - Update attention scores: Epoch 0001 | Total Time 476.7s
2021-05-16 07:40:16,166 - root - INFO - Update attention scores: Epoch 0001 | Total Time 479.4s
2021-05-16 07:40:18,836 - root - INFO - Update attention scores: Epoch 0001 | Total Time 482.0s
2021-05-16 07:40:21,509 - root - INFO - Update attention scores: Epoch 0001 | Total Time 484.7s
2021-05-16 07:40:24,178 - root - INFO - Update attention scores: Epoch 0001 | Total Time 487.4s
2021-05-16 07:40:26,849 - root - INFO - Update attention scores: Epoch 0001 | Total Time 490.1s
2021-05-16 07:40:29,521 - root - INFO - Update attention scores: Epoch 0001 | Total Time 492.7s
2021-05-16 07:40:32,189 - root - INFO - Update attention scores: Epoch 0001 | Total Time 495.4s
2021-05-16 07:40:34,860 - root - INFO - Update attention scores: Epoch 0001 | Total Time 498.1s
2021-05-16 07:40:37,533 - root - INFO - Update attention scores: Epoch 0001 | Total Time 500.7s
2021-05-16 07:40:40,203 - root - INFO - Update attention scores: Epoch 0001 | Total Time 503.4s
2021-05-16 07:40:42,874 - root - INFO - Update attention scores: Epoch 0001 | Total Time 506.1s
2021-05-16 07:40:45,546 - root - INFO - Update attention scores: Epoch 0001 | Total Time 508.8s
2021-05-16 07:40:48,216 - root - INFO - Update attention scores: Epoch 0001 | Total Time 511.4s
2021-05-16 07:40:50,895 - root - INFO - Update attention scores: Epoch 0001 | Total Time 514.1s
2021-05-16 07:40:53,559 - root - INFO - Update attention scores: Epoch 0001 | Total Time 516.8s
2021-05-16 07:40:56,219 - root - INFO - Update attention scores: Epoch 0001 | Total Time 519.4s
2021-05-16 07:40:58,883 - root - INFO - Update attention scores: Epoch 0001 | Total Time 522.1s
2021-05-16 07:41:01,549 - root - INFO - Update attention scores: Epoch 0001 | Total Time 524.8s
2021-05-16 07:41:04,210 - root - INFO - Update attention scores: Epoch 0001 | Total Time 527.4s
2021-05-16 07:41:06,873 - root - INFO - Update attention scores: Epoch 0001 | Total Time 530.1s
2021-05-16 07:41:09,537 - root - INFO - Update attention scores: Epoch 0001 | Total Time 532.7s
2021-05-16 07:41:12,197 - root - INFO - Update attention scores: Epoch 0001 | Total Time 535.4s
2021-05-16 07:41:13,694 - root - INFO - CF Training: Epoch 0001 Iter 0200 / 0469 | Time 2.7s | Iter Loss 0.5535
2021-05-16 07:41:14,860 - root - INFO - Update attention scores: Epoch 0001 | Total Time 538.1s
2021-05-16 07:41:17,521 - root - INFO - Update attention scores: Epoch 0001 | Total Time 540.7s
2021-05-16 07:41:20,183 - root - INFO - Update attention scores: Epoch 0001 | Total Time 543.4s
2021-05-16 07:41:22,845 - root - INFO - Update attention scores: Epoch 0001 | Total Time 546.1s
2021-05-16 07:41:25,505 - root - INFO - Update attention scores: Epoch 0001 | Total Time 548.7s
2021-05-16 07:41:28,168 - root - INFO - Update attention scores: Epoch 0001 | Total Time 551.4s
2021-05-16 07:41:30,830 - root - INFO - Update attention scores: Epoch 0001 | Total Time 554.0s
2021-05-16 07:41:33,491 - root - INFO - Update attention scores: Epoch 0001 | Total Time 556.7s
2021-05-16 07:41:36,153 - root - INFO - Update attention scores: Epoch 0001 | Total Time 559.4s
2021-05-16 07:41:38,814 - root - INFO - Update attention scores: Epoch 0001 | Total Time 562.0s
2021-05-16 07:41:41,476 - root - INFO - Update attention scores: Epoch 0001 | Total Time 564.7s
2021-05-16 07:41:44,139 - root - INFO - Update attention scores: Epoch 0001 | Total Time 567.3s
2021-05-16 07:41:46,800 - root - INFO - Update attention scores: Epoch 0001 | Total Time 570.0s
2021-05-16 07:41:49,462 - root - INFO - Update attention scores: Epoch 0001 | Total Time 572.7s
2021-05-16 07:41:52,122 - root - INFO - Update attention scores: Epoch 0001 | Total Time 575.3s
2021-05-16 07:41:54,786 - root - INFO - Update attention scores: Epoch 0001 | Total Time 578.0s
2021-05-16 07:41:57,448 - root - INFO - Update attention scores: Epoch 0001 | Total Time 580.7s
2021-05-16 07:42:00,110 - root - INFO - Update attention scores: Epoch 0001 | Total Time 583.3s
2021-05-16 07:42:02,772 - root - INFO - Update attention scores: Epoch 0001 | Total Time 586.0s
2021-05-16 07:42:05,433 - root - INFO - Update attention scores: Epoch 0001 | Total Time 588.6s
2021-05-16 07:42:08,097 - root - INFO - Update attention scores: Epoch 0001 | Total Time 591.3s
2021-05-16 07:42:10,755 - root - INFO - Update attention scores: Epoch 0001 | Total Time 594.0s
2021-05-16 07:42:13,416 - root - INFO - Update attention scores: Epoch 0001 | Total Time 596.6s
2021-05-16 07:42:16,078 - root - INFO - Update attention scores: Epoch 0001 | Total Time 599.3s
2021-05-16 07:42:18,736 - root - INFO - Update attention scores: Epoch 0001 | Total Time 601.9s
2021-05-16 07:42:21,398 - root - INFO - Update attention scores: Epoch 0001 | Total Time 604.6s
2021-05-16 07:42:24,060 - root - INFO - Update attention scores: Epoch 0001 | Total Time 607.3s
2021-05-16 07:42:26,718 - root - INFO - Update attention scores: Epoch 0001 | Total Time 609.9s
2021-05-16 07:42:29,382 - root - INFO - Update attention scores: Epoch 0001 | Total Time 612.6s
2021-05-16 07:42:32,046 - root - INFO - Update attention scores: Epoch 0001 | Total Time 615.3s
2021-05-16 07:42:34,705 - root - INFO - Update attention scores: Epoch 0001 | Total Time 617.9s
2021-05-16 07:42:37,366 - root - INFO - Update attention scores: Epoch 0001 | Total Time 620.6s
2021-05-16 07:42:40,030 - root - INFO - Update attention scores: Epoch 0001 | Total Time 623.2s
2021-05-16 07:42:42,690 - root - INFO - Update attention scores: Epoch 0001 | Total Time 625.9s
2021-05-16 07:42:45,353 - root - INFO - Update attention scores: Epoch 0001 | Total Time 628.6s
2021-05-16 07:42:48,017 - root - INFO - Update attention scores: Epoch 0001 | Total Time 631.2s
2021-05-16 07:42:50,676 - root - INFO - Update attention scores: Epoch 0001 | Total Time 633.9s
2021-05-16 07:42:53,340 - root - INFO - Update attention scores: Epoch 0001 | Total Time 636.5s
2021-05-16 07:42:56,003 - root - INFO - Update attention scores: Epoch 0001 | Total Time 639.2s
2021-05-16 07:42:58,662 - root - INFO - Update attention scores: Epoch 0001 | Total Time 641.9s
2021-05-16 07:43:01,325 - root - INFO - Update attention scores: Epoch 0001 | Total Time 644.5s
2021-05-16 07:43:03,986 - root - INFO - Update attention scores: Epoch 0001 | Total Time 647.2s
2021-05-16 07:43:06,647 - root - INFO - Update attention scores: Epoch 0001 | Total Time 649.9s
2021-05-16 07:43:09,309 - root - INFO - Update attention scores: Epoch 0001 | Total Time 652.5s
2021-05-16 07:43:11,969 - root - INFO - Update attention scores: Epoch 0001 | Total Time 655.2s
2021-05-16 07:43:14,629 - root - INFO - Update attention scores: Epoch 0001 | Total Time 657.8s
2021-05-16 07:43:17,293 - root - INFO - Update attention scores: Epoch 0001 | Total Time 660.5s
2021-05-16 07:43:19,954 - root - INFO - Update attention scores: Epoch 0001 | Total Time 663.2s
2021-05-16 07:43:22,615 - root - INFO - Update attention scores: Epoch 0001 | Total Time 665.8s
2021-05-16 07:43:25,280 - root - INFO - Update attention scores: Epoch 0001 | Total Time 668.5s
2021-05-16 07:43:26,777 - root - INFO - CF Training: Epoch 0001 Iter 0250 / 0469 | Time 2.7s | Iter Loss 0.6661
2021-05-16 07:43:27,940 - root - INFO - Update attention scores: Epoch 0001 | Total Time 671.1s
2021-05-16 07:43:30,601 - root - INFO - Update attention scores: Epoch 0001 | Total Time 673.8s
2021-05-16 07:43:33,265 - root - INFO - Update attention scores: Epoch 0001 | Total Time 676.5s
2021-05-16 07:43:35,925 - root - INFO - Update attention scores: Epoch 0001 | Total Time 679.1s
2021-05-16 07:43:38,588 - root - INFO - Update attention scores: Epoch 0001 | Total Time 681.8s
2021-05-16 07:43:41,253 - root - INFO - Update attention scores: Epoch 0001 | Total Time 684.5s
2021-05-16 07:43:43,913 - root - INFO - Update attention scores: Epoch 0001 | Total Time 687.1s
2021-05-16 07:43:46,575 - root - INFO - Update attention scores: Epoch 0001 | Total Time 689.8s
2021-05-16 07:43:49,241 - root - INFO - Update attention scores: Epoch 0001 | Total Time 692.4s
2021-05-16 07:43:51,902 - root - INFO - Update attention scores: Epoch 0001 | Total Time 695.1s
2021-05-16 07:43:54,564 - root - INFO - Update attention scores: Epoch 0001 | Total Time 697.8s
2021-05-16 07:43:57,228 - root - INFO - Update attention scores: Epoch 0001 | Total Time 700.4s
2021-05-16 07:43:59,889 - root - INFO - Update attention scores: Epoch 0001 | Total Time 703.1s
2021-05-16 07:44:02,552 - root - INFO - Update attention scores: Epoch 0001 | Total Time 705.8s
2021-05-16 07:44:05,215 - root - INFO - Update attention scores: Epoch 0001 | Total Time 708.4s
2021-05-16 07:44:07,875 - root - INFO - Update attention scores: Epoch 0001 | Total Time 711.1s
2021-05-16 07:44:10,536 - root - INFO - Update attention scores: Epoch 0001 | Total Time 713.7s
2021-05-16 07:44:13,198 - root - INFO - Update attention scores: Epoch 0001 | Total Time 716.4s
2021-05-16 07:44:15,859 - root - INFO - Update attention scores: Epoch 0001 | Total Time 719.1s
2021-05-16 07:44:18,523 - root - INFO - Update attention scores: Epoch 0001 | Total Time 721.7s
2021-05-16 07:44:21,184 - root - INFO - Update attention scores: Epoch 0001 | Total Time 724.4s
2021-05-16 07:44:23,845 - root - INFO - Update attention scores: Epoch 0001 | Total Time 727.1s
2021-05-16 07:44:26,508 - root - INFO - Update attention scores: Epoch 0001 | Total Time 729.7s
2021-05-16 07:44:29,167 - root - INFO - Update attention scores: Epoch 0001 | Total Time 732.4s
2021-05-16 07:44:31,829 - root - INFO - Update attention scores: Epoch 0001 | Total Time 735.0s
2021-05-16 07:44:34,491 - root - INFO - Update attention scores: Epoch 0001 | Total Time 737.7s
2021-05-16 07:44:37,151 - root - INFO - Update attention scores: Epoch 0001 | Total Time 740.4s
2021-05-16 07:44:39,813 - root - INFO - Update attention scores: Epoch 0001 | Total Time 743.0s
2021-05-16 07:44:42,477 - root - INFO - Update attention scores: Epoch 0001 | Total Time 745.7s
2021-05-16 07:44:45,137 - root - INFO - Update attention scores: Epoch 0001 | Total Time 748.3s
2021-05-16 07:44:47,799 - root - INFO - Update attention scores: Epoch 0001 | Total Time 751.0s
2021-05-16 07:44:50,463 - root - INFO - Update attention scores: Epoch 0001 | Total Time 753.7s
2021-05-16 07:44:53,123 - root - INFO - Update attention scores: Epoch 0001 | Total Time 756.3s
2021-05-16 07:44:55,787 - root - INFO - Update attention scores: Epoch 0001 | Total Time 759.0s
2021-05-16 07:44:58,451 - root - INFO - Update attention scores: Epoch 0001 | Total Time 761.7s
2021-05-16 07:45:01,112 - root - INFO - Update attention scores: Epoch 0001 | Total Time 764.3s
2021-05-16 07:45:03,774 - root - INFO - Update attention scores: Epoch 0001 | Total Time 767.0s
2021-05-16 07:45:06,438 - root - INFO - Update attention scores: Epoch 0001 | Total Time 769.6s
2021-05-16 07:45:09,098 - root - INFO - Update attention scores: Epoch 0001 | Total Time 772.3s
2021-05-16 07:45:11,760 - root - INFO - Update attention scores: Epoch 0001 | Total Time 775.0s
2021-05-16 07:45:14,423 - root - INFO - Update attention scores: Epoch 0001 | Total Time 777.6s
2021-05-16 07:45:17,084 - root - INFO - Update attention scores: Epoch 0001 | Total Time 780.3s
2021-05-16 07:45:19,747 - root - INFO - Update attention scores: Epoch 0001 | Total Time 783.0s
2021-05-16 07:45:22,407 - root - INFO - Update attention scores: Epoch 0001 | Total Time 785.6s
2021-05-16 07:45:25,068 - root - INFO - Update attention scores: Epoch 0001 | Total Time 788.3s
2021-05-16 07:45:27,731 - root - INFO - Update attention scores: Epoch 0001 | Total Time 790.9s
2021-05-16 07:45:30,390 - root - INFO - Update attention scores: Epoch 0001 | Total Time 793.6s
2021-05-16 07:45:33,050 - root - INFO - Update attention scores: Epoch 0001 | Total Time 796.3s
2021-05-16 07:45:35,714 - root - INFO - Update attention scores: Epoch 0001 | Total Time 798.9s
2021-05-16 07:45:38,374 - root - INFO - Update attention scores: Epoch 0001 | Total Time 801.6s
2021-05-16 07:45:39,872 - root - INFO - CF Training: Epoch 0001 Iter 0300 / 0469 | Time 2.7s | Iter Loss 0.5337
2021-05-16 07:45:41,037 - root - INFO - Update attention scores: Epoch 0001 | Total Time 804.2s
2021-05-16 07:45:43,701 - root - INFO - Update attention scores: Epoch 0001 | Total Time 806.9s
2021-05-16 07:45:46,359 - root - INFO - Update attention scores: Epoch 0001 | Total Time 809.6s
2021-05-16 07:45:49,021 - root - INFO - Update attention scores: Epoch 0001 | Total Time 812.2s
2021-05-16 07:45:51,684 - root - INFO - Update attention scores: Epoch 0001 | Total Time 814.9s
2021-05-16 07:45:54,344 - root - INFO - Update attention scores: Epoch 0001 | Total Time 817.6s
2021-05-16 07:45:57,007 - root - INFO - Update attention scores: Epoch 0001 | Total Time 820.2s
2021-05-16 07:45:59,671 - root - INFO - Update attention scores: Epoch 0001 | Total Time 822.9s
2021-05-16 07:46:02,332 - root - INFO - Update attention scores: Epoch 0001 | Total Time 825.5s
2021-05-16 07:46:04,994 - root - INFO - Update attention scores: Epoch 0001 | Total Time 828.2s
2021-05-16 07:46:07,659 - root - INFO - Update attention scores: Epoch 0001 | Total Time 830.9s
2021-05-16 07:46:10,319 - root - INFO - Update attention scores: Epoch 0001 | Total Time 833.5s
2021-05-16 07:46:12,982 - root - INFO - Update attention scores: Epoch 0001 | Total Time 836.2s
2021-05-16 07:46:15,642 - root - INFO - Update attention scores: Epoch 0001 | Total Time 838.9s
2021-05-16 07:46:18,303 - root - INFO - Update attention scores: Epoch 0001 | Total Time 841.5s
2021-05-16 07:46:20,965 - root - INFO - Update attention scores: Epoch 0001 | Total Time 844.2s
2021-05-16 07:46:23,624 - root - INFO - Update attention scores: Epoch 0001 | Total Time 846.8s
2021-05-16 07:46:26,282 - root - INFO - Update attention scores: Epoch 0001 | Total Time 849.5s
2021-05-16 07:46:28,945 - root - INFO - Update attention scores: Epoch 0001 | Total Time 852.2s
2021-05-16 07:46:31,606 - root - INFO - Update attention scores: Epoch 0001 | Total Time 854.8s
2021-05-16 07:46:34,266 - root - INFO - Update attention scores: Epoch 0001 | Total Time 857.5s
2021-05-16 07:46:38,441 - root - INFO - Update attention scores: Epoch 0001 | Total Time 861.6s
2021-05-16 07:46:41,103 - root - INFO - Update attention scores: Epoch 0001 | Total Time 864.3s
2021-05-16 07:46:43,768 - root - INFO - Update attention scores: Epoch 0001 | Total Time 867.0s
2021-05-16 07:46:46,425 - root - INFO - Update attention scores: Epoch 0001 | Total Time 869.6s
2021-05-16 07:46:49,089 - root - INFO - Update attention scores: Epoch 0001 | Total Time 872.3s
2021-05-16 07:46:51,752 - root - INFO - Update attention scores: Epoch 0001 | Total Time 875.0s
2021-05-16 07:46:54,411 - root - INFO - Update attention scores: Epoch 0001 | Total Time 877.6s
2021-05-16 07:46:57,073 - root - INFO - Update attention scores: Epoch 0001 | Total Time 880.3s
2021-05-16 07:46:59,734 - root - INFO - Update attention scores: Epoch 0001 | Total Time 882.9s
2021-05-16 07:47:02,393 - root - INFO - Update attention scores: Epoch 0001 | Total Time 885.6s
2021-05-16 07:47:05,057 - root - INFO - Update attention scores: Epoch 0001 | Total Time 888.3s
2021-05-16 07:47:07,718 - root - INFO - Update attention scores: Epoch 0001 | Total Time 890.9s
2021-05-16 07:47:10,377 - root - INFO - Update attention scores: Epoch 0001 | Total Time 893.6s
2021-05-16 07:47:13,040 - root - INFO - Update attention scores: Epoch 0001 | Total Time 896.2s
2021-05-16 07:47:15,701 - root - INFO - Update attention scores: Epoch 0001 | Total Time 898.9s
2021-05-16 07:47:18,362 - root - INFO - Update attention scores: Epoch 0001 | Total Time 901.6s
2021-05-16 07:47:21,026 - root - INFO - Update attention scores: Epoch 0001 | Total Time 904.2s
2021-05-16 07:47:23,686 - root - INFO - Update attention scores: Epoch 0001 | Total Time 906.9s
2021-05-16 07:47:26,349 - root - INFO - Update attention scores: Epoch 0001 | Total Time 909.6s
2021-05-16 07:47:29,013 - root - INFO - Update attention scores: Epoch 0001 | Total Time 912.2s
2021-05-16 07:47:31,674 - root - INFO - Update attention scores: Epoch 0001 | Total Time 914.9s
2021-05-16 07:47:34,336 - root - INFO - Update attention scores: Epoch 0001 | Total Time 917.5s
2021-05-16 07:47:37,000 - root - INFO - Update attention scores: Epoch 0001 | Total Time 920.2s
2021-05-16 07:47:39,661 - root - INFO - Update attention scores: Epoch 0001 | Total Time 922.9s
2021-05-16 07:47:42,325 - root - INFO - Update attention scores: Epoch 0001 | Total Time 925.5s
2021-05-16 07:47:44,989 - root - INFO - Update attention scores: Epoch 0001 | Total Time 928.2s
2021-05-16 07:47:47,651 - root - INFO - Update attention scores: Epoch 0001 | Total Time 930.9s
2021-05-16 07:47:50,314 - root - INFO - Update attention scores: Epoch 0001 | Total Time 933.5s
2021-05-16 07:47:52,976 - root - INFO - Update attention scores: Epoch 0001 | Total Time 936.2s
2021-05-16 07:47:54,473 - root - INFO - CF Training: Epoch 0001 Iter 0350 / 0469 | Time 2.7s | Iter Loss 0.5038
2021-05-16 07:47:55,636 - root - INFO - Update attention scores: Epoch 0001 | Total Time 938.8s
2021-05-16 07:47:58,299 - root - INFO - Update attention scores: Epoch 0001 | Total Time 941.5s
2021-05-16 07:48:00,959 - root - INFO - Update attention scores: Epoch 0001 | Total Time 944.2s
2021-05-16 07:48:03,621 - root - INFO - Update attention scores: Epoch 0001 | Total Time 946.8s
2021-05-16 07:48:06,285 - root - INFO - Update attention scores: Epoch 0001 | Total Time 949.5s
2021-05-16 07:48:08,945 - root - INFO - Update attention scores: Epoch 0001 | Total Time 952.2s
2021-05-16 07:48:11,608 - root - INFO - Update attention scores: Epoch 0001 | Total Time 954.8s
2021-05-16 07:48:14,271 - root - INFO - Update attention scores: Epoch 0001 | Total Time 957.5s
2021-05-16 07:48:16,933 - root - INFO - Update attention scores: Epoch 0001 | Total Time 960.1s
2021-05-16 07:48:19,595 - root - INFO - Update attention scores: Epoch 0001 | Total Time 962.8s
2021-05-16 07:48:22,261 - root - INFO - Update attention scores: Epoch 0001 | Total Time 965.5s
2021-05-16 07:48:24,920 - root - INFO - Update attention scores: Epoch 0001 | Total Time 968.1s
2021-05-16 07:48:27,581 - root - INFO - Update attention scores: Epoch 0001 | Total Time 970.8s
2021-05-16 07:48:30,242 - root - INFO - Update attention scores: Epoch 0001 | Total Time 973.5s
2021-05-16 07:48:32,905 - root - INFO - Update attention scores: Epoch 0001 | Total Time 976.1s
2021-05-16 07:48:35,566 - root - INFO - Update attention scores: Epoch 0001 | Total Time 978.8s
2021-05-16 07:48:38,229 - root - INFO - Update attention scores: Epoch 0001 | Total Time 981.4s
2021-05-16 07:48:40,892 - root - INFO - Update attention scores: Epoch 0001 | Total Time 984.1s
2021-05-16 07:48:43,554 - root - INFO - Update attention scores: Epoch 0001 | Total Time 986.8s
2021-05-16 07:48:46,214 - root - INFO - Update attention scores: Epoch 0001 | Total Time 989.4s
2021-05-16 07:48:48,878 - root - INFO - Update attention scores: Epoch 0001 | Total Time 992.1s
2021-05-16 07:48:51,540 - root - INFO - Update attention scores: Epoch 0001 | Total Time 994.7s
2021-05-16 07:48:54,202 - root - INFO - Update attention scores: Epoch 0001 | Total Time 997.4s
2021-05-16 07:48:56,865 - root - INFO - Update attention scores: Epoch 0001 | Total Time 1000.1s
2021-05-16 07:48:59,527 - root - INFO - Update attention scores: Epoch 0001 | Total Time 1002.7s
2021-05-16 07:49:02,190 - root - INFO - Update attention scores: Epoch 0001 | Total Time 1005.4s
2021-05-16 07:49:04,854 - root - INFO - Update attention scores: Epoch 0001 | Total Time 1008.1s
2021-05-16 07:49:07,516 - root - INFO - Update attention scores: Epoch 0001 | Total Time 1010.7s
2021-05-16 07:49:10,177 - root - INFO - Update attention scores: Epoch 0001 | Total Time 1013.4s
2021-05-16 07:49:12,839 - root - INFO - Update attention scores: Epoch 0001 | Total Time 1016.0s
2021-05-16 07:49:15,501 - root - INFO - Update attention scores: Epoch 0001 | Total Time 1018.7s
2021-05-16 07:49:18,163 - root - INFO - Update attention scores: Epoch 0001 | Total Time 1021.4s
2021-05-16 07:49:20,825 - root - INFO - Update attention scores: Epoch 0001 | Total Time 1024.0s
2021-05-16 07:49:23,488 - root - INFO - Update attention scores: Epoch 0001 | Total Time 1026.7s
2021-05-16 07:49:26,151 - root - INFO - Update attention scores: Epoch 0001 | Total Time 1029.4s
2021-05-16 07:49:28,813 - root - INFO - Update attention scores: Epoch 0001 | Total Time 1032.0s
2021-05-16 07:49:31,476 - root - INFO - Update attention scores: Epoch 0001 | Total Time 1034.7s
2021-05-16 07:49:34,138 - root - INFO - Update attention scores: Epoch 0001 | Total Time 1037.3s
2021-05-16 07:49:36,801 - root - INFO - Update attention scores: Epoch 0001 | Total Time 1040.0s
2021-05-16 07:49:39,464 - root - INFO - Update attention scores: Epoch 0001 | Total Time 1042.7s
2021-05-16 07:49:42,127 - root - INFO - Update attention scores: Epoch 0001 | Total Time 1045.3s
2021-05-16 07:49:44,790 - root - INFO - Update attention scores: Epoch 0001 | Total Time 1048.0s
2021-05-16 07:49:47,453 - root - INFO - Update attention scores: Epoch 0001 | Total Time 1050.7s
2021-05-16 07:49:50,115 - root - INFO - Update attention scores: Epoch 0001 | Total Time 1053.3s
2021-05-16 07:49:52,776 - root - INFO - Update attention scores: Epoch 0001 | Total Time 1056.0s
2021-05-16 07:49:55,438 - root - INFO - Update attention scores: Epoch 0001 | Total Time 1058.6s
2021-05-16 07:49:58,100 - root - INFO - Update attention scores: Epoch 0001 | Total Time 1061.3s
2021-05-16 07:50:00,761 - root - INFO - Update attention scores: Epoch 0001 | Total Time 1064.0s
2021-05-16 07:50:03,426 - root - INFO - Update attention scores: Epoch 0001 | Total Time 1066.6s
2021-05-16 07:50:06,087 - root - INFO - Update attention scores: Epoch 0001 | Total Time 1069.3s
2021-05-16 07:50:07,585 - root - INFO - CF Training: Epoch 0001 Iter 0400 / 0469 | Time 2.7s | Iter Loss 0.7715
2021-05-16 07:50:08,750 - root - INFO - Update attention scores: Epoch 0001 | Total Time 1072.0s
2021-05-16 07:50:11,414 - root - INFO - Update attention scores: Epoch 0001 | Total Time 1074.6s
2021-05-16 07:50:14,075 - root - INFO - Update attention scores: Epoch 0001 | Total Time 1077.3s
2021-05-16 07:50:16,738 - root - INFO - Update attention scores: Epoch 0001 | Total Time 1079.9s
2021-05-16 07:50:19,403 - root - INFO - Update attention scores: Epoch 0001 | Total Time 1082.6s
2021-05-16 07:50:22,064 - root - INFO - Update attention scores: Epoch 0001 | Total Time 1085.3s
2021-05-16 07:50:24,727 - root - INFO - Update attention scores: Epoch 0001 | Total Time 1087.9s
2021-05-16 07:50:27,392 - root - INFO - Update attention scores: Epoch 0001 | Total Time 1090.6s
2021-05-16 07:50:30,054 - root - INFO - Update attention scores: Epoch 0001 | Total Time 1093.3s
2021-05-16 07:50:32,717 - root - INFO - Update attention scores: Epoch 0001 | Total Time 1095.9s
2021-05-16 07:50:35,382 - root - INFO - Update attention scores: Epoch 0001 | Total Time 1098.6s
2021-05-16 07:50:38,040 - root - INFO - Update attention scores: Epoch 0001 | Total Time 1101.2s
2021-05-16 07:50:40,703 - root - INFO - Update attention scores: Epoch 0001 | Total Time 1103.9s
2021-05-16 07:50:43,366 - root - INFO - Update attention scores: Epoch 0001 | Total Time 1106.6s
2021-05-16 07:50:46,027 - root - INFO - Update attention scores: Epoch 0001 | Total Time 1109.2s
2021-05-16 07:50:48,690 - root - INFO - Update attention scores: Epoch 0001 | Total Time 1111.9s
2021-05-16 07:50:51,352 - root - INFO - Update attention scores: Epoch 0001 | Total Time 1114.6s
2021-05-16 07:50:54,013 - root - INFO - Update attention scores: Epoch 0001 | Total Time 1117.2s
2021-05-16 07:50:56,674 - root - INFO - Update attention scores: Epoch 0001 | Total Time 1119.9s
2021-05-16 07:50:59,336 - root - INFO - Update attention scores: Epoch 0001 | Total Time 1122.5s
2021-05-16 07:51:01,997 - root - INFO - Update attention scores: Epoch 0001 | Total Time 1125.2s
2021-05-16 07:51:04,660 - root - INFO - Update attention scores: Epoch 0001 | Total Time 1127.9s
2021-05-16 07:51:07,321 - root - INFO - Update attention scores: Epoch 0001 | Total Time 1130.5s
2021-05-16 07:51:09,985 - root - INFO - Update attention scores: Epoch 0001 | Total Time 1133.2s
2021-05-16 07:51:12,649 - root - INFO - Update attention scores: Epoch 0001 | Total Time 1135.9s
2021-05-16 07:51:15,310 - root - INFO - Update attention scores: Epoch 0001 | Total Time 1138.5s
2021-05-16 07:51:17,973 - root - INFO - Update attention scores: Epoch 0001 | Total Time 1141.2s
2021-05-16 07:51:20,636 - root - INFO - Update attention scores: Epoch 0001 | Total Time 1143.8s
2021-05-16 07:51:23,297 - root - INFO - Update attention scores: Epoch 0001 | Total Time 1146.5s
2021-05-16 07:51:25,961 - root - INFO - Update attention scores: Epoch 0001 | Total Time 1149.2s
2021-05-16 07:51:28,625 - root - INFO - Update attention scores: Epoch 0001 | Total Time 1151.8s
2021-05-16 07:51:31,286 - root - INFO - Update attention scores: Epoch 0001 | Total Time 1154.5s
2021-05-16 07:51:33,949 - root - INFO - Update attention scores: Epoch 0001 | Total Time 1157.2s
2021-05-16 07:51:36,612 - root - INFO - Update attention scores: Epoch 0001 | Total Time 1159.8s
2021-05-16 07:51:39,273 - root - INFO - Update attention scores: Epoch 0001 | Total Time 1162.5s
2021-05-16 07:51:41,938 - root - INFO - Update attention scores: Epoch 0001 | Total Time 1165.1s
2021-05-16 07:51:44,602 - root - INFO - Update attention scores: Epoch 0001 | Total Time 1167.8s
2021-05-16 07:51:47,263 - root - INFO - Update attention scores: Epoch 0001 | Total Time 1170.5s
2021-05-16 07:51:49,926 - root - INFO - Update attention scores: Epoch 0001 | Total Time 1173.1s
2021-05-16 07:51:52,588 - root - INFO - Update attention scores: Epoch 0001 | Total Time 1175.8s
2021-05-16 07:51:55,250 - root - INFO - Update attention scores: Epoch 0001 | Total Time 1178.5s
2021-05-16 07:51:57,912 - root - INFO - Update attention scores: Epoch 0001 | Total Time 1181.1s
2021-05-16 07:52:00,572 - root - INFO - Update attention scores: Epoch 0001 | Total Time 1183.8s
2021-05-16 07:52:03,234 - root - INFO - Update attention scores: Epoch 0001 | Total Time 1186.4s
2021-05-16 07:52:05,897 - root - INFO - Update attention scores: Epoch 0001 | Total Time 1189.1s
2021-05-16 07:52:08,559 - root - INFO - Update attention scores: Epoch 0001 | Total Time 1191.8s
2021-05-16 07:52:11,221 - root - INFO - Update attention scores: Epoch 0001 | Total Time 1194.4s
2021-05-16 07:52:13,884 - root - INFO - Update attention scores: Epoch 0001 | Total Time 1197.1s
2021-05-16 07:52:16,546 - root - INFO - Update attention scores: Epoch 0001 | Total Time 1199.8s
2021-05-16 07:52:19,208 - root - INFO - Update attention scores: Epoch 0001 | Total Time 1202.4s
2021-05-16 07:52:20,707 - root - INFO - CF Training: Epoch 0001 Iter 0450 / 0469 | Time 2.7s | Iter Loss 0.4157
2021-05-16 07:52:21,873 - root - INFO - Update attention scores: Epoch 0001 | Total Time 1205.1s
2021-05-16 07:52:24,533 - root - INFO - Update attention scores: Epoch 0001 | Total Time 1207.7s
2021-05-16 07:52:27,197 - root - INFO - Update attention scores: Epoch 0001 | Total Time 1210.4s
2021-05-16 07:52:29,861 - root - INFO - Update attention scores: Epoch 0001 | Total Time 1213.1s
2021-05-16 07:52:32,522 - root - INFO - Update attention scores: Epoch 0001 | Total Time 1215.7s
2021-05-16 07:52:35,182 - root - INFO - Update attention scores: Epoch 0001 | Total Time 1218.4s
2021-05-16 07:52:37,847 - root - INFO - Update attention scores: Epoch 0001 | Total Time 1221.1s
2021-05-16 07:52:40,508 - root - INFO - Update attention scores: Epoch 0001 | Total Time 1223.7s
2021-05-16 07:52:43,172 - root - INFO - Update attention scores: Epoch 0001 | Total Time 1226.4s
2021-05-16 07:52:45,836 - root - INFO - Update attention scores: Epoch 0001 | Total Time 1229.0s
2021-05-16 07:52:48,496 - root - INFO - Update attention scores: Epoch 0001 | Total Time 1231.7s
2021-05-16 07:52:51,161 - root - INFO - Update attention scores: Epoch 0001 | Total Time 1234.4s
2021-05-16 07:52:53,826 - root - INFO - Update attention scores: Epoch 0001 | Total Time 1237.0s
2021-05-16 07:52:56,490 - root - INFO - Update attention scores: Epoch 0001 | Total Time 1239.7s
2021-05-16 07:52:59,154 - root - INFO - Update attention scores: Epoch 0001 | Total Time 1242.4s
2021-05-16 07:53:01,817 - root - INFO - Update attention scores: Epoch 0001 | Total Time 1245.0s
2021-05-16 07:53:04,477 - root - INFO - Update attention scores: Epoch 0001 | Total Time 1247.7s
2021-05-16 07:53:07,141 - root - INFO - Update attention scores: Epoch 0001 | Total Time 1250.3s
2021-05-16 07:53:08,079 - root - INFO - CF Training: Epoch 0001 Total Iter 0469 | Total Time 1251.3s | Iter Mean Loss 0.5891
2021-05-16 07:53:14,847 - root - INFO - Fine-tuning Evaluation: Epoch 0000 | Total Time 6.8s | Precision 0.1165 Recall 0.2330 NDCG 0.2289
2021-05-16 07:53:14,904 - root - INFO - Save model on epoch 0000!
2021-05-16 07:53:21,644 - root - INFO - Fine-tuning Evaluation: Epoch 0001 | Total Time 6.7s | Precision 0.1170 Recall 0.2340 NDCG 0.2299
2021-05-16 07:53:21,705 - root - INFO - Save model on epoch 0001!
2021-05-16 07:53:28,446 - root - INFO - Fine-tuning Evaluation: Epoch 0002 | Total Time 6.7s | Precision 0.1171 Recall 0.2342 NDCG 0.2301
2021-05-16 07:53:28,507 - root - INFO - Save model on epoch 0002!
2021-05-16 07:53:35,246 - root - INFO - Fine-tuning Evaluation: Epoch 0003 | Total Time 6.7s | Precision 0.1165 Recall 0.2330 NDCG 0.2288
2021-05-16 07:53:41,985 - root - INFO - Fine-tuning Evaluation: Epoch 0004 | Total Time 6.7s | Precision 0.1151 Recall 0.2303 NDCG 0.2273
2021-05-16 07:53:48,722 - root - INFO - Fine-tuning Evaluation: Epoch 0005 | Total Time 6.7s | Precision 0.1155 Recall 0.2309 NDCG 0.2275
2021-05-16 07:53:55,460 - root - INFO - Fine-tuning Evaluation: Epoch 0006 | Total Time 6.7s | Precision 0.1146 Recall 0.2292 NDCG 0.2270
2021-05-16 07:54:02,183 - root - INFO - Fine-tuning Evaluation: Epoch 0007 | Total Time 6.7s | Precision 0.1140 Recall 0.2281 NDCG 0.2259
2021-05-16 07:54:08,905 - root - INFO - Fine-tuning Evaluation: Epoch 0008 | Total Time 6.7s | Precision 0.1140 Recall 0.2281 NDCG 0.2260
2021-05-16 07:54:15,627 - root - INFO - Fine-tuning Evaluation: Epoch 0009 | Total Time 6.7s | Precision 0.1133 Recall 0.2267 NDCG 0.2249
2021-05-16 07:54:22,345 - root - INFO - Fine-tuning Evaluation: Epoch 0010 | Total Time 6.7s | Precision 0.1132 Recall 0.2265 NDCG 0.2254
2021-05-16 07:54:29,068 - root - INFO - Fine-tuning Evaluation: Epoch 0011 | Total Time 6.7s | Precision 0.1128 Recall 0.2256 NDCG 0.2248
2021-05-16 07:54:35,793 - root - INFO - Fine-tuning Evaluation: Epoch 0012 | Total Time 6.7s | Precision 0.1114 Recall 0.2229 NDCG 0.2230
2021-05-16 07:54:42,513 - root - INFO - Fine-tuning Evaluation: Epoch 0013 | Total Time 6.7s | Precision 0.1103 Recall 0.2206 NDCG 0.2210
2021-05-16 07:54:49,234 - root - INFO - Fine-tuning Evaluation: Epoch 0014 | Total Time 6.7s | Precision 0.1105 Recall 0.2210 NDCG 0.2216
2021-05-16 07:54:55,954 - root - INFO - Fine-tuning Evaluation: Epoch 0015 | Total Time 6.7s | Precision 0.1100 Recall 0.2199 NDCG 0.2211
2021-05-16 07:55:02,678 - root - INFO - Fine-tuning Evaluation: Epoch 0016 | Total Time 6.7s | Precision 0.1098 Recall 0.2197 NDCG 0.2202
2021-05-16 07:55:09,398 - root - INFO - Fine-tuning Evaluation: Epoch 0017 | Total Time 6.7s | Precision 0.1094 Recall 0.2188 NDCG 0.2189
2021-05-16 07:55:16,122 - root - INFO - Fine-tuning Evaluation: Epoch 0018 | Total Time 6.7s | Precision 0.1092 Recall 0.2184 NDCG 0.2188
2021-05-16 07:55:22,843 - root - INFO - Fine-tuning Evaluation: Epoch 0019 | Total Time 6.7s | Precision 0.1095 Recall 0.2189 NDCG 0.2200
2021-05-16 07:55:29,563 - root - INFO - Fine-tuning Evaluation: Epoch 0020 | Total Time 6.7s | Precision 0.1103 Recall 0.2205 NDCG 0.2214
2021-05-16 07:55:36,287 - root - INFO - Fine-tuning Evaluation: Epoch 0021 | Total Time 6.7s | Precision 0.1110 Recall 0.2220 NDCG 0.2220
2021-05-16 07:55:43,009 - root - INFO - Fine-tuning Evaluation: Epoch 0022 | Total Time 6.7s | Precision 0.1098 Recall 0.2195 NDCG 0.2204
2021-05-16 07:55:46,748 - root - INFO - Final CF Evaluation: Precision 0.1098 Recall 0.2195 NDCG 0.2204
